[ 2017-07-28T09:26:47+08:00 ] ::1 /MhyShopAdmin/admin.php/Member/index/p/1.html
INFO: [ app_init ] --START--
INFO: Run Behavior\BuildLiteBehavior [ RunTime:0.000000s ]
INFO: [ app_init ] --END-- [ RunTime:0.011001s ]
INFO: [ app_begin ] --START--
INFO: Run Behavior\ReadHtmlCacheBehavior [ RunTime:0.007000s ]
INFO: [ app_begin ] --END-- [ RunTime:0.007000s ]
NOTIC: [8] Undefined index: startTime D:\phpStudy\WWW\MhyShopAdmin\shopApp\Admin\Controller\MemberController.class.php 第 11 行.
NOTIC: [8] Undefined index: endTime D:\phpStudy\WWW\MhyShopAdmin\shopApp\Admin\Controller\MemberController.class.php 第 12 行.
NOTIC: [8] Undefined index: content D:\phpStudy\WWW\MhyShopAdmin\shopApp\Admin\Controller\MemberController.class.php 第 26 行.
NOTIC: [8] Undefined index: submit D:\phpStudy\WWW\MhyShopAdmin\shopApp\Admin\Controller\MemberController.class.php 第 35 行.
NOTIC: [8] Undefined index: limit D:\phpStudy\WWW\MhyShopAdmin\shopApp\Admin\Controller\MemberController.class.php 第 39 行.
SQL: SHOW COLUMNS FROM `mhy_member` [ RunTime:0.0360s ]
SQL: SELECT COUNT(*) AS tp_count FROM `mhy_member` LIMIT 1   [ RunTime:0.0000s ]
SQL: SELECT * FROM `mhy_member` ORDER BY member_id desc LIMIT 0,20   [ RunTime:0.0140s ]
NOTIC: [8] Undefined index: allNum D:\phpStudy\WWW\MhyShopAdmin\shopApp\Admin\Controller\MemberController.class.php 第 45 行.
NOTIC: [8] Undefined index: pageNum D:\phpStudy\WWW\MhyShopAdmin\shopApp\Admin\Controller\MemberController.class.php 第 46 行.
INFO: [ view_parse ] --START--
INFO: [ template_filter ] --START--
INFO: Run Behavior\ContentReplaceBehavior [ RunTime:0.009001s ]
INFO: [ template_filter ] --END-- [ RunTime:0.009001s ]
NOTIC: [8] Undefined index: startTime D:\phpStudy\WWW\MhyShopAdmin\Runtime\Cache\Admin\6d016b3978128ecc733d3a86706fedbd.php 第 155 行.
NOTIC: [8] Undefined index: endTime D:\phpStudy\WWW\MhyShopAdmin\Runtime\Cache\Admin\6d016b3978128ecc733d3a86706fedbd.php 第 159 行.
NOTIC: [8] Undefined index: limit D:\phpStudy\WWW\MhyShopAdmin\Runtime\Cache\Admin\6d016b3978128ecc733d3a86706fedbd.php 第 164 行.
NOTIC: [8] Undefined index: limit D:\phpStudy\WWW\MhyShopAdmin\Runtime\Cache\Admin\6d016b3978128ecc733d3a86706fedbd.php 第 165 行.
NOTIC: [8] Undefined index: limit D:\phpStudy\WWW\MhyShopAdmin\Runtime\Cache\Admin\6d016b3978128ecc733d3a86706fedbd.php 第 166 行.
NOTIC: [8] Undefined index: key D:\phpStudy\WWW\MhyShopAdmin\Runtime\Cache\Admin\6d016b3978128ecc733d3a86706fedbd.php 第 173 行.
NOTIC: [8] Undefined index: key D:\phpStudy\WWW\MhyShopAdmin\Runtime\Cache\Admin\6d016b3978128ecc733d3a86706fedbd.php 第 174 行.
NOTIC: [8] Undefined index: key D:\phpStudy\WWW\MhyShopAdmin\Runtime\Cache\Admin\6d016b3978128ecc733d3a86706fedbd.php 第 175 行.
NOTIC: [8] Undefined index: content D:\phpStudy\WWW\MhyShopAdmin\Runtime\Cache\Admin\6d016b3978128ecc733d3a86706fedbd.php 第 181 行.
INFO: Run Behavior\ParseTemplateBehavior [ RunTime:0.137008s ]
INFO: [ view_parse ] --END-- [ RunTime:0.137008s ]
INFO: [ view_filter ] --START--
INFO: Run Behavior\WriteHtmlCacheBehavior [ RunTime:0.032001s ]
INFO: Run Behavior\TokenBuildBehavior [ RunTime:0.006001s ]
INFO: [ view_filter ] --END-- [ RunTime:0.039002s ]
INFO: [ app_end ] --START--
INFO: Run Behavior\ShowPageTraceBehavior [ RunTime:0.005000s ]
INFO: [ app_end ] --END-- [ RunTime:0.005000s ]

[ 2017-07-28T09:26:52+08:00 ] ::1 /MhyShopAdmin/admin.php/Member/index.html
INFO: [ app_init ] --START--
INFO: Run Behavior\BuildLiteBehavior [ RunTime:0.000000s ]
INFO: [ app_init ] --END-- [ RunTime:0.000000s ]
INFO: [ app_begin ] --START--
INFO: Run Behavior\ReadHtmlCacheBehavior [ RunTime:0.000000s ]
INFO: [ app_begin ] --END-- [ RunTime:0.000000s ]
NOTIC: [8] Undefined index: startTime D:\phpStudy\WWW\MhyShopAdmin\shopApp\Admin\Controller\MemberController.class.php 第 11 行.
NOTIC: [8] Undefined index: endTime D:\phpStudy\WWW\MhyShopAdmin\shopApp\Admin\Controller\MemberController.class.php 第 12 行.
NOTIC: [8] Undefined index: content D:\phpStudy\WWW\MhyShopAdmin\shopApp\Admin\Controller\MemberController.class.php 第 26 行.
NOTIC: [8] Undefined index: submit D:\phpStudy\WWW\MhyShopAdmin\shopApp\Admin\Controller\MemberController.class.php 第 35 行.
NOTIC: [8] Undefined index: limit D:\phpStudy\WWW\MhyShopAdmin\shopApp\Admin\Controller\MemberController.class.php 第 39 行.
SQL: SHOW COLUMNS FROM `mhy_member` [ RunTime:0.0030s ]
SQL: SELECT COUNT(*) AS tp_count FROM `mhy_member` LIMIT 1   [ RunTime:0.0010s ]
SQL: SELECT * FROM `mhy_member` ORDER BY member_id desc LIMIT 0,20   [ RunTime:0.0010s ]
NOTIC: [8] Undefined index: allNum D:\phpStudy\WWW\MhyShopAdmin\shopApp\Admin\Controller\MemberController.class.php 第 45 行.
NOTIC: [8] Undefined index: pageNum D:\phpStudy\WWW\MhyShopAdmin\shopApp\Admin\Controller\MemberController.class.php 第 46 行.
INFO: [ view_parse ] --START--
INFO: [ template_filter ] --START--
INFO: Run Behavior\ContentReplaceBehavior [ RunTime:0.000000s ]
INFO: [ template_filter ] --END-- [ RunTime:0.000000s ]
NOTIC: [8] Undefined index: startTime D:\phpStudy\WWW\MhyShopAdmin\Runtime\Cache\Admin\6d016b3978128ecc733d3a86706fedbd.php 第 155 行.
NOTIC: [8] Undefined index: endTime D:\phpStudy\WWW\MhyShopAdmin\Runtime\Cache\Admin\6d016b3978128ecc733d3a86706fedbd.php 第 159 行.
NOTIC: [8] Undefined index: limit D:\phpStudy\WWW\MhyShopAdmin\Runtime\Cache\Admin\6d016b3978128ecc733d3a86706fedbd.php 第 164 行.
NOTIC: [8] Undefined index: limit D:\phpStudy\WWW\MhyShopAdmin\Runtime\Cache\Admin\6d016b3978128ecc733d3a86706fedbd.php 第 165 行.
NOTIC: [8] Undefined index: limit D:\phpStudy\WWW\MhyShopAdmin\Runtime\Cache\Admin\6d016b3978128ecc733d3a86706fedbd.php 第 166 行.
NOTIC: [8] Undefined index: key D:\phpStudy\WWW\MhyShopAdmin\Runtime\Cache\Admin\6d016b3978128ecc733d3a86706fedbd.php 第 173 行.
NOTIC: [8] Undefined index: key D:\phpStudy\WWW\MhyShopAdmin\Runtime\Cache\Admin\6d016b3978128ecc733d3a86706fedbd.php 第 174 行.
NOTIC: [8] Undefined index: key D:\phpStudy\WWW\MhyShopAdmin\Runtime\Cache\Admin\6d016b3978128ecc733d3a86706fedbd.php 第 175 行.
NOTIC: [8] Undefined index: content D:\phpStudy\WWW\MhyShopAdmin\Runtime\Cache\Admin\6d016b3978128ecc733d3a86706fedbd.php 第 181 行.
INFO: Run Behavior\ParseTemplateBehavior [ RunTime:0.008000s ]
INFO: [ view_parse ] --END-- [ RunTime:0.008000s ]
INFO: [ view_filter ] --START--
INFO: Run Behavior\WriteHtmlCacheBehavior [ RunTime:0.001000s ]
INFO: Run Behavior\TokenBuildBehavior [ RunTime:0.000000s ]
INFO: [ view_filter ] --END-- [ RunTime:0.001000s ]
INFO: [ app_end ] --START--
INFO: Run Behavior\ShowPageTraceBehavior [ RunTime:0.000000s ]
INFO: [ app_end ] --END-- [ RunTime:0.001001s ]

[ 2017-07-28T09:26:55+08:00 ] ::1 /MhyShopAdmin/admin.php/Index/index.html
INFO: [ app_init ] --START--
INFO: Run Behavior\BuildLiteBehavior [ RunTime:0.000000s ]
INFO: [ app_init ] --END-- [ RunTime:0.000000s ]
INFO: [ app_begin ] --START--
INFO: Run Behavior\ReadHtmlCacheBehavior [ RunTime:0.000000s ]
INFO: [ app_begin ] --END-- [ RunTime:0.000000s ]
SQL: SHOW COLUMNS FROM `mhy_member` [ RunTime:0.0030s ]
SQL: SELECT COUNT(*) AS tp_count FROM `mhy_member` LIMIT 1   [ RunTime:0.0000s ]
SQL: SHOW COLUMNS FROM `mhy_order` [ RunTime:0.1230s ]
SQL: SELECT COUNT(*) AS tp_count FROM `mhy_order` LIMIT 1   [ RunTime:0.0000s ]
SQL: SHOW COLUMNS FROM `mhy_goods` [ RunTime:0.0270s ]
SQL: SELECT COUNT(*) AS tp_count FROM `mhy_goods` LIMIT 1   [ RunTime:0.0000s ]
SQL: SHOW COLUMNS FROM `mhy_category` [ RunTime:0.0310s ]
SQL: SELECT COUNT(*) AS tp_count FROM `mhy_category` LIMIT 1   [ RunTime:0.0000s ]
SQL: SHOW COLUMNS FROM `mhy_order_goods` [ RunTime:0.1330s ]
SQL: SELECT COUNT(*) AS tp_count FROM `mhy_order_goods` LIMIT 1   [ RunTime:0.0010s ]
SQL: SHOW COLUMNS FROM `mhy_admin` [ RunTime:0.0490s ]
SQL: SELECT COUNT(*) AS tp_count FROM `mhy_admin` LIMIT 1   [ RunTime:0.0000s ]
INFO: [ view_parse ] --START--
INFO: [ template_filter ] --START--
INFO: Run Behavior\ContentReplaceBehavior [ RunTime:0.000000s ]
INFO: [ template_filter ] --END-- [ RunTime:0.000000s ]
INFO: Run Behavior\ParseTemplateBehavior [ RunTime:0.026001s ]
INFO: [ view_parse ] --END-- [ RunTime:0.026001s ]
INFO: [ view_filter ] --START--
INFO: Run Behavior\WriteHtmlCacheBehavior [ RunTime:0.001000s ]
INFO: Run Behavior\TokenBuildBehavior [ RunTime:0.000000s ]
INFO: [ view_filter ] --END-- [ RunTime:0.001000s ]
INFO: [ app_end ] --START--
INFO: Run Behavior\ShowPageTraceBehavior [ RunTime:0.000000s ]
INFO: [ app_end ] --END-- [ RunTime:0.000000s ]

[ 2017-07-28T09:26:59+08:00 ] ::1 /MhyShopAdmin/admin.php/Member/index.html
INFO: [ app_init ] --START--
INFO: Run Behavior\BuildLiteBehavior [ RunTime:0.000000s ]
INFO: [ app_init ] --END-- [ RunTime:0.000000s ]
INFO: [ app_begin ] --START--
INFO: Run Behavior\ReadHtmlCacheBehavior [ RunTime:0.000000s ]
INFO: [ app_begin ] --END-- [ RunTime:0.000000s ]
NOTIC: [8] Undefined index: startTime D:\phpStudy\WWW\MhyShopAdmin\shopApp\Admin\Controller\MemberController.class.php 第 11 行.
NOTIC: [8] Undefined index: endTime D:\phpStudy\WWW\MhyShopAdmin\shopApp\Admin\Controller\MemberController.class.php 第 12 行.
NOTIC: [8] Undefined index: content D:\phpStudy\WWW\MhyShopAdmin\shopApp\Admin\Controller\MemberController.class.php 第 26 行.
NOTIC: [8] Undefined index: submit D:\phpStudy\WWW\MhyShopAdmin\shopApp\Admin\Controller\MemberController.class.php 第 35 行.
NOTIC: [8] Undefined index: limit D:\phpStudy\WWW\MhyShopAdmin\shopApp\Admin\Controller\MemberController.class.php 第 39 行.
SQL: SHOW COLUMNS FROM `mhy_member` [ RunTime:0.0030s ]
SQL: SELECT COUNT(*) AS tp_count FROM `mhy_member` LIMIT 1   [ RunTime:0.0000s ]
SQL: SELECT * FROM `mhy_member` ORDER BY member_id desc LIMIT 0,20   [ RunTime:0.0010s ]
NOTIC: [8] Undefined index: allNum D:\phpStudy\WWW\MhyShopAdmin\shopApp\Admin\Controller\MemberController.class.php 第 45 行.
NOTIC: [8] Undefined index: pageNum D:\phpStudy\WWW\MhyShopAdmin\shopApp\Admin\Controller\MemberController.class.php 第 46 行.
INFO: [ view_parse ] --START--
INFO: [ template_filter ] --START--
INFO: Run Behavior\ContentReplaceBehavior [ RunTime:0.000000s ]
INFO: [ template_filter ] --END-- [ RunTime:0.000000s ]
NOTIC: [8] Undefined index: startTime D:\phpStudy\WWW\MhyShopAdmin\Runtime\Cache\Admin\6d016b3978128ecc733d3a86706fedbd.php 第 155 行.
NOTIC: [8] Undefined index: endTime D:\phpStudy\WWW\MhyShopAdmin\Runtime\Cache\Admin\6d016b3978128ecc733d3a86706fedbd.php 第 159 行.
NOTIC: [8] Undefined index: limit D:\phpStudy\WWW\MhyShopAdmin\Runtime\Cache\Admin\6d016b3978128ecc733d3a86706fedbd.php 第 164 行.
NOTIC: [8] Undefined index: limit D:\phpStudy\WWW\MhyShopAdmin\Runtime\Cache\Admin\6d016b3978128ecc733d3a86706fedbd.php 第 165 行.
NOTIC: [8] Undefined index: limit D:\phpStudy\WWW\MhyShopAdmin\Runtime\Cache\Admin\6d016b3978128ecc733d3a86706fedbd.php 第 166 行.
NOTIC: [8] Undefined index: key D:\phpStudy\WWW\MhyShopAdmin\Runtime\Cache\Admin\6d016b3978128ecc733d3a86706fedbd.php 第 173 行.
NOTIC: [8] Undefined index: key D:\phpStudy\WWW\MhyShopAdmin\Runtime\Cache\Admin\6d016b3978128ecc733d3a86706fedbd.php 第 174 行.
NOTIC: [8] Undefined index: key D:\phpStudy\WWW\MhyShopAdmin\Runtime\Cache\Admin\6d016b3978128ecc733d3a86706fedbd.php 第 175 行.
NOTIC: [8] Undefined index: content D:\phpStudy\WWW\MhyShopAdmin\Runtime\Cache\Admin\6d016b3978128ecc733d3a86706fedbd.php 第 181 行.
INFO: Run Behavior\ParseTemplateBehavior [ RunTime:0.008000s ]
INFO: [ view_parse ] --END-- [ RunTime:0.008000s ]
INFO: [ view_filter ] --START--
INFO: Run Behavior\WriteHtmlCacheBehavior [ RunTime:0.000000s ]
INFO: Run Behavior\TokenBuildBehavior [ RunTime:0.001000s ]
INFO: [ view_filter ] --END-- [ RunTime:0.001000s ]
INFO: [ app_end ] --START--
INFO: Run Behavior\ShowPageTraceBehavior [ RunTime:0.000000s ]
INFO: [ app_end ] --END-- [ RunTime:0.001000s ]

[ 2017-07-28T09:27:02+08:00 ] ::1 /MhyShopAdmin/admin.php/member/update.html?member_id=358
INFO: [ app_init ] --START--
INFO: Run Behavior\BuildLiteBehavior [ RunTime:0.000000s ]
INFO: [ app_init ] --END-- [ RunTime:0.001000s ]
INFO: [ app_begin ] --START--
INFO: Run Behavior\ReadHtmlCacheBehavior [ RunTime:0.000000s ]
INFO: [ app_begin ] --END-- [ RunTime:0.000000s ]
SQL: SHOW COLUMNS FROM `mhy_member` [ RunTime:0.0030s ]
SQL: SELECT * FROM `mhy_member` WHERE `member_id` = 358 LIMIT 1   [ RunTime:0.0010s ]
INFO: [ view_parse ] --START--
INFO: [ template_filter ] --START--
INFO: Run Behavior\ContentReplaceBehavior [ RunTime:0.000000s ]
INFO: [ template_filter ] --END-- [ RunTime:0.000000s ]
INFO: Run Behavior\ParseTemplateBehavior [ RunTime:0.016000s ]
INFO: [ view_parse ] --END-- [ RunTime:0.016000s ]
INFO: [ view_filter ] --START--
INFO: Run Behavior\WriteHtmlCacheBehavior [ RunTime:0.001001s ]
INFO: Run Behavior\TokenBuildBehavior [ RunTime:0.000000s ]
INFO: [ view_filter ] --END-- [ RunTime:0.001001s ]
INFO: [ app_end ] --START--
INFO: Run Behavior\ShowPageTraceBehavior [ RunTime:0.001000s ]
INFO: [ app_end ] --END-- [ RunTime:0.001000s ]

[ 2017-07-28T09:27:06+08:00 ] ::1 /MhyShopAdmin/admin.php/Member/index.html
INFO: [ app_init ] --START--
INFO: Run Behavior\BuildLiteBehavior [ RunTime:0.000000s ]
INFO: [ app_init ] --END-- [ RunTime:0.000000s ]
INFO: [ app_begin ] --START--
INFO: Run Behavior\ReadHtmlCacheBehavior [ RunTime:0.001000s ]
INFO: [ app_begin ] --END-- [ RunTime:0.001000s ]
NOTIC: [8] Undefined index: startTime D:\phpStudy\WWW\MhyShopAdmin\shopApp\Admin\Controller\MemberController.class.php 第 11 行.
NOTIC: [8] Undefined index: endTime D:\phpStudy\WWW\MhyShopAdmin\shopApp\Admin\Controller\MemberController.class.php 第 12 行.
NOTIC: [8] Undefined index: content D:\phpStudy\WWW\MhyShopAdmin\shopApp\Admin\Controller\MemberController.class.php 第 26 行.
NOTIC: [8] Undefined index: submit D:\phpStudy\WWW\MhyShopAdmin\shopApp\Admin\Controller\MemberController.class.php 第 35 行.
NOTIC: [8] Undefined index: limit D:\phpStudy\WWW\MhyShopAdmin\shopApp\Admin\Controller\MemberController.class.php 第 39 行.
SQL: SHOW COLUMNS FROM `mhy_member` [ RunTime:0.0030s ]
SQL: SELECT COUNT(*) AS tp_count FROM `mhy_member` LIMIT 1   [ RunTime:0.0000s ]
SQL: SELECT * FROM `mhy_member` ORDER BY member_id desc LIMIT 0,20   [ RunTime:0.0000s ]
NOTIC: [8] Undefined index: allNum D:\phpStudy\WWW\MhyShopAdmin\shopApp\Admin\Controller\MemberController.class.php 第 45 行.
NOTIC: [8] Undefined index: pageNum D:\phpStudy\WWW\MhyShopAdmin\shopApp\Admin\Controller\MemberController.class.php 第 46 行.
INFO: [ view_parse ] --START--
INFO: [ template_filter ] --START--
INFO: Run Behavior\ContentReplaceBehavior [ RunTime:0.000000s ]
INFO: [ template_filter ] --END-- [ RunTime:0.000000s ]
NOTIC: [8] Undefined index: startTime D:\phpStudy\WWW\MhyShopAdmin\Runtime\Cache\Admin\6d016b3978128ecc733d3a86706fedbd.php 第 155 行.
NOTIC: [8] Undefined index: endTime D:\phpStudy\WWW\MhyShopAdmin\Runtime\Cache\Admin\6d016b3978128ecc733d3a86706fedbd.php 第 159 行.
NOTIC: [8] Undefined index: limit D:\phpStudy\WWW\MhyShopAdmin\Runtime\Cache\Admin\6d016b3978128ecc733d3a86706fedbd.php 第 164 行.
NOTIC: [8] Undefined index: limit D:\phpStudy\WWW\MhyShopAdmin\Runtime\Cache\Admin\6d016b3978128ecc733d3a86706fedbd.php 第 165 行.
NOTIC: [8] Undefined index: limit D:\phpStudy\WWW\MhyShopAdmin\Runtime\Cache\Admin\6d016b3978128ecc733d3a86706fedbd.php 第 166 行.
NOTIC: [8] Undefined index: key D:\phpStudy\WWW\MhyShopAdmin\Runtime\Cache\Admin\6d016b3978128ecc733d3a86706fedbd.php 第 173 行.
NOTIC: [8] Undefined index: key D:\phpStudy\WWW\MhyShopAdmin\Runtime\Cache\Admin\6d016b3978128ecc733d3a86706fedbd.php 第 174 行.
NOTIC: [8] Undefined index: key D:\phpStudy\WWW\MhyShopAdmin\Runtime\Cache\Admin\6d016b3978128ecc733d3a86706fedbd.php 第 175 行.
NOTIC: [8] Undefined index: content D:\phpStudy\WWW\MhyShopAdmin\Runtime\Cache\Admin\6d016b3978128ecc733d3a86706fedbd.php 第 181 行.
INFO: Run Behavior\ParseTemplateBehavior [ RunTime:0.008000s ]
INFO: [ view_parse ] --END-- [ RunTime:0.008000s ]
INFO: [ view_filter ] --START--
INFO: Run Behavior\WriteHtmlCacheBehavior [ RunTime:0.000000s ]
INFO: Run Behavior\TokenBuildBehavior [ RunTime:0.000000s ]
INFO: [ view_filter ] --END-- [ RunTime:0.000000s ]
INFO: [ app_end ] --START--
INFO: Run Behavior\ShowPageTraceBehavior [ RunTime:0.001001s ]
INFO: [ app_end ] --END-- [ RunTime:0.001001s ]

[ 2017-07-28T09:27:12+08:00 ] ::1 /MhyShopAdmin/admin.php/Order/index.html
INFO: [ app_init ] --START--
INFO: Run Behavior\BuildLiteBehavior [ RunTime:0.000000s ]
INFO: [ app_init ] --END-- [ RunTime:0.000000s ]
INFO: [ app_begin ] --START--
INFO: Run Behavior\ReadHtmlCacheBehavior [ RunTime:0.001000s ]
INFO: [ app_begin ] --END-- [ RunTime:0.001000s ]
NOTIC: [8] Undefined index: startTime D:\phpStudy\WWW\MhyShopAdmin\shopApp\Admin\Controller\OrderController.class.php 第 11 行.
NOTIC: [8] Undefined index: endTime D:\phpStudy\WWW\MhyShopAdmin\shopApp\Admin\Controller\OrderController.class.php 第 12 行.
NOTIC: [8] Undefined index: order_status D:\phpStudy\WWW\MhyShopAdmin\shopApp\Admin\Controller\OrderController.class.php 第 26 行.
NOTIC: [8] Undefined index: content D:\phpStudy\WWW\MhyShopAdmin\shopApp\Admin\Controller\OrderController.class.php 第 30 行.
NOTIC: [8] Undefined index: submit D:\phpStudy\WWW\MhyShopAdmin\shopApp\Admin\Controller\OrderController.class.php 第 40 行.
NOTIC: [8] Undefined index: limit D:\phpStudy\WWW\MhyShopAdmin\shopApp\Admin\Controller\OrderController.class.php 第 44 行.
SQL: SHOW COLUMNS FROM `mhy_order` [ RunTime:0.0030s ]
SQL: SELECT COUNT(*) AS tp_count FROM `mhy_order` LIMIT 1   [ RunTime:0.0000s ]
SQL: SELECT * FROM `mhy_order` ORDER BY order_id desc LIMIT 0,20   [ RunTime:0.0130s ]
INFO: [ view_parse ] --START--
INFO: [ template_filter ] --START--
INFO: Run Behavior\ContentReplaceBehavior [ RunTime:0.000000s ]
INFO: [ template_filter ] --END-- [ RunTime:0.000000s ]
NOTIC: [8] Undefined index: startTime D:\phpStudy\WWW\MhyShopAdmin\Runtime\Cache\Admin\1f56f2de80515e17f2ef8ecb757d4465.php 第 147 行.
NOTIC: [8] Undefined index: endTime D:\phpStudy\WWW\MhyShopAdmin\Runtime\Cache\Admin\1f56f2de80515e17f2ef8ecb757d4465.php 第 151 行.
NOTIC: [8] Undefined index: order_status D:\phpStudy\WWW\MhyShopAdmin\Runtime\Cache\Admin\1f56f2de80515e17f2ef8ecb757d4465.php 第 157 行.
NOTIC: [8] Undefined index: order_status D:\phpStudy\WWW\MhyShopAdmin\Runtime\Cache\Admin\1f56f2de80515e17f2ef8ecb757d4465.php 第 158 行.
NOTIC: [8] Undefined index: order_status D:\phpStudy\WWW\MhyShopAdmin\Runtime\Cache\Admin\1f56f2de80515e17f2ef8ecb757d4465.php 第 159 行.
NOTIC: [8] Undefined index: order_status D:\phpStudy\WWW\MhyShopAdmin\Runtime\Cache\Admin\1f56f2de80515e17f2ef8ecb757d4465.php 第 161 行.
NOTIC: [8] Undefined index: order_status D:\phpStudy\WWW\MhyShopAdmin\Runtime\Cache\Admin\1f56f2de80515e17f2ef8ecb757d4465.php 第 162 行.
NOTIC: [8] Undefined index: order_status D:\phpStudy\WWW\MhyShopAdmin\Runtime\Cache\Admin\1f56f2de80515e17f2ef8ecb757d4465.php 第 163 行.
NOTIC: [8] Undefined index: limit D:\phpStudy\WWW\MhyShopAdmin\Runtime\Cache\Admin\1f56f2de80515e17f2ef8ecb757d4465.php 第 172 行.
NOTIC: [8] Undefined index: limit D:\phpStudy\WWW\MhyShopAdmin\Runtime\Cache\Admin\1f56f2de80515e17f2ef8ecb757d4465.php 第 173 行.
NOTIC: [8] Undefined index: limit D:\phpStudy\WWW\MhyShopAdmin\Runtime\Cache\Admin\1f56f2de80515e17f2ef8ecb757d4465.php 第 174 行.
NOTIC: [8] Undefined index: key D:\phpStudy\WWW\MhyShopAdmin\Runtime\Cache\Admin\1f56f2de80515e17f2ef8ecb757d4465.php 第 181 行.
NOTIC: [8] Undefined index: key D:\phpStudy\WWW\MhyShopAdmin\Runtime\Cache\Admin\1f56f2de80515e17f2ef8ecb757d4465.php 第 182 行.
NOTIC: [8] Undefined index: key D:\phpStudy\WWW\MhyShopAdmin\Runtime\Cache\Admin\1f56f2de80515e17f2ef8ecb757d4465.php 第 183 行.
NOTIC: [8] Undefined index: key D:\phpStudy\WWW\MhyShopAdmin\Runtime\Cache\Admin\1f56f2de80515e17f2ef8ecb757d4465.php 第 184 行.
NOTIC: [8] Undefined index: content D:\phpStudy\WWW\MhyShopAdmin\Runtime\Cache\Admin\1f56f2de80515e17f2ef8ecb757d4465.php 第 190 行.
NOTIC: [8] Undefined index: member_id D:\phpStudy\WWW\MhyShopAdmin\Runtime\Cache\Admin\1f56f2de80515e17f2ef8ecb757d4465.php 第 232 行.
NOTIC: [8] Undefined index: member_id D:\phpStudy\WWW\MhyShopAdmin\Runtime\Cache\Admin\1f56f2de80515e17f2ef8ecb757d4465.php 第 255 行.
NOTIC: [8] Undefined index: member_id D:\phpStudy\WWW\MhyShopAdmin\Runtime\Cache\Admin\1f56f2de80515e17f2ef8ecb757d4465.php 第 255 行.
NOTIC: [8] Undefined index: member_id D:\phpStudy\WWW\MhyShopAdmin\Runtime\Cache\Admin\1f56f2de80515e17f2ef8ecb757d4465.php 第 232 行.
NOTIC: [8] Undefined index: member_id D:\phpStudy\WWW\MhyShopAdmin\Runtime\Cache\Admin\1f56f2de80515e17f2ef8ecb757d4465.php 第 255 行.
NOTIC: [8] Undefined index: member_id D:\phpStudy\WWW\MhyShopAdmin\Runtime\Cache\Admin\1f56f2de80515e17f2ef8ecb757d4465.php 第 255 行.
NOTIC: [8] Undefined index: member_id D:\phpStudy\WWW\MhyShopAdmin\Runtime\Cache\Admin\1f56f2de80515e17f2ef8ecb757d4465.php 第 232 行.
NOTIC: [8] Undefined index: member_id D:\phpStudy\WWW\MhyShopAdmin\Runtime\Cache\Admin\1f56f2de80515e17f2ef8ecb757d4465.php 第 255 行.
NOTIC: [8] Undefined index: member_id D:\phpStudy\WWW\MhyShopAdmin\Runtime\Cache\Admin\1f56f2de80515e17f2ef8ecb757d4465.php 第 255 行.
NOTIC: [8] Undefined index: member_id D:\phpStudy\WWW\MhyShopAdmin\Runtime\Cache\Admin\1f56f2de80515e17f2ef8ecb757d4465.php 第 232 行.
NOTIC: [8] Undefined index: member_id D:\phpStudy\WWW\MhyShopAdmin\Runtime\Cache\Admin\1f56f2de80515e17f2ef8ecb757d4465.php 第 255 行.
NOTIC: [8] Undefined index: member_id D:\phpStudy\WWW\MhyShopAdmin\Runtime\Cache\Admin\1f56f2de80515e17f2ef8ecb757d4465.php 第 255 行.
NOTIC: [8] Undefined index: member_id D:\phpStudy\WWW\MhyShopAdmin\Runtime\Cache\Admin\1f56f2de80515e17f2ef8ecb757d4465.php 第 232 行.
NOTIC: [8] Undefined index: member_id D:\phpStudy\WWW\MhyShopAdmin\Runtime\Cache\Admin\1f56f2de80515e17f2ef8ecb757d4465.php 第 255 行.
NOTIC: [8] Undefined index: member_id D:\phpStudy\WWW\MhyShopAdmin\Runtime\Cache\Admin\1f56f2de80515e17f2ef8ecb757d4465.php 第 255 行.
NOTIC: [8] Undefined index: member_id D:\phpStudy\WWW\MhyShopAdmin\Runtime\Cache\Admin\1f56f2de80515e17f2ef8ecb757d4465.php 第 232 行.
NOTIC: [8] Undefined index: member_id D:\phpStudy\WWW\MhyShopAdmin\Runtime\Cache\Admin\1f56f2de80515e17f2ef8ecb757d4465.php 第 255 行.
NOTIC: [8] Undefined index: member_id D:\phpStudy\WWW\MhyShopAdmin\Runtime\Cache\Admin\1f56f2de80515e17f2ef8ecb757d4465.php 第 255 行.
NOTIC: [8] Undefined index: member_id D:\phpStudy\WWW\MhyShopAdmin\Runtime\Cache\Admin\1f56f2de80515e17f2ef8ecb757d4465.php 第 232 行.
NOTIC: [8] Undefined index: member_id D:\phpStudy\WWW\MhyShopAdmin\Runtime\Cache\Admin\1f56f2de80515e17f2ef8ecb757d4465.php 第 255 行.
NOTIC: [8] Undefined index: member_id D:\phpStudy\WWW\MhyShopAdmin\Runtime\Cache\Admin\1f56f2de80515e17f2ef8ecb757d4465.php 第 255 行.
NOTIC: [8] Undefined index: member_id D:\phpStudy\WWW\MhyShopAdmin\Runtime\Cache\Admin\1f56f2de80515e17f2ef8ecb757d4465.php 第 232 行.
NOTIC: [8] Undefined index: member_id D:\phpStudy\WWW\MhyShopAdmin\Runtime\Cache\Admin\1f56f2de80515e17f2ef8ecb757d4465.php 第 255 行.
NOTIC: [8] Undefined index: member_id D:\phpStudy\WWW\MhyShopAdmin\Runtime\Cache\Admin\1f56f2de80515e17f2ef8ecb757d4465.php 第 255 行.
NOTIC: [8] Undefined index: member_id D:\phpStudy\WWW\MhyShopAdmin\Runtime\Cache\Admin\1f56f2de80515e17f2ef8ecb757d4465.php 第 232 行.
NOTIC: [8] Undefined index: member_id D:\phpStudy\WWW\MhyShopAdmin\Runtime\Cache\Admin\1f56f2de80515e17f2ef8ecb757d4465.php 第 255 行.
NOTIC: [8] Undefined index: member_id D:\phpStudy\WWW\MhyShopAdmin\Runtime\Cache\Admin\1f56f2de80515e17f2ef8ecb757d4465.php 第 255 行.
NOTIC: [8] Undefined index: member_id D:\phpStudy\WWW\MhyShopAdmin\Runtime\Cache\Admin\1f56f2de80515e17f2ef8ecb757d4465.php 第 232 行.
NOTIC: [8] Undefined index: member_id D:\phpStudy\WWW\MhyShopAdmin\Runtime\Cache\Admin\1f56f2de80515e17f2ef8ecb757d4465.php 第 255 行.
NOTIC: [8] Undefined index: member_id D:\phpStudy\WWW\MhyShopAdmin\Runtime\Cache\Admin\1f56f2de80515e17f2ef8ecb757d4465.php 第 255 行.
NOTIC: [8] Undefined index: member_id D:\phpStudy\WWW\MhyShopAdmin\Runtime\Cache\Admin\1f56f2de80515e17f2ef8ecb757d4465.php 第 232 行.
NOTIC: [8] Undefined index: member_id D:\phpStudy\WWW\MhyShopAdmin\Runtime\Cache\Admin\1f56f2de80515e17f2ef8ecb757d4465.php 第 255 行.
NOTIC: [8] Undefined index: member_id D:\phpStudy\WWW\MhyShopAdmin\Runtime\Cache\Admin\1f56f2de80515e17f2ef8ecb757d4465.php 第 255 行.
NOTIC: [8] Undefined index: member_id D:\phpStudy\WWW\MhyShopAdmin\Runtime\Cache\Admin\1f56f2de80515e17f2ef8ecb757d4465.php 第 232 行.
NOTIC: [8] Undefined index: member_id D:\phpStudy\WWW\MhyShopAdmin\Runtime\Cache\Admin\1f56f2de80515e17f2ef8ecb757d4465.php 第 255 行.
NOTIC: [8] Undefined index: member_id D:\phpStudy\WWW\MhyShopAdmin\Runtime\Cache\Admin\1f56f2de80515e17f2ef8ecb757d4465.php 第 255 行.
NOTIC: [8] Undefined index: member_id D:\phpStudy\WWW\MhyShopAdmin\Runtime\Cache\Admin\1f56f2de80515e17f2ef8ecb757d4465.php 第 232 行.
NOTIC: [8] Undefined index: member_id D:\phpStudy\WWW\MhyShopAdmin\Runtime\Cache\Admin\1f56f2de80515e17f2ef8ecb757d4465.php 第 255 行.
NOTIC: [8] Undefined index: member_id D:\phpStudy\WWW\MhyShopAdmin\Runtime\Cache\Admin\1f56f2de80515e17f2ef8ecb757d4465.php 第 255 行.
NOTIC: [8] Undefined index: member_id D:\phpStudy\WWW\MhyShopAdmin\Runtime\Cache\Admin\1f56f2de80515e17f2ef8ecb757d4465.php 第 232 行.
NOTIC: [8] Undefined index: member_id D:\phpStudy\WWW\MhyShopAdmin\Runtime\Cache\Admin\1f56f2de80515e17f2ef8ecb757d4465.php 第 255 行.
NOTIC: [8] Undefined index: member_id D:\phpStudy\WWW\MhyShopAdmin\Runtime\Cache\Admin\1f56f2de80515e17f2ef8ecb757d4465.php 第 255 行.
NOTIC: [8] Undefined index: member_id D:\phpStudy\WWW\MhyShopAdmin\Runtime\Cache\Admin\1f56f2de80515e17f2ef8ecb757d4465.php 第 232 行.
NOTIC: [8] Undefined index: member_id D:\phpStudy\WWW\MhyShopAdmin\Runtime\Cache\Admin\1f56f2de80515e17f2ef8ecb757d4465.php 第 255 行.
NOTIC: [8] Undefined index: member_id D:\phpStudy\WWW\MhyShopAdmin\Runtime\Cache\Admin\1f56f2de80515e17f2ef8ecb757d4465.php 第 255 行.
NOTIC: [8] Undefined index: member_id D:\phpStudy\WWW\MhyShopAdmin\Runtime\Cache\Admin\1f56f2de80515e17f2ef8ecb757d4465.php 第 232 行.
NOTIC: [8] Undefined index: member_id D:\phpStudy\WWW\MhyShopAdmin\Runtime\Cache\Admin\1f56f2de80515e17f2ef8ecb757d4465.php 第 255 行.
NOTIC: [8] Undefined index: member_id D:\phpStudy\WWW\MhyShopAdmin\Runtime\Cache\Admin\1f56f2de80515e17f2ef8ecb757d4465.php 第 255 行.
NOTIC: [8] Undefined index: member_id D:\phpStudy\WWW\MhyShopAdmin\Runtime\Cache\Admin\1f56f2de80515e17f2ef8ecb757d4465.php 第 232 行.
NOTIC: [8] Undefined index: member_id D:\phpStudy\WWW\MhyShopAdmin\Runtime\Cache\Admin\1f56f2de80515e17f2ef8ecb757d4465.php 第 255 行.
NOTIC: [8] Undefined index: member_id D:\phpStudy\WWW\MhyShopAdmin\Runtime\Cache\Admin\1f56f2de80515e17f2ef8ecb757d4465.php 第 255 行.
NOTIC: [8] Undefined index: member_id D:\phpStudy\WWW\MhyShopAdmin\Runtime\Cache\Admin\1f56f2de80515e17f2ef8ecb757d4465.php 第 232 行.
NOTIC: [8] Undefined index: member_id D:\phpStudy\WWW\MhyShopAdmin\Runtime\Cache\Admin\1f56f2de80515e17f2ef8ecb757d4465.php 第 255 行.
NOTIC: [8] Undefined index: member_id D:\phpStudy\WWW\MhyShopAdmin\Runtime\Cache\Admin\1f56f2de80515e17f2ef8ecb757d4465.php 第 255 行.
NOTIC: [8] Undefined index: member_id D:\phpStudy\WWW\MhyShopAdmin\Runtime\Cache\Admin\1f56f2de80515e17f2ef8ecb757d4465.php 第 232 行.
NOTIC: [8] Undefined index: member_id D:\phpStudy\WWW\MhyShopAdmin\Runtime\Cache\Admin\1f56f2de80515e17f2ef8ecb757d4465.php 第 255 行.
NOTIC: [8] Undefined index: member_id D:\phpStudy\WWW\MhyShopAdmin\Runtime\Cache\Admin\1f56f2de80515e17f2ef8ecb757d4465.php 第 255 行.
NOTIC: [8] Undefined index: member_id D:\phpStudy\WWW\MhyShopAdmin\Runtime\Cache\Admin\1f56f2de80515e17f2ef8ecb757d4465.php 第 232 行.
NOTIC: [8] Undefined index: member_id D:\phpStudy\WWW\MhyShopAdmin\Runtime\Cache\Admin\1f56f2de80515e17f2ef8ecb757d4465.php 第 255 行.
NOTIC: [8] Undefined index: member_id D:\phpStudy\WWW\MhyShopAdmin\Runtime\Cache\Admin\1f56f2de80515e17f2ef8ecb757d4465.php 第 255 行.
INFO: Run Behavior\ParseTemplateBehavior [ RunTime:0.017001s ]
INFO: [ view_parse ] --END-- [ RunTime:0.017001s ]
INFO: [ view_filter ] --START--
INFO: Run Behavior\WriteHtmlCacheBehavior [ RunTime:0.000000s ]
INFO: Run Behavior\TokenBuildBehavior [ RunTime:0.001000s ]
INFO: [ view_filter ] --END-- [ RunTime:0.001000s ]
INFO: [ app_end ] --START--
INFO: Run Behavior\ShowPageTraceBehavior [ RunTime:0.000000s ]
INFO: [ app_end ] --END-- [ RunTime:0.000000s ]

[ 2017-07-28T09:27:15+08:00 ] ::1 /MhyShopAdmin/admin.php/order/info.html?order_id=329244
INFO: [ app_init ] --START--
INFO: Run Behavior\BuildLiteBehavior [ RunTime:0.000000s ]
INFO: [ app_init ] --END-- [ RunTime:0.000000s ]
INFO: [ app_begin ] --START--
INFO: Run Behavior\ReadHtmlCacheBehavior [ RunTime:0.000000s ]
INFO: [ app_begin ] --END-- [ RunTime:0.000000s ]
SQL: SHOW COLUMNS FROM `mhy_order` [ RunTime:0.0030s ]
SQL: SELECT * FROM `mhy_order` WHERE `order_id` = 329244 LIMIT 1   [ RunTime:0.0000s ]
SQL: SHOW COLUMNS FROM `mhy_order_goods` [ RunTime:0.0030s ]
SQL: SELECT * FROM `mhy_order_goods` WHERE `ogoods_order_sn` = '14968662617667' ORDER BY ogoods_id desc  [ RunTime:0.0000s ]
INFO: [ view_parse ] --START--
INFO: [ template_filter ] --START--
INFO: Run Behavior\ContentReplaceBehavior [ RunTime:0.000000s ]
INFO: [ template_filter ] --END-- [ RunTime:0.000000s ]
INFO: Run Behavior\ParseTemplateBehavior [ RunTime:0.036002s ]
INFO: [ view_parse ] --END-- [ RunTime:0.036002s ]
INFO: [ view_filter ] --START--
INFO: Run Behavior\WriteHtmlCacheBehavior [ RunTime:0.001000s ]
INFO: Run Behavior\TokenBuildBehavior [ RunTime:0.000000s ]
INFO: [ view_filter ] --END-- [ RunTime:0.001000s ]
INFO: [ app_end ] --START--
INFO: Run Behavior\ShowPageTraceBehavior [ RunTime:0.000000s ]
INFO: [ app_end ] --END-- [ RunTime:0.000000s ]

[ 2017-07-28T09:27:22+08:00 ] ::1 /MhyShopAdmin/admin.php/Category/index.html
INFO: [ app_init ] --START--
INFO: Run Behavior\BuildLiteBehavior [ RunTime:0.000000s ]
INFO: [ app_init ] --END-- [ RunTime:0.001000s ]
INFO: [ app_begin ] --START--
INFO: Run Behavior\ReadHtmlCacheBehavior [ RunTime:0.001000s ]
INFO: [ app_begin ] --END-- [ RunTime:0.001000s ]
NOTIC: [8] Undefined index: submit D:\phpStudy\WWW\MhyShopAdmin\shopApp\Admin\Controller\CategoryController.class.php 第 11 行.
SQL: SHOW COLUMNS FROM `mhy_category` [ RunTime:0.0030s ]
SQL: SELECT * FROM `mhy_category` ORDER BY category_sort desc  [ RunTime:0.0000s ]
NOTIC: [8] Undefined variable: parentid D:\phpStudy\WWW\MhyShopAdmin\ThinkPHP3.2\Library\Think\Tree.class.php 第 48 行.
NOTIC: [8] Undefined variable: parentid D:\phpStudy\WWW\MhyShopAdmin\ThinkPHP3.2\Library\Think\Tree.class.php 第 48 行.
NOTIC: [8] Undefined variable: parentid D:\phpStudy\WWW\MhyShopAdmin\ThinkPHP3.2\Library\Think\Tree.class.php 第 48 行.
NOTIC: [8] Undefined variable: parentid D:\phpStudy\WWW\MhyShopAdmin\ThinkPHP3.2\Library\Think\Tree.class.php 第 48 行.
NOTIC: [8] Undefined variable: parentid D:\phpStudy\WWW\MhyShopAdmin\ThinkPHP3.2\Library\Think\Tree.class.php 第 48 行.
NOTIC: [8] Undefined variable: parentid D:\phpStudy\WWW\MhyShopAdmin\ThinkPHP3.2\Library\Think\Tree.class.php 第 48 行.
NOTIC: [8] Undefined variable: parentid D:\phpStudy\WWW\MhyShopAdmin\ThinkPHP3.2\Library\Think\Tree.class.php 第 48 行.
NOTIC: [8] Undefined variable: parentid D:\phpStudy\WWW\MhyShopAdmin\ThinkPHP3.2\Library\Think\Tree.class.php 第 48 行.
NOTIC: [8] Undefined variable: parentid D:\phpStudy\WWW\MhyShopAdmin\ThinkPHP3.2\Library\Think\Tree.class.php 第 48 行.
NOTIC: [8] Undefined variable: parentid D:\phpStudy\WWW\MhyShopAdmin\ThinkPHP3.2\Library\Think\Tree.class.php 第 48 行.
NOTIC: [8] Undefined variable: parentid D:\phpStudy\WWW\MhyShopAdmin\ThinkPHP3.2\Library\Think\Tree.class.php 第 48 行.
NOTIC: [8] Undefined variable: parentid D:\phpStudy\WWW\MhyShopAdmin\ThinkPHP3.2\Library\Think\Tree.class.php 第 48 行.
NOTIC: [8] Undefined variable: parentid D:\phpStudy\WWW\MhyShopAdmin\ThinkPHP3.2\Library\Think\Tree.class.php 第 48 行.
NOTIC: [8] Undefined variable: parentid D:\phpStudy\WWW\MhyShopAdmin\ThinkPHP3.2\Library\Think\Tree.class.php 第 48 行.
NOTIC: [8] Undefined variable: parentid D:\phpStudy\WWW\MhyShopAdmin\ThinkPHP3.2\Library\Think\Tree.class.php 第 48 行.
NOTIC: [8] Undefined variable: parentid D:\phpStudy\WWW\MhyShopAdmin\ThinkPHP3.2\Library\Think\Tree.class.php 第 48 行.
NOTIC: [8] Undefined variable: parentid D:\phpStudy\WWW\MhyShopAdmin\ThinkPHP3.2\Library\Think\Tree.class.php 第 48 行.
NOTIC: [8] Undefined variable: parentid D:\phpStudy\WWW\MhyShopAdmin\ThinkPHP3.2\Library\Think\Tree.class.php 第 48 行.
NOTIC: [8] Undefined variable: parentid D:\phpStudy\WWW\MhyShopAdmin\ThinkPHP3.2\Library\Think\Tree.class.php 第 48 行.
NOTIC: [8] Undefined variable: parentid D:\phpStudy\WWW\MhyShopAdmin\ThinkPHP3.2\Library\Think\Tree.class.php 第 48 行.
NOTIC: [8] Undefined variable: parentid D:\phpStudy\WWW\MhyShopAdmin\ThinkPHP3.2\Library\Think\Tree.class.php 第 48 行.
NOTIC: [8] Undefined variable: parentid D:\phpStudy\WWW\MhyShopAdmin\ThinkPHP3.2\Library\Think\Tree.class.php 第 48 行.
NOTIC: [8] Undefined variable: parentid D:\phpStudy\WWW\MhyShopAdmin\ThinkPHP3.2\Library\Think\Tree.class.php 第 48 行.
NOTIC: [8] Undefined variable: parentid D:\phpStudy\WWW\MhyShopAdmin\ThinkPHP3.2\Library\Think\Tree.class.php 第 48 行.
NOTIC: [8] Undefined variable: parentid D:\phpStudy\WWW\MhyShopAdmin\ThinkPHP3.2\Library\Think\Tree.class.php 第 48 行.
NOTIC: [8] Undefined variable: parentid D:\phpStudy\WWW\MhyShopAdmin\ThinkPHP3.2\Library\Think\Tree.class.php 第 48 行.
NOTIC: [8] Undefined variable: parentid D:\phpStudy\WWW\MhyShopAdmin\ThinkPHP3.2\Library\Think\Tree.class.php 第 48 行.
NOTIC: [8] Undefined variable: parentid D:\phpStudy\WWW\MhyShopAdmin\ThinkPHP3.2\Library\Think\Tree.class.php 第 48 行.
NOTIC: [8] Undefined variable: parentid D:\phpStudy\WWW\MhyShopAdmin\ThinkPHP3.2\Library\Think\Tree.class.php 第 48 行.
NOTIC: [8] Undefined variable: parentid D:\phpStudy\WWW\MhyShopAdmin\ThinkPHP3.2\Library\Think\Tree.class.php 第 48 行.
NOTIC: [8] Undefined variable: parentid D:\phpStudy\WWW\MhyShopAdmin\ThinkPHP3.2\Library\Think\Tree.class.php 第 48 行.
NOTIC: [8] Undefined variable: parentid D:\phpStudy\WWW\MhyShopAdmin\ThinkPHP3.2\Library\Think\Tree.class.php 第 48 行.
NOTIC: [8] Undefined variable: parentid D:\phpStudy\WWW\MhyShopAdmin\ThinkPHP3.2\Library\Think\Tree.class.php 第 48 行.
NOTIC: [8] Undefined variable: parentid D:\phpStudy\WWW\MhyShopAdmin\ThinkPHP3.2\Library\Think\Tree.class.php 第 48 行.
NOTIC: [8] Undefined variable: parentid D:\phpStudy\WWW\MhyShopAdmin\ThinkPHP3.2\Library\Think\Tree.class.php 第 48 行.
NOTIC: [8] Undefined variable: parentid D:\phpStudy\WWW\MhyShopAdmin\ThinkPHP3.2\Library\Think\Tree.class.php 第 48 行.
NOTIC: [8] Undefined variable: parentid D:\phpStudy\WWW\MhyShopAdmin\ThinkPHP3.2\Library\Think\Tree.class.php 第 48 行.
NOTIC: [8] Undefined variable: parentid D:\phpStudy\WWW\MhyShopAdmin\ThinkPHP3.2\Library\Think\Tree.class.php 第 48 行.
NOTIC: [8] Undefined variable: parentid D:\phpStudy\WWW\MhyShopAdmin\ThinkPHP3.2\Library\Think\Tree.class.php 第 48 行.
NOTIC: [8] Undefined variable: parentid D:\phpStudy\WWW\MhyShopAdmin\ThinkPHP3.2\Library\Think\Tree.class.php 第 48 行.
NOTIC: [8] Undefined variable: parentid D:\phpStudy\WWW\MhyShopAdmin\ThinkPHP3.2\Library\Think\Tree.class.php 第 48 行.
NOTIC: [8] Undefined variable: parentid D:\phpStudy\WWW\MhyShopAdmin\ThinkPHP3.2\Library\Think\Tree.class.php 第 48 行.
NOTIC: [8] Undefined variable: parentid D:\phpStudy\WWW\MhyShopAdmin\ThinkPHP3.2\Library\Think\Tree.class.php 第 48 行.
NOTIC: [8] Undefined variable: parentid D:\phpStudy\WWW\MhyShopAdmin\ThinkPHP3.2\Library\Think\Tree.class.php 第 48 行.
NOTIC: [8] Undefined variable: parentid D:\phpStudy\WWW\MhyShopAdmin\ThinkPHP3.2\Library\Think\Tree.class.php 第 48 行.
NOTIC: [8] Undefined variable: parentid D:\phpStudy\WWW\MhyShopAdmin\ThinkPHP3.2\Library\Think\Tree.class.php 第 48 行.
NOTIC: [8] Undefined variable: parentid D:\phpStudy\WWW\MhyShopAdmin\ThinkPHP3.2\Library\Think\Tree.class.php 第 48 行.
INFO: [ view_parse ] --START--
INFO: [ template_filter ] --START--
INFO: Run Behavior\ContentReplaceBehavior [ RunTime:0.000000s ]
INFO: [ template_filter ] --END-- [ RunTime:0.000000s ]
INFO: Run Behavior\ParseTemplateBehavior [ RunTime:0.022002s ]
INFO: [ view_parse ] --END-- [ RunTime:0.022002s ]
INFO: [ view_filter ] --START--
INFO: Run Behavior\WriteHtmlCacheBehavior [ RunTime:0.000000s ]
INFO: Run Behavior\TokenBuildBehavior [ RunTime:0.000000s ]
INFO: [ view_filter ] --END-- [ RunTime:0.000000s ]
INFO: [ app_end ] --START--
INFO: Run Behavior\ShowPageTraceBehavior [ RunTime:0.001000s ]
INFO: [ app_end ] --END-- [ RunTime:0.001000s ]

[ 2017-07-28T09:27:26+08:00 ] ::1 /MhyShopAdmin/admin.php/Goods/index.html
INFO: [ app_init ] --START--
INFO: Run Behavior\BuildLiteBehavior [ RunTime:0.000000s ]
INFO: [ app_init ] --END-- [ RunTime:0.001001s ]
INFO: [ app_begin ] --START--
INFO: Run Behavior\ReadHtmlCacheBehavior [ RunTime:0.001000s ]
INFO: [ app_begin ] --END-- [ RunTime:0.001000s ]
NOTIC: [8] Undefined index: startTime D:\phpStudy\WWW\MhyShopAdmin\shopApp\Admin\Controller\GoodsController.class.php 第 11 行.
NOTIC: [8] Undefined index: endTime D:\phpStudy\WWW\MhyShopAdmin\shopApp\Admin\Controller\GoodsController.class.php 第 12 行.
NOTIC: [8] Undefined index: content D:\phpStudy\WWW\MhyShopAdmin\shopApp\Admin\Controller\GoodsController.class.php 第 26 行.
NOTIC: [8] Undefined index: submit D:\phpStudy\WWW\MhyShopAdmin\shopApp\Admin\Controller\GoodsController.class.php 第 35 行.
NOTIC: [8] Undefined index: limit D:\phpStudy\WWW\MhyShopAdmin\shopApp\Admin\Controller\GoodsController.class.php 第 39 行.
SQL: SHOW COLUMNS FROM `mhy_goods` [ RunTime:0.0030s ]
SQL: SELECT COUNT(*) AS tp_count FROM `mhy_goods` LIMIT 1   [ RunTime:0.0000s ]
SQL: SELECT * FROM `mhy_goods` LEFT JOIN mhy_category  ON mhy_goods.category_id=mhy_category.category_id  ORDER BY goods_id desc LIMIT 0,20   [ RunTime:0.0190s ]
NOTIC: [8] Undefined index: goods_add_time_name D:\phpStudy\WWW\MhyShopAdmin\shopApp\Admin\Model\GoodsModel.class.php 第 99 行.
NOTIC: [8] Undefined index: goods_add_time_name D:\phpStudy\WWW\MhyShopAdmin\shopApp\Admin\Model\GoodsModel.class.php 第 99 行.
NOTIC: [8] Undefined index: goods_add_time_name D:\phpStudy\WWW\MhyShopAdmin\shopApp\Admin\Model\GoodsModel.class.php 第 99 行.
NOTIC: [8] Undefined index: goods_add_time_name D:\phpStudy\WWW\MhyShopAdmin\shopApp\Admin\Model\GoodsModel.class.php 第 99 行.
NOTIC: [8] Undefined index: goods_add_time_name D:\phpStudy\WWW\MhyShopAdmin\shopApp\Admin\Model\GoodsModel.class.php 第 99 行.
NOTIC: [8] Undefined index: goods_add_time_name D:\phpStudy\WWW\MhyShopAdmin\shopApp\Admin\Model\GoodsModel.class.php 第 99 行.
NOTIC: [8] Undefined index: goods_add_time_name D:\phpStudy\WWW\MhyShopAdmin\shopApp\Admin\Model\GoodsModel.class.php 第 99 行.
NOTIC: [8] Undefined index: goods_add_time_name D:\phpStudy\WWW\MhyShopAdmin\shopApp\Admin\Model\GoodsModel.class.php 第 99 行.
NOTIC: [8] Undefined index: goods_add_time_name D:\phpStudy\WWW\MhyShopAdmin\shopApp\Admin\Model\GoodsModel.class.php 第 99 行.
NOTIC: [8] Undefined index: goods_add_time_name D:\phpStudy\WWW\MhyShopAdmin\shopApp\Admin\Model\GoodsModel.class.php 第 99 行.
NOTIC: [8] Undefined index: goods_add_time_name D:\phpStudy\WWW\MhyShopAdmin\shopApp\Admin\Model\GoodsModel.class.php 第 99 行.
NOTIC: [8] Undefined index: goods_add_time_name D:\phpStudy\WWW\MhyShopAdmin\shopApp\Admin\Model\GoodsModel.class.php 第 99 行.
NOTIC: [8] Undefined index: goods_add_time_name D:\phpStudy\WWW\MhyShopAdmin\shopApp\Admin\Model\GoodsModel.class.php 第 99 行.
NOTIC: [8] Undefined index: goods_add_time_name D:\phpStudy\WWW\MhyShopAdmin\shopApp\Admin\Model\GoodsModel.class.php 第 99 行.
NOTIC: [8] Undefined index: goods_add_time_name D:\phpStudy\WWW\MhyShopAdmin\shopApp\Admin\Model\GoodsModel.class.php 第 99 行.
NOTIC: [8] Undefined index: goods_add_time_name D:\phpStudy\WWW\MhyShopAdmin\shopApp\Admin\Model\GoodsModel.class.php 第 99 行.
NOTIC: [8] Undefined index: goods_add_time_name D:\phpStudy\WWW\MhyShopAdmin\shopApp\Admin\Model\GoodsModel.class.php 第 99 行.
NOTIC: [8] Undefined index: goods_add_time_name D:\phpStudy\WWW\MhyShopAdmin\shopApp\Admin\Model\GoodsModel.class.php 第 99 行.
NOTIC: [8] Undefined index: goods_add_time_name D:\phpStudy\WWW\MhyShopAdmin\shopApp\Admin\Model\GoodsModel.class.php 第 99 行.
NOTIC: [8] Undefined index: goods_add_time_name D:\phpStudy\WWW\MhyShopAdmin\shopApp\Admin\Model\GoodsModel.class.php 第 99 行.
NOTIC: [8] Undefined index: allNum D:\phpStudy\WWW\MhyShopAdmin\shopApp\Admin\Controller\GoodsController.class.php 第 45 行.
NOTIC: [8] Undefined index: pageNum D:\phpStudy\WWW\MhyShopAdmin\shopApp\Admin\Controller\GoodsController.class.php 第 46 行.
INFO: [ view_parse ] --START--
INFO: [ template_filter ] --START--
INFO: Run Behavior\ContentReplaceBehavior [ RunTime:0.000000s ]
INFO: [ template_filter ] --END-- [ RunTime:0.000000s ]
NOTIC: [8] Undefined index: key D:\phpStudy\WWW\MhyShopAdmin\Runtime\Cache\Admin\bf1d780eb01c9e763c2d9a5d87d53579.php 第 158 行.
NOTIC: [8] Undefined index: key D:\phpStudy\WWW\MhyShopAdmin\Runtime\Cache\Admin\bf1d780eb01c9e763c2d9a5d87d53579.php 第 159 行.
NOTIC: [8] Undefined index: startTime D:\phpStudy\WWW\MhyShopAdmin\Runtime\Cache\Admin\bf1d780eb01c9e763c2d9a5d87d53579.php 第 165 行.
NOTIC: [8] Undefined index: endTime D:\phpStudy\WWW\MhyShopAdmin\Runtime\Cache\Admin\bf1d780eb01c9e763c2d9a5d87d53579.php 第 169 行.
NOTIC: [8] Undefined index: limit D:\phpStudy\WWW\MhyShopAdmin\Runtime\Cache\Admin\bf1d780eb01c9e763c2d9a5d87d53579.php 第 174 行.
NOTIC: [8] Undefined index: limit D:\phpStudy\WWW\MhyShopAdmin\Runtime\Cache\Admin\bf1d780eb01c9e763c2d9a5d87d53579.php 第 175 行.
NOTIC: [8] Undefined index: limit D:\phpStudy\WWW\MhyShopAdmin\Runtime\Cache\Admin\bf1d780eb01c9e763c2d9a5d87d53579.php 第 176 行.
NOTIC: [8] Undefined index: key D:\phpStudy\WWW\MhyShopAdmin\Runtime\Cache\Admin\bf1d780eb01c9e763c2d9a5d87d53579.php 第 183 行.
NOTIC: [8] Undefined index: key D:\phpStudy\WWW\MhyShopAdmin\Runtime\Cache\Admin\bf1d780eb01c9e763c2d9a5d87d53579.php 第 184 行.
NOTIC: [8] Undefined index: key D:\phpStudy\WWW\MhyShopAdmin\Runtime\Cache\Admin\bf1d780eb01c9e763c2d9a5d87d53579.php 第 185 行.
NOTIC: [8] Undefined index: content D:\phpStudy\WWW\MhyShopAdmin\Runtime\Cache\Admin\bf1d780eb01c9e763c2d9a5d87d53579.php 第 191 行.
INFO: Run Behavior\ParseTemplateBehavior [ RunTime:0.015001s ]
INFO: [ view_parse ] --END-- [ RunTime:0.015001s ]
INFO: [ view_filter ] --START--
INFO: Run Behavior\WriteHtmlCacheBehavior [ RunTime:0.000000s ]
INFO: Run Behavior\TokenBuildBehavior [ RunTime:0.001000s ]
INFO: [ view_filter ] --END-- [ RunTime:0.001000s ]
INFO: [ app_end ] --START--
INFO: Run Behavior\ShowPageTraceBehavior [ RunTime:0.000000s ]
INFO: [ app_end ] --END-- [ RunTime:0.000000s ]

[ 2017-07-28T09:27:30+08:00 ] ::1 /MhyShopAdmin/admin.php/Goods/add.html
INFO: [ app_init ] --START--
INFO: Run Behavior\BuildLiteBehavior [ RunTime:0.001000s ]
INFO: [ app_init ] --END-- [ RunTime:0.001000s ]
INFO: [ app_begin ] --START--
INFO: Run Behavior\ReadHtmlCacheBehavior [ RunTime:0.001000s ]
INFO: [ app_begin ] --END-- [ RunTime:0.001000s ]
SQL: SHOW COLUMNS FROM `mhy_category` [ RunTime:0.0030s ]
SQL: SELECT * FROM `mhy_category` ORDER BY category_sort desc  [ RunTime:0.0010s ]
INFO: [ view_parse ] --START--
INFO: [ template_filter ] --START--
INFO: Run Behavior\ContentReplaceBehavior [ RunTime:0.000000s ]
INFO: [ template_filter ] --END-- [ RunTime:0.000000s ]
INFO: Run Behavior\ParseTemplateBehavior [ RunTime:0.020002s ]
INFO: [ view_parse ] --END-- [ RunTime:0.020002s ]
INFO: [ view_filter ] --START--
INFO: Run Behavior\WriteHtmlCacheBehavior [ RunTime:0.000000s ]
INFO: Run Behavior\TokenBuildBehavior [ RunTime:0.000000s ]
INFO: [ view_filter ] --END-- [ RunTime:0.000000s ]
INFO: [ app_end ] --START--
INFO: Run Behavior\ShowPageTraceBehavior [ RunTime:0.001000s ]
INFO: [ app_end ] --END-- [ RunTime:0.001000s ]

[ 2017-07-28T09:27:42+08:00 ] ::1 /MhyShopAdmin/admin.php/Area/index.html
INFO: [ app_init ] --START--
INFO: Run Behavior\BuildLiteBehavior [ RunTime:0.000000s ]
INFO: [ app_init ] --END-- [ RunTime:0.001000s ]
INFO: [ app_begin ] --START--
INFO: Run Behavior\ReadHtmlCacheBehavior [ RunTime:0.001000s ]
INFO: [ app_begin ] --END-- [ RunTime:0.001000s ]
NOTIC: [8] Undefined index: submit D:\phpStudy\WWW\MhyShopAdmin\shopApp\Admin\Controller\AreaController.class.php 第 11 行.
SQL: SHOW COLUMNS FROM `mhy_area` [ RunTime:0.0380s ]
SQL: SELECT * FROM `mhy_area` ORDER BY area_id desc  [ RunTime:0.0000s ]
NOTIC: [8] Undefined variable: parentid D:\phpStudy\WWW\MhyShopAdmin\ThinkPHP3.2\Library\Think\Tree.class.php 第 48 行.
NOTIC: [8] Undefined variable: parentid D:\phpStudy\WWW\MhyShopAdmin\ThinkPHP3.2\Library\Think\Tree.class.php 第 48 行.
NOTIC: [8] Undefined variable: parentid D:\phpStudy\WWW\MhyShopAdmin\ThinkPHP3.2\Library\Think\Tree.class.php 第 48 行.
NOTIC: [8] Undefined variable: parentid D:\phpStudy\WWW\MhyShopAdmin\ThinkPHP3.2\Library\Think\Tree.class.php 第 48 行.
NOTIC: [8] Undefined variable: parentid D:\phpStudy\WWW\MhyShopAdmin\ThinkPHP3.2\Library\Think\Tree.class.php 第 48 行.
NOTIC: [8] Undefined variable: parentid D:\phpStudy\WWW\MhyShopAdmin\ThinkPHP3.2\Library\Think\Tree.class.php 第 48 行.
NOTIC: [8] Undefined variable: parentid D:\phpStudy\WWW\MhyShopAdmin\ThinkPHP3.2\Library\Think\Tree.class.php 第 48 行.
NOTIC: [8] Undefined variable: parentid D:\phpStudy\WWW\MhyShopAdmin\ThinkPHP3.2\Library\Think\Tree.class.php 第 48 行.
INFO: [ view_parse ] --START--
INFO: [ template_filter ] --START--
INFO: Run Behavior\ContentReplaceBehavior [ RunTime:0.000000s ]
INFO: [ template_filter ] --END-- [ RunTime:0.000000s ]
INFO: Run Behavior\ParseTemplateBehavior [ RunTime:0.017001s ]
INFO: [ view_parse ] --END-- [ RunTime:0.017001s ]
INFO: [ view_filter ] --START--
INFO: Run Behavior\WriteHtmlCacheBehavior [ RunTime:0.000000s ]
INFO: Run Behavior\TokenBuildBehavior [ RunTime:0.000000s ]
INFO: [ view_filter ] --END-- [ RunTime:0.000000s ]
INFO: [ app_end ] --START--
INFO: Run Behavior\ShowPageTraceBehavior [ RunTime:0.000000s ]
INFO: [ app_end ] --END-- [ RunTime:0.000000s ]

[ 2017-07-28T09:27:46+08:00 ] ::1 /MhyShopAdmin/admin.php/MemberAddress/index.html
INFO: [ app_init ] --START--
INFO: Run Behavior\BuildLiteBehavior [ RunTime:0.000000s ]
INFO: [ app_init ] --END-- [ RunTime:0.001000s ]
INFO: [ app_begin ] --START--
INFO: Run Behavior\ReadHtmlCacheBehavior [ RunTime:0.000000s ]
INFO: [ app_begin ] --END-- [ RunTime:0.001000s ]
NOTIC: [8] Undefined index: startTime D:\phpStudy\WWW\MhyShopAdmin\shopApp\Admin\Controller\MemberAddressController.class.php 第 12 行.
NOTIC: [8] Undefined index: endTime D:\phpStudy\WWW\MhyShopAdmin\shopApp\Admin\Controller\MemberAddressController.class.php 第 13 行.
NOTIC: [8] Undefined index: order_status D:\phpStudy\WWW\MhyShopAdmin\shopApp\Admin\Controller\MemberAddressController.class.php 第 27 行.
NOTIC: [8] Undefined index: content D:\phpStudy\WWW\MhyShopAdmin\shopApp\Admin\Controller\MemberAddressController.class.php 第 31 行.
NOTIC: [8] Undefined index: submit D:\phpStudy\WWW\MhyShopAdmin\shopApp\Admin\Controller\MemberAddressController.class.php 第 41 行.
NOTIC: [8] Undefined index: limit D:\phpStudy\WWW\MhyShopAdmin\shopApp\Admin\Controller\MemberAddressController.class.php 第 45 行.
SQL: SHOW COLUMNS FROM `mhy_member_address` [ RunTime:0.0360s ]
SQL: SELECT COUNT(*) AS tp_count FROM `mhy_member_address` LIMIT 1   [ RunTime:0.0010s ]
SQL: SELECT * FROM `mhy_member_address` ORDER BY maddress_id desc LIMIT 0,20   [ RunTime:0.0000s ]
SQL: SHOW COLUMNS FROM `mhy_member` [ RunTime:0.0030s ]
SQL: SELECT * FROM `mhy_member` WHERE `member_id` = 88 LIMIT 1   [ RunTime:0.0010s ]
SQL: SHOW COLUMNS FROM `mhy_area` [ RunTime:0.0030s ]
SQL: SELECT * FROM `mhy_area` WHERE `area_id` = 75 LIMIT 1   [ RunTime:0.0000s ]
SQL: SELECT * FROM `mhy_area` WHERE `area_id` = 76 LIMIT 1   [ RunTime:0.0010s ]
SQL: SELECT * FROM `mhy_area` WHERE `area_id` = 79 LIMIT 1   [ RunTime:0.0000s ]
SQL: SELECT * FROM `mhy_area` WHERE `area_id` = 23 LIMIT 1   [ RunTime:0.0000s ]
SQL: SELECT * FROM `mhy_member` WHERE `member_id` = 98 LIMIT 1   [ RunTime:0.0000s ]
SQL: SELECT * FROM `mhy_area` WHERE `area_id` = 75 LIMIT 1   [ RunTime:0.0010s ]
SQL: SELECT * FROM `mhy_area` WHERE `area_id` = 76 LIMIT 1   [ RunTime:0.0000s ]
SQL: SELECT * FROM `mhy_area` WHERE `area_id` = 79 LIMIT 1   [ RunTime:0.0000s ]
SQL: SELECT * FROM `mhy_area` WHERE `area_id` = 23 LIMIT 1   [ RunTime:0.0000s ]
SQL: SELECT * FROM `mhy_member` WHERE `member_id` = 94 LIMIT 1   [ RunTime:0.0010s ]
SQL: SELECT * FROM `mhy_area` WHERE `area_id` = 75 LIMIT 1   [ RunTime:0.0000s ]
SQL: SELECT * FROM `mhy_area` WHERE `area_id` = 76 LIMIT 1   [ RunTime:0.0000s ]
SQL: SELECT * FROM `mhy_area` WHERE `area_id` = 79 LIMIT 1   [ RunTime:0.0010s ]
SQL: SELECT * FROM `mhy_area` WHERE `area_id` = 23 LIMIT 1   [ RunTime:0.0000s ]
SQL: SELECT * FROM `mhy_member` WHERE `member_id` = 84 LIMIT 1   [ RunTime:0.0000s ]
SQL: SELECT * FROM `mhy_area` WHERE `area_id` = 75 LIMIT 1   [ RunTime:0.0000s ]
SQL: SELECT * FROM `mhy_area` WHERE `area_id` = 76 LIMIT 1   [ RunTime:0.0010s ]
SQL: SELECT * FROM `mhy_area` WHERE `area_id` = 79 LIMIT 1   [ RunTime:0.0000s ]
SQL: SELECT * FROM `mhy_area` WHERE `area_id` = 23 LIMIT 1   [ RunTime:0.0000s ]
SQL: SELECT * FROM `mhy_member` WHERE `member_id` = 76 LIMIT 1   [ RunTime:0.0000s ]
SQL: SELECT * FROM `mhy_area` WHERE `area_id` = 75 LIMIT 1   [ RunTime:0.0000s ]
SQL: SELECT * FROM `mhy_area` WHERE `area_id` = 76 LIMIT 1   [ RunTime:0.0000s ]
SQL: SELECT * FROM `mhy_area` WHERE `area_id` = 79 LIMIT 1   [ RunTime:0.0000s ]
SQL: SELECT * FROM `mhy_area` WHERE `area_id` = 23 LIMIT 1   [ RunTime:0.0000s ]
SQL: SELECT * FROM `mhy_member` WHERE `member_id` = 71 LIMIT 1   [ RunTime:0.0000s ]
SQL: SELECT * FROM `mhy_area` WHERE `area_id` = 75 LIMIT 1   [ RunTime:0.0010s ]
SQL: SELECT * FROM `mhy_area` WHERE `area_id` = 76 LIMIT 1   [ RunTime:0.0000s ]
SQL: SELECT * FROM `mhy_area` WHERE `area_id` = 79 LIMIT 1   [ RunTime:0.0000s ]
SQL: SELECT * FROM `mhy_area` WHERE `area_id` = 23 LIMIT 1   [ RunTime:0.0000s ]
SQL: SELECT * FROM `mhy_member` WHERE `member_id` = 67 LIMIT 1   [ RunTime:0.0010s ]
SQL: SELECT * FROM `mhy_area` WHERE `area_id` = 75 LIMIT 1   [ RunTime:0.0000s ]
SQL: SELECT * FROM `mhy_area` WHERE `area_id` = 76 LIMIT 1   [ RunTime:0.0000s ]
SQL: SELECT * FROM `mhy_area` WHERE `area_id` = 79 LIMIT 1   [ RunTime:0.0000s ]
SQL: SELECT * FROM `mhy_area` WHERE `area_id` = 23 LIMIT 1   [ RunTime:0.0000s ]
SQL: SELECT * FROM `mhy_member` WHERE `member_id` = 67 LIMIT 1   [ RunTime:0.0000s ]
SQL: SELECT * FROM `mhy_area` WHERE `area_id` = 75 LIMIT 1   [ RunTime:0.0000s ]
SQL: SELECT * FROM `mhy_area` WHERE `area_id` = 76 LIMIT 1   [ RunTime:0.0000s ]
SQL: SELECT * FROM `mhy_area` WHERE `area_id` = 79 LIMIT 1   [ RunTime:0.0000s ]
SQL: SELECT * FROM `mhy_area` WHERE `area_id` = 22 LIMIT 1   [ RunTime:0.0000s ]
SQL: SELECT * FROM `mhy_member` WHERE `member_id` = 66 LIMIT 1   [ RunTime:0.0000s ]
SQL: SELECT * FROM `mhy_area` WHERE `area_id` = 75 LIMIT 1   [ RunTime:0.0010s ]
SQL: SELECT * FROM `mhy_area` WHERE `area_id` = 76 LIMIT 1   [ RunTime:0.0000s ]
SQL: SELECT * FROM `mhy_area` WHERE `area_id` = 79 LIMIT 1   [ RunTime:0.0000s ]
SQL: SELECT * FROM `mhy_area` WHERE `area_id` = 23 LIMIT 1   [ RunTime:0.0010s ]
SQL: SELECT * FROM `mhy_member` WHERE `member_id` = 58 LIMIT 1   [ RunTime:0.0000s ]
SQL: SELECT * FROM `mhy_area` WHERE `area_id` = 75 LIMIT 1   [ RunTime:0.0000s ]
SQL: SELECT * FROM `mhy_area` WHERE `area_id` = 76 LIMIT 1   [ RunTime:0.0010s ]
SQL: SELECT * FROM `mhy_area` WHERE `area_id` = 79 LIMIT 1   [ RunTime:0.0000s ]
SQL: SELECT * FROM `mhy_area` WHERE `area_id` = 23 LIMIT 1   [ RunTime:0.0000s ]
SQL: SELECT * FROM `mhy_member` WHERE `member_id` = 57 LIMIT 1   [ RunTime:0.0000s ]
SQL: SELECT * FROM `mhy_area` WHERE `area_id` = 75 LIMIT 1   [ RunTime:0.0000s ]
SQL: SELECT * FROM `mhy_area` WHERE `area_id` = 76 LIMIT 1   [ RunTime:0.0000s ]
SQL: SELECT * FROM `mhy_area` WHERE `area_id` = 79 LIMIT 1   [ RunTime:0.0000s ]
SQL: SELECT * FROM `mhy_area` WHERE `area_id` = 23 LIMIT 1   [ RunTime:0.0000s ]
SQL: SELECT * FROM `mhy_member` WHERE `member_id` = 54 LIMIT 1   [ RunTime:0.0010s ]
SQL: SELECT * FROM `mhy_area` WHERE `area_id` = 75 LIMIT 1   [ RunTime:0.0000s ]
SQL: SELECT * FROM `mhy_area` WHERE `area_id` = 76 LIMIT 1   [ RunTime:0.0000s ]
SQL: SELECT * FROM `mhy_area` WHERE `area_id` = 79 LIMIT 1   [ RunTime:0.0000s ]
SQL: SELECT * FROM `mhy_area` WHERE `area_id` = 23 LIMIT 1   [ RunTime:0.0000s ]
SQL: SELECT * FROM `mhy_member` WHERE `member_id` = 56 LIMIT 1   [ RunTime:0.0000s ]
SQL: SELECT * FROM `mhy_area` WHERE `area_id` = 75 LIMIT 1   [ RunTime:0.0000s ]
SQL: SELECT * FROM `mhy_area` WHERE `area_id` = 76 LIMIT 1   [ RunTime:0.0000s ]
SQL: SELECT * FROM `mhy_area` WHERE `area_id` = 79 LIMIT 1   [ RunTime:0.0000s ]
SQL: SELECT * FROM `mhy_area` WHERE `area_id` = 23 LIMIT 1   [ RunTime:0.0010s ]
SQL: SELECT * FROM `mhy_member` WHERE `member_id` = 53 LIMIT 1   [ RunTime:0.0000s ]
SQL: SELECT * FROM `mhy_area` WHERE `area_id` = 75 LIMIT 1   [ RunTime:0.0000s ]
SQL: SELECT * FROM `mhy_area` WHERE `area_id` = 76 LIMIT 1   [ RunTime:0.0000s ]
SQL: SELECT * FROM `mhy_area` WHERE `area_id` = 79 LIMIT 1   [ RunTime:0.0010s ]
SQL: SELECT * FROM `mhy_area` WHERE `area_id` = 23 LIMIT 1   [ RunTime:0.0000s ]
SQL: SELECT * FROM `mhy_member` WHERE `member_id` = 46 LIMIT 1   [ RunTime:0.0000s ]
SQL: SELECT * FROM `mhy_area` WHERE `area_id` = 75 LIMIT 1   [ RunTime:0.0000s ]
SQL: SELECT * FROM `mhy_area` WHERE `area_id` = 76 LIMIT 1   [ RunTime:0.0000s ]
SQL: SELECT * FROM `mhy_area` WHERE `area_id` = 79 LIMIT 1   [ RunTime:0.0000s ]
SQL: SELECT * FROM `mhy_area` WHERE `area_id` = 22 LIMIT 1   [ RunTime:0.0000s ]
SQL: SELECT * FROM `mhy_member` WHERE `member_id` = 46 LIMIT 1   [ RunTime:0.0000s ]
SQL: SELECT * FROM `mhy_area` WHERE `area_id` = 75 LIMIT 1   [ RunTime:0.0010s ]
SQL: SELECT * FROM `mhy_area` WHERE `area_id` = 76 LIMIT 1   [ RunTime:0.0000s ]
SQL: SELECT * FROM `mhy_area` WHERE `area_id` = 79 LIMIT 1   [ RunTime:0.0000s ]
SQL: SELECT * FROM `mhy_area` WHERE `area_id` = 22 LIMIT 1   [ RunTime:0.0000s ]
SQL: SELECT * FROM `mhy_member` WHERE `member_id` = 47 LIMIT 1   [ RunTime:0.0000s ]
SQL: SELECT * FROM `mhy_area` WHERE `area_id` = 75 LIMIT 1   [ RunTime:0.0000s ]
SQL: SELECT * FROM `mhy_area` WHERE `area_id` = 76 LIMIT 1   [ RunTime:0.0000s ]
SQL: SELECT * FROM `mhy_area` WHERE `area_id` = 79 LIMIT 1   [ RunTime:0.0000s ]
SQL: SELECT * FROM `mhy_area` WHERE `area_id` = 23 LIMIT 1   [ RunTime:0.0010s ]
SQL: SELECT * FROM `mhy_member` WHERE `member_id` = 41 LIMIT 1   [ RunTime:0.0000s ]
SQL: SELECT * FROM `mhy_area` WHERE `area_id` = 75 LIMIT 1   [ RunTime:0.0000s ]
SQL: SELECT * FROM `mhy_area` WHERE `area_id` = 76 LIMIT 1   [ RunTime:0.0000s ]
SQL: SELECT * FROM `mhy_area` WHERE `area_id` = 79 LIMIT 1   [ RunTime:0.0000s ]
SQL: SELECT * FROM `mhy_area` WHERE `area_id` = 22 LIMIT 1   [ RunTime:0.0000s ]
SQL: SELECT * FROM `mhy_member` WHERE `member_id` = 43 LIMIT 1   [ RunTime:0.0010s ]
SQL: SELECT * FROM `mhy_area` WHERE `area_id` = 75 LIMIT 1   [ RunTime:0.0000s ]
SQL: SELECT * FROM `mhy_area` WHERE `area_id` = 76 LIMIT 1   [ RunTime:0.0010s ]
SQL: SELECT * FROM `mhy_area` WHERE `area_id` = 79 LIMIT 1   [ RunTime:0.0000s ]
SQL: SELECT * FROM `mhy_area` WHERE `area_id` = 23 LIMIT 1   [ RunTime:0.0000s ]
SQL: SELECT * FROM `mhy_member` WHERE `member_id` = 33 LIMIT 1   [ RunTime:0.0000s ]
SQL: SELECT * FROM `mhy_area` WHERE `area_id` = 75 LIMIT 1   [ RunTime:0.0010s ]
SQL: SELECT * FROM `mhy_area` WHERE `area_id` = 76 LIMIT 1   [ RunTime:0.0000s ]
SQL: SELECT * FROM `mhy_area` WHERE `area_id` = 79 LIMIT 1   [ RunTime:0.0000s ]
SQL: SELECT * FROM `mhy_area` WHERE `area_id` = 23 LIMIT 1   [ RunTime:0.0000s ]
INFO: [ view_parse ] --START--
INFO: [ template_filter ] --START--
INFO: Run Behavior\ContentReplaceBehavior [ RunTime:0.000000s ]
INFO: [ template_filter ] --END-- [ RunTime:0.000000s ]
NOTIC: [8] Undefined index: startTime D:\phpStudy\WWW\MhyShopAdmin\Runtime\Cache\Admin\2d3c1fd4eaa9718cac7fbd9ff969b539.php 第 144 行.
NOTIC: [8] Undefined index: endTime D:\phpStudy\WWW\MhyShopAdmin\Runtime\Cache\Admin\2d3c1fd4eaa9718cac7fbd9ff969b539.php 第 148 行.
NOTIC: [8] Undefined index: limit D:\phpStudy\WWW\MhyShopAdmin\Runtime\Cache\Admin\2d3c1fd4eaa9718cac7fbd9ff969b539.php 第 153 行.
NOTIC: [8] Undefined index: limit D:\phpStudy\WWW\MhyShopAdmin\Runtime\Cache\Admin\2d3c1fd4eaa9718cac7fbd9ff969b539.php 第 154 行.
NOTIC: [8] Undefined index: limit D:\phpStudy\WWW\MhyShopAdmin\Runtime\Cache\Admin\2d3c1fd4eaa9718cac7fbd9ff969b539.php 第 155 行.
NOTIC: [8] Undefined index: key D:\phpStudy\WWW\MhyShopAdmin\Runtime\Cache\Admin\2d3c1fd4eaa9718cac7fbd9ff969b539.php 第 162 行.
NOTIC: [8] Undefined index: key D:\phpStudy\WWW\MhyShopAdmin\Runtime\Cache\Admin\2d3c1fd4eaa9718cac7fbd9ff969b539.php 第 163 行.
NOTIC: [8] Undefined index: content D:\phpStudy\WWW\MhyShopAdmin\Runtime\Cache\Admin\2d3c1fd4eaa9718cac7fbd9ff969b539.php 第 169 行.
NOTIC: [8] Undefined index: member_id D:\phpStudy\WWW\MhyShopAdmin\Runtime\Cache\Admin\2d3c1fd4eaa9718cac7fbd9ff969b539.php 第 200 行.
NOTIC: [8] Undefined index: maddress_edit_time_name D:\phpStudy\WWW\MhyShopAdmin\Runtime\Cache\Admin\2d3c1fd4eaa9718cac7fbd9ff969b539.php 第 209 行.
NOTIC: [8] Undefined index: member_id D:\phpStudy\WWW\MhyShopAdmin\Runtime\Cache\Admin\2d3c1fd4eaa9718cac7fbd9ff969b539.php 第 211 行.
NOTIC: [8] Undefined index: member_id D:\phpStudy\WWW\MhyShopAdmin\Runtime\Cache\Admin\2d3c1fd4eaa9718cac7fbd9ff969b539.php 第 212 行.
NOTIC: [8] Undefined index: member_id D:\phpStudy\WWW\MhyShopAdmin\Runtime\Cache\Admin\2d3c1fd4eaa9718cac7fbd9ff969b539.php 第 212 行.
NOTIC: [8] Undefined index: member_id D:\phpStudy\WWW\MhyShopAdmin\Runtime\Cache\Admin\2d3c1fd4eaa9718cac7fbd9ff969b539.php 第 200 行.
NOTIC: [8] Undefined index: maddress_edit_time_name D:\phpStudy\WWW\MhyShopAdmin\Runtime\Cache\Admin\2d3c1fd4eaa9718cac7fbd9ff969b539.php 第 209 行.
NOTIC: [8] Undefined index: member_id D:\phpStudy\WWW\MhyShopAdmin\Runtime\Cache\Admin\2d3c1fd4eaa9718cac7fbd9ff969b539.php 第 211 行.
NOTIC: [8] Undefined index: member_id D:\phpStudy\WWW\MhyShopAdmin\Runtime\Cache\Admin\2d3c1fd4eaa9718cac7fbd9ff969b539.php 第 212 行.
NOTIC: [8] Undefined index: member_id D:\phpStudy\WWW\MhyShopAdmin\Runtime\Cache\Admin\2d3c1fd4eaa9718cac7fbd9ff969b539.php 第 212 行.
NOTIC: [8] Undefined index: member_id D:\phpStudy\WWW\MhyShopAdmin\Runtime\Cache\Admin\2d3c1fd4eaa9718cac7fbd9ff969b539.php 第 200 行.
NOTIC: [8] Undefined index: maddress_edit_time_name D:\phpStudy\WWW\MhyShopAdmin\Runtime\Cache\Admin\2d3c1fd4eaa9718cac7fbd9ff969b539.php 第 209 行.
NOTIC: [8] Undefined index: member_id D:\phpStudy\WWW\MhyShopAdmin\Runtime\Cache\Admin\2d3c1fd4eaa9718cac7fbd9ff969b539.php 第 211 行.
NOTIC: [8] Undefined index: member_id D:\phpStudy\WWW\MhyShopAdmin\Runtime\Cache\Admin\2d3c1fd4eaa9718cac7fbd9ff969b539.php 第 212 行.
NOTIC: [8] Undefined index: member_id D:\phpStudy\WWW\MhyShopAdmin\Runtime\Cache\Admin\2d3c1fd4eaa9718cac7fbd9ff969b539.php 第 212 行.
NOTIC: [8] Undefined index: member_id D:\phpStudy\WWW\MhyShopAdmin\Runtime\Cache\Admin\2d3c1fd4eaa9718cac7fbd9ff969b539.php 第 200 行.
NOTIC: [8] Undefined index: maddress_edit_time_name D:\phpStudy\WWW\MhyShopAdmin\Runtime\Cache\Admin\2d3c1fd4eaa9718cac7fbd9ff969b539.php 第 209 行.
NOTIC: [8] Undefined index: member_id D:\phpStudy\WWW\MhyShopAdmin\Runtime\Cache\Admin\2d3c1fd4eaa9718cac7fbd9ff969b539.php 第 211 行.
NOTIC: [8] Undefined index: member_id D:\phpStudy\WWW\MhyShopAdmin\Runtime\Cache\Admin\2d3c1fd4eaa9718cac7fbd9ff969b539.php 第 212 行.
NOTIC: [8] Undefined index: member_id D:\phpStudy\WWW\MhyShopAdmin\Runtime\Cache\Admin\2d3c1fd4eaa9718cac7fbd9ff969b539.php 第 212 行.
NOTIC: [8] Undefined index: member_id D:\phpStudy\WWW\MhyShopAdmin\Runtime\Cache\Admin\2d3c1fd4eaa9718cac7fbd9ff969b539.php 第 200 行.
NOTIC: [8] Undefined index: maddress_edit_time_name D:\phpStudy\WWW\MhyShopAdmin\Runtime\Cache\Admin\2d3c1fd4eaa9718cac7fbd9ff969b539.php 第 209 行.
NOTIC: [8] Undefined index: member_id D:\phpStudy\WWW\MhyShopAdmin\Runtime\Cache\Admin\2d3c1fd4eaa9718cac7fbd9ff969b539.php 第 211 行.
NOTIC: [8] Undefined index: member_id D:\phpStudy\WWW\MhyShopAdmin\Runtime\Cache\Admin\2d3c1fd4eaa9718cac7fbd9ff969b539.php 第 212 行.
NOTIC: [8] Undefined index: member_id D:\phpStudy\WWW\MhyShopAdmin\Runtime\Cache\Admin\2d3c1fd4eaa9718cac7fbd9ff969b539.php 第 212 行.
NOTIC: [8] Undefined index: member_id D:\phpStudy\WWW\MhyShopAdmin\Runtime\Cache\Admin\2d3c1fd4eaa9718cac7fbd9ff969b539.php 第 200 行.
NOTIC: [8] Undefined index: maddress_edit_time_name D:\phpStudy\WWW\MhyShopAdmin\Runtime\Cache\Admin\2d3c1fd4eaa9718cac7fbd9ff969b539.php 第 209 行.
NOTIC: [8] Undefined index: member_id D:\phpStudy\WWW\MhyShopAdmin\Runtime\Cache\Admin\2d3c1fd4eaa9718cac7fbd9ff969b539.php 第 211 行.
NOTIC: [8] Undefined index: member_id D:\phpStudy\WWW\MhyShopAdmin\Runtime\Cache\Admin\2d3c1fd4eaa9718cac7fbd9ff969b539.php 第 212 行.
NOTIC: [8] Undefined index: member_id D:\phpStudy\WWW\MhyShopAdmin\Runtime\Cache\Admin\2d3c1fd4eaa9718cac7fbd9ff969b539.php 第 212 行.
NOTIC: [8] Undefined index: member_id D:\phpStudy\WWW\MhyShopAdmin\Runtime\Cache\Admin\2d3c1fd4eaa9718cac7fbd9ff969b539.php 第 200 行.
NOTIC: [8] Undefined index: maddress_edit_time_name D:\phpStudy\WWW\MhyShopAdmin\Runtime\Cache\Admin\2d3c1fd4eaa9718cac7fbd9ff969b539.php 第 209 行.
NOTIC: [8] Undefined index: member_id D:\phpStudy\WWW\MhyShopAdmin\Runtime\Cache\Admin\2d3c1fd4eaa9718cac7fbd9ff969b539.php 第 211 行.
NOTIC: [8] Undefined index: member_id D:\phpStudy\WWW\MhyShopAdmin\Runtime\Cache\Admin\2d3c1fd4eaa9718cac7fbd9ff969b539.php 第 212 行.
NOTIC: [8] Undefined index: member_id D:\phpStudy\WWW\MhyShopAdmin\Runtime\Cache\Admin\2d3c1fd4eaa9718cac7fbd9ff969b539.php 第 212 行.
NOTIC: [8] Undefined index: member_id D:\phpStudy\WWW\MhyShopAdmin\Runtime\Cache\Admin\2d3c1fd4eaa9718cac7fbd9ff969b539.php 第 200 行.
NOTIC: [8] Undefined index: member_id D:\phpStudy\WWW\MhyShopAdmin\Runtime\Cache\Admin\2d3c1fd4eaa9718cac7fbd9ff969b539.php 第 211 行.
NOTIC: [8] Undefined index: member_id D:\phpStudy\WWW\MhyShopAdmin\Runtime\Cache\Admin\2d3c1fd4eaa9718cac7fbd9ff969b539.php 第 212 行.
NOTIC: [8] Undefined index: member_id D:\phpStudy\WWW\MhyShopAdmin\Runtime\Cache\Admin\2d3c1fd4eaa9718cac7fbd9ff969b539.php 第 212 行.
NOTIC: [8] Undefined index: member_id D:\phpStudy\WWW\MhyShopAdmin\Runtime\Cache\Admin\2d3c1fd4eaa9718cac7fbd9ff969b539.php 第 200 行.
NOTIC: [8] Undefined index: maddress_edit_time_name D:\phpStudy\WWW\MhyShopAdmin\Runtime\Cache\Admin\2d3c1fd4eaa9718cac7fbd9ff969b539.php 第 209 行.
NOTIC: [8] Undefined index: member_id D:\phpStudy\WWW\MhyShopAdmin\Runtime\Cache\Admin\2d3c1fd4eaa9718cac7fbd9ff969b539.php 第 211 行.
NOTIC: [8] Undefined index: member_id D:\phpStudy\WWW\MhyShopAdmin\Runtime\Cache\Admin\2d3c1fd4eaa9718cac7fbd9ff969b539.php 第 212 行.
NOTIC: [8] Undefined index: member_id D:\phpStudy\WWW\MhyShopAdmin\Runtime\Cache\Admin\2d3c1fd4eaa9718cac7fbd9ff969b539.php 第 212 行.
NOTIC: [8] Undefined index: member_id D:\phpStudy\WWW\MhyShopAdmin\Runtime\Cache\Admin\2d3c1fd4eaa9718cac7fbd9ff969b539.php 第 200 行.
NOTIC: [8] Undefined index: maddress_edit_time_name D:\phpStudy\WWW\MhyShopAdmin\Runtime\Cache\Admin\2d3c1fd4eaa9718cac7fbd9ff969b539.php 第 209 行.
NOTIC: [8] Undefined index: member_id D:\phpStudy\WWW\MhyShopAdmin\Runtime\Cache\Admin\2d3c1fd4eaa9718cac7fbd9ff969b539.php 第 211 行.
NOTIC: [8] Undefined index: member_id D:\phpStudy\WWW\MhyShopAdmin\Runtime\Cache\Admin\2d3c1fd4eaa9718cac7fbd9ff969b539.php 第 212 行.
NOTIC: [8] Undefined index: member_id D:\phpStudy\WWW\MhyShopAdmin\Runtime\Cache\Admin\2d3c1fd4eaa9718cac7fbd9ff969b539.php 第 212 行.
NOTIC: [8] Undefined index: member_id D:\phpStudy\WWW\MhyShopAdmin\Runtime\Cache\Admin\2d3c1fd4eaa9718cac7fbd9ff969b539.php 第 200 行.
NOTIC: [8] Undefined index: maddress_edit_time_name D:\phpStudy\WWW\MhyShopAdmin\Runtime\Cache\Admin\2d3c1fd4eaa9718cac7fbd9ff969b539.php 第 209 行.
NOTIC: [8] Undefined index: member_id D:\phpStudy\WWW\MhyShopAdmin\Runtime\Cache\Admin\2d3c1fd4eaa9718cac7fbd9ff969b539.php 第 211 行.
NOTIC: [8] Undefined index: member_id D:\phpStudy\WWW\MhyShopAdmin\Runtime\Cache\Admin\2d3c1fd4eaa9718cac7fbd9ff969b539.php 第 212 行.
NOTIC: [8] Undefined index: member_id D:\phpStudy\WWW\MhyShopAdmin\Runtime\Cache\Admin\2d3c1fd4eaa9718cac7fbd9ff969b539.php 第 212 行.
NOTIC: [8] Undefined index: member_id D:\phpStudy\WWW\MhyShopAdmin\Runtime\Cache\Admin\2d3c1fd4eaa9718cac7fbd9ff969b539.php 第 200 行.
NOTIC: [8] Undefined index: maddress_edit_time_name D:\phpStudy\WWW\MhyShopAdmin\Runtime\Cache\Admin\2d3c1fd4eaa9718cac7fbd9ff969b539.php 第 209 行.
NOTIC: [8] Undefined index: member_id D:\phpStudy\WWW\MhyShopAdmin\Runtime\Cache\Admin\2d3c1fd4eaa9718cac7fbd9ff969b539.php 第 211 行.
NOTIC: [8] Undefined index: member_id D:\phpStudy\WWW\MhyShopAdmin\Runtime\Cache\Admin\2d3c1fd4eaa9718cac7fbd9ff969b539.php 第 212 行.
NOTIC: [8] Undefined index: member_id D:\phpStudy\WWW\MhyShopAdmin\Runtime\Cache\Admin\2d3c1fd4eaa9718cac7fbd9ff969b539.php 第 212 行.
NOTIC: [8] Undefined index: member_id D:\phpStudy\WWW\MhyShopAdmin\Runtime\Cache\Admin\2d3c1fd4eaa9718cac7fbd9ff969b539.php 第 200 行.
NOTIC: [8] Undefined index: maddress_edit_time_name D:\phpStudy\WWW\MhyShopAdmin\Runtime\Cache\Admin\2d3c1fd4eaa9718cac7fbd9ff969b539.php 第 209 行.
NOTIC: [8] Undefined index: member_id D:\phpStudy\WWW\MhyShopAdmin\Runtime\Cache\Admin\2d3c1fd4eaa9718cac7fbd9ff969b539.php 第 211 行.
NOTIC: [8] Undefined index: member_id D:\phpStudy\WWW\MhyShopAdmin\Runtime\Cache\Admin\2d3c1fd4eaa9718cac7fbd9ff969b539.php 第 212 行.
NOTIC: [8] Undefined index: member_id D:\phpStudy\WWW\MhyShopAdmin\Runtime\Cache\Admin\2d3c1fd4eaa9718cac7fbd9ff969b539.php 第 212 行.
NOTIC: [8] Undefined index: member_id D:\phpStudy\WWW\MhyShopAdmin\Runtime\Cache\Admin\2d3c1fd4eaa9718cac7fbd9ff969b539.php 第 200 行.
NOTIC: [8] Undefined index: maddress_edit_time_name D:\phpStudy\WWW\MhyShopAdmin\Runtime\Cache\Admin\2d3c1fd4eaa9718cac7fbd9ff969b539.php 第 209 行.
NOTIC: [8] Undefined index: member_id D:\phpStudy\WWW\MhyShopAdmin\Runtime\Cache\Admin\2d3c1fd4eaa9718cac7fbd9ff969b539.php 第 211 行.
NOTIC: [8] Undefined index: member_id D:\phpStudy\WWW\MhyShopAdmin\Runtime\Cache\Admin\2d3c1fd4eaa9718cac7fbd9ff969b539.php 第 212 行.
NOTIC: [8] Undefined index: member_id D:\phpStudy\WWW\MhyShopAdmin\Runtime\Cache\Admin\2d3c1fd4eaa9718cac7fbd9ff969b539.php 第 212 行.
NOTIC: [8] Undefined index: member_id D:\phpStudy\WWW\MhyShopAdmin\Runtime\Cache\Admin\2d3c1fd4eaa9718cac7fbd9ff969b539.php 第 200 行.
NOTIC: [8] Undefined index: maddress_edit_time_name D:\phpStudy\WWW\MhyShopAdmin\Runtime\Cache\Admin\2d3c1fd4eaa9718cac7fbd9ff969b539.php 第 209 行.
NOTIC: [8] Undefined index: member_id D:\phpStudy\WWW\MhyShopAdmin\Runtime\Cache\Admin\2d3c1fd4eaa9718cac7fbd9ff969b539.php 第 211 行.
NOTIC: [8] Undefined index: member_id D:\phpStudy\WWW\MhyShopAdmin\Runtime\Cache\Admin\2d3c1fd4eaa9718cac7fbd9ff969b539.php 第 212 行.
NOTIC: [8] Undefined index: member_id D:\phpStudy\WWW\MhyShopAdmin\Runtime\Cache\Admin\2d3c1fd4eaa9718cac7fbd9ff969b539.php 第 212 行.
NOTIC: [8] Undefined index: member_id D:\phpStudy\WWW\MhyShopAdmin\Runtime\Cache\Admin\2d3c1fd4eaa9718cac7fbd9ff969b539.php 第 200 行.
NOTIC: [8] Undefined index: maddress_edit_time_name D:\phpStudy\WWW\MhyShopAdmin\Runtime\Cache\Admin\2d3c1fd4eaa9718cac7fbd9ff969b539.php 第 209 行.
NOTIC: [8] Undefined index: member_id D:\phpStudy\WWW\MhyShopAdmin\Runtime\Cache\Admin\2d3c1fd4eaa9718cac7fbd9ff969b539.php 第 211 行.
NOTIC: [8] Undefined index: member_id D:\phpStudy\WWW\MhyShopAdmin\Runtime\Cache\Admin\2d3c1fd4eaa9718cac7fbd9ff969b539.php 第 212 行.
NOTIC: [8] Undefined index: member_id D:\phpStudy\WWW\MhyShopAdmin\Runtime\Cache\Admin\2d3c1fd4eaa9718cac7fbd9ff969b539.php 第 212 行.
NOTIC: [8] Undefined index: member_id D:\phpStudy\WWW\MhyShopAdmin\Runtime\Cache\Admin\2d3c1fd4eaa9718cac7fbd9ff969b539.php 第 200 行.
NOTIC: [8] Undefined index: member_id D:\phpStudy\WWW\MhyShopAdmin\Runtime\Cache\Admin\2d3c1fd4eaa9718cac7fbd9ff969b539.php 第 211 行.
NOTIC: [8] Undefined index: member_id D:\phpStudy\WWW\MhyShopAdmin\Runtime\Cache\Admin\2d3c1fd4eaa9718cac7fbd9ff969b539.php 第 212 行.
NOTIC: [8] Undefined index: member_id D:\phpStudy\WWW\MhyShopAdmin\Runtime\Cache\Admin\2d3c1fd4eaa9718cac7fbd9ff969b539.php 第 212 行.
NOTIC: [8] Undefined index: member_id D:\phpStudy\WWW\MhyShopAdmin\Runtime\Cache\Admin\2d3c1fd4eaa9718cac7fbd9ff969b539.php 第 200 行.
NOTIC: [8] Undefined index: member_id D:\phpStudy\WWW\MhyShopAdmin\Runtime\Cache\Admin\2d3c1fd4eaa9718cac7fbd9ff969b539.php 第 211 行.
NOTIC: [8] Undefined index: member_id D:\phpStudy\WWW\MhyShopAdmin\Runtime\Cache\Admin\2d3c1fd4eaa9718cac7fbd9ff969b539.php 第 212 行.
NOTIC: [8] Undefined index: member_id D:\phpStudy\WWW\MhyShopAdmin\Runtime\Cache\Admin\2d3c1fd4eaa9718cac7fbd9ff969b539.php 第 212 行.
NOTIC: [8] Undefined index: member_id D:\phpStudy\WWW\MhyShopAdmin\Runtime\Cache\Admin\2d3c1fd4eaa9718cac7fbd9ff969b539.php 第 200 行.
NOTIC: [8] Undefined index: maddress_edit_time_name D:\phpStudy\WWW\MhyShopAdmin\Runtime\Cache\Admin\2d3c1fd4eaa9718cac7fbd9ff969b539.php 第 209 行.
NOTIC: [8] Undefined index: member_id D:\phpStudy\WWW\MhyShopAdmin\Runtime\Cache\Admin\2d3c1fd4eaa9718cac7fbd9ff969b539.php 第 211 行.
NOTIC: [8] Undefined index: member_id D:\phpStudy\WWW\MhyShopAdmin\Runtime\Cache\Admin\2d3c1fd4eaa9718cac7fbd9ff969b539.php 第 212 行.
NOTIC: [8] Undefined index: member_id D:\phpStudy\WWW\MhyShopAdmin\Runtime\Cache\Admin\2d3c1fd4eaa9718cac7fbd9ff969b539.php 第 212 行.
NOTIC: [8] Undefined index: member_id D:\phpStudy\WWW\MhyShopAdmin\Runtime\Cache\Admin\2d3c1fd4eaa9718cac7fbd9ff969b539.php 第 200 行.
NOTIC: [8] Undefined index: maddress_edit_time_name D:\phpStudy\WWW\MhyShopAdmin\Runtime\Cache\Admin\2d3c1fd4eaa9718cac7fbd9ff969b539.php 第 209 行.
NOTIC: [8] Undefined index: member_id D:\phpStudy\WWW\MhyShopAdmin\Runtime\Cache\Admin\2d3c1fd4eaa9718cac7fbd9ff969b539.php 第 211 行.
NOTIC: [8] Undefined index: member_id D:\phpStudy\WWW\MhyShopAdmin\Runtime\Cache\Admin\2d3c1fd4eaa9718cac7fbd9ff969b539.php 第 212 行.
NOTIC: [8] Undefined index: member_id D:\phpStudy\WWW\MhyShopAdmin\Runtime\Cache\Admin\2d3c1fd4eaa9718cac7fbd9ff969b539.php 第 212 行.
INFO: Run Behavior\ParseTemplateBehavior [ RunTime:0.015001s ]
INFO: [ view_parse ] --END-- [ RunTime:0.015001s ]
INFO: [ view_filter ] --START--
INFO: Run Behavior\WriteHtmlCacheBehavior [ RunTime:0.000000s ]
INFO: Run Behavior\TokenBuildBehavior [ RunTime:0.000000s ]
INFO: [ view_filter ] --END-- [ RunTime:0.000000s ]
INFO: [ app_end ] --START--
INFO: Run Behavior\ShowPageTraceBehavior [ RunTime:0.001000s ]
INFO: [ app_end ] --END-- [ RunTime:0.001000s ]

[ 2017-07-28T09:27:52+08:00 ] ::1 /MhyShopAdmin/admin.php/Config/index.html
INFO: [ app_init ] --START--
INFO: Run Behavior\BuildLiteBehavior [ RunTime:0.000000s ]
INFO: [ app_init ] --END-- [ RunTime:0.000000s ]
INFO: [ app_begin ] --START--
INFO: Run Behavior\ReadHtmlCacheBehavior [ RunTime:0.000000s ]
INFO: [ app_begin ] --END-- [ RunTime:0.000000s ]
SQL: SHOW COLUMNS FROM `mhy_config` [ RunTime:0.0420s ]
SQL: SELECT * FROM `mhy_config` ORDER BY config_sort desc  [ RunTime:0.0000s ]
INFO: [ view_parse ] --START--
INFO: [ template_filter ] --START--
INFO: Run Behavior\ContentReplaceBehavior [ RunTime:0.000000s ]
INFO: [ template_filter ] --END-- [ RunTime:0.000000s ]
INFO: Run Behavior\ParseTemplateBehavior [ RunTime:0.013000s ]
INFO: [ view_parse ] --END-- [ RunTime:0.013000s ]
INFO: [ view_filter ] --START--
INFO: Run Behavior\WriteHtmlCacheBehavior [ RunTime:0.001000s ]
INFO: Run Behavior\TokenBuildBehavior [ RunTime:0.000000s ]
INFO: [ view_filter ] --END-- [ RunTime:0.001000s ]
INFO: [ app_end ] --START--
INFO: Run Behavior\ShowPageTraceBehavior [ RunTime:0.000000s ]
INFO: [ app_end ] --END-- [ RunTime:0.000000s ]

[ 2017-07-28T09:27:55+08:00 ] ::1 /MhyShopAdmin/admin.php/chart/index.html
INFO: [ app_init ] --START--
INFO: Run Behavior\BuildLiteBehavior [ RunTime:0.000000s ]
INFO: [ app_init ] --END-- [ RunTime:0.001000s ]
INFO: [ app_begin ] --START--
INFO: Run Behavior\ReadHtmlCacheBehavior [ RunTime:0.001000s ]
INFO: [ app_begin ] --END-- [ RunTime:0.001000s ]
SQL: SHOW COLUMNS FROM `mhy_order` [ RunTime:0.0030s ]
SQL: SELECT COUNT(*) AS tp_count FROM `mhy_order` WHERE ( `order_add_time` >= 1500652800 AND `order_add_time` < 1500739200  ) LIMIT 1   [ RunTime:0.0190s ]
SQL: SELECT COUNT(*) AS tp_count FROM `mhy_order` WHERE ( `order_add_time` >= 1500739200 AND `order_add_time` < 1500825600  ) LIMIT 1   [ RunTime:0.0010s ]
SQL: SELECT COUNT(*) AS tp_count FROM `mhy_order` WHERE ( `order_add_time` >= 1500825600 AND `order_add_time` < 1500912000  ) LIMIT 1   [ RunTime:0.0010s ]
SQL: SELECT COUNT(*) AS tp_count FROM `mhy_order` WHERE ( `order_add_time` >= 1500912000 AND `order_add_time` < 1500998400  ) LIMIT 1   [ RunTime:0.0000s ]
SQL: SELECT COUNT(*) AS tp_count FROM `mhy_order` WHERE ( `order_add_time` >= 1500998400 AND `order_add_time` < 1501084800  ) LIMIT 1   [ RunTime:0.0010s ]
SQL: SELECT COUNT(*) AS tp_count FROM `mhy_order` WHERE ( `order_add_time` >= 1501084800 AND `order_add_time` < 1501171200  ) LIMIT 1   [ RunTime:0.0010s ]
SQL: SELECT COUNT(*) AS tp_count FROM `mhy_order` WHERE ( `order_add_time` >= 1501171200 AND `order_add_time` < 1501257600  ) LIMIT 1   [ RunTime:0.0000s ]
SQL: SHOW COLUMNS FROM `mhy_order_goods` [ RunTime:0.0030s ]
SQL: SELECT COUNT(*) AS tp_count FROM `mhy_order_goods` WHERE ( `ogoods_add_time` >= 1500652800 AND `ogoods_add_time` < 1500739200  ) LIMIT 1   [ RunTime:0.0260s ]
SQL: SELECT COUNT(*) AS tp_count FROM `mhy_order_goods` WHERE ( `ogoods_add_time` >= 1500739200 AND `ogoods_add_time` < 1500825600  ) LIMIT 1   [ RunTime:0.0020s ]
SQL: SELECT COUNT(*) AS tp_count FROM `mhy_order_goods` WHERE ( `ogoods_add_time` >= 1500825600 AND `ogoods_add_time` < 1500912000  ) LIMIT 1   [ RunTime:0.0010s ]
SQL: SELECT COUNT(*) AS tp_count FROM `mhy_order_goods` WHERE ( `ogoods_add_time` >= 1500912000 AND `ogoods_add_time` < 1500998400  ) LIMIT 1   [ RunTime:0.0020s ]
SQL: SELECT COUNT(*) AS tp_count FROM `mhy_order_goods` WHERE ( `ogoods_add_time` >= 1500998400 AND `ogoods_add_time` < 1501084800  ) LIMIT 1   [ RunTime:0.0010s ]
SQL: SELECT COUNT(*) AS tp_count FROM `mhy_order_goods` WHERE ( `ogoods_add_time` >= 1501084800 AND `ogoods_add_time` < 1501171200  ) LIMIT 1   [ RunTime:0.0020s ]
SQL: SELECT COUNT(*) AS tp_count FROM `mhy_order_goods` WHERE ( `ogoods_add_time` >= 1501171200 AND `ogoods_add_time` < 1501257600  ) LIMIT 1   [ RunTime:0.0010s ]
SQL: SHOW COLUMNS FROM `mhy_goods` [ RunTime:0.0030s ]
SQL: SELECT COUNT(*) AS tp_count FROM `mhy_goods` WHERE ( `goods_add_time` >= 1500652800 AND `goods_add_time` < 1500739200  ) LIMIT 1   [ RunTime:0.0010s ]
SQL: SELECT COUNT(*) AS tp_count FROM `mhy_goods` WHERE ( `goods_add_time` >= 1500739200 AND `goods_add_time` < 1500825600  ) LIMIT 1   [ RunTime:0.0000s ]
SQL: SELECT COUNT(*) AS tp_count FROM `mhy_goods` WHERE ( `goods_add_time` >= 1500825600 AND `goods_add_time` < 1500912000  ) LIMIT 1   [ RunTime:0.0000s ]
SQL: SELECT COUNT(*) AS tp_count FROM `mhy_goods` WHERE ( `goods_add_time` >= 1500912000 AND `goods_add_time` < 1500998400  ) LIMIT 1   [ RunTime:0.0010s ]
SQL: SELECT COUNT(*) AS tp_count FROM `mhy_goods` WHERE ( `goods_add_time` >= 1500998400 AND `goods_add_time` < 1501084800  ) LIMIT 1   [ RunTime:0.0000s ]
SQL: SELECT COUNT(*) AS tp_count FROM `mhy_goods` WHERE ( `goods_add_time` >= 1501084800 AND `goods_add_time` < 1501171200  ) LIMIT 1   [ RunTime:0.0000s ]
SQL: SELECT COUNT(*) AS tp_count FROM `mhy_goods` WHERE ( `goods_add_time` >= 1501171200 AND `goods_add_time` < 1501257600  ) LIMIT 1   [ RunTime:0.0010s ]
SQL: SHOW COLUMNS FROM `mhy_member` [ RunTime:0.0030s ]
SQL: SELECT COUNT(*) AS tp_count FROM `mhy_member` WHERE ( `member_time` >= 1500652800 AND `member_time` < 1500739200  ) LIMIT 1   [ RunTime:0.0010s ]
SQL: SELECT COUNT(*) AS tp_count FROM `mhy_member` WHERE ( `member_time` >= 1500739200 AND `member_time` < 1500825600  ) LIMIT 1   [ RunTime:0.0000s ]
SQL: SELECT COUNT(*) AS tp_count FROM `mhy_member` WHERE ( `member_time` >= 1500825600 AND `member_time` < 1500912000  ) LIMIT 1   [ RunTime:0.0000s ]
SQL: SELECT COUNT(*) AS tp_count FROM `mhy_member` WHERE ( `member_time` >= 1500912000 AND `member_time` < 1500998400  ) LIMIT 1   [ RunTime:0.0010s ]
SQL: SELECT COUNT(*) AS tp_count FROM `mhy_member` WHERE ( `member_time` >= 1500998400 AND `member_time` < 1501084800  ) LIMIT 1   [ RunTime:0.0000s ]
SQL: SELECT COUNT(*) AS tp_count FROM `mhy_member` WHERE ( `member_time` >= 1501084800 AND `member_time` < 1501171200  ) LIMIT 1   [ RunTime:0.0000s ]
SQL: SELECT COUNT(*) AS tp_count FROM `mhy_member` WHERE ( `member_time` >= 1501171200 AND `member_time` < 1501257600  ) LIMIT 1   [ RunTime:0.0010s ]
SQL: SHOW COLUMNS FROM `mhy_category` [ RunTime:0.0030s ]
SQL: SELECT COUNT(*) AS tp_count FROM `mhy_category` WHERE ( `category_add_time` >= 1500652800 AND `category_add_time` < 1500739200  ) LIMIT 1   [ RunTime:0.0000s ]
SQL: SELECT COUNT(*) AS tp_count FROM `mhy_category` WHERE ( `category_add_time` >= 1500739200 AND `category_add_time` < 1500825600  ) LIMIT 1   [ RunTime:0.0000s ]
SQL: SELECT COUNT(*) AS tp_count FROM `mhy_category` WHERE ( `category_add_time` >= 1500825600 AND `category_add_time` < 1500912000  ) LIMIT 1   [ RunTime:0.0010s ]
SQL: SELECT COUNT(*) AS tp_count FROM `mhy_category` WHERE ( `category_add_time` >= 1500912000 AND `category_add_time` < 1500998400  ) LIMIT 1   [ RunTime:0.0000s ]
SQL: SELECT COUNT(*) AS tp_count FROM `mhy_category` WHERE ( `category_add_time` >= 1500998400 AND `category_add_time` < 1501084800  ) LIMIT 1   [ RunTime:0.0000s ]
SQL: SELECT COUNT(*) AS tp_count FROM `mhy_category` WHERE ( `category_add_time` >= 1501084800 AND `category_add_time` < 1501171200  ) LIMIT 1   [ RunTime:0.0010s ]
SQL: SELECT COUNT(*) AS tp_count FROM `mhy_category` WHERE ( `category_add_time` >= 1501171200 AND `category_add_time` < 1501257600  ) LIMIT 1   [ RunTime:0.0000s ]
INFO: [ view_parse ] --START--
INFO: [ template_filter ] --START--
INFO: Run Behavior\ContentReplaceBehavior [ RunTime:0.000000s ]
INFO: [ template_filter ] --END-- [ RunTime:0.000000s ]
INFO: Run Behavior\ParseTemplateBehavior [ RunTime:0.025001s ]
INFO: [ view_parse ] --END-- [ RunTime:0.025001s ]
INFO: [ view_filter ] --START--
INFO: Run Behavior\WriteHtmlCacheBehavior [ RunTime:0.000000s ]
INFO: Run Behavior\TokenBuildBehavior [ RunTime:0.001000s ]
INFO: [ view_filter ] --END-- [ RunTime:0.001000s ]
INFO: [ app_end ] --START--
INFO: Run Behavior\ShowPageTraceBehavior [ RunTime:0.000000s ]
INFO: [ app_end ] --END-- [ RunTime:0.000000s ]

[ 2017-07-28T10:15:22+08:00 ] ::1 /MhyShopAdmin/admin.php/Member/index.html
INFO: [ app_init ] --START--
INFO: Run Behavior\BuildLiteBehavior [ RunTime:0.000000s ]
INFO: [ app_init ] --END-- [ RunTime:0.000000s ]
INFO: [ app_begin ] --START--
INFO: Run Behavior\ReadHtmlCacheBehavior [ RunTime:0.000000s ]
INFO: [ app_begin ] --END-- [ RunTime:0.000000s ]
NOTIC: [8] Undefined index: startTime D:\phpStudy\WWW\MhyShopAdmin\shopApp\Admin\Controller\MemberController.class.php 第 11 行.
NOTIC: [8] Undefined index: endTime D:\phpStudy\WWW\MhyShopAdmin\shopApp\Admin\Controller\MemberController.class.php 第 12 行.
NOTIC: [8] Undefined index: content D:\phpStudy\WWW\MhyShopAdmin\shopApp\Admin\Controller\MemberController.class.php 第 26 行.
NOTIC: [8] Undefined index: submit D:\phpStudy\WWW\MhyShopAdmin\shopApp\Admin\Controller\MemberController.class.php 第 35 行.
NOTIC: [8] Undefined index: limit D:\phpStudy\WWW\MhyShopAdmin\shopApp\Admin\Controller\MemberController.class.php 第 39 行.
SQL: SHOW COLUMNS FROM `mhy_member` [ RunTime:0.0070s ]
SQL: SELECT COUNT(*) AS tp_count FROM `mhy_member` LIMIT 1   [ RunTime:0.0000s ]
SQL: SELECT * FROM `mhy_member` ORDER BY member_id desc LIMIT 0,20   [ RunTime:0.0010s ]
NOTIC: [8] Undefined index: allNum D:\phpStudy\WWW\MhyShopAdmin\shopApp\Admin\Controller\MemberController.class.php 第 45 行.
NOTIC: [8] Undefined index: pageNum D:\phpStudy\WWW\MhyShopAdmin\shopApp\Admin\Controller\MemberController.class.php 第 46 行.
INFO: [ view_parse ] --START--
INFO: [ template_filter ] --START--
INFO: Run Behavior\ContentReplaceBehavior [ RunTime:0.000000s ]
INFO: [ template_filter ] --END-- [ RunTime:0.000000s ]
NOTIC: [8] Undefined index: startTime D:\phpStudy\WWW\MhyShopAdmin\Runtime\Cache\Admin\6d016b3978128ecc733d3a86706fedbd.php 第 155 行.
NOTIC: [8] Undefined index: endTime D:\phpStudy\WWW\MhyShopAdmin\Runtime\Cache\Admin\6d016b3978128ecc733d3a86706fedbd.php 第 159 行.
NOTIC: [8] Undefined index: limit D:\phpStudy\WWW\MhyShopAdmin\Runtime\Cache\Admin\6d016b3978128ecc733d3a86706fedbd.php 第 164 行.
NOTIC: [8] Undefined index: limit D:\phpStudy\WWW\MhyShopAdmin\Runtime\Cache\Admin\6d016b3978128ecc733d3a86706fedbd.php 第 165 行.
NOTIC: [8] Undefined index: limit D:\phpStudy\WWW\MhyShopAdmin\Runtime\Cache\Admin\6d016b3978128ecc733d3a86706fedbd.php 第 166 行.
NOTIC: [8] Undefined index: key D:\phpStudy\WWW\MhyShopAdmin\Runtime\Cache\Admin\6d016b3978128ecc733d3a86706fedbd.php 第 173 行.
NOTIC: [8] Undefined index: key D:\phpStudy\WWW\MhyShopAdmin\Runtime\Cache\Admin\6d016b3978128ecc733d3a86706fedbd.php 第 174 行.
NOTIC: [8] Undefined index: key D:\phpStudy\WWW\MhyShopAdmin\Runtime\Cache\Admin\6d016b3978128ecc733d3a86706fedbd.php 第 175 行.
NOTIC: [8] Undefined index: content D:\phpStudy\WWW\MhyShopAdmin\Runtime\Cache\Admin\6d016b3978128ecc733d3a86706fedbd.php 第 181 行.
INFO: Run Behavior\ParseTemplateBehavior [ RunTime:0.017001s ]
INFO: [ view_parse ] --END-- [ RunTime:0.018001s ]
INFO: [ view_filter ] --START--
INFO: Run Behavior\WriteHtmlCacheBehavior [ RunTime:0.000000s ]
INFO: Run Behavior\TokenBuildBehavior [ RunTime:0.000000s ]
INFO: [ view_filter ] --END-- [ RunTime:0.000000s ]
INFO: [ app_end ] --START--
INFO: Run Behavior\ShowPageTraceBehavior [ RunTime:0.000000s ]
INFO: [ app_end ] --END-- [ RunTime:0.000000s ]

[ 2017-07-28T10:15:24+08:00 ] ::1 /MhyShopAdmin/admin.php/Order/index.html
INFO: [ app_init ] --START--
INFO: Run Behavior\BuildLiteBehavior [ RunTime:0.000000s ]
INFO: [ app_init ] --END-- [ RunTime:0.000000s ]
INFO: [ app_begin ] --START--
INFO: Run Behavior\ReadHtmlCacheBehavior [ RunTime:0.000000s ]
INFO: [ app_begin ] --END-- [ RunTime:0.001000s ]
NOTIC: [8] Undefined index: startTime D:\phpStudy\WWW\MhyShopAdmin\shopApp\Admin\Controller\OrderController.class.php 第 11 行.
NOTIC: [8] Undefined index: endTime D:\phpStudy\WWW\MhyShopAdmin\shopApp\Admin\Controller\OrderController.class.php 第 12 行.
NOTIC: [8] Undefined index: order_status D:\phpStudy\WWW\MhyShopAdmin\shopApp\Admin\Controller\OrderController.class.php 第 26 行.
NOTIC: [8] Undefined index: content D:\phpStudy\WWW\MhyShopAdmin\shopApp\Admin\Controller\OrderController.class.php 第 30 行.
NOTIC: [8] Undefined index: submit D:\phpStudy\WWW\MhyShopAdmin\shopApp\Admin\Controller\OrderController.class.php 第 40 行.
NOTIC: [8] Undefined index: limit D:\phpStudy\WWW\MhyShopAdmin\shopApp\Admin\Controller\OrderController.class.php 第 44 行.
SQL: SHOW COLUMNS FROM `mhy_order` [ RunTime:0.0050s ]
SQL: SELECT COUNT(*) AS tp_count FROM `mhy_order` LIMIT 1   [ RunTime:0.0010s ]
SQL: SELECT * FROM `mhy_order` ORDER BY order_id desc LIMIT 0,20   [ RunTime:0.0010s ]
INFO: [ view_parse ] --START--
INFO: [ template_filter ] --START--
INFO: Run Behavior\ContentReplaceBehavior [ RunTime:0.000000s ]
INFO: [ template_filter ] --END-- [ RunTime:0.000000s ]
NOTIC: [8] Undefined index: startTime D:\phpStudy\WWW\MhyShopAdmin\Runtime\Cache\Admin\1f56f2de80515e17f2ef8ecb757d4465.php 第 147 行.
NOTIC: [8] Undefined index: endTime D:\phpStudy\WWW\MhyShopAdmin\Runtime\Cache\Admin\1f56f2de80515e17f2ef8ecb757d4465.php 第 151 行.
NOTIC: [8] Undefined index: order_status D:\phpStudy\WWW\MhyShopAdmin\Runtime\Cache\Admin\1f56f2de80515e17f2ef8ecb757d4465.php 第 157 行.
NOTIC: [8] Undefined index: order_status D:\phpStudy\WWW\MhyShopAdmin\Runtime\Cache\Admin\1f56f2de80515e17f2ef8ecb757d4465.php 第 158 行.
NOTIC: [8] Undefined index: order_status D:\phpStudy\WWW\MhyShopAdmin\Runtime\Cache\Admin\1f56f2de80515e17f2ef8ecb757d4465.php 第 159 行.
NOTIC: [8] Undefined index: order_status D:\phpStudy\WWW\MhyShopAdmin\Runtime\Cache\Admin\1f56f2de80515e17f2ef8ecb757d4465.php 第 161 行.
NOTIC: [8] Undefined index: order_status D:\phpStudy\WWW\MhyShopAdmin\Runtime\Cache\Admin\1f56f2de80515e17f2ef8ecb757d4465.php 第 162 行.
NOTIC: [8] Undefined index: order_status D:\phpStudy\WWW\MhyShopAdmin\Runtime\Cache\Admin\1f56f2de80515e17f2ef8ecb757d4465.php 第 163 行.
NOTIC: [8] Undefined index: limit D:\phpStudy\WWW\MhyShopAdmin\Runtime\Cache\Admin\1f56f2de80515e17f2ef8ecb757d4465.php 第 172 行.
NOTIC: [8] Undefined index: limit D:\phpStudy\WWW\MhyShopAdmin\Runtime\Cache\Admin\1f56f2de80515e17f2ef8ecb757d4465.php 第 173 行.
NOTIC: [8] Undefined index: limit D:\phpStudy\WWW\MhyShopAdmin\Runtime\Cache\Admin\1f56f2de80515e17f2ef8ecb757d4465.php 第 174 行.
NOTIC: [8] Undefined index: key D:\phpStudy\WWW\MhyShopAdmin\Runtime\Cache\Admin\1f56f2de80515e17f2ef8ecb757d4465.php 第 181 行.
NOTIC: [8] Undefined index: key D:\phpStudy\WWW\MhyShopAdmin\Runtime\Cache\Admin\1f56f2de80515e17f2ef8ecb757d4465.php 第 182 行.
NOTIC: [8] Undefined index: key D:\phpStudy\WWW\MhyShopAdmin\Runtime\Cache\Admin\1f56f2de80515e17f2ef8ecb757d4465.php 第 183 行.
NOTIC: [8] Undefined index: key D:\phpStudy\WWW\MhyShopAdmin\Runtime\Cache\Admin\1f56f2de80515e17f2ef8ecb757d4465.php 第 184 行.
NOTIC: [8] Undefined index: content D:\phpStudy\WWW\MhyShopAdmin\Runtime\Cache\Admin\1f56f2de80515e17f2ef8ecb757d4465.php 第 190 行.
NOTIC: [8] Undefined index: member_id D:\phpStudy\WWW\MhyShopAdmin\Runtime\Cache\Admin\1f56f2de80515e17f2ef8ecb757d4465.php 第 232 行.
NOTIC: [8] Undefined index: member_id D:\phpStudy\WWW\MhyShopAdmin\Runtime\Cache\Admin\1f56f2de80515e17f2ef8ecb757d4465.php 第 255 行.
NOTIC: [8] Undefined index: member_id D:\phpStudy\WWW\MhyShopAdmin\Runtime\Cache\Admin\1f56f2de80515e17f2ef8ecb757d4465.php 第 255 行.
NOTIC: [8] Undefined index: member_id D:\phpStudy\WWW\MhyShopAdmin\Runtime\Cache\Admin\1f56f2de80515e17f2ef8ecb757d4465.php 第 232 行.
NOTIC: [8] Undefined index: member_id D:\phpStudy\WWW\MhyShopAdmin\Runtime\Cache\Admin\1f56f2de80515e17f2ef8ecb757d4465.php 第 255 行.
NOTIC: [8] Undefined index: member_id D:\phpStudy\WWW\MhyShopAdmin\Runtime\Cache\Admin\1f56f2de80515e17f2ef8ecb757d4465.php 第 255 行.
NOTIC: [8] Undefined index: member_id D:\phpStudy\WWW\MhyShopAdmin\Runtime\Cache\Admin\1f56f2de80515e17f2ef8ecb757d4465.php 第 232 行.
NOTIC: [8] Undefined index: member_id D:\phpStudy\WWW\MhyShopAdmin\Runtime\Cache\Admin\1f56f2de80515e17f2ef8ecb757d4465.php 第 255 行.
NOTIC: [8] Undefined index: member_id D:\phpStudy\WWW\MhyShopAdmin\Runtime\Cache\Admin\1f56f2de80515e17f2ef8ecb757d4465.php 第 255 行.
NOTIC: [8] Undefined index: member_id D:\phpStudy\WWW\MhyShopAdmin\Runtime\Cache\Admin\1f56f2de80515e17f2ef8ecb757d4465.php 第 232 行.
NOTIC: [8] Undefined index: member_id D:\phpStudy\WWW\MhyShopAdmin\Runtime\Cache\Admin\1f56f2de80515e17f2ef8ecb757d4465.php 第 255 行.
NOTIC: [8] Undefined index: member_id D:\phpStudy\WWW\MhyShopAdmin\Runtime\Cache\Admin\1f56f2de80515e17f2ef8ecb757d4465.php 第 255 行.
NOTIC: [8] Undefined index: member_id D:\phpStudy\WWW\MhyShopAdmin\Runtime\Cache\Admin\1f56f2de80515e17f2ef8ecb757d4465.php 第 232 行.
NOTIC: [8] Undefined index: member_id D:\phpStudy\WWW\MhyShopAdmin\Runtime\Cache\Admin\1f56f2de80515e17f2ef8ecb757d4465.php 第 255 行.
NOTIC: [8] Undefined index: member_id D:\phpStudy\WWW\MhyShopAdmin\Runtime\Cache\Admin\1f56f2de80515e17f2ef8ecb757d4465.php 第 255 行.
NOTIC: [8] Undefined index: member_id D:\phpStudy\WWW\MhyShopAdmin\Runtime\Cache\Admin\1f56f2de80515e17f2ef8ecb757d4465.php 第 232 行.
NOTIC: [8] Undefined index: member_id D:\phpStudy\WWW\MhyShopAdmin\Runtime\Cache\Admin\1f56f2de80515e17f2ef8ecb757d4465.php 第 255 行.
NOTIC: [8] Undefined index: member_id D:\phpStudy\WWW\MhyShopAdmin\Runtime\Cache\Admin\1f56f2de80515e17f2ef8ecb757d4465.php 第 255 行.
NOTIC: [8] Undefined index: member_id D:\phpStudy\WWW\MhyShopAdmin\Runtime\Cache\Admin\1f56f2de80515e17f2ef8ecb757d4465.php 第 232 行.
NOTIC: [8] Undefined index: member_id D:\phpStudy\WWW\MhyShopAdmin\Runtime\Cache\Admin\1f56f2de80515e17f2ef8ecb757d4465.php 第 255 行.
NOTIC: [8] Undefined index: member_id D:\phpStudy\WWW\MhyShopAdmin\Runtime\Cache\Admin\1f56f2de80515e17f2ef8ecb757d4465.php 第 255 行.
NOTIC: [8] Undefined index: member_id D:\phpStudy\WWW\MhyShopAdmin\Runtime\Cache\Admin\1f56f2de80515e17f2ef8ecb757d4465.php 第 232 行.
NOTIC: [8] Undefined index: member_id D:\phpStudy\WWW\MhyShopAdmin\Runtime\Cache\Admin\1f56f2de80515e17f2ef8ecb757d4465.php 第 255 行.
NOTIC: [8] Undefined index: member_id D:\phpStudy\WWW\MhyShopAdmin\Runtime\Cache\Admin\1f56f2de80515e17f2ef8ecb757d4465.php 第 255 行.
NOTIC: [8] Undefined index: member_id D:\phpStudy\WWW\MhyShopAdmin\Runtime\Cache\Admin\1f56f2de80515e17f2ef8ecb757d4465.php 第 232 行.
NOTIC: [8] Undefined index: member_id D:\phpStudy\WWW\MhyShopAdmin\Runtime\Cache\Admin\1f56f2de80515e17f2ef8ecb757d4465.php 第 255 行.
NOTIC: [8] Undefined index: member_id D:\phpStudy\WWW\MhyShopAdmin\Runtime\Cache\Admin\1f56f2de80515e17f2ef8ecb757d4465.php 第 255 行.
NOTIC: [8] Undefined index: member_id D:\phpStudy\WWW\MhyShopAdmin\Runtime\Cache\Admin\1f56f2de80515e17f2ef8ecb757d4465.php 第 232 行.
NOTIC: [8] Undefined index: member_id D:\phpStudy\WWW\MhyShopAdmin\Runtime\Cache\Admin\1f56f2de80515e17f2ef8ecb757d4465.php 第 255 行.
NOTIC: [8] Undefined index: member_id D:\phpStudy\WWW\MhyShopAdmin\Runtime\Cache\Admin\1f56f2de80515e17f2ef8ecb757d4465.php 第 255 行.
NOTIC: [8] Undefined index: member_id D:\phpStudy\WWW\MhyShopAdmin\Runtime\Cache\Admin\1f56f2de80515e17f2ef8ecb757d4465.php 第 232 行.
NOTIC: [8] Undefined index: member_id D:\phpStudy\WWW\MhyShopAdmin\Runtime\Cache\Admin\1f56f2de80515e17f2ef8ecb757d4465.php 第 255 行.
NOTIC: [8] Undefined index: member_id D:\phpStudy\WWW\MhyShopAdmin\Runtime\Cache\Admin\1f56f2de80515e17f2ef8ecb757d4465.php 第 255 行.
NOTIC: [8] Undefined index: member_id D:\phpStudy\WWW\MhyShopAdmin\Runtime\Cache\Admin\1f56f2de80515e17f2ef8ecb757d4465.php 第 232 行.
NOTIC: [8] Undefined index: member_id D:\phpStudy\WWW\MhyShopAdmin\Runtime\Cache\Admin\1f56f2de80515e17f2ef8ecb757d4465.php 第 255 行.
NOTIC: [8] Undefined index: member_id D:\phpStudy\WWW\MhyShopAdmin\Runtime\Cache\Admin\1f56f2de80515e17f2ef8ecb757d4465.php 第 255 行.
NOTIC: [8] Undefined index: member_id D:\phpStudy\WWW\MhyShopAdmin\Runtime\Cache\Admin\1f56f2de80515e17f2ef8ecb757d4465.php 第 232 行.
NOTIC: [8] Undefined index: member_id D:\phpStudy\WWW\MhyShopAdmin\Runtime\Cache\Admin\1f56f2de80515e17f2ef8ecb757d4465.php 第 255 行.
NOTIC: [8] Undefined index: member_id D:\phpStudy\WWW\MhyShopAdmin\Runtime\Cache\Admin\1f56f2de80515e17f2ef8ecb757d4465.php 第 255 行.
NOTIC: [8] Undefined index: member_id D:\phpStudy\WWW\MhyShopAdmin\Runtime\Cache\Admin\1f56f2de80515e17f2ef8ecb757d4465.php 第 232 行.
NOTIC: [8] Undefined index: member_id D:\phpStudy\WWW\MhyShopAdmin\Runtime\Cache\Admin\1f56f2de80515e17f2ef8ecb757d4465.php 第 255 行.
NOTIC: [8] Undefined index: member_id D:\phpStudy\WWW\MhyShopAdmin\Runtime\Cache\Admin\1f56f2de80515e17f2ef8ecb757d4465.php 第 255 行.
NOTIC: [8] Undefined index: member_id D:\phpStudy\WWW\MhyShopAdmin\Runtime\Cache\Admin\1f56f2de80515e17f2ef8ecb757d4465.php 第 232 行.
NOTIC: [8] Undefined index: member_id D:\phpStudy\WWW\MhyShopAdmin\Runtime\Cache\Admin\1f56f2de80515e17f2ef8ecb757d4465.php 第 255 行.
NOTIC: [8] Undefined index: member_id D:\phpStudy\WWW\MhyShopAdmin\Runtime\Cache\Admin\1f56f2de80515e17f2ef8ecb757d4465.php 第 255 行.
NOTIC: [8] Undefined index: member_id D:\phpStudy\WWW\MhyShopAdmin\Runtime\Cache\Admin\1f56f2de80515e17f2ef8ecb757d4465.php 第 232 行.
NOTIC: [8] Undefined index: member_id D:\phpStudy\WWW\MhyShopAdmin\Runtime\Cache\Admin\1f56f2de80515e17f2ef8ecb757d4465.php 第 255 行.
NOTIC: [8] Undefined index: member_id D:\phpStudy\WWW\MhyShopAdmin\Runtime\Cache\Admin\1f56f2de80515e17f2ef8ecb757d4465.php 第 255 行.
NOTIC: [8] Undefined index: member_id D:\phpStudy\WWW\MhyShopAdmin\Runtime\Cache\Admin\1f56f2de80515e17f2ef8ecb757d4465.php 第 232 行.
NOTIC: [8] Undefined index: member_id D:\phpStudy\WWW\MhyShopAdmin\Runtime\Cache\Admin\1f56f2de80515e17f2ef8ecb757d4465.php 第 255 行.
NOTIC: [8] Undefined index: member_id D:\phpStudy\WWW\MhyShopAdmin\Runtime\Cache\Admin\1f56f2de80515e17f2ef8ecb757d4465.php 第 255 行.
NOTIC: [8] Undefined index: member_id D:\phpStudy\WWW\MhyShopAdmin\Runtime\Cache\Admin\1f56f2de80515e17f2ef8ecb757d4465.php 第 232 行.
NOTIC: [8] Undefined index: member_id D:\phpStudy\WWW\MhyShopAdmin\Runtime\Cache\Admin\1f56f2de80515e17f2ef8ecb757d4465.php 第 255 行.
NOTIC: [8] Undefined index: member_id D:\phpStudy\WWW\MhyShopAdmin\Runtime\Cache\Admin\1f56f2de80515e17f2ef8ecb757d4465.php 第 255 行.
NOTIC: [8] Undefined index: member_id D:\phpStudy\WWW\MhyShopAdmin\Runtime\Cache\Admin\1f56f2de80515e17f2ef8ecb757d4465.php 第 232 行.
NOTIC: [8] Undefined index: member_id D:\phpStudy\WWW\MhyShopAdmin\Runtime\Cache\Admin\1f56f2de80515e17f2ef8ecb757d4465.php 第 255 行.
NOTIC: [8] Undefined index: member_id D:\phpStudy\WWW\MhyShopAdmin\Runtime\Cache\Admin\1f56f2de80515e17f2ef8ecb757d4465.php 第 255 行.
NOTIC: [8] Undefined index: member_id D:\phpStudy\WWW\MhyShopAdmin\Runtime\Cache\Admin\1f56f2de80515e17f2ef8ecb757d4465.php 第 232 行.
NOTIC: [8] Undefined index: member_id D:\phpStudy\WWW\MhyShopAdmin\Runtime\Cache\Admin\1f56f2de80515e17f2ef8ecb757d4465.php 第 255 行.
NOTIC: [8] Undefined index: member_id D:\phpStudy\WWW\MhyShopAdmin\Runtime\Cache\Admin\1f56f2de80515e17f2ef8ecb757d4465.php 第 255 行.
INFO: Run Behavior\ParseTemplateBehavior [ RunTime:0.013001s ]
INFO: [ view_parse ] --END-- [ RunTime:0.013001s ]
INFO: [ view_filter ] --START--
INFO: Run Behavior\WriteHtmlCacheBehavior [ RunTime:0.000000s ]
INFO: Run Behavior\TokenBuildBehavior [ RunTime:0.001000s ]
INFO: [ view_filter ] --END-- [ RunTime:0.001000s ]
INFO: [ app_end ] --START--
INFO: Run Behavior\ShowPageTraceBehavior [ RunTime:0.001000s ]
INFO: [ app_end ] --END-- [ RunTime:0.001000s ]

[ 2017-07-28T12:23:53+08:00 ] ::1 /MhyShopAdmin/admin.php/Member/index.html
INFO: [ app_init ] --START--
INFO: Run Behavior\BuildLiteBehavior [ RunTime:0.000000s ]
INFO: [ app_init ] --END-- [ RunTime:0.001000s ]
INFO: [ app_begin ] --START--
INFO: Run Behavior\ReadHtmlCacheBehavior [ RunTime:0.001000s ]
INFO: [ app_begin ] --END-- [ RunTime:0.001000s ]
NOTIC: [8] Undefined index: startTime D:\phpStudy\WWW\MhyShopAdmin\shopApp\Admin\Controller\MemberController.class.php 第 11 行.
NOTIC: [8] Undefined index: endTime D:\phpStudy\WWW\MhyShopAdmin\shopApp\Admin\Controller\MemberController.class.php 第 12 行.
NOTIC: [8] Undefined index: content D:\phpStudy\WWW\MhyShopAdmin\shopApp\Admin\Controller\MemberController.class.php 第 26 行.
NOTIC: [8] Undefined index: submit D:\phpStudy\WWW\MhyShopAdmin\shopApp\Admin\Controller\MemberController.class.php 第 35 行.
NOTIC: [8] Undefined index: limit D:\phpStudy\WWW\MhyShopAdmin\shopApp\Admin\Controller\MemberController.class.php 第 39 行.
SQL: SHOW COLUMNS FROM `mhy_member` [ RunTime:0.0060s ]
SQL: SELECT COUNT(*) AS tp_count FROM `mhy_member` LIMIT 1   [ RunTime:0.0000s ]
SQL: SELECT * FROM `mhy_member` ORDER BY member_id desc LIMIT 0,20   [ RunTime:0.0010s ]
NOTIC: [8] Undefined index: allNum D:\phpStudy\WWW\MhyShopAdmin\shopApp\Admin\Controller\MemberController.class.php 第 45 行.
NOTIC: [8] Undefined index: pageNum D:\phpStudy\WWW\MhyShopAdmin\shopApp\Admin\Controller\MemberController.class.php 第 46 行.
INFO: [ view_parse ] --START--
INFO: [ template_filter ] --START--
INFO: Run Behavior\ContentReplaceBehavior [ RunTime:0.000000s ]
INFO: [ template_filter ] --END-- [ RunTime:0.000000s ]
NOTIC: [8] Undefined index: startTime D:\phpStudy\WWW\MhyShopAdmin\Runtime\Cache\Admin\6d016b3978128ecc733d3a86706fedbd.php 第 155 行.
NOTIC: [8] Undefined index: endTime D:\phpStudy\WWW\MhyShopAdmin\Runtime\Cache\Admin\6d016b3978128ecc733d3a86706fedbd.php 第 159 行.
NOTIC: [8] Undefined index: limit D:\phpStudy\WWW\MhyShopAdmin\Runtime\Cache\Admin\6d016b3978128ecc733d3a86706fedbd.php 第 164 行.
NOTIC: [8] Undefined index: limit D:\phpStudy\WWW\MhyShopAdmin\Runtime\Cache\Admin\6d016b3978128ecc733d3a86706fedbd.php 第 165 行.
NOTIC: [8] Undefined index: limit D:\phpStudy\WWW\MhyShopAdmin\Runtime\Cache\Admin\6d016b3978128ecc733d3a86706fedbd.php 第 166 行.
NOTIC: [8] Undefined index: key D:\phpStudy\WWW\MhyShopAdmin\Runtime\Cache\Admin\6d016b3978128ecc733d3a86706fedbd.php 第 173 行.
NOTIC: [8] Undefined index: key D:\phpStudy\WWW\MhyShopAdmin\Runtime\Cache\Admin\6d016b3978128ecc733d3a86706fedbd.php 第 174 行.
NOTIC: [8] Undefined index: key D:\phpStudy\WWW\MhyShopAdmin\Runtime\Cache\Admin\6d016b3978128ecc733d3a86706fedbd.php 第 175 行.
NOTIC: [8] Undefined index: content D:\phpStudy\WWW\MhyShopAdmin\Runtime\Cache\Admin\6d016b3978128ecc733d3a86706fedbd.php 第 181 行.
INFO: Run Behavior\ParseTemplateBehavior [ RunTime:0.014001s ]
INFO: [ view_parse ] --END-- [ RunTime:0.014001s ]
INFO: [ view_filter ] --START--
INFO: Run Behavior\WriteHtmlCacheBehavior [ RunTime:0.000000s ]
INFO: Run Behavior\TokenBuildBehavior [ RunTime:0.001000s ]
INFO: [ view_filter ] --END-- [ RunTime:0.001000s ]
INFO: [ app_end ] --START--
INFO: Run Behavior\ShowPageTraceBehavior [ RunTime:0.000000s ]
INFO: [ app_end ] --END-- [ RunTime:0.000000s ]

[ 2017-07-28T12:23:55+08:00 ] ::1 /MhyShopAdmin/admin.php/member/update.html?member_id=358
INFO: [ app_init ] --START--
INFO: Run Behavior\BuildLiteBehavior [ RunTime:0.000000s ]
INFO: [ app_init ] --END-- [ RunTime:0.001000s ]
INFO: [ app_begin ] --START--
INFO: Run Behavior\ReadHtmlCacheBehavior [ RunTime:0.001000s ]
INFO: [ app_begin ] --END-- [ RunTime:0.001000s ]
SQL: SHOW COLUMNS FROM `mhy_member` [ RunTime:0.0040s ]
SQL: SELECT * FROM `mhy_member` WHERE `member_id` = 358 LIMIT 1   [ RunTime:0.0010s ]
INFO: [ view_parse ] --START--
INFO: [ template_filter ] --START--
INFO: Run Behavior\ContentReplaceBehavior [ RunTime:0.000000s ]
INFO: [ template_filter ] --END-- [ RunTime:0.001000s ]
INFO: Run Behavior\ParseTemplateBehavior [ RunTime:0.007000s ]
INFO: [ view_parse ] --END-- [ RunTime:0.007000s ]
INFO: [ view_filter ] --START--
INFO: Run Behavior\WriteHtmlCacheBehavior [ RunTime:0.000000s ]
INFO: Run Behavior\TokenBuildBehavior [ RunTime:0.000000s ]
INFO: [ view_filter ] --END-- [ RunTime:0.000000s ]
INFO: [ app_end ] --START--
INFO: Run Behavior\ShowPageTraceBehavior [ RunTime:0.001000s ]
INFO: [ app_end ] --END-- [ RunTime:0.001000s ]

