[ 2017-06-22T16:12:13+08:00 ] ::1 /MhyShopAdmin/admin.php/Member/index/p/1.html
INFO: [ app_init ] --START--
INFO: Run Behavior\BuildLiteBehavior [ RunTime:0.000000s ]
INFO: [ app_init ] --END-- [ RunTime:0.001000s ]
INFO: [ app_begin ] --START--
INFO: Run Behavior\ReadHtmlCacheBehavior [ RunTime:0.000000s ]
INFO: [ app_begin ] --END-- [ RunTime:0.000000s ]
NOTIC: [8] Undefined index: startTime D:\phpStudy\WWW\MhyShopAdmin\shopApp\Admin\Controller\MemberController.class.php 第 11 行.
NOTIC: [8] Undefined index: endTime D:\phpStudy\WWW\MhyShopAdmin\shopApp\Admin\Controller\MemberController.class.php 第 12 行.
NOTIC: [8] Undefined index: content D:\phpStudy\WWW\MhyShopAdmin\shopApp\Admin\Controller\MemberController.class.php 第 26 行.
NOTIC: [8] Undefined index: submit D:\phpStudy\WWW\MhyShopAdmin\shopApp\Admin\Controller\MemberController.class.php 第 35 行.
NOTIC: [8] Undefined index: limit D:\phpStudy\WWW\MhyShopAdmin\shopApp\Admin\Controller\MemberController.class.php 第 39 行.
SQL: SHOW COLUMNS FROM `mhy_member` [ RunTime:0.1140s ]
SQL: SELECT COUNT(*) AS tp_count FROM `mhy_member` LIMIT 1   [ RunTime:0.0020s ]
SQL: SELECT * FROM `mhy_member` ORDER BY member_id desc LIMIT 0,20   [ RunTime:0.0230s ]
NOTIC: [8] Undefined index: allNum D:\phpStudy\WWW\MhyShopAdmin\shopApp\Admin\Controller\MemberController.class.php 第 45 行.
NOTIC: [8] Undefined index: pageNum D:\phpStudy\WWW\MhyShopAdmin\shopApp\Admin\Controller\MemberController.class.php 第 46 行.
INFO: [ view_parse ] --START--
INFO: [ template_filter ] --START--
INFO: Run Behavior\ContentReplaceBehavior [ RunTime:0.000000s ]
INFO: [ template_filter ] --END-- [ RunTime:0.000000s ]
NOTIC: [8] Undefined index: startTime D:\phpStudy\WWW\MhyShopAdmin\Runtime\Cache\Admin\6d016b3978128ecc733d3a86706fedbd.php 第 155 行.
NOTIC: [8] Undefined index: endTime D:\phpStudy\WWW\MhyShopAdmin\Runtime\Cache\Admin\6d016b3978128ecc733d3a86706fedbd.php 第 159 行.
NOTIC: [8] Undefined index: limit D:\phpStudy\WWW\MhyShopAdmin\Runtime\Cache\Admin\6d016b3978128ecc733d3a86706fedbd.php 第 164 行.
NOTIC: [8] Undefined index: limit D:\phpStudy\WWW\MhyShopAdmin\Runtime\Cache\Admin\6d016b3978128ecc733d3a86706fedbd.php 第 165 行.
NOTIC: [8] Undefined index: limit D:\phpStudy\WWW\MhyShopAdmin\Runtime\Cache\Admin\6d016b3978128ecc733d3a86706fedbd.php 第 166 行.
NOTIC: [8] Undefined index: key D:\phpStudy\WWW\MhyShopAdmin\Runtime\Cache\Admin\6d016b3978128ecc733d3a86706fedbd.php 第 173 行.
NOTIC: [8] Undefined index: key D:\phpStudy\WWW\MhyShopAdmin\Runtime\Cache\Admin\6d016b3978128ecc733d3a86706fedbd.php 第 174 行.
NOTIC: [8] Undefined index: key D:\phpStudy\WWW\MhyShopAdmin\Runtime\Cache\Admin\6d016b3978128ecc733d3a86706fedbd.php 第 175 行.
NOTIC: [8] Undefined index: content D:\phpStudy\WWW\MhyShopAdmin\Runtime\Cache\Admin\6d016b3978128ecc733d3a86706fedbd.php 第 181 行.
INFO: Run Behavior\ParseTemplateBehavior [ RunTime:0.080005s ]
INFO: [ view_parse ] --END-- [ RunTime:0.080005s ]
INFO: [ view_filter ] --START--
INFO: Run Behavior\WriteHtmlCacheBehavior [ RunTime:0.000000s ]
INFO: Run Behavior\TokenBuildBehavior [ RunTime:0.000000s ]
INFO: [ view_filter ] --END-- [ RunTime:0.000000s ]
INFO: [ app_end ] --START--
INFO: Run Behavior\ShowPageTraceBehavior [ RunTime:0.000000s ]
INFO: [ app_end ] --END-- [ RunTime:0.000000s ]

