[ 2017-08-21T17:43:50+08:00 ] ::1 /MhyShopAdmin/admin.php/Member/index.html
INFO: [ app_init ] --START--
INFO: Run Behavior\BuildLiteBehavior [ RunTime:0.000000s ]
INFO: [ app_init ] --END-- [ RunTime:0.000000s ]
INFO: [ app_begin ] --START--
INFO: Run Behavior\ReadHtmlCacheBehavior [ RunTime:0.000000s ]
INFO: [ app_begin ] --END-- [ RunTime:0.000000s ]
NOTIC: [8] Undefined index: startTime D:\phpStudy\WWW\MhyShopAdmin\shopApp\Admin\Controller\MemberController.class.php 第 11 行.
NOTIC: [8] Undefined index: endTime D:\phpStudy\WWW\MhyShopAdmin\shopApp\Admin\Controller\MemberController.class.php 第 12 行.
NOTIC: [8] Undefined index: content D:\phpStudy\WWW\MhyShopAdmin\shopApp\Admin\Controller\MemberController.class.php 第 26 行.
NOTIC: [8] Undefined index: submit D:\phpStudy\WWW\MhyShopAdmin\shopApp\Admin\Controller\MemberController.class.php 第 35 行.
NOTIC: [8] Undefined index: limit D:\phpStudy\WWW\MhyShopAdmin\shopApp\Admin\Controller\MemberController.class.php 第 39 行.
SQL: SHOW COLUMNS FROM `mhy_member` [ RunTime:0.0130s ]
SQL: SELECT COUNT(*) AS tp_count FROM `mhy_member` LIMIT 1   [ RunTime:0.0000s ]
SQL: SELECT * FROM `mhy_member` ORDER BY member_id desc LIMIT 0,20   [ RunTime:0.0020s ]
NOTIC: [8] A non well formed numeric value encountered D:\phpStudy\WWW\MhyShopAdmin\shopApp\Admin\Common\function.php 第 7 行.
NOTIC: [8] Undefined index: allNum D:\phpStudy\WWW\MhyShopAdmin\shopApp\Admin\Controller\MemberController.class.php 第 45 行.
NOTIC: [8] Undefined index: pageNum D:\phpStudy\WWW\MhyShopAdmin\shopApp\Admin\Controller\MemberController.class.php 第 46 行.
INFO: [ view_parse ] --START--
INFO: [ template_filter ] --START--
INFO: Run Behavior\ContentReplaceBehavior [ RunTime:0.000000s ]
INFO: [ template_filter ] --END-- [ RunTime:0.000000s ]
NOTIC: [8] Undefined index: startTime D:\phpStudy\WWW\MhyShopAdmin\Runtime\Cache\Admin\6d016b3978128ecc733d3a86706fedbd.php 第 160 行.
NOTIC: [8] Undefined index: endTime D:\phpStudy\WWW\MhyShopAdmin\Runtime\Cache\Admin\6d016b3978128ecc733d3a86706fedbd.php 第 164 行.
NOTIC: [8] Undefined index: limit D:\phpStudy\WWW\MhyShopAdmin\Runtime\Cache\Admin\6d016b3978128ecc733d3a86706fedbd.php 第 169 行.
NOTIC: [8] Undefined index: limit D:\phpStudy\WWW\MhyShopAdmin\Runtime\Cache\Admin\6d016b3978128ecc733d3a86706fedbd.php 第 170 行.
NOTIC: [8] Undefined index: limit D:\phpStudy\WWW\MhyShopAdmin\Runtime\Cache\Admin\6d016b3978128ecc733d3a86706fedbd.php 第 171 行.
NOTIC: [8] Undefined index: key D:\phpStudy\WWW\MhyShopAdmin\Runtime\Cache\Admin\6d016b3978128ecc733d3a86706fedbd.php 第 178 行.
NOTIC: [8] Undefined index: key D:\phpStudy\WWW\MhyShopAdmin\Runtime\Cache\Admin\6d016b3978128ecc733d3a86706fedbd.php 第 179 行.
NOTIC: [8] Undefined index: key D:\phpStudy\WWW\MhyShopAdmin\Runtime\Cache\Admin\6d016b3978128ecc733d3a86706fedbd.php 第 180 行.
NOTIC: [8] Undefined index: content D:\phpStudy\WWW\MhyShopAdmin\Runtime\Cache\Admin\6d016b3978128ecc733d3a86706fedbd.php 第 186 行.
INFO: Run Behavior\ParseTemplateBehavior [ RunTime:0.027002s ]
INFO: [ view_parse ] --END-- [ RunTime:0.027002s ]
INFO: [ view_filter ] --START--
INFO: Run Behavior\WriteHtmlCacheBehavior [ RunTime:0.002000s ]
INFO: Run Behavior\TokenBuildBehavior [ RunTime:0.001000s ]
INFO: [ view_filter ] --END-- [ RunTime:0.003000s ]
INFO: [ app_end ] --START--
INFO: Run Behavior\ShowPageTraceBehavior [ RunTime:0.002000s ]
INFO: [ app_end ] --END-- [ RunTime:0.002000s ]

[ 2017-08-21T17:43:54+08:00 ] ::1 /MhyShopAdmin/admin.php/Member/index.html
INFO: [ app_init ] --START--
INFO: Run Behavior\BuildLiteBehavior [ RunTime:0.000000s ]
INFO: [ app_init ] --END-- [ RunTime:0.000000s ]
INFO: [ app_begin ] --START--
INFO: Run Behavior\ReadHtmlCacheBehavior [ RunTime:0.001000s ]
INFO: [ app_begin ] --END-- [ RunTime:0.001000s ]
NOTIC: [8] Undefined index: startTime D:\phpStudy\WWW\MhyShopAdmin\shopApp\Admin\Controller\MemberController.class.php 第 11 行.
NOTIC: [8] Undefined index: endTime D:\phpStudy\WWW\MhyShopAdmin\shopApp\Admin\Controller\MemberController.class.php 第 12 行.
NOTIC: [8] Undefined index: content D:\phpStudy\WWW\MhyShopAdmin\shopApp\Admin\Controller\MemberController.class.php 第 26 行.
NOTIC: [8] Undefined index: submit D:\phpStudy\WWW\MhyShopAdmin\shopApp\Admin\Controller\MemberController.class.php 第 35 行.
NOTIC: [8] Undefined index: limit D:\phpStudy\WWW\MhyShopAdmin\shopApp\Admin\Controller\MemberController.class.php 第 39 行.
SQL: SHOW COLUMNS FROM `mhy_member` [ RunTime:0.0060s ]
SQL: SELECT COUNT(*) AS tp_count FROM `mhy_member` LIMIT 1   [ RunTime:0.0000s ]
SQL: SELECT * FROM `mhy_member` ORDER BY member_id desc LIMIT 0,20   [ RunTime:0.0010s ]
NOTIC: [8] A non well formed numeric value encountered D:\phpStudy\WWW\MhyShopAdmin\shopApp\Admin\Common\function.php 第 7 行.
NOTIC: [8] Undefined index: allNum D:\phpStudy\WWW\MhyShopAdmin\shopApp\Admin\Controller\MemberController.class.php 第 45 行.
NOTIC: [8] Undefined index: pageNum D:\phpStudy\WWW\MhyShopAdmin\shopApp\Admin\Controller\MemberController.class.php 第 46 行.
INFO: [ view_parse ] --START--
INFO: [ template_filter ] --START--
INFO: Run Behavior\ContentReplaceBehavior [ RunTime:0.000000s ]
INFO: [ template_filter ] --END-- [ RunTime:0.000000s ]
NOTIC: [8] Undefined index: startTime D:\phpStudy\WWW\MhyShopAdmin\Runtime\Cache\Admin\6d016b3978128ecc733d3a86706fedbd.php 第 160 行.
NOTIC: [8] Undefined index: endTime D:\phpStudy\WWW\MhyShopAdmin\Runtime\Cache\Admin\6d016b3978128ecc733d3a86706fedbd.php 第 164 行.
NOTIC: [8] Undefined index: limit D:\phpStudy\WWW\MhyShopAdmin\Runtime\Cache\Admin\6d016b3978128ecc733d3a86706fedbd.php 第 169 行.
NOTIC: [8] Undefined index: limit D:\phpStudy\WWW\MhyShopAdmin\Runtime\Cache\Admin\6d016b3978128ecc733d3a86706fedbd.php 第 170 行.
NOTIC: [8] Undefined index: limit D:\phpStudy\WWW\MhyShopAdmin\Runtime\Cache\Admin\6d016b3978128ecc733d3a86706fedbd.php 第 171 行.
NOTIC: [8] Undefined index: key D:\phpStudy\WWW\MhyShopAdmin\Runtime\Cache\Admin\6d016b3978128ecc733d3a86706fedbd.php 第 178 行.
NOTIC: [8] Undefined index: key D:\phpStudy\WWW\MhyShopAdmin\Runtime\Cache\Admin\6d016b3978128ecc733d3a86706fedbd.php 第 179 行.
NOTIC: [8] Undefined index: key D:\phpStudy\WWW\MhyShopAdmin\Runtime\Cache\Admin\6d016b3978128ecc733d3a86706fedbd.php 第 180 行.
NOTIC: [8] Undefined index: content D:\phpStudy\WWW\MhyShopAdmin\Runtime\Cache\Admin\6d016b3978128ecc733d3a86706fedbd.php 第 186 行.
INFO: Run Behavior\ParseTemplateBehavior [ RunTime:0.018001s ]
INFO: [ view_parse ] --END-- [ RunTime:0.018001s ]
INFO: [ view_filter ] --START--
INFO: Run Behavior\WriteHtmlCacheBehavior [ RunTime:0.001001s ]
INFO: Run Behavior\TokenBuildBehavior [ RunTime:0.000000s ]
INFO: [ view_filter ] --END-- [ RunTime:0.002001s ]
INFO: [ app_end ] --START--
INFO: Run Behavior\ShowPageTraceBehavior [ RunTime:0.000000s ]
INFO: [ app_end ] --END-- [ RunTime:0.000000s ]

[ 2017-08-21T17:46:27+08:00 ] ::1 /MhyShopAdmin/admin.php/Member/index.html
INFO: [ app_init ] --START--
INFO: Run Behavior\BuildLiteBehavior [ RunTime:0.000000s ]
INFO: [ app_init ] --END-- [ RunTime:0.001000s ]
INFO: [ app_begin ] --START--
INFO: Run Behavior\ReadHtmlCacheBehavior [ RunTime:0.000000s ]
INFO: [ app_begin ] --END-- [ RunTime:0.000000s ]
NOTIC: [8] Undefined index: startTime D:\phpStudy\WWW\MhyShopAdmin\shopApp\Admin\Controller\MemberController.class.php 第 11 行.
NOTIC: [8] Undefined index: endTime D:\phpStudy\WWW\MhyShopAdmin\shopApp\Admin\Controller\MemberController.class.php 第 12 行.
NOTIC: [8] Undefined index: content D:\phpStudy\WWW\MhyShopAdmin\shopApp\Admin\Controller\MemberController.class.php 第 26 行.
NOTIC: [8] Undefined index: submit D:\phpStudy\WWW\MhyShopAdmin\shopApp\Admin\Controller\MemberController.class.php 第 35 行.
NOTIC: [8] Undefined index: limit D:\phpStudy\WWW\MhyShopAdmin\shopApp\Admin\Controller\MemberController.class.php 第 39 行.
SQL: SHOW COLUMNS FROM `mhy_member` [ RunTime:0.0120s ]
SQL: SELECT COUNT(*) AS tp_count FROM `mhy_member` LIMIT 1   [ RunTime:0.0000s ]
SQL: SELECT * FROM `mhy_member` ORDER BY member_id desc LIMIT 0,20   [ RunTime:0.0010s ]
NOTIC: [8] A non well formed numeric value encountered D:\phpStudy\WWW\MhyShopAdmin\shopApp\Admin\Common\function.php 第 7 行.
NOTIC: [8] Undefined index: allNum D:\phpStudy\WWW\MhyShopAdmin\shopApp\Admin\Controller\MemberController.class.php 第 45 行.
NOTIC: [8] Undefined index: pageNum D:\phpStudy\WWW\MhyShopAdmin\shopApp\Admin\Controller\MemberController.class.php 第 46 行.
INFO: [ view_parse ] --START--
INFO: [ template_filter ] --START--
INFO: Run Behavior\ContentReplaceBehavior [ RunTime:0.000000s ]
INFO: [ template_filter ] --END-- [ RunTime:0.000000s ]
NOTIC: [8] Undefined index: startTime D:\phpStudy\WWW\MhyShopAdmin\Runtime\Cache\Admin\6d016b3978128ecc733d3a86706fedbd.php 第 160 行.
NOTIC: [8] Undefined index: endTime D:\phpStudy\WWW\MhyShopAdmin\Runtime\Cache\Admin\6d016b3978128ecc733d3a86706fedbd.php 第 164 行.
NOTIC: [8] Undefined index: limit D:\phpStudy\WWW\MhyShopAdmin\Runtime\Cache\Admin\6d016b3978128ecc733d3a86706fedbd.php 第 169 行.
NOTIC: [8] Undefined index: limit D:\phpStudy\WWW\MhyShopAdmin\Runtime\Cache\Admin\6d016b3978128ecc733d3a86706fedbd.php 第 170 行.
NOTIC: [8] Undefined index: limit D:\phpStudy\WWW\MhyShopAdmin\Runtime\Cache\Admin\6d016b3978128ecc733d3a86706fedbd.php 第 171 行.
NOTIC: [8] Undefined index: key D:\phpStudy\WWW\MhyShopAdmin\Runtime\Cache\Admin\6d016b3978128ecc733d3a86706fedbd.php 第 178 行.
NOTIC: [8] Undefined index: key D:\phpStudy\WWW\MhyShopAdmin\Runtime\Cache\Admin\6d016b3978128ecc733d3a86706fedbd.php 第 179 行.
NOTIC: [8] Undefined index: key D:\phpStudy\WWW\MhyShopAdmin\Runtime\Cache\Admin\6d016b3978128ecc733d3a86706fedbd.php 第 180 行.
NOTIC: [8] Undefined index: content D:\phpStudy\WWW\MhyShopAdmin\Runtime\Cache\Admin\6d016b3978128ecc733d3a86706fedbd.php 第 186 行.
INFO: Run Behavior\ParseTemplateBehavior [ RunTime:0.031001s ]
INFO: [ view_parse ] --END-- [ RunTime:0.031001s ]
INFO: [ view_filter ] --START--
INFO: Run Behavior\WriteHtmlCacheBehavior [ RunTime:0.000000s ]
INFO: Run Behavior\TokenBuildBehavior [ RunTime:0.001000s ]
INFO: [ view_filter ] --END-- [ RunTime:0.001000s ]
INFO: [ app_end ] --START--
INFO: Run Behavior\ShowPageTraceBehavior [ RunTime:0.001000s ]
INFO: [ app_end ] --END-- [ RunTime:0.001000s ]

[ 2017-08-21T17:46:33+08:00 ] ::1 /MhyShopAdmin/admin.php/Member/index.html
INFO: [ app_init ] --START--
INFO: Run Behavior\BuildLiteBehavior [ RunTime:0.000000s ]
INFO: [ app_init ] --END-- [ RunTime:0.000000s ]
INFO: [ app_begin ] --START--
INFO: Run Behavior\ReadHtmlCacheBehavior [ RunTime:0.001000s ]
INFO: [ app_begin ] --END-- [ RunTime:0.001000s ]
NOTIC: [8] Undefined index: startTime D:\phpStudy\WWW\MhyShopAdmin\shopApp\Admin\Controller\MemberController.class.php 第 11 行.
NOTIC: [8] Undefined index: endTime D:\phpStudy\WWW\MhyShopAdmin\shopApp\Admin\Controller\MemberController.class.php 第 12 行.
NOTIC: [8] Undefined index: content D:\phpStudy\WWW\MhyShopAdmin\shopApp\Admin\Controller\MemberController.class.php 第 26 行.
NOTIC: [8] Undefined index: submit D:\phpStudy\WWW\MhyShopAdmin\shopApp\Admin\Controller\MemberController.class.php 第 35 行.
NOTIC: [8] Undefined index: limit D:\phpStudy\WWW\MhyShopAdmin\shopApp\Admin\Controller\MemberController.class.php 第 39 行.
SQL: SHOW COLUMNS FROM `mhy_member` [ RunTime:0.0110s ]
SQL: SELECT COUNT(*) AS tp_count FROM `mhy_member` LIMIT 1   [ RunTime:0.0000s ]
SQL: SELECT * FROM `mhy_member` ORDER BY member_id desc LIMIT 0,20   [ RunTime:0.0010s ]
NOTIC: [8] A non well formed numeric value encountered D:\phpStudy\WWW\MhyShopAdmin\shopApp\Admin\Common\function.php 第 7 行.
NOTIC: [8] Undefined index: allNum D:\phpStudy\WWW\MhyShopAdmin\shopApp\Admin\Controller\MemberController.class.php 第 45 行.
NOTIC: [8] Undefined index: pageNum D:\phpStudy\WWW\MhyShopAdmin\shopApp\Admin\Controller\MemberController.class.php 第 46 行.
INFO: [ view_parse ] --START--
INFO: [ template_filter ] --START--
INFO: Run Behavior\ContentReplaceBehavior [ RunTime:0.000000s ]
INFO: [ template_filter ] --END-- [ RunTime:0.000000s ]
NOTIC: [8] Undefined index: startTime D:\phpStudy\WWW\MhyShopAdmin\Runtime\Cache\Admin\6d016b3978128ecc733d3a86706fedbd.php 第 160 行.
NOTIC: [8] Undefined index: endTime D:\phpStudy\WWW\MhyShopAdmin\Runtime\Cache\Admin\6d016b3978128ecc733d3a86706fedbd.php 第 164 行.
NOTIC: [8] Undefined index: limit D:\phpStudy\WWW\MhyShopAdmin\Runtime\Cache\Admin\6d016b3978128ecc733d3a86706fedbd.php 第 169 行.
NOTIC: [8] Undefined index: limit D:\phpStudy\WWW\MhyShopAdmin\Runtime\Cache\Admin\6d016b3978128ecc733d3a86706fedbd.php 第 170 行.
NOTIC: [8] Undefined index: limit D:\phpStudy\WWW\MhyShopAdmin\Runtime\Cache\Admin\6d016b3978128ecc733d3a86706fedbd.php 第 171 行.
NOTIC: [8] Undefined index: key D:\phpStudy\WWW\MhyShopAdmin\Runtime\Cache\Admin\6d016b3978128ecc733d3a86706fedbd.php 第 178 行.
NOTIC: [8] Undefined index: key D:\phpStudy\WWW\MhyShopAdmin\Runtime\Cache\Admin\6d016b3978128ecc733d3a86706fedbd.php 第 179 行.
NOTIC: [8] Undefined index: key D:\phpStudy\WWW\MhyShopAdmin\Runtime\Cache\Admin\6d016b3978128ecc733d3a86706fedbd.php 第 180 行.
NOTIC: [8] Undefined index: content D:\phpStudy\WWW\MhyShopAdmin\Runtime\Cache\Admin\6d016b3978128ecc733d3a86706fedbd.php 第 186 行.
INFO: Run Behavior\ParseTemplateBehavior [ RunTime:0.021001s ]
INFO: [ view_parse ] --END-- [ RunTime:0.021001s ]
INFO: [ view_filter ] --START--
INFO: Run Behavior\WriteHtmlCacheBehavior [ RunTime:0.000000s ]
INFO: Run Behavior\TokenBuildBehavior [ RunTime:0.001000s ]
INFO: [ view_filter ] --END-- [ RunTime:0.001000s ]
INFO: [ app_end ] --START--
INFO: Run Behavior\ShowPageTraceBehavior [ RunTime:0.000000s ]
INFO: [ app_end ] --END-- [ RunTime:0.001000s ]

[ 2017-08-21T17:46:37+08:00 ] ::1 /MhyShopAdmin/admin.php/Member/index.html
INFO: [ app_init ] --START--
INFO: Run Behavior\BuildLiteBehavior [ RunTime:0.000000s ]
INFO: [ app_init ] --END-- [ RunTime:0.001000s ]
INFO: [ app_begin ] --START--
INFO: Run Behavior\ReadHtmlCacheBehavior [ RunTime:0.001000s ]
INFO: [ app_begin ] --END-- [ RunTime:0.001000s ]
NOTIC: [8] Undefined index: startTime D:\phpStudy\WWW\MhyShopAdmin\shopApp\Admin\Controller\MemberController.class.php 第 11 行.
NOTIC: [8] Undefined index: endTime D:\phpStudy\WWW\MhyShopAdmin\shopApp\Admin\Controller\MemberController.class.php 第 12 行.
NOTIC: [8] Undefined index: content D:\phpStudy\WWW\MhyShopAdmin\shopApp\Admin\Controller\MemberController.class.php 第 26 行.
NOTIC: [8] Undefined index: submit D:\phpStudy\WWW\MhyShopAdmin\shopApp\Admin\Controller\MemberController.class.php 第 35 行.
NOTIC: [8] Undefined index: limit D:\phpStudy\WWW\MhyShopAdmin\shopApp\Admin\Controller\MemberController.class.php 第 39 行.
SQL: SHOW COLUMNS FROM `mhy_member` [ RunTime:0.0120s ]
SQL: SELECT COUNT(*) AS tp_count FROM `mhy_member` LIMIT 1   [ RunTime:0.0000s ]
SQL: SELECT * FROM `mhy_member` ORDER BY member_id desc LIMIT 0,20   [ RunTime:0.0010s ]
NOTIC: [8] A non well formed numeric value encountered D:\phpStudy\WWW\MhyShopAdmin\shopApp\Admin\Common\function.php 第 7 行.
NOTIC: [8] Undefined index: allNum D:\phpStudy\WWW\MhyShopAdmin\shopApp\Admin\Controller\MemberController.class.php 第 45 行.
NOTIC: [8] Undefined index: pageNum D:\phpStudy\WWW\MhyShopAdmin\shopApp\Admin\Controller\MemberController.class.php 第 46 行.
INFO: [ view_parse ] --START--
INFO: [ template_filter ] --START--
INFO: Run Behavior\ContentReplaceBehavior [ RunTime:0.000000s ]
INFO: [ template_filter ] --END-- [ RunTime:0.000000s ]
NOTIC: [8] Undefined index: startTime D:\phpStudy\WWW\MhyShopAdmin\Runtime\Cache\Admin\6d016b3978128ecc733d3a86706fedbd.php 第 160 行.
NOTIC: [8] Undefined index: endTime D:\phpStudy\WWW\MhyShopAdmin\Runtime\Cache\Admin\6d016b3978128ecc733d3a86706fedbd.php 第 164 行.
NOTIC: [8] Undefined index: limit D:\phpStudy\WWW\MhyShopAdmin\Runtime\Cache\Admin\6d016b3978128ecc733d3a86706fedbd.php 第 169 行.
NOTIC: [8] Undefined index: limit D:\phpStudy\WWW\MhyShopAdmin\Runtime\Cache\Admin\6d016b3978128ecc733d3a86706fedbd.php 第 170 行.
NOTIC: [8] Undefined index: limit D:\phpStudy\WWW\MhyShopAdmin\Runtime\Cache\Admin\6d016b3978128ecc733d3a86706fedbd.php 第 171 行.
NOTIC: [8] Undefined index: key D:\phpStudy\WWW\MhyShopAdmin\Runtime\Cache\Admin\6d016b3978128ecc733d3a86706fedbd.php 第 178 行.
NOTIC: [8] Undefined index: key D:\phpStudy\WWW\MhyShopAdmin\Runtime\Cache\Admin\6d016b3978128ecc733d3a86706fedbd.php 第 179 行.
NOTIC: [8] Undefined index: key D:\phpStudy\WWW\MhyShopAdmin\Runtime\Cache\Admin\6d016b3978128ecc733d3a86706fedbd.php 第 180 行.
NOTIC: [8] Undefined index: content D:\phpStudy\WWW\MhyShopAdmin\Runtime\Cache\Admin\6d016b3978128ecc733d3a86706fedbd.php 第 186 行.
INFO: Run Behavior\ParseTemplateBehavior [ RunTime:0.021001s ]
INFO: [ view_parse ] --END-- [ RunTime:0.021001s ]
INFO: [ view_filter ] --START--
INFO: Run Behavior\WriteHtmlCacheBehavior [ RunTime:0.000000s ]
INFO: Run Behavior\TokenBuildBehavior [ RunTime:0.001000s ]
INFO: [ view_filter ] --END-- [ RunTime:0.001000s ]
INFO: [ app_end ] --START--
INFO: Run Behavior\ShowPageTraceBehavior [ RunTime:0.003000s ]
INFO: [ app_end ] --END-- [ RunTime:0.003000s ]

[ 2017-08-21T17:46:39+08:00 ] ::1 /MhyShopAdmin/admin.php/Member/index.html
INFO: [ app_init ] --START--
INFO: Run Behavior\BuildLiteBehavior [ RunTime:0.000000s ]
INFO: [ app_init ] --END-- [ RunTime:0.001000s ]
INFO: [ app_begin ] --START--
INFO: Run Behavior\ReadHtmlCacheBehavior [ RunTime:0.000000s ]
INFO: [ app_begin ] --END-- [ RunTime:0.000000s ]
NOTIC: [8] Undefined index: startTime D:\phpStudy\WWW\MhyShopAdmin\shopApp\Admin\Controller\MemberController.class.php 第 11 行.
NOTIC: [8] Undefined index: endTime D:\phpStudy\WWW\MhyShopAdmin\shopApp\Admin\Controller\MemberController.class.php 第 12 行.
NOTIC: [8] Undefined index: content D:\phpStudy\WWW\MhyShopAdmin\shopApp\Admin\Controller\MemberController.class.php 第 26 行.
NOTIC: [8] Undefined index: submit D:\phpStudy\WWW\MhyShopAdmin\shopApp\Admin\Controller\MemberController.class.php 第 35 行.
NOTIC: [8] Undefined index: limit D:\phpStudy\WWW\MhyShopAdmin\shopApp\Admin\Controller\MemberController.class.php 第 39 行.
SQL: SHOW COLUMNS FROM `mhy_member` [ RunTime:0.0100s ]
SQL: SELECT COUNT(*) AS tp_count FROM `mhy_member` LIMIT 1   [ RunTime:0.0010s ]
SQL: SELECT * FROM `mhy_member` ORDER BY member_id desc LIMIT 0,20   [ RunTime:0.0020s ]
NOTIC: [8] A non well formed numeric value encountered D:\phpStudy\WWW\MhyShopAdmin\shopApp\Admin\Common\function.php 第 7 行.
NOTIC: [8] Undefined index: allNum D:\phpStudy\WWW\MhyShopAdmin\shopApp\Admin\Controller\MemberController.class.php 第 45 行.
NOTIC: [8] Undefined index: pageNum D:\phpStudy\WWW\MhyShopAdmin\shopApp\Admin\Controller\MemberController.class.php 第 46 行.
INFO: [ view_parse ] --START--
INFO: [ template_filter ] --START--
INFO: Run Behavior\ContentReplaceBehavior [ RunTime:0.000000s ]
INFO: [ template_filter ] --END-- [ RunTime:0.000000s ]
NOTIC: [8] Undefined index: startTime D:\phpStudy\WWW\MhyShopAdmin\Runtime\Cache\Admin\6d016b3978128ecc733d3a86706fedbd.php 第 160 行.
NOTIC: [8] Undefined index: endTime D:\phpStudy\WWW\MhyShopAdmin\Runtime\Cache\Admin\6d016b3978128ecc733d3a86706fedbd.php 第 164 行.
NOTIC: [8] Undefined index: limit D:\phpStudy\WWW\MhyShopAdmin\Runtime\Cache\Admin\6d016b3978128ecc733d3a86706fedbd.php 第 169 行.
NOTIC: [8] Undefined index: limit D:\phpStudy\WWW\MhyShopAdmin\Runtime\Cache\Admin\6d016b3978128ecc733d3a86706fedbd.php 第 170 行.
NOTIC: [8] Undefined index: limit D:\phpStudy\WWW\MhyShopAdmin\Runtime\Cache\Admin\6d016b3978128ecc733d3a86706fedbd.php 第 171 行.
NOTIC: [8] Undefined index: key D:\phpStudy\WWW\MhyShopAdmin\Runtime\Cache\Admin\6d016b3978128ecc733d3a86706fedbd.php 第 178 行.
NOTIC: [8] Undefined index: key D:\phpStudy\WWW\MhyShopAdmin\Runtime\Cache\Admin\6d016b3978128ecc733d3a86706fedbd.php 第 179 行.
NOTIC: [8] Undefined index: key D:\phpStudy\WWW\MhyShopAdmin\Runtime\Cache\Admin\6d016b3978128ecc733d3a86706fedbd.php 第 180 行.
NOTIC: [8] Undefined index: content D:\phpStudy\WWW\MhyShopAdmin\Runtime\Cache\Admin\6d016b3978128ecc733d3a86706fedbd.php 第 186 行.
INFO: Run Behavior\ParseTemplateBehavior [ RunTime:0.032001s ]
INFO: [ view_parse ] --END-- [ RunTime:0.032001s ]
INFO: [ view_filter ] --START--
INFO: Run Behavior\WriteHtmlCacheBehavior [ RunTime:0.001000s ]
INFO: Run Behavior\TokenBuildBehavior [ RunTime:0.001000s ]
INFO: [ view_filter ] --END-- [ RunTime:0.002000s ]
INFO: [ app_end ] --START--
INFO: Run Behavior\ShowPageTraceBehavior [ RunTime:0.001001s ]
INFO: [ app_end ] --END-- [ RunTime:0.001001s ]

[ 2017-08-21T17:48:42+08:00 ] ::1 /MhyShopAdmin/admin.php/Member/index.html
INFO: [ app_init ] --START--
INFO: Run Behavior\BuildLiteBehavior [ RunTime:0.000000s ]
INFO: [ app_init ] --END-- [ RunTime:0.000000s ]
INFO: [ app_begin ] --START--
INFO: Run Behavior\ReadHtmlCacheBehavior [ RunTime:0.001000s ]
INFO: [ app_begin ] --END-- [ RunTime:0.001000s ]
NOTIC: [8] Undefined index: startTime D:\phpStudy\WWW\MhyShopAdmin\shopApp\Admin\Controller\MemberController.class.php 第 11 行.
NOTIC: [8] Undefined index: endTime D:\phpStudy\WWW\MhyShopAdmin\shopApp\Admin\Controller\MemberController.class.php 第 12 行.
NOTIC: [8] Undefined index: content D:\phpStudy\WWW\MhyShopAdmin\shopApp\Admin\Controller\MemberController.class.php 第 26 行.
NOTIC: [8] Undefined index: submit D:\phpStudy\WWW\MhyShopAdmin\shopApp\Admin\Controller\MemberController.class.php 第 35 行.
NOTIC: [8] Undefined index: limit D:\phpStudy\WWW\MhyShopAdmin\shopApp\Admin\Controller\MemberController.class.php 第 39 行.
SQL: SHOW COLUMNS FROM `mhy_member` [ RunTime:0.0070s ]
SQL: SELECT COUNT(*) AS tp_count FROM `mhy_member` LIMIT 1   [ RunTime:0.0010s ]
SQL: SELECT * FROM `mhy_member` ORDER BY member_id desc LIMIT 0,20   [ RunTime:0.0010s ]
NOTIC: [8] A non well formed numeric value encountered D:\phpStudy\WWW\MhyShopAdmin\shopApp\Admin\Common\function.php 第 7 行.
NOTIC: [8] Undefined index: allNum D:\phpStudy\WWW\MhyShopAdmin\shopApp\Admin\Controller\MemberController.class.php 第 45 行.
NOTIC: [8] Undefined index: pageNum D:\phpStudy\WWW\MhyShopAdmin\shopApp\Admin\Controller\MemberController.class.php 第 46 行.
INFO: [ view_parse ] --START--
INFO: [ template_filter ] --START--
INFO: Run Behavior\ContentReplaceBehavior [ RunTime:0.000000s ]
INFO: [ template_filter ] --END-- [ RunTime:0.000000s ]
NOTIC: [8] Undefined index: startTime D:\phpStudy\WWW\MhyShopAdmin\Runtime\Cache\Admin\6d016b3978128ecc733d3a86706fedbd.php 第 160 行.
NOTIC: [8] Undefined index: endTime D:\phpStudy\WWW\MhyShopAdmin\Runtime\Cache\Admin\6d016b3978128ecc733d3a86706fedbd.php 第 164 行.
NOTIC: [8] Undefined index: limit D:\phpStudy\WWW\MhyShopAdmin\Runtime\Cache\Admin\6d016b3978128ecc733d3a86706fedbd.php 第 169 行.
NOTIC: [8] Undefined index: limit D:\phpStudy\WWW\MhyShopAdmin\Runtime\Cache\Admin\6d016b3978128ecc733d3a86706fedbd.php 第 170 行.
NOTIC: [8] Undefined index: limit D:\phpStudy\WWW\MhyShopAdmin\Runtime\Cache\Admin\6d016b3978128ecc733d3a86706fedbd.php 第 171 行.
NOTIC: [8] Undefined index: key D:\phpStudy\WWW\MhyShopAdmin\Runtime\Cache\Admin\6d016b3978128ecc733d3a86706fedbd.php 第 178 行.
NOTIC: [8] Undefined index: key D:\phpStudy\WWW\MhyShopAdmin\Runtime\Cache\Admin\6d016b3978128ecc733d3a86706fedbd.php 第 179 行.
NOTIC: [8] Undefined index: key D:\phpStudy\WWW\MhyShopAdmin\Runtime\Cache\Admin\6d016b3978128ecc733d3a86706fedbd.php 第 180 行.
NOTIC: [8] Undefined index: content D:\phpStudy\WWW\MhyShopAdmin\Runtime\Cache\Admin\6d016b3978128ecc733d3a86706fedbd.php 第 186 行.
INFO: Run Behavior\ParseTemplateBehavior [ RunTime:0.021001s ]
INFO: [ view_parse ] --END-- [ RunTime:0.021001s ]
INFO: [ view_filter ] --START--
INFO: Run Behavior\WriteHtmlCacheBehavior [ RunTime:0.000000s ]
INFO: Run Behavior\TokenBuildBehavior [ RunTime:0.000000s ]
INFO: [ view_filter ] --END-- [ RunTime:0.001000s ]
INFO: [ app_end ] --START--
INFO: Run Behavior\ShowPageTraceBehavior [ RunTime:0.001000s ]
INFO: [ app_end ] --END-- [ RunTime:0.001000s ]

[ 2017-08-21T17:49:07+08:00 ] ::1 /MhyShopAdmin/admin.php/Admin/index.html
INFO: [ app_init ] --START--
INFO: Run Behavior\BuildLiteBehavior [ RunTime:0.000000s ]
INFO: [ app_init ] --END-- [ RunTime:0.000000s ]
INFO: [ app_begin ] --START--
INFO: Run Behavior\ReadHtmlCacheBehavior [ RunTime:0.001000s ]
INFO: [ app_begin ] --END-- [ RunTime:0.001000s ]
NOTIC: [8] Undefined index: startTime D:\phpStudy\WWW\MhyShopAdmin\shopApp\Admin\Controller\AdminController.class.php 第 10 行.
NOTIC: [8] Undefined index: endTime D:\phpStudy\WWW\MhyShopAdmin\shopApp\Admin\Controller\AdminController.class.php 第 11 行.
NOTIC: [8] Undefined index: content D:\phpStudy\WWW\MhyShopAdmin\shopApp\Admin\Controller\AdminController.class.php 第 25 行.
NOTIC: [8] Undefined index: submit D:\phpStudy\WWW\MhyShopAdmin\shopApp\Admin\Controller\AdminController.class.php 第 34 行.
NOTIC: [8] Undefined index: limit D:\phpStudy\WWW\MhyShopAdmin\shopApp\Admin\Controller\AdminController.class.php 第 38 行.
SQL: SHOW COLUMNS FROM `mhy_admin` [ RunTime:0.0100s ]
SQL: SELECT COUNT(*) AS tp_count FROM `mhy_admin` LIMIT 1   [ RunTime:0.0010s ]
SQL: SELECT * FROM `mhy_admin` ORDER BY admin_id desc LIMIT 0,20   [ RunTime:0.0020s ]
INFO: [ view_parse ] --START--
INFO: [ template_filter ] --START--
INFO: Run Behavior\ContentReplaceBehavior [ RunTime:0.000000s ]
INFO: [ template_filter ] --END-- [ RunTime:0.000000s ]
NOTIC: [8] Undefined index: startTime D:\phpStudy\WWW\MhyShopAdmin\Runtime\Cache\Admin\82856e028dfa032eb610749e1b559641.php 第 154 行.
NOTIC: [8] Undefined index: endTime D:\phpStudy\WWW\MhyShopAdmin\Runtime\Cache\Admin\82856e028dfa032eb610749e1b559641.php 第 158 行.
NOTIC: [8] Undefined index: limit D:\phpStudy\WWW\MhyShopAdmin\Runtime\Cache\Admin\82856e028dfa032eb610749e1b559641.php 第 163 行.
NOTIC: [8] Undefined index: limit D:\phpStudy\WWW\MhyShopAdmin\Runtime\Cache\Admin\82856e028dfa032eb610749e1b559641.php 第 164 行.
NOTIC: [8] Undefined index: limit D:\phpStudy\WWW\MhyShopAdmin\Runtime\Cache\Admin\82856e028dfa032eb610749e1b559641.php 第 165 行.
NOTIC: [8] Undefined index: key D:\phpStudy\WWW\MhyShopAdmin\Runtime\Cache\Admin\82856e028dfa032eb610749e1b559641.php 第 172 行.
NOTIC: [8] Undefined index: key D:\phpStudy\WWW\MhyShopAdmin\Runtime\Cache\Admin\82856e028dfa032eb610749e1b559641.php 第 173 行.
NOTIC: [8] Undefined index: content D:\phpStudy\WWW\MhyShopAdmin\Runtime\Cache\Admin\82856e028dfa032eb610749e1b559641.php 第 178 行.
NOTIC: [8] Undefined index: member_id D:\phpStudy\WWW\MhyShopAdmin\Runtime\Cache\Admin\82856e028dfa032eb610749e1b559641.php 第 208 行.
NOTIC: [8] Undefined index: member_id D:\phpStudy\WWW\MhyShopAdmin\Runtime\Cache\Admin\82856e028dfa032eb610749e1b559641.php 第 208 行.
NOTIC: [8] Undefined index: member_id D:\phpStudy\WWW\MhyShopAdmin\Runtime\Cache\Admin\82856e028dfa032eb610749e1b559641.php 第 208 行.
NOTIC: [8] Undefined index: member_id D:\phpStudy\WWW\MhyShopAdmin\Runtime\Cache\Admin\82856e028dfa032eb610749e1b559641.php 第 208 行.
NOTIC: [8] Undefined index: member_id D:\phpStudy\WWW\MhyShopAdmin\Runtime\Cache\Admin\82856e028dfa032eb610749e1b559641.php 第 208 行.
NOTIC: [8] Undefined index: member_id D:\phpStudy\WWW\MhyShopAdmin\Runtime\Cache\Admin\82856e028dfa032eb610749e1b559641.php 第 208 行.
NOTIC: [8] Undefined index: member_id D:\phpStudy\WWW\MhyShopAdmin\Runtime\Cache\Admin\82856e028dfa032eb610749e1b559641.php 第 208 行.
NOTIC: [8] Undefined index: member_id D:\phpStudy\WWW\MhyShopAdmin\Runtime\Cache\Admin\82856e028dfa032eb610749e1b559641.php 第 208 行.
NOTIC: [8] Undefined index: member_id D:\phpStudy\WWW\MhyShopAdmin\Runtime\Cache\Admin\82856e028dfa032eb610749e1b559641.php 第 208 行.
NOTIC: [8] Undefined index: member_id D:\phpStudy\WWW\MhyShopAdmin\Runtime\Cache\Admin\82856e028dfa032eb610749e1b559641.php 第 208 行.
INFO: Run Behavior\ParseTemplateBehavior [ RunTime:0.023001s ]
INFO: [ view_parse ] --END-- [ RunTime:0.024001s ]
INFO: [ view_filter ] --START--
INFO: Run Behavior\WriteHtmlCacheBehavior [ RunTime:0.000000s ]
INFO: Run Behavior\TokenBuildBehavior [ RunTime:0.001001s ]
INFO: [ view_filter ] --END-- [ RunTime:0.001001s ]
INFO: [ app_end ] --START--
INFO: Run Behavior\ShowPageTraceBehavior [ RunTime:0.001000s ]
INFO: [ app_end ] --END-- [ RunTime:0.001000s ]

[ 2017-08-21T17:53:52+08:00 ] ::1 /MhyShopAdmin/admin.php/Admin/index.html
INFO: [ app_init ] --START--
INFO: Run Behavior\BuildLiteBehavior [ RunTime:0.000000s ]
INFO: [ app_init ] --END-- [ RunTime:0.001001s ]
INFO: [ app_begin ] --START--
INFO: Run Behavior\ReadHtmlCacheBehavior [ RunTime:0.001000s ]
INFO: [ app_begin ] --END-- [ RunTime:0.001000s ]
NOTIC: [8] Undefined index: startTime D:\phpStudy\WWW\MhyShopAdmin\shopApp\Admin\Controller\AdminController.class.php 第 10 行.
NOTIC: [8] Undefined index: endTime D:\phpStudy\WWW\MhyShopAdmin\shopApp\Admin\Controller\AdminController.class.php 第 11 行.
NOTIC: [8] Undefined index: content D:\phpStudy\WWW\MhyShopAdmin\shopApp\Admin\Controller\AdminController.class.php 第 25 行.
NOTIC: [8] Undefined index: submit D:\phpStudy\WWW\MhyShopAdmin\shopApp\Admin\Controller\AdminController.class.php 第 34 行.
NOTIC: [8] Undefined index: limit D:\phpStudy\WWW\MhyShopAdmin\shopApp\Admin\Controller\AdminController.class.php 第 38 行.
SQL: SHOW COLUMNS FROM `mhy_admin` [ RunTime:0.0120s ]
SQL: SELECT COUNT(*) AS tp_count FROM `mhy_admin` LIMIT 1   [ RunTime:0.0010s ]
SQL: SELECT * FROM `mhy_admin` ORDER BY admin_id desc LIMIT 0,20   [ RunTime:0.0010s ]
INFO: [ view_parse ] --START--
INFO: [ template_filter ] --START--
INFO: Run Behavior\ContentReplaceBehavior [ RunTime:0.000000s ]
INFO: [ template_filter ] --END-- [ RunTime:0.000000s ]
NOTIC: [8] Undefined index: startTime D:\phpStudy\WWW\MhyShopAdmin\Runtime\Cache\Admin\82856e028dfa032eb610749e1b559641.php 第 156 行.
NOTIC: [8] Undefined index: endTime D:\phpStudy\WWW\MhyShopAdmin\Runtime\Cache\Admin\82856e028dfa032eb610749e1b559641.php 第 160 行.
NOTIC: [8] Undefined index: limit D:\phpStudy\WWW\MhyShopAdmin\Runtime\Cache\Admin\82856e028dfa032eb610749e1b559641.php 第 165 行.
NOTIC: [8] Undefined index: limit D:\phpStudy\WWW\MhyShopAdmin\Runtime\Cache\Admin\82856e028dfa032eb610749e1b559641.php 第 166 行.
NOTIC: [8] Undefined index: limit D:\phpStudy\WWW\MhyShopAdmin\Runtime\Cache\Admin\82856e028dfa032eb610749e1b559641.php 第 167 行.
NOTIC: [8] Undefined index: key D:\phpStudy\WWW\MhyShopAdmin\Runtime\Cache\Admin\82856e028dfa032eb610749e1b559641.php 第 174 行.
NOTIC: [8] Undefined index: key D:\phpStudy\WWW\MhyShopAdmin\Runtime\Cache\Admin\82856e028dfa032eb610749e1b559641.php 第 175 行.
NOTIC: [8] Undefined index: content D:\phpStudy\WWW\MhyShopAdmin\Runtime\Cache\Admin\82856e028dfa032eb610749e1b559641.php 第 180 行.
NOTIC: [8] Undefined index: member_id D:\phpStudy\WWW\MhyShopAdmin\Runtime\Cache\Admin\82856e028dfa032eb610749e1b559641.php 第 210 行.
NOTIC: [8] Undefined index: member_id D:\phpStudy\WWW\MhyShopAdmin\Runtime\Cache\Admin\82856e028dfa032eb610749e1b559641.php 第 210 行.
NOTIC: [8] Undefined index: member_id D:\phpStudy\WWW\MhyShopAdmin\Runtime\Cache\Admin\82856e028dfa032eb610749e1b559641.php 第 210 行.
NOTIC: [8] Undefined index: member_id D:\phpStudy\WWW\MhyShopAdmin\Runtime\Cache\Admin\82856e028dfa032eb610749e1b559641.php 第 210 行.
NOTIC: [8] Undefined index: member_id D:\phpStudy\WWW\MhyShopAdmin\Runtime\Cache\Admin\82856e028dfa032eb610749e1b559641.php 第 210 行.
NOTIC: [8] Undefined index: member_id D:\phpStudy\WWW\MhyShopAdmin\Runtime\Cache\Admin\82856e028dfa032eb610749e1b559641.php 第 210 行.
NOTIC: [8] Undefined index: member_id D:\phpStudy\WWW\MhyShopAdmin\Runtime\Cache\Admin\82856e028dfa032eb610749e1b559641.php 第 210 行.
NOTIC: [8] Undefined index: member_id D:\phpStudy\WWW\MhyShopAdmin\Runtime\Cache\Admin\82856e028dfa032eb610749e1b559641.php 第 210 行.
NOTIC: [8] Undefined index: member_id D:\phpStudy\WWW\MhyShopAdmin\Runtime\Cache\Admin\82856e028dfa032eb610749e1b559641.php 第 210 行.
NOTIC: [8] Undefined index: member_id D:\phpStudy\WWW\MhyShopAdmin\Runtime\Cache\Admin\82856e028dfa032eb610749e1b559641.php 第 210 行.
INFO: Run Behavior\ParseTemplateBehavior [ RunTime:0.030002s ]
INFO: [ view_parse ] --END-- [ RunTime:0.030002s ]
INFO: [ view_filter ] --START--
INFO: Run Behavior\WriteHtmlCacheBehavior [ RunTime:0.000000s ]
INFO: Run Behavior\TokenBuildBehavior [ RunTime:0.000000s ]
INFO: [ view_filter ] --END-- [ RunTime:0.000000s ]
INFO: [ app_end ] --START--
INFO: Run Behavior\ShowPageTraceBehavior [ RunTime:0.001000s ]
INFO: [ app_end ] --END-- [ RunTime:0.001000s ]

[ 2017-08-21T17:54:25+08:00 ] ::1 /MhyShopAdmin/admin.php/Admin/index.html
INFO: [ app_init ] --START--
INFO: Run Behavior\BuildLiteBehavior [ RunTime:0.000000s ]
INFO: [ app_init ] --END-- [ RunTime:0.001000s ]
INFO: [ app_begin ] --START--
INFO: Run Behavior\ReadHtmlCacheBehavior [ RunTime:0.000000s ]
INFO: [ app_begin ] --END-- [ RunTime:0.000000s ]
NOTIC: [8] Undefined index: startTime D:\phpStudy\WWW\MhyShopAdmin\shopApp\Admin\Controller\AdminController.class.php 第 10 行.
NOTIC: [8] Undefined index: endTime D:\phpStudy\WWW\MhyShopAdmin\shopApp\Admin\Controller\AdminController.class.php 第 11 行.
NOTIC: [8] Undefined index: content D:\phpStudy\WWW\MhyShopAdmin\shopApp\Admin\Controller\AdminController.class.php 第 25 行.
NOTIC: [8] Undefined index: submit D:\phpStudy\WWW\MhyShopAdmin\shopApp\Admin\Controller\AdminController.class.php 第 34 行.
NOTIC: [8] Undefined index: limit D:\phpStudy\WWW\MhyShopAdmin\shopApp\Admin\Controller\AdminController.class.php 第 38 行.
SQL: SHOW COLUMNS FROM `mhy_admin` [ RunTime:0.0070s ]
SQL: SELECT COUNT(*) AS tp_count FROM `mhy_admin` LIMIT 1   [ RunTime:0.0010s ]
SQL: SELECT * FROM `mhy_admin` ORDER BY admin_id desc LIMIT 0,20   [ RunTime:0.0010s ]
INFO: [ view_parse ] --START--
INFO: [ template_filter ] --START--
INFO: Run Behavior\ContentReplaceBehavior [ RunTime:0.000000s ]
INFO: [ template_filter ] --END-- [ RunTime:0.000000s ]
NOTIC: [8] Undefined index: startTime D:\phpStudy\WWW\MhyShopAdmin\Runtime\Cache\Admin\82856e028dfa032eb610749e1b559641.php 第 156 行.
NOTIC: [8] Undefined index: endTime D:\phpStudy\WWW\MhyShopAdmin\Runtime\Cache\Admin\82856e028dfa032eb610749e1b559641.php 第 160 行.
NOTIC: [8] Undefined index: limit D:\phpStudy\WWW\MhyShopAdmin\Runtime\Cache\Admin\82856e028dfa032eb610749e1b559641.php 第 165 行.
NOTIC: [8] Undefined index: limit D:\phpStudy\WWW\MhyShopAdmin\Runtime\Cache\Admin\82856e028dfa032eb610749e1b559641.php 第 166 行.
NOTIC: [8] Undefined index: limit D:\phpStudy\WWW\MhyShopAdmin\Runtime\Cache\Admin\82856e028dfa032eb610749e1b559641.php 第 167 行.
NOTIC: [8] Undefined index: key D:\phpStudy\WWW\MhyShopAdmin\Runtime\Cache\Admin\82856e028dfa032eb610749e1b559641.php 第 174 行.
NOTIC: [8] Undefined index: key D:\phpStudy\WWW\MhyShopAdmin\Runtime\Cache\Admin\82856e028dfa032eb610749e1b559641.php 第 175 行.
NOTIC: [8] Undefined index: content D:\phpStudy\WWW\MhyShopAdmin\Runtime\Cache\Admin\82856e028dfa032eb610749e1b559641.php 第 180 行.
NOTIC: [8] Undefined index: member_id D:\phpStudy\WWW\MhyShopAdmin\Runtime\Cache\Admin\82856e028dfa032eb610749e1b559641.php 第 210 行.
NOTIC: [8] Undefined index: member_id D:\phpStudy\WWW\MhyShopAdmin\Runtime\Cache\Admin\82856e028dfa032eb610749e1b559641.php 第 210 行.
NOTIC: [8] Undefined index: member_id D:\phpStudy\WWW\MhyShopAdmin\Runtime\Cache\Admin\82856e028dfa032eb610749e1b559641.php 第 210 行.
NOTIC: [8] Undefined index: member_id D:\phpStudy\WWW\MhyShopAdmin\Runtime\Cache\Admin\82856e028dfa032eb610749e1b559641.php 第 210 行.
NOTIC: [8] Undefined index: member_id D:\phpStudy\WWW\MhyShopAdmin\Runtime\Cache\Admin\82856e028dfa032eb610749e1b559641.php 第 210 行.
NOTIC: [8] Undefined index: member_id D:\phpStudy\WWW\MhyShopAdmin\Runtime\Cache\Admin\82856e028dfa032eb610749e1b559641.php 第 210 行.
NOTIC: [8] Undefined index: member_id D:\phpStudy\WWW\MhyShopAdmin\Runtime\Cache\Admin\82856e028dfa032eb610749e1b559641.php 第 210 行.
NOTIC: [8] Undefined index: member_id D:\phpStudy\WWW\MhyShopAdmin\Runtime\Cache\Admin\82856e028dfa032eb610749e1b559641.php 第 210 行.
NOTIC: [8] Undefined index: member_id D:\phpStudy\WWW\MhyShopAdmin\Runtime\Cache\Admin\82856e028dfa032eb610749e1b559641.php 第 210 行.
NOTIC: [8] Undefined index: member_id D:\phpStudy\WWW\MhyShopAdmin\Runtime\Cache\Admin\82856e028dfa032eb610749e1b559641.php 第 210 行.
INFO: Run Behavior\ParseTemplateBehavior [ RunTime:0.016001s ]
INFO: [ view_parse ] --END-- [ RunTime:0.016001s ]
INFO: [ view_filter ] --START--
INFO: Run Behavior\WriteHtmlCacheBehavior [ RunTime:0.000000s ]
INFO: Run Behavior\TokenBuildBehavior [ RunTime:0.001000s ]
INFO: [ view_filter ] --END-- [ RunTime:0.001000s ]
INFO: [ app_end ] --START--
INFO: Run Behavior\ShowPageTraceBehavior [ RunTime:0.001000s ]
INFO: [ app_end ] --END-- [ RunTime:0.001000s ]

[ 2017-08-21T17:55:28+08:00 ] ::1 /MhyShopAdmin/admin.php/Admin/index.html
INFO: [ app_init ] --START--
INFO: Run Behavior\BuildLiteBehavior [ RunTime:0.000000s ]
INFO: [ app_init ] --END-- [ RunTime:0.001001s ]
INFO: [ app_begin ] --START--
INFO: Run Behavior\ReadHtmlCacheBehavior [ RunTime:0.001000s ]
INFO: [ app_begin ] --END-- [ RunTime:0.001000s ]
NOTIC: [8] Undefined index: startTime D:\phpStudy\WWW\MhyShopAdmin\shopApp\Admin\Controller\AdminController.class.php 第 10 行.
NOTIC: [8] Undefined index: endTime D:\phpStudy\WWW\MhyShopAdmin\shopApp\Admin\Controller\AdminController.class.php 第 11 行.
NOTIC: [8] Undefined index: content D:\phpStudy\WWW\MhyShopAdmin\shopApp\Admin\Controller\AdminController.class.php 第 25 行.
NOTIC: [8] Undefined index: submit D:\phpStudy\WWW\MhyShopAdmin\shopApp\Admin\Controller\AdminController.class.php 第 34 行.
NOTIC: [8] Undefined index: limit D:\phpStudy\WWW\MhyShopAdmin\shopApp\Admin\Controller\AdminController.class.php 第 38 行.
SQL: SHOW COLUMNS FROM `mhy_admin` [ RunTime:0.0130s ]
SQL: SELECT COUNT(*) AS tp_count FROM `mhy_admin` LIMIT 1   [ RunTime:0.0010s ]
SQL: SELECT * FROM `mhy_admin` ORDER BY admin_id desc LIMIT 0,20   [ RunTime:0.0010s ]
INFO: [ view_parse ] --START--
INFO: [ template_filter ] --START--
INFO: Run Behavior\ContentReplaceBehavior [ RunTime:0.000000s ]
INFO: [ template_filter ] --END-- [ RunTime:0.001000s ]
NOTIC: [8] Undefined index: startTime D:\phpStudy\WWW\MhyShopAdmin\Runtime\Cache\Admin\82856e028dfa032eb610749e1b559641.php 第 156 行.
NOTIC: [8] Undefined index: endTime D:\phpStudy\WWW\MhyShopAdmin\Runtime\Cache\Admin\82856e028dfa032eb610749e1b559641.php 第 160 行.
NOTIC: [8] Undefined index: limit D:\phpStudy\WWW\MhyShopAdmin\Runtime\Cache\Admin\82856e028dfa032eb610749e1b559641.php 第 165 行.
NOTIC: [8] Undefined index: limit D:\phpStudy\WWW\MhyShopAdmin\Runtime\Cache\Admin\82856e028dfa032eb610749e1b559641.php 第 166 行.
NOTIC: [8] Undefined index: limit D:\phpStudy\WWW\MhyShopAdmin\Runtime\Cache\Admin\82856e028dfa032eb610749e1b559641.php 第 167 行.
NOTIC: [8] Undefined index: key D:\phpStudy\WWW\MhyShopAdmin\Runtime\Cache\Admin\82856e028dfa032eb610749e1b559641.php 第 174 行.
NOTIC: [8] Undefined index: key D:\phpStudy\WWW\MhyShopAdmin\Runtime\Cache\Admin\82856e028dfa032eb610749e1b559641.php 第 175 行.
NOTIC: [8] Undefined index: content D:\phpStudy\WWW\MhyShopAdmin\Runtime\Cache\Admin\82856e028dfa032eb610749e1b559641.php 第 180 行.
NOTIC: [8] Undefined index: member_id D:\phpStudy\WWW\MhyShopAdmin\Runtime\Cache\Admin\82856e028dfa032eb610749e1b559641.php 第 210 行.
NOTIC: [8] Undefined index: member_id D:\phpStudy\WWW\MhyShopAdmin\Runtime\Cache\Admin\82856e028dfa032eb610749e1b559641.php 第 210 行.
NOTIC: [8] Undefined index: member_id D:\phpStudy\WWW\MhyShopAdmin\Runtime\Cache\Admin\82856e028dfa032eb610749e1b559641.php 第 210 行.
NOTIC: [8] Undefined index: member_id D:\phpStudy\WWW\MhyShopAdmin\Runtime\Cache\Admin\82856e028dfa032eb610749e1b559641.php 第 210 行.
NOTIC: [8] Undefined index: member_id D:\phpStudy\WWW\MhyShopAdmin\Runtime\Cache\Admin\82856e028dfa032eb610749e1b559641.php 第 210 行.
NOTIC: [8] Undefined index: member_id D:\phpStudy\WWW\MhyShopAdmin\Runtime\Cache\Admin\82856e028dfa032eb610749e1b559641.php 第 210 行.
NOTIC: [8] Undefined index: member_id D:\phpStudy\WWW\MhyShopAdmin\Runtime\Cache\Admin\82856e028dfa032eb610749e1b559641.php 第 210 行.
NOTIC: [8] Undefined index: member_id D:\phpStudy\WWW\MhyShopAdmin\Runtime\Cache\Admin\82856e028dfa032eb610749e1b559641.php 第 210 行.
NOTIC: [8] Undefined index: member_id D:\phpStudy\WWW\MhyShopAdmin\Runtime\Cache\Admin\82856e028dfa032eb610749e1b559641.php 第 210 行.
NOTIC: [8] Undefined index: member_id D:\phpStudy\WWW\MhyShopAdmin\Runtime\Cache\Admin\82856e028dfa032eb610749e1b559641.php 第 210 行.
INFO: Run Behavior\ParseTemplateBehavior [ RunTime:0.028001s ]
INFO: [ view_parse ] --END-- [ RunTime:0.029001s ]
INFO: [ view_filter ] --START--
INFO: Run Behavior\WriteHtmlCacheBehavior [ RunTime:0.000000s ]
INFO: Run Behavior\TokenBuildBehavior [ RunTime:0.001000s ]
INFO: [ view_filter ] --END-- [ RunTime:0.001000s ]
INFO: [ app_end ] --START--
INFO: Run Behavior\ShowPageTraceBehavior [ RunTime:0.001000s ]
INFO: [ app_end ] --END-- [ RunTime:0.001000s ]

[ 2017-08-21T17:56:48+08:00 ] ::1 /MhyShopAdmin/admin.php/Admin/index.html
INFO: [ app_init ] --START--
INFO: Run Behavior\BuildLiteBehavior [ RunTime:0.000000s ]
INFO: [ app_init ] --END-- [ RunTime:0.001000s ]
INFO: [ app_begin ] --START--
INFO: Run Behavior\ReadHtmlCacheBehavior [ RunTime:0.001000s ]
INFO: [ app_begin ] --END-- [ RunTime:0.001000s ]
NOTIC: [8] Undefined index: startTime D:\phpStudy\WWW\MhyShopAdmin\shopApp\Admin\Controller\AdminController.class.php 第 10 行.
NOTIC: [8] Undefined index: endTime D:\phpStudy\WWW\MhyShopAdmin\shopApp\Admin\Controller\AdminController.class.php 第 11 行.
NOTIC: [8] Undefined index: content D:\phpStudy\WWW\MhyShopAdmin\shopApp\Admin\Controller\AdminController.class.php 第 25 行.
NOTIC: [8] Undefined index: submit D:\phpStudy\WWW\MhyShopAdmin\shopApp\Admin\Controller\AdminController.class.php 第 34 行.
NOTIC: [8] Undefined index: limit D:\phpStudy\WWW\MhyShopAdmin\shopApp\Admin\Controller\AdminController.class.php 第 38 行.
SQL: SHOW COLUMNS FROM `mhy_admin` [ RunTime:0.0100s ]
SQL: SELECT COUNT(*) AS tp_count FROM `mhy_admin` LIMIT 1   [ RunTime:0.0000s ]
SQL: SELECT * FROM `mhy_admin` ORDER BY admin_id desc LIMIT 0,20   [ RunTime:0.0010s ]
INFO: [ view_parse ] --START--
INFO: [ template_filter ] --START--
INFO: Run Behavior\ContentReplaceBehavior [ RunTime:0.000000s ]
INFO: [ template_filter ] --END-- [ RunTime:0.000000s ]
NOTIC: [8] Undefined index: startTime D:\phpStudy\WWW\MhyShopAdmin\Runtime\Cache\Admin\82856e028dfa032eb610749e1b559641.php 第 160 行.
NOTIC: [8] Undefined index: endTime D:\phpStudy\WWW\MhyShopAdmin\Runtime\Cache\Admin\82856e028dfa032eb610749e1b559641.php 第 164 行.
NOTIC: [8] Undefined index: limit D:\phpStudy\WWW\MhyShopAdmin\Runtime\Cache\Admin\82856e028dfa032eb610749e1b559641.php 第 169 行.
NOTIC: [8] Undefined index: limit D:\phpStudy\WWW\MhyShopAdmin\Runtime\Cache\Admin\82856e028dfa032eb610749e1b559641.php 第 170 行.
NOTIC: [8] Undefined index: limit D:\phpStudy\WWW\MhyShopAdmin\Runtime\Cache\Admin\82856e028dfa032eb610749e1b559641.php 第 171 行.
NOTIC: [8] Undefined index: key D:\phpStudy\WWW\MhyShopAdmin\Runtime\Cache\Admin\82856e028dfa032eb610749e1b559641.php 第 178 行.
NOTIC: [8] Undefined index: key D:\phpStudy\WWW\MhyShopAdmin\Runtime\Cache\Admin\82856e028dfa032eb610749e1b559641.php 第 179 行.
NOTIC: [8] Undefined index: content D:\phpStudy\WWW\MhyShopAdmin\Runtime\Cache\Admin\82856e028dfa032eb610749e1b559641.php 第 184 行.
NOTIC: [8] Undefined index: member_id D:\phpStudy\WWW\MhyShopAdmin\Runtime\Cache\Admin\82856e028dfa032eb610749e1b559641.php 第 214 行.
NOTIC: [8] Undefined index: member_id D:\phpStudy\WWW\MhyShopAdmin\Runtime\Cache\Admin\82856e028dfa032eb610749e1b559641.php 第 214 行.
NOTIC: [8] Undefined index: member_id D:\phpStudy\WWW\MhyShopAdmin\Runtime\Cache\Admin\82856e028dfa032eb610749e1b559641.php 第 214 行.
NOTIC: [8] Undefined index: member_id D:\phpStudy\WWW\MhyShopAdmin\Runtime\Cache\Admin\82856e028dfa032eb610749e1b559641.php 第 214 行.
NOTIC: [8] Undefined index: member_id D:\phpStudy\WWW\MhyShopAdmin\Runtime\Cache\Admin\82856e028dfa032eb610749e1b559641.php 第 214 行.
NOTIC: [8] Undefined index: member_id D:\phpStudy\WWW\MhyShopAdmin\Runtime\Cache\Admin\82856e028dfa032eb610749e1b559641.php 第 214 行.
NOTIC: [8] Undefined index: member_id D:\phpStudy\WWW\MhyShopAdmin\Runtime\Cache\Admin\82856e028dfa032eb610749e1b559641.php 第 214 行.
NOTIC: [8] Undefined index: member_id D:\phpStudy\WWW\MhyShopAdmin\Runtime\Cache\Admin\82856e028dfa032eb610749e1b559641.php 第 214 行.
NOTIC: [8] Undefined index: member_id D:\phpStudy\WWW\MhyShopAdmin\Runtime\Cache\Admin\82856e028dfa032eb610749e1b559641.php 第 214 行.
NOTIC: [8] Undefined index: member_id D:\phpStudy\WWW\MhyShopAdmin\Runtime\Cache\Admin\82856e028dfa032eb610749e1b559641.php 第 214 行.
INFO: Run Behavior\ParseTemplateBehavior [ RunTime:0.023002s ]
INFO: [ view_parse ] --END-- [ RunTime:0.023002s ]
INFO: [ view_filter ] --START--
INFO: Run Behavior\WriteHtmlCacheBehavior [ RunTime:0.001000s ]
INFO: Run Behavior\TokenBuildBehavior [ RunTime:0.000000s ]
INFO: [ view_filter ] --END-- [ RunTime:0.001000s ]
INFO: [ app_end ] --START--
INFO: Run Behavior\ShowPageTraceBehavior [ RunTime:0.000000s ]
INFO: [ app_end ] --END-- [ RunTime:0.000000s ]

[ 2017-08-21T18:05:31+08:00 ] ::1 /MhyShopAdmin/admin.php/Admin/index.html
INFO: [ app_init ] --START--
INFO: Run Behavior\BuildLiteBehavior [ RunTime:0.000000s ]
INFO: [ app_init ] --END-- [ RunTime:0.000000s ]
INFO: [ app_begin ] --START--
INFO: Run Behavior\ReadHtmlCacheBehavior [ RunTime:0.001000s ]
INFO: [ app_begin ] --END-- [ RunTime:0.001000s ]
NOTIC: [8] Undefined index: startTime D:\phpStudy\WWW\MhyShopAdmin\shopApp\Admin\Controller\AdminController.class.php 第 10 行.
NOTIC: [8] Undefined index: endTime D:\phpStudy\WWW\MhyShopAdmin\shopApp\Admin\Controller\AdminController.class.php 第 11 行.
NOTIC: [8] Undefined index: content D:\phpStudy\WWW\MhyShopAdmin\shopApp\Admin\Controller\AdminController.class.php 第 25 行.
NOTIC: [8] Undefined index: submit D:\phpStudy\WWW\MhyShopAdmin\shopApp\Admin\Controller\AdminController.class.php 第 34 行.
NOTIC: [8] Undefined index: limit D:\phpStudy\WWW\MhyShopAdmin\shopApp\Admin\Controller\AdminController.class.php 第 38 行.
SQL: SHOW COLUMNS FROM `mhy_admin` [ RunTime:0.0100s ]
SQL: SELECT COUNT(*) AS tp_count FROM `mhy_admin` LIMIT 1   [ RunTime:0.0010s ]
SQL: SELECT * FROM `mhy_admin` ORDER BY admin_id desc LIMIT 0,20   [ RunTime:0.0000s ]
INFO: [ view_parse ] --START--
INFO: [ template_filter ] --START--
INFO: Run Behavior\ContentReplaceBehavior [ RunTime:0.000000s ]
INFO: [ template_filter ] --END-- [ RunTime:0.000000s ]
NOTIC: [8] Undefined index: startTime D:\phpStudy\WWW\MhyShopAdmin\Runtime\Cache\Admin\82856e028dfa032eb610749e1b559641.php 第 160 行.
NOTIC: [8] Undefined index: endTime D:\phpStudy\WWW\MhyShopAdmin\Runtime\Cache\Admin\82856e028dfa032eb610749e1b559641.php 第 164 行.
NOTIC: [8] Undefined index: limit D:\phpStudy\WWW\MhyShopAdmin\Runtime\Cache\Admin\82856e028dfa032eb610749e1b559641.php 第 169 行.
NOTIC: [8] Undefined index: limit D:\phpStudy\WWW\MhyShopAdmin\Runtime\Cache\Admin\82856e028dfa032eb610749e1b559641.php 第 170 行.
NOTIC: [8] Undefined index: limit D:\phpStudy\WWW\MhyShopAdmin\Runtime\Cache\Admin\82856e028dfa032eb610749e1b559641.php 第 171 行.
NOTIC: [8] Undefined index: key D:\phpStudy\WWW\MhyShopAdmin\Runtime\Cache\Admin\82856e028dfa032eb610749e1b559641.php 第 178 行.
NOTIC: [8] Undefined index: key D:\phpStudy\WWW\MhyShopAdmin\Runtime\Cache\Admin\82856e028dfa032eb610749e1b559641.php 第 179 行.
NOTIC: [8] Undefined index: content D:\phpStudy\WWW\MhyShopAdmin\Runtime\Cache\Admin\82856e028dfa032eb610749e1b559641.php 第 184 行.
NOTIC: [8] Undefined index: member_id D:\phpStudy\WWW\MhyShopAdmin\Runtime\Cache\Admin\82856e028dfa032eb610749e1b559641.php 第 214 行.
NOTIC: [8] Undefined index: member_id D:\phpStudy\WWW\MhyShopAdmin\Runtime\Cache\Admin\82856e028dfa032eb610749e1b559641.php 第 214 行.
NOTIC: [8] Undefined index: member_id D:\phpStudy\WWW\MhyShopAdmin\Runtime\Cache\Admin\82856e028dfa032eb610749e1b559641.php 第 214 行.
NOTIC: [8] Undefined index: member_id D:\phpStudy\WWW\MhyShopAdmin\Runtime\Cache\Admin\82856e028dfa032eb610749e1b559641.php 第 214 行.
NOTIC: [8] Undefined index: member_id D:\phpStudy\WWW\MhyShopAdmin\Runtime\Cache\Admin\82856e028dfa032eb610749e1b559641.php 第 214 行.
NOTIC: [8] Undefined index: member_id D:\phpStudy\WWW\MhyShopAdmin\Runtime\Cache\Admin\82856e028dfa032eb610749e1b559641.php 第 214 行.
NOTIC: [8] Undefined index: member_id D:\phpStudy\WWW\MhyShopAdmin\Runtime\Cache\Admin\82856e028dfa032eb610749e1b559641.php 第 214 行.
NOTIC: [8] Undefined index: member_id D:\phpStudy\WWW\MhyShopAdmin\Runtime\Cache\Admin\82856e028dfa032eb610749e1b559641.php 第 214 行.
NOTIC: [8] Undefined index: member_id D:\phpStudy\WWW\MhyShopAdmin\Runtime\Cache\Admin\82856e028dfa032eb610749e1b559641.php 第 214 行.
NOTIC: [8] Undefined index: member_id D:\phpStudy\WWW\MhyShopAdmin\Runtime\Cache\Admin\82856e028dfa032eb610749e1b559641.php 第 214 行.
INFO: Run Behavior\ParseTemplateBehavior [ RunTime:0.017001s ]
INFO: [ view_parse ] --END-- [ RunTime:0.017001s ]
INFO: [ view_filter ] --START--
INFO: Run Behavior\WriteHtmlCacheBehavior [ RunTime:0.000000s ]
INFO: Run Behavior\TokenBuildBehavior [ RunTime:0.000000s ]
INFO: [ view_filter ] --END-- [ RunTime:0.000000s ]
INFO: [ app_end ] --START--
INFO: Run Behavior\ShowPageTraceBehavior [ RunTime:0.001000s ]
INFO: [ app_end ] --END-- [ RunTime:0.001000s ]

[ 2017-08-21T18:05:33+08:00 ] ::1 /MhyShopAdmin/admin.php/Member/index.html
INFO: [ app_init ] --START--
INFO: Run Behavior\BuildLiteBehavior [ RunTime:0.000000s ]
INFO: [ app_init ] --END-- [ RunTime:0.000000s ]
INFO: [ app_begin ] --START--
INFO: Run Behavior\ReadHtmlCacheBehavior [ RunTime:0.001000s ]
INFO: [ app_begin ] --END-- [ RunTime:0.001000s ]
NOTIC: [8] Undefined index: startTime D:\phpStudy\WWW\MhyShopAdmin\shopApp\Admin\Controller\MemberController.class.php 第 11 行.
NOTIC: [8] Undefined index: endTime D:\phpStudy\WWW\MhyShopAdmin\shopApp\Admin\Controller\MemberController.class.php 第 12 行.
NOTIC: [8] Undefined index: content D:\phpStudy\WWW\MhyShopAdmin\shopApp\Admin\Controller\MemberController.class.php 第 26 行.
NOTIC: [8] Undefined index: submit D:\phpStudy\WWW\MhyShopAdmin\shopApp\Admin\Controller\MemberController.class.php 第 35 行.
NOTIC: [8] Undefined index: limit D:\phpStudy\WWW\MhyShopAdmin\shopApp\Admin\Controller\MemberController.class.php 第 39 行.
SQL: SHOW COLUMNS FROM `mhy_member` [ RunTime:0.0180s ]
SQL: SELECT COUNT(*) AS tp_count FROM `mhy_member` LIMIT 1   [ RunTime:0.0000s ]
SQL: SELECT * FROM `mhy_member` ORDER BY member_id desc LIMIT 0,20   [ RunTime:0.0020s ]
NOTIC: [8] A non well formed numeric value encountered D:\phpStudy\WWW\MhyShopAdmin\shopApp\Admin\Common\function.php 第 7 行.
NOTIC: [8] Undefined index: allNum D:\phpStudy\WWW\MhyShopAdmin\shopApp\Admin\Controller\MemberController.class.php 第 45 行.
NOTIC: [8] Undefined index: pageNum D:\phpStudy\WWW\MhyShopAdmin\shopApp\Admin\Controller\MemberController.class.php 第 46 行.
INFO: [ view_parse ] --START--
INFO: [ template_filter ] --START--
INFO: Run Behavior\ContentReplaceBehavior [ RunTime:0.000000s ]
INFO: [ template_filter ] --END-- [ RunTime:0.000000s ]
NOTIC: [8] Undefined index: startTime D:\phpStudy\WWW\MhyShopAdmin\Runtime\Cache\Admin\6d016b3978128ecc733d3a86706fedbd.php 第 166 行.
NOTIC: [8] Undefined index: endTime D:\phpStudy\WWW\MhyShopAdmin\Runtime\Cache\Admin\6d016b3978128ecc733d3a86706fedbd.php 第 170 行.
NOTIC: [8] Undefined index: limit D:\phpStudy\WWW\MhyShopAdmin\Runtime\Cache\Admin\6d016b3978128ecc733d3a86706fedbd.php 第 175 行.
NOTIC: [8] Undefined index: limit D:\phpStudy\WWW\MhyShopAdmin\Runtime\Cache\Admin\6d016b3978128ecc733d3a86706fedbd.php 第 176 行.
NOTIC: [8] Undefined index: limit D:\phpStudy\WWW\MhyShopAdmin\Runtime\Cache\Admin\6d016b3978128ecc733d3a86706fedbd.php 第 177 行.
NOTIC: [8] Undefined index: key D:\phpStudy\WWW\MhyShopAdmin\Runtime\Cache\Admin\6d016b3978128ecc733d3a86706fedbd.php 第 184 行.
NOTIC: [8] Undefined index: key D:\phpStudy\WWW\MhyShopAdmin\Runtime\Cache\Admin\6d016b3978128ecc733d3a86706fedbd.php 第 185 行.
NOTIC: [8] Undefined index: key D:\phpStudy\WWW\MhyShopAdmin\Runtime\Cache\Admin\6d016b3978128ecc733d3a86706fedbd.php 第 186 行.
NOTIC: [8] Undefined index: content D:\phpStudy\WWW\MhyShopAdmin\Runtime\Cache\Admin\6d016b3978128ecc733d3a86706fedbd.php 第 192 行.
INFO: Run Behavior\ParseTemplateBehavior [ RunTime:0.016001s ]
INFO: [ view_parse ] --END-- [ RunTime:0.016001s ]
INFO: [ view_filter ] --START--
INFO: Run Behavior\WriteHtmlCacheBehavior [ RunTime:0.000000s ]
INFO: Run Behavior\TokenBuildBehavior [ RunTime:0.001000s ]
INFO: [ view_filter ] --END-- [ RunTime:0.001000s ]
INFO: [ app_end ] --START--
INFO: Run Behavior\ShowPageTraceBehavior [ RunTime:0.001000s ]
INFO: [ app_end ] --END-- [ RunTime:0.001000s ]

[ 2017-08-21T18:05:40+08:00 ] ::1 /MhyShopAdmin/admin.php/Order/index.html
INFO: [ app_init ] --START--
INFO: Run Behavior\BuildLiteBehavior [ RunTime:0.000000s ]
INFO: [ app_init ] --END-- [ RunTime:0.001000s ]
INFO: [ app_begin ] --START--
INFO: Run Behavior\ReadHtmlCacheBehavior [ RunTime:0.001000s ]
INFO: [ app_begin ] --END-- [ RunTime:0.001000s ]
NOTIC: [8] Undefined index: startTime D:\phpStudy\WWW\MhyShopAdmin\shopApp\Admin\Controller\OrderController.class.php 第 11 行.
NOTIC: [8] Undefined index: endTime D:\phpStudy\WWW\MhyShopAdmin\shopApp\Admin\Controller\OrderController.class.php 第 12 行.
NOTIC: [8] Undefined index: order_status D:\phpStudy\WWW\MhyShopAdmin\shopApp\Admin\Controller\OrderController.class.php 第 26 行.
NOTIC: [8] Undefined index: content D:\phpStudy\WWW\MhyShopAdmin\shopApp\Admin\Controller\OrderController.class.php 第 30 行.
NOTIC: [8] Undefined index: submit D:\phpStudy\WWW\MhyShopAdmin\shopApp\Admin\Controller\OrderController.class.php 第 40 行.
NOTIC: [8] Undefined index: limit D:\phpStudy\WWW\MhyShopAdmin\shopApp\Admin\Controller\OrderController.class.php 第 44 行.
SQL: SHOW COLUMNS FROM `mhy_order` [ RunTime:0.0100s ]
SQL: SELECT COUNT(*) AS tp_count FROM `mhy_order` LIMIT 1   [ RunTime:0.0010s ]
SQL: SELECT * FROM `mhy_order` ORDER BY order_id desc LIMIT 0,20   [ RunTime:0.0010s ]
INFO: [ view_parse ] --START--
INFO: [ template_filter ] --START--
INFO: Run Behavior\ContentReplaceBehavior [ RunTime:0.000000s ]
INFO: [ template_filter ] --END-- [ RunTime:0.000000s ]
NOTIC: [8] Undefined index: startTime D:\phpStudy\WWW\MhyShopAdmin\Runtime\Cache\Admin\1f56f2de80515e17f2ef8ecb757d4465.php 第 158 行.
NOTIC: [8] Undefined index: endTime D:\phpStudy\WWW\MhyShopAdmin\Runtime\Cache\Admin\1f56f2de80515e17f2ef8ecb757d4465.php 第 162 行.
NOTIC: [8] Undefined index: order_status D:\phpStudy\WWW\MhyShopAdmin\Runtime\Cache\Admin\1f56f2de80515e17f2ef8ecb757d4465.php 第 168 行.
NOTIC: [8] Undefined index: order_status D:\phpStudy\WWW\MhyShopAdmin\Runtime\Cache\Admin\1f56f2de80515e17f2ef8ecb757d4465.php 第 169 行.
NOTIC: [8] Undefined index: order_status D:\phpStudy\WWW\MhyShopAdmin\Runtime\Cache\Admin\1f56f2de80515e17f2ef8ecb757d4465.php 第 170 行.
NOTIC: [8] Undefined index: order_status D:\phpStudy\WWW\MhyShopAdmin\Runtime\Cache\Admin\1f56f2de80515e17f2ef8ecb757d4465.php 第 172 行.
NOTIC: [8] Undefined index: order_status D:\phpStudy\WWW\MhyShopAdmin\Runtime\Cache\Admin\1f56f2de80515e17f2ef8ecb757d4465.php 第 173 行.
NOTIC: [8] Undefined index: order_status D:\phpStudy\WWW\MhyShopAdmin\Runtime\Cache\Admin\1f56f2de80515e17f2ef8ecb757d4465.php 第 174 行.
NOTIC: [8] Undefined index: limit D:\phpStudy\WWW\MhyShopAdmin\Runtime\Cache\Admin\1f56f2de80515e17f2ef8ecb757d4465.php 第 183 行.
NOTIC: [8] Undefined index: limit D:\phpStudy\WWW\MhyShopAdmin\Runtime\Cache\Admin\1f56f2de80515e17f2ef8ecb757d4465.php 第 184 行.
NOTIC: [8] Undefined index: limit D:\phpStudy\WWW\MhyShopAdmin\Runtime\Cache\Admin\1f56f2de80515e17f2ef8ecb757d4465.php 第 185 行.
NOTIC: [8] Undefined index: key D:\phpStudy\WWW\MhyShopAdmin\Runtime\Cache\Admin\1f56f2de80515e17f2ef8ecb757d4465.php 第 192 行.
NOTIC: [8] Undefined index: key D:\phpStudy\WWW\MhyShopAdmin\Runtime\Cache\Admin\1f56f2de80515e17f2ef8ecb757d4465.php 第 193 行.
NOTIC: [8] Undefined index: key D:\phpStudy\WWW\MhyShopAdmin\Runtime\Cache\Admin\1f56f2de80515e17f2ef8ecb757d4465.php 第 194 行.
NOTIC: [8] Undefined index: key D:\phpStudy\WWW\MhyShopAdmin\Runtime\Cache\Admin\1f56f2de80515e17f2ef8ecb757d4465.php 第 195 行.
NOTIC: [8] Undefined index: content D:\phpStudy\WWW\MhyShopAdmin\Runtime\Cache\Admin\1f56f2de80515e17f2ef8ecb757d4465.php 第 201 行.
NOTIC: [8] Undefined index: member_id D:\phpStudy\WWW\MhyShopAdmin\Runtime\Cache\Admin\1f56f2de80515e17f2ef8ecb757d4465.php 第 243 行.
NOTIC: [8] Undefined index: member_id D:\phpStudy\WWW\MhyShopAdmin\Runtime\Cache\Admin\1f56f2de80515e17f2ef8ecb757d4465.php 第 266 行.
NOTIC: [8] Undefined index: member_id D:\phpStudy\WWW\MhyShopAdmin\Runtime\Cache\Admin\1f56f2de80515e17f2ef8ecb757d4465.php 第 266 行.
NOTIC: [8] Undefined index: member_id D:\phpStudy\WWW\MhyShopAdmin\Runtime\Cache\Admin\1f56f2de80515e17f2ef8ecb757d4465.php 第 243 行.
NOTIC: [8] Undefined index: member_id D:\phpStudy\WWW\MhyShopAdmin\Runtime\Cache\Admin\1f56f2de80515e17f2ef8ecb757d4465.php 第 266 行.
NOTIC: [8] Undefined index: member_id D:\phpStudy\WWW\MhyShopAdmin\Runtime\Cache\Admin\1f56f2de80515e17f2ef8ecb757d4465.php 第 266 行.
NOTIC: [8] Undefined index: member_id D:\phpStudy\WWW\MhyShopAdmin\Runtime\Cache\Admin\1f56f2de80515e17f2ef8ecb757d4465.php 第 243 行.
NOTIC: [8] Undefined index: member_id D:\phpStudy\WWW\MhyShopAdmin\Runtime\Cache\Admin\1f56f2de80515e17f2ef8ecb757d4465.php 第 266 行.
NOTIC: [8] Undefined index: member_id D:\phpStudy\WWW\MhyShopAdmin\Runtime\Cache\Admin\1f56f2de80515e17f2ef8ecb757d4465.php 第 266 行.
NOTIC: [8] Undefined index: member_id D:\phpStudy\WWW\MhyShopAdmin\Runtime\Cache\Admin\1f56f2de80515e17f2ef8ecb757d4465.php 第 243 行.
NOTIC: [8] Undefined index: member_id D:\phpStudy\WWW\MhyShopAdmin\Runtime\Cache\Admin\1f56f2de80515e17f2ef8ecb757d4465.php 第 266 行.
NOTIC: [8] Undefined index: member_id D:\phpStudy\WWW\MhyShopAdmin\Runtime\Cache\Admin\1f56f2de80515e17f2ef8ecb757d4465.php 第 266 行.
NOTIC: [8] Undefined index: member_id D:\phpStudy\WWW\MhyShopAdmin\Runtime\Cache\Admin\1f56f2de80515e17f2ef8ecb757d4465.php 第 243 行.
NOTIC: [8] Undefined index: member_id D:\phpStudy\WWW\MhyShopAdmin\Runtime\Cache\Admin\1f56f2de80515e17f2ef8ecb757d4465.php 第 266 行.
NOTIC: [8] Undefined index: member_id D:\phpStudy\WWW\MhyShopAdmin\Runtime\Cache\Admin\1f56f2de80515e17f2ef8ecb757d4465.php 第 266 行.
NOTIC: [8] Undefined index: member_id D:\phpStudy\WWW\MhyShopAdmin\Runtime\Cache\Admin\1f56f2de80515e17f2ef8ecb757d4465.php 第 243 行.
NOTIC: [8] Undefined index: member_id D:\phpStudy\WWW\MhyShopAdmin\Runtime\Cache\Admin\1f56f2de80515e17f2ef8ecb757d4465.php 第 266 行.
NOTIC: [8] Undefined index: member_id D:\phpStudy\WWW\MhyShopAdmin\Runtime\Cache\Admin\1f56f2de80515e17f2ef8ecb757d4465.php 第 266 行.
NOTIC: [8] Undefined index: member_id D:\phpStudy\WWW\MhyShopAdmin\Runtime\Cache\Admin\1f56f2de80515e17f2ef8ecb757d4465.php 第 243 行.
NOTIC: [8] Undefined index: member_id D:\phpStudy\WWW\MhyShopAdmin\Runtime\Cache\Admin\1f56f2de80515e17f2ef8ecb757d4465.php 第 266 行.
NOTIC: [8] Undefined index: member_id D:\phpStudy\WWW\MhyShopAdmin\Runtime\Cache\Admin\1f56f2de80515e17f2ef8ecb757d4465.php 第 266 行.
NOTIC: [8] Undefined index: member_id D:\phpStudy\WWW\MhyShopAdmin\Runtime\Cache\Admin\1f56f2de80515e17f2ef8ecb757d4465.php 第 243 行.
NOTIC: [8] Undefined index: member_id D:\phpStudy\WWW\MhyShopAdmin\Runtime\Cache\Admin\1f56f2de80515e17f2ef8ecb757d4465.php 第 266 行.
NOTIC: [8] Undefined index: member_id D:\phpStudy\WWW\MhyShopAdmin\Runtime\Cache\Admin\1f56f2de80515e17f2ef8ecb757d4465.php 第 266 行.
NOTIC: [8] Undefined index: member_id D:\phpStudy\WWW\MhyShopAdmin\Runtime\Cache\Admin\1f56f2de80515e17f2ef8ecb757d4465.php 第 243 行.
NOTIC: [8] Undefined index: member_id D:\phpStudy\WWW\MhyShopAdmin\Runtime\Cache\Admin\1f56f2de80515e17f2ef8ecb757d4465.php 第 266 行.
NOTIC: [8] Undefined index: member_id D:\phpStudy\WWW\MhyShopAdmin\Runtime\Cache\Admin\1f56f2de80515e17f2ef8ecb757d4465.php 第 266 行.
NOTIC: [8] Undefined index: member_id D:\phpStudy\WWW\MhyShopAdmin\Runtime\Cache\Admin\1f56f2de80515e17f2ef8ecb757d4465.php 第 243 行.
NOTIC: [8] Undefined index: member_id D:\phpStudy\WWW\MhyShopAdmin\Runtime\Cache\Admin\1f56f2de80515e17f2ef8ecb757d4465.php 第 266 行.
NOTIC: [8] Undefined index: member_id D:\phpStudy\WWW\MhyShopAdmin\Runtime\Cache\Admin\1f56f2de80515e17f2ef8ecb757d4465.php 第 266 行.
NOTIC: [8] Undefined index: member_id D:\phpStudy\WWW\MhyShopAdmin\Runtime\Cache\Admin\1f56f2de80515e17f2ef8ecb757d4465.php 第 243 行.
NOTIC: [8] Undefined index: member_id D:\phpStudy\WWW\MhyShopAdmin\Runtime\Cache\Admin\1f56f2de80515e17f2ef8ecb757d4465.php 第 266 行.
NOTIC: [8] Undefined index: member_id D:\phpStudy\WWW\MhyShopAdmin\Runtime\Cache\Admin\1f56f2de80515e17f2ef8ecb757d4465.php 第 266 行.
NOTIC: [8] Undefined index: member_id D:\phpStudy\WWW\MhyShopAdmin\Runtime\Cache\Admin\1f56f2de80515e17f2ef8ecb757d4465.php 第 243 行.
NOTIC: [8] Undefined index: member_id D:\phpStudy\WWW\MhyShopAdmin\Runtime\Cache\Admin\1f56f2de80515e17f2ef8ecb757d4465.php 第 266 行.
NOTIC: [8] Undefined index: member_id D:\phpStudy\WWW\MhyShopAdmin\Runtime\Cache\Admin\1f56f2de80515e17f2ef8ecb757d4465.php 第 266 行.
NOTIC: [8] Undefined index: member_id D:\phpStudy\WWW\MhyShopAdmin\Runtime\Cache\Admin\1f56f2de80515e17f2ef8ecb757d4465.php 第 243 行.
NOTIC: [8] Undefined index: member_id D:\phpStudy\WWW\MhyShopAdmin\Runtime\Cache\Admin\1f56f2de80515e17f2ef8ecb757d4465.php 第 266 行.
NOTIC: [8] Undefined index: member_id D:\phpStudy\WWW\MhyShopAdmin\Runtime\Cache\Admin\1f56f2de80515e17f2ef8ecb757d4465.php 第 266 行.
NOTIC: [8] Undefined index: member_id D:\phpStudy\WWW\MhyShopAdmin\Runtime\Cache\Admin\1f56f2de80515e17f2ef8ecb757d4465.php 第 243 行.
NOTIC: [8] Undefined index: member_id D:\phpStudy\WWW\MhyShopAdmin\Runtime\Cache\Admin\1f56f2de80515e17f2ef8ecb757d4465.php 第 266 行.
NOTIC: [8] Undefined index: member_id D:\phpStudy\WWW\MhyShopAdmin\Runtime\Cache\Admin\1f56f2de80515e17f2ef8ecb757d4465.php 第 266 行.
NOTIC: [8] Undefined index: member_id D:\phpStudy\WWW\MhyShopAdmin\Runtime\Cache\Admin\1f56f2de80515e17f2ef8ecb757d4465.php 第 243 行.
NOTIC: [8] Undefined index: member_id D:\phpStudy\WWW\MhyShopAdmin\Runtime\Cache\Admin\1f56f2de80515e17f2ef8ecb757d4465.php 第 266 行.
NOTIC: [8] Undefined index: member_id D:\phpStudy\WWW\MhyShopAdmin\Runtime\Cache\Admin\1f56f2de80515e17f2ef8ecb757d4465.php 第 266 行.
NOTIC: [8] Undefined index: member_id D:\phpStudy\WWW\MhyShopAdmin\Runtime\Cache\Admin\1f56f2de80515e17f2ef8ecb757d4465.php 第 243 行.
NOTIC: [8] Undefined index: member_id D:\phpStudy\WWW\MhyShopAdmin\Runtime\Cache\Admin\1f56f2de80515e17f2ef8ecb757d4465.php 第 266 行.
NOTIC: [8] Undefined index: member_id D:\phpStudy\WWW\MhyShopAdmin\Runtime\Cache\Admin\1f56f2de80515e17f2ef8ecb757d4465.php 第 266 行.
NOTIC: [8] Undefined index: member_id D:\phpStudy\WWW\MhyShopAdmin\Runtime\Cache\Admin\1f56f2de80515e17f2ef8ecb757d4465.php 第 243 行.
NOTIC: [8] Undefined index: member_id D:\phpStudy\WWW\MhyShopAdmin\Runtime\Cache\Admin\1f56f2de80515e17f2ef8ecb757d4465.php 第 266 行.
NOTIC: [8] Undefined index: member_id D:\phpStudy\WWW\MhyShopAdmin\Runtime\Cache\Admin\1f56f2de80515e17f2ef8ecb757d4465.php 第 266 行.
NOTIC: [8] Undefined index: member_id D:\phpStudy\WWW\MhyShopAdmin\Runtime\Cache\Admin\1f56f2de80515e17f2ef8ecb757d4465.php 第 243 行.
NOTIC: [8] Undefined index: member_id D:\phpStudy\WWW\MhyShopAdmin\Runtime\Cache\Admin\1f56f2de80515e17f2ef8ecb757d4465.php 第 266 行.
NOTIC: [8] Undefined index: member_id D:\phpStudy\WWW\MhyShopAdmin\Runtime\Cache\Admin\1f56f2de80515e17f2ef8ecb757d4465.php 第 266 行.
NOTIC: [8] Undefined index: member_id D:\phpStudy\WWW\MhyShopAdmin\Runtime\Cache\Admin\1f56f2de80515e17f2ef8ecb757d4465.php 第 243 行.
NOTIC: [8] Undefined index: member_id D:\phpStudy\WWW\MhyShopAdmin\Runtime\Cache\Admin\1f56f2de80515e17f2ef8ecb757d4465.php 第 266 行.
NOTIC: [8] Undefined index: member_id D:\phpStudy\WWW\MhyShopAdmin\Runtime\Cache\Admin\1f56f2de80515e17f2ef8ecb757d4465.php 第 266 行.
NOTIC: [8] Undefined index: member_id D:\phpStudy\WWW\MhyShopAdmin\Runtime\Cache\Admin\1f56f2de80515e17f2ef8ecb757d4465.php 第 243 行.
NOTIC: [8] Undefined index: member_id D:\phpStudy\WWW\MhyShopAdmin\Runtime\Cache\Admin\1f56f2de80515e17f2ef8ecb757d4465.php 第 266 行.
NOTIC: [8] Undefined index: member_id D:\phpStudy\WWW\MhyShopAdmin\Runtime\Cache\Admin\1f56f2de80515e17f2ef8ecb757d4465.php 第 266 行.
INFO: Run Behavior\ParseTemplateBehavior [ RunTime:0.071004s ]
INFO: [ view_parse ] --END-- [ RunTime:0.071004s ]
INFO: [ view_filter ] --START--
INFO: Run Behavior\WriteHtmlCacheBehavior [ RunTime:0.001000s ]
INFO: Run Behavior\TokenBuildBehavior [ RunTime:0.001000s ]
INFO: [ view_filter ] --END-- [ RunTime:0.002000s ]
INFO: [ app_end ] --START--
INFO: Run Behavior\ShowPageTraceBehavior [ RunTime:0.001000s ]
INFO: [ app_end ] --END-- [ RunTime:0.001000s ]

[ 2017-08-21T18:05:42+08:00 ] ::1 /MhyShopAdmin/admin.php/Category/index.html
INFO: [ app_init ] --START--
INFO: Run Behavior\BuildLiteBehavior [ RunTime:0.000000s ]
INFO: [ app_init ] --END-- [ RunTime:0.001000s ]
INFO: [ app_begin ] --START--
INFO: Run Behavior\ReadHtmlCacheBehavior [ RunTime:0.001000s ]
INFO: [ app_begin ] --END-- [ RunTime:0.001000s ]
NOTIC: [8] Undefined index: submit D:\phpStudy\WWW\MhyShopAdmin\shopApp\Admin\Controller\CategoryController.class.php 第 11 行.
SQL: SHOW COLUMNS FROM `mhy_category` [ RunTime:0.0100s ]
SQL: SELECT * FROM `mhy_category` ORDER BY category_sort desc  [ RunTime:0.0010s ]
NOTIC: [8] Undefined variable: parentid D:\phpStudy\WWW\MhyShopAdmin\ThinkPHP3.2\Library\Think\Tree.class.php 第 48 行.
NOTIC: [8] Undefined variable: parentid D:\phpStudy\WWW\MhyShopAdmin\ThinkPHP3.2\Library\Think\Tree.class.php 第 48 行.
NOTIC: [8] Undefined variable: parentid D:\phpStudy\WWW\MhyShopAdmin\ThinkPHP3.2\Library\Think\Tree.class.php 第 48 行.
NOTIC: [8] Undefined variable: parentid D:\phpStudy\WWW\MhyShopAdmin\ThinkPHP3.2\Library\Think\Tree.class.php 第 48 行.
NOTIC: [8] Undefined variable: parentid D:\phpStudy\WWW\MhyShopAdmin\ThinkPHP3.2\Library\Think\Tree.class.php 第 48 行.
NOTIC: [8] Undefined variable: parentid D:\phpStudy\WWW\MhyShopAdmin\ThinkPHP3.2\Library\Think\Tree.class.php 第 48 行.
NOTIC: [8] Undefined variable: parentid D:\phpStudy\WWW\MhyShopAdmin\ThinkPHP3.2\Library\Think\Tree.class.php 第 48 行.
NOTIC: [8] Undefined variable: parentid D:\phpStudy\WWW\MhyShopAdmin\ThinkPHP3.2\Library\Think\Tree.class.php 第 48 行.
NOTIC: [8] Undefined variable: parentid D:\phpStudy\WWW\MhyShopAdmin\ThinkPHP3.2\Library\Think\Tree.class.php 第 48 行.
NOTIC: [8] Undefined variable: parentid D:\phpStudy\WWW\MhyShopAdmin\ThinkPHP3.2\Library\Think\Tree.class.php 第 48 行.
NOTIC: [8] Undefined variable: parentid D:\phpStudy\WWW\MhyShopAdmin\ThinkPHP3.2\Library\Think\Tree.class.php 第 48 行.
NOTIC: [8] Undefined variable: parentid D:\phpStudy\WWW\MhyShopAdmin\ThinkPHP3.2\Library\Think\Tree.class.php 第 48 行.
NOTIC: [8] Undefined variable: parentid D:\phpStudy\WWW\MhyShopAdmin\ThinkPHP3.2\Library\Think\Tree.class.php 第 48 行.
NOTIC: [8] Undefined variable: parentid D:\phpStudy\WWW\MhyShopAdmin\ThinkPHP3.2\Library\Think\Tree.class.php 第 48 行.
NOTIC: [8] Undefined variable: parentid D:\phpStudy\WWW\MhyShopAdmin\ThinkPHP3.2\Library\Think\Tree.class.php 第 48 行.
NOTIC: [8] Undefined variable: parentid D:\phpStudy\WWW\MhyShopAdmin\ThinkPHP3.2\Library\Think\Tree.class.php 第 48 行.
NOTIC: [8] Undefined variable: parentid D:\phpStudy\WWW\MhyShopAdmin\ThinkPHP3.2\Library\Think\Tree.class.php 第 48 行.
NOTIC: [8] Undefined variable: parentid D:\phpStudy\WWW\MhyShopAdmin\ThinkPHP3.2\Library\Think\Tree.class.php 第 48 行.
NOTIC: [8] Undefined variable: parentid D:\phpStudy\WWW\MhyShopAdmin\ThinkPHP3.2\Library\Think\Tree.class.php 第 48 行.
NOTIC: [8] Undefined variable: parentid D:\phpStudy\WWW\MhyShopAdmin\ThinkPHP3.2\Library\Think\Tree.class.php 第 48 行.
NOTIC: [8] Undefined variable: parentid D:\phpStudy\WWW\MhyShopAdmin\ThinkPHP3.2\Library\Think\Tree.class.php 第 48 行.
NOTIC: [8] Undefined variable: parentid D:\phpStudy\WWW\MhyShopAdmin\ThinkPHP3.2\Library\Think\Tree.class.php 第 48 行.
NOTIC: [8] Undefined variable: parentid D:\phpStudy\WWW\MhyShopAdmin\ThinkPHP3.2\Library\Think\Tree.class.php 第 48 行.
NOTIC: [8] Undefined variable: parentid D:\phpStudy\WWW\MhyShopAdmin\ThinkPHP3.2\Library\Think\Tree.class.php 第 48 行.
NOTIC: [8] Undefined variable: parentid D:\phpStudy\WWW\MhyShopAdmin\ThinkPHP3.2\Library\Think\Tree.class.php 第 48 行.
NOTIC: [8] Undefined variable: parentid D:\phpStudy\WWW\MhyShopAdmin\ThinkPHP3.2\Library\Think\Tree.class.php 第 48 行.
NOTIC: [8] Undefined variable: parentid D:\phpStudy\WWW\MhyShopAdmin\ThinkPHP3.2\Library\Think\Tree.class.php 第 48 行.
NOTIC: [8] Undefined variable: parentid D:\phpStudy\WWW\MhyShopAdmin\ThinkPHP3.2\Library\Think\Tree.class.php 第 48 行.
NOTIC: [8] Undefined variable: parentid D:\phpStudy\WWW\MhyShopAdmin\ThinkPHP3.2\Library\Think\Tree.class.php 第 48 行.
NOTIC: [8] Undefined variable: parentid D:\phpStudy\WWW\MhyShopAdmin\ThinkPHP3.2\Library\Think\Tree.class.php 第 48 行.
NOTIC: [8] Undefined variable: parentid D:\phpStudy\WWW\MhyShopAdmin\ThinkPHP3.2\Library\Think\Tree.class.php 第 48 行.
NOTIC: [8] Undefined variable: parentid D:\phpStudy\WWW\MhyShopAdmin\ThinkPHP3.2\Library\Think\Tree.class.php 第 48 行.
NOTIC: [8] Undefined variable: parentid D:\phpStudy\WWW\MhyShopAdmin\ThinkPHP3.2\Library\Think\Tree.class.php 第 48 行.
NOTIC: [8] Undefined variable: parentid D:\phpStudy\WWW\MhyShopAdmin\ThinkPHP3.2\Library\Think\Tree.class.php 第 48 行.
NOTIC: [8] Undefined variable: parentid D:\phpStudy\WWW\MhyShopAdmin\ThinkPHP3.2\Library\Think\Tree.class.php 第 48 行.
NOTIC: [8] Undefined variable: parentid D:\phpStudy\WWW\MhyShopAdmin\ThinkPHP3.2\Library\Think\Tree.class.php 第 48 行.
NOTIC: [8] Undefined variable: parentid D:\phpStudy\WWW\MhyShopAdmin\ThinkPHP3.2\Library\Think\Tree.class.php 第 48 行.
NOTIC: [8] Undefined variable: parentid D:\phpStudy\WWW\MhyShopAdmin\ThinkPHP3.2\Library\Think\Tree.class.php 第 48 行.
NOTIC: [8] Undefined variable: parentid D:\phpStudy\WWW\MhyShopAdmin\ThinkPHP3.2\Library\Think\Tree.class.php 第 48 行.
NOTIC: [8] Undefined variable: parentid D:\phpStudy\WWW\MhyShopAdmin\ThinkPHP3.2\Library\Think\Tree.class.php 第 48 行.
NOTIC: [8] Undefined variable: parentid D:\phpStudy\WWW\MhyShopAdmin\ThinkPHP3.2\Library\Think\Tree.class.php 第 48 行.
NOTIC: [8] Undefined variable: parentid D:\phpStudy\WWW\MhyShopAdmin\ThinkPHP3.2\Library\Think\Tree.class.php 第 48 行.
NOTIC: [8] Undefined variable: parentid D:\phpStudy\WWW\MhyShopAdmin\ThinkPHP3.2\Library\Think\Tree.class.php 第 48 行.
NOTIC: [8] Undefined variable: parentid D:\phpStudy\WWW\MhyShopAdmin\ThinkPHP3.2\Library\Think\Tree.class.php 第 48 行.
NOTIC: [8] Undefined variable: parentid D:\phpStudy\WWW\MhyShopAdmin\ThinkPHP3.2\Library\Think\Tree.class.php 第 48 行.
NOTIC: [8] Undefined variable: parentid D:\phpStudy\WWW\MhyShopAdmin\ThinkPHP3.2\Library\Think\Tree.class.php 第 48 行.
NOTIC: [8] Undefined variable: parentid D:\phpStudy\WWW\MhyShopAdmin\ThinkPHP3.2\Library\Think\Tree.class.php 第 48 行.
NOTIC: [8] Undefined variable: parentid D:\phpStudy\WWW\MhyShopAdmin\ThinkPHP3.2\Library\Think\Tree.class.php 第 48 行.
INFO: [ view_parse ] --START--
INFO: [ template_filter ] --START--
INFO: Run Behavior\ContentReplaceBehavior [ RunTime:0.000000s ]
INFO: [ template_filter ] --END-- [ RunTime:0.000000s ]
INFO: Run Behavior\ParseTemplateBehavior [ RunTime:0.029001s ]
INFO: [ view_parse ] --END-- [ RunTime:0.029001s ]
INFO: [ view_filter ] --START--
INFO: Run Behavior\WriteHtmlCacheBehavior [ RunTime:0.000000s ]
INFO: Run Behavior\TokenBuildBehavior [ RunTime:0.001001s ]
INFO: [ view_filter ] --END-- [ RunTime:0.002001s ]
INFO: [ app_end ] --START--
INFO: Run Behavior\ShowPageTraceBehavior [ RunTime:0.001000s ]
INFO: [ app_end ] --END-- [ RunTime:0.001000s ]

