[ 2017-07-18T09:20:32+08:00 ] ::1 /MhyShopAdmin/admin.php/Member/index/p/1.html
INFO: [ app_init ] --START--
INFO: Run Behavior\BuildLiteBehavior [ RunTime:0.000000s ]
INFO: [ app_init ] --END-- [ RunTime:0.041002s ]
INFO: [ app_begin ] --START--
INFO: Run Behavior\ReadHtmlCacheBehavior [ RunTime:0.007000s ]
INFO: [ app_begin ] --END-- [ RunTime:0.007000s ]
NOTIC: [8] Undefined index: startTime D:\phpStudy\WWW\MhyShopAdmin\shopApp\Admin\Controller\MemberController.class.php 第 11 行.
NOTIC: [8] Undefined index: endTime D:\phpStudy\WWW\MhyShopAdmin\shopApp\Admin\Controller\MemberController.class.php 第 12 行.
NOTIC: [8] Undefined index: content D:\phpStudy\WWW\MhyShopAdmin\shopApp\Admin\Controller\MemberController.class.php 第 26 行.
NOTIC: [8] Undefined index: submit D:\phpStudy\WWW\MhyShopAdmin\shopApp\Admin\Controller\MemberController.class.php 第 35 行.
NOTIC: [8] Undefined index: limit D:\phpStudy\WWW\MhyShopAdmin\shopApp\Admin\Controller\MemberController.class.php 第 39 行.
SQL: SHOW COLUMNS FROM `mhy_member` [ RunTime:0.0540s ]
SQL: SELECT COUNT(*) AS tp_count FROM `mhy_member` LIMIT 1   [ RunTime:0.0000s ]
SQL: SELECT * FROM `mhy_member` ORDER BY member_id desc LIMIT 0,20   [ RunTime:0.0130s ]
NOTIC: [8] Undefined index: allNum D:\phpStudy\WWW\MhyShopAdmin\shopApp\Admin\Controller\MemberController.class.php 第 45 行.
NOTIC: [8] Undefined index: pageNum D:\phpStudy\WWW\MhyShopAdmin\shopApp\Admin\Controller\MemberController.class.php 第 46 行.
INFO: [ view_parse ] --START--
INFO: [ template_filter ] --START--
INFO: Run Behavior\ContentReplaceBehavior [ RunTime:0.020001s ]
INFO: [ template_filter ] --END-- [ RunTime:0.020001s ]
NOTIC: [8] Undefined index: startTime D:\phpStudy\WWW\MhyShopAdmin\Runtime\Cache\Admin\6d016b3978128ecc733d3a86706fedbd.php 第 155 行.
NOTIC: [8] Undefined index: endTime D:\phpStudy\WWW\MhyShopAdmin\Runtime\Cache\Admin\6d016b3978128ecc733d3a86706fedbd.php 第 159 行.
NOTIC: [8] Undefined index: limit D:\phpStudy\WWW\MhyShopAdmin\Runtime\Cache\Admin\6d016b3978128ecc733d3a86706fedbd.php 第 164 行.
NOTIC: [8] Undefined index: limit D:\phpStudy\WWW\MhyShopAdmin\Runtime\Cache\Admin\6d016b3978128ecc733d3a86706fedbd.php 第 165 行.
NOTIC: [8] Undefined index: limit D:\phpStudy\WWW\MhyShopAdmin\Runtime\Cache\Admin\6d016b3978128ecc733d3a86706fedbd.php 第 166 行.
NOTIC: [8] Undefined index: key D:\phpStudy\WWW\MhyShopAdmin\Runtime\Cache\Admin\6d016b3978128ecc733d3a86706fedbd.php 第 173 行.
NOTIC: [8] Undefined index: key D:\phpStudy\WWW\MhyShopAdmin\Runtime\Cache\Admin\6d016b3978128ecc733d3a86706fedbd.php 第 174 行.
NOTIC: [8] Undefined index: key D:\phpStudy\WWW\MhyShopAdmin\Runtime\Cache\Admin\6d016b3978128ecc733d3a86706fedbd.php 第 175 行.
NOTIC: [8] Undefined index: content D:\phpStudy\WWW\MhyShopAdmin\Runtime\Cache\Admin\6d016b3978128ecc733d3a86706fedbd.php 第 181 行.
INFO: Run Behavior\ParseTemplateBehavior [ RunTime:0.155009s ]
INFO: [ view_parse ] --END-- [ RunTime:0.155009s ]
INFO: [ view_filter ] --START--
INFO: Run Behavior\WriteHtmlCacheBehavior [ RunTime:0.022002s ]
INFO: Run Behavior\TokenBuildBehavior [ RunTime:0.023001s ]
INFO: [ view_filter ] --END-- [ RunTime:0.045003s ]
INFO: [ app_end ] --START--
INFO: Run Behavior\ShowPageTraceBehavior [ RunTime:0.006000s ]
INFO: [ app_end ] --END-- [ RunTime:0.006000s ]

[ 2017-07-18T09:20:42+08:00 ] ::1 /MhyShopAdmin/admin.php/Member/index/p/1.html
INFO: [ app_init ] --START--
INFO: Run Behavior\BuildLiteBehavior [ RunTime:0.000000s ]
INFO: [ app_init ] --END-- [ RunTime:0.000000s ]
INFO: [ app_begin ] --START--
INFO: Run Behavior\ReadHtmlCacheBehavior [ RunTime:0.000000s ]
INFO: [ app_begin ] --END-- [ RunTime:0.000000s ]
NOTIC: [8] Undefined index: startTime D:\phpStudy\WWW\MhyShopAdmin\shopApp\Admin\Controller\MemberController.class.php 第 11 行.
NOTIC: [8] Undefined index: endTime D:\phpStudy\WWW\MhyShopAdmin\shopApp\Admin\Controller\MemberController.class.php 第 12 行.
NOTIC: [8] Undefined index: content D:\phpStudy\WWW\MhyShopAdmin\shopApp\Admin\Controller\MemberController.class.php 第 26 行.
NOTIC: [8] Undefined index: submit D:\phpStudy\WWW\MhyShopAdmin\shopApp\Admin\Controller\MemberController.class.php 第 35 行.
NOTIC: [8] Undefined index: limit D:\phpStudy\WWW\MhyShopAdmin\shopApp\Admin\Controller\MemberController.class.php 第 39 行.
SQL: SHOW COLUMNS FROM `mhy_member` [ RunTime:0.0090s ]
SQL: SELECT COUNT(*) AS tp_count FROM `mhy_member` LIMIT 1   [ RunTime:0.0000s ]
SQL: SELECT * FROM `mhy_member` ORDER BY member_id desc LIMIT 0,20   [ RunTime:0.0010s ]
NOTIC: [8] Undefined index: allNum D:\phpStudy\WWW\MhyShopAdmin\shopApp\Admin\Controller\MemberController.class.php 第 45 行.
NOTIC: [8] Undefined index: pageNum D:\phpStudy\WWW\MhyShopAdmin\shopApp\Admin\Controller\MemberController.class.php 第 46 行.
INFO: [ view_parse ] --START--
INFO: [ template_filter ] --START--
INFO: Run Behavior\ContentReplaceBehavior [ RunTime:0.000000s ]
INFO: [ template_filter ] --END-- [ RunTime:0.000000s ]
NOTIC: [8] Undefined index: startTime D:\phpStudy\WWW\MhyShopAdmin\Runtime\Cache\Admin\6d016b3978128ecc733d3a86706fedbd.php 第 155 行.
NOTIC: [8] Undefined index: endTime D:\phpStudy\WWW\MhyShopAdmin\Runtime\Cache\Admin\6d016b3978128ecc733d3a86706fedbd.php 第 159 行.
NOTIC: [8] Undefined index: limit D:\phpStudy\WWW\MhyShopAdmin\Runtime\Cache\Admin\6d016b3978128ecc733d3a86706fedbd.php 第 164 行.
NOTIC: [8] Undefined index: limit D:\phpStudy\WWW\MhyShopAdmin\Runtime\Cache\Admin\6d016b3978128ecc733d3a86706fedbd.php 第 165 行.
NOTIC: [8] Undefined index: limit D:\phpStudy\WWW\MhyShopAdmin\Runtime\Cache\Admin\6d016b3978128ecc733d3a86706fedbd.php 第 166 行.
NOTIC: [8] Undefined index: key D:\phpStudy\WWW\MhyShopAdmin\Runtime\Cache\Admin\6d016b3978128ecc733d3a86706fedbd.php 第 173 行.
NOTIC: [8] Undefined index: key D:\phpStudy\WWW\MhyShopAdmin\Runtime\Cache\Admin\6d016b3978128ecc733d3a86706fedbd.php 第 174 行.
NOTIC: [8] Undefined index: key D:\phpStudy\WWW\MhyShopAdmin\Runtime\Cache\Admin\6d016b3978128ecc733d3a86706fedbd.php 第 175 行.
NOTIC: [8] Undefined index: content D:\phpStudy\WWW\MhyShopAdmin\Runtime\Cache\Admin\6d016b3978128ecc733d3a86706fedbd.php 第 181 行.
INFO: Run Behavior\ParseTemplateBehavior [ RunTime:0.009001s ]
INFO: [ view_parse ] --END-- [ RunTime:0.009001s ]
INFO: [ view_filter ] --START--
INFO: Run Behavior\WriteHtmlCacheBehavior [ RunTime:0.000000s ]
INFO: Run Behavior\TokenBuildBehavior [ RunTime:0.001000s ]
INFO: [ view_filter ] --END-- [ RunTime:0.001000s ]
INFO: [ app_end ] --START--
INFO: Run Behavior\ShowPageTraceBehavior [ RunTime:0.000000s ]
INFO: [ app_end ] --END-- [ RunTime:0.000000s ]

[ 2017-07-18T09:23:08+08:00 ] ::1 /MhyShopAdmin/admin.php/Public/login.html?a
INFO: [ app_init ] --START--
INFO: Run Behavior\BuildLiteBehavior [ RunTime:0.000000s ]
INFO: [ app_init ] --END-- [ RunTime:0.000000s ]
INFO: [ app_begin ] --START--
INFO: Run Behavior\ReadHtmlCacheBehavior [ RunTime:0.000000s ]
INFO: [ app_begin ] --END-- [ RunTime:0.000000s ]
INFO: [ view_parse ] --START--
INFO: [ template_filter ] --START--
INFO: Run Behavior\ContentReplaceBehavior [ RunTime:0.000000s ]
INFO: [ template_filter ] --END-- [ RunTime:0.000000s ]
INFO: Run Behavior\ParseTemplateBehavior [ RunTime:0.061004s ]
INFO: [ view_parse ] --END-- [ RunTime:0.061004s ]
INFO: [ view_filter ] --START--
INFO: Run Behavior\WriteHtmlCacheBehavior [ RunTime:0.000000s ]
INFO: Run Behavior\TokenBuildBehavior [ RunTime:0.001000s ]
INFO: [ view_filter ] --END-- [ RunTime:0.001000s ]
INFO: [ app_end ] --START--
INFO: Run Behavior\ShowPageTraceBehavior [ RunTime:0.000000s ]
INFO: [ app_end ] --END-- [ RunTime:0.000000s ]

[ 2017-07-18T09:23:08+08:00 ] ::1 /MhyShopAdmin/admin.php/Public/js/base.js
INFO: [ app_init ] --START--
INFO: Run Behavior\BuildLiteBehavior [ RunTime:0.000000s ]
INFO: [ app_init ] --END-- [ RunTime:0.000000s ]
INFO: [ app_begin ] --START--
INFO: Run Behavior\ReadHtmlCacheBehavior [ RunTime:0.000000s ]
INFO: [ app_begin ] --END-- [ RunTime:0.000000s ]
ERR: 非法操作:js

[ 2017-07-18T09:23:18+08:00 ] ::1 /MhyShopAdmin/admin.php/Public/login.html
INFO: [ app_init ] --START--
INFO: Run Behavior\BuildLiteBehavior [ RunTime:0.000000s ]
INFO: [ app_init ] --END-- [ RunTime:0.000000s ]
INFO: [ app_begin ] --START--
INFO: Run Behavior\ReadHtmlCacheBehavior [ RunTime:0.000000s ]
INFO: [ app_begin ] --END-- [ RunTime:0.000000s ]
SQL: SHOW COLUMNS FROM `mhy_admin` [ RunTime:0.0620s ]
SQL: SELECT * FROM `mhy_admin` WHERE `admin_name` = 'maoheyuan' LIMIT 1   [ RunTime:0.0010s ]
INFO: [ view_parse ] --START--
INFO: [ template_filter ] --START--
INFO: Run Behavior\ContentReplaceBehavior [ RunTime:0.000000s ]
INFO: [ template_filter ] --END-- [ RunTime:0.000000s ]
INFO: Run Behavior\ParseTemplateBehavior [ RunTime:0.014000s ]
INFO: [ view_parse ] --END-- [ RunTime:0.014000s ]
INFO: [ view_filter ] --START--
INFO: Run Behavior\WriteHtmlCacheBehavior [ RunTime:0.000000s ]
INFO: Run Behavior\TokenBuildBehavior [ RunTime:0.000000s ]
INFO: [ view_filter ] --END-- [ RunTime:0.000000s ]

[ 2017-07-18T09:23:21+08:00 ] ::1 /MhyShopAdmin/admin.php/Public/js/base.js
INFO: [ app_init ] --START--
INFO: Run Behavior\BuildLiteBehavior [ RunTime:0.000000s ]
INFO: [ app_init ] --END-- [ RunTime:0.001000s ]
INFO: [ app_begin ] --START--
INFO: Run Behavior\ReadHtmlCacheBehavior [ RunTime:0.000000s ]
INFO: [ app_begin ] --END-- [ RunTime:0.000000s ]
ERR: 非法操作:js

[ 2017-07-18T09:23:29+08:00 ] ::1 /MhyShopAdmin/admin.php/Public/login.html
INFO: [ app_init ] --START--
INFO: Run Behavior\BuildLiteBehavior [ RunTime:0.000000s ]
INFO: [ app_init ] --END-- [ RunTime:0.000000s ]
INFO: [ app_begin ] --START--
INFO: Run Behavior\ReadHtmlCacheBehavior [ RunTime:0.000000s ]
INFO: [ app_begin ] --END-- [ RunTime:0.000000s ]
SQL: SHOW COLUMNS FROM `mhy_admin` [ RunTime:0.0110s ]
SQL: SELECT * FROM `mhy_admin` WHERE `admin_name` = 'admin' LIMIT 1   [ RunTime:0.0000s ]
INFO: [ view_parse ] --START--
INFO: [ template_filter ] --START--
INFO: Run Behavior\ContentReplaceBehavior [ RunTime:0.000000s ]
INFO: [ template_filter ] --END-- [ RunTime:0.000000s ]
INFO: Run Behavior\ParseTemplateBehavior [ RunTime:0.005000s ]
INFO: [ view_parse ] --END-- [ RunTime:0.005000s ]
INFO: [ view_filter ] --START--
INFO: Run Behavior\WriteHtmlCacheBehavior [ RunTime:0.001000s ]
INFO: Run Behavior\TokenBuildBehavior [ RunTime:0.000000s ]
INFO: [ view_filter ] --END-- [ RunTime:0.001000s ]
INFO: [ app_end ] --START--
INFO: Run Behavior\ShowPageTraceBehavior [ RunTime:0.000000s ]
INFO: [ app_end ] --END-- [ RunTime:0.000000s ]

[ 2017-07-18T09:23:32+08:00 ] ::1 /MhyShopAdmin/admin.php/Index/index.html
INFO: [ app_init ] --START--
INFO: Run Behavior\BuildLiteBehavior [ RunTime:0.000000s ]
INFO: [ app_init ] --END-- [ RunTime:0.001000s ]
INFO: [ app_begin ] --START--
INFO: Run Behavior\ReadHtmlCacheBehavior [ RunTime:0.000000s ]
INFO: [ app_begin ] --END-- [ RunTime:0.000000s ]
SQL: SHOW COLUMNS FROM `mhy_member` [ RunTime:0.0110s ]
SQL: SELECT COUNT(*) AS tp_count FROM `mhy_member` LIMIT 1   [ RunTime:0.0000s ]
SQL: SHOW COLUMNS FROM `mhy_order` [ RunTime:0.0780s ]
SQL: SELECT COUNT(*) AS tp_count FROM `mhy_order` LIMIT 1   [ RunTime:0.0000s ]
SQL: SHOW COLUMNS FROM `mhy_goods` [ RunTime:0.0460s ]
SQL: SELECT COUNT(*) AS tp_count FROM `mhy_goods` LIMIT 1   [ RunTime:0.0000s ]
SQL: SHOW COLUMNS FROM `mhy_category` [ RunTime:0.0580s ]
SQL: SELECT COUNT(*) AS tp_count FROM `mhy_category` LIMIT 1   [ RunTime:0.0000s ]
SQL: SHOW COLUMNS FROM `mhy_order_goods` [ RunTime:0.4560s ]
SQL: SELECT COUNT(*) AS tp_count FROM `mhy_order_goods` LIMIT 1   [ RunTime:0.0100s ]
SQL: SHOW COLUMNS FROM `mhy_admin` [ RunTime:0.0200s ]
SQL: SELECT COUNT(*) AS tp_count FROM `mhy_admin` LIMIT 1   [ RunTime:0.0000s ]
INFO: [ view_parse ] --START--
INFO: [ template_filter ] --START--
INFO: Run Behavior\ContentReplaceBehavior [ RunTime:0.000000s ]
INFO: [ template_filter ] --END-- [ RunTime:0.000000s ]
INFO: Run Behavior\ParseTemplateBehavior [ RunTime:0.023002s ]
INFO: [ view_parse ] --END-- [ RunTime:0.023002s ]
INFO: [ view_filter ] --START--
INFO: Run Behavior\WriteHtmlCacheBehavior [ RunTime:0.000000s ]
INFO: Run Behavior\TokenBuildBehavior [ RunTime:0.001000s ]
INFO: [ view_filter ] --END-- [ RunTime:0.001000s ]
INFO: [ app_end ] --START--
INFO: Run Behavior\ShowPageTraceBehavior [ RunTime:0.000000s ]
INFO: [ app_end ] --END-- [ RunTime:0.000000s ]

[ 2017-07-18T09:23:37+08:00 ] ::1 /MhyShopAdmin/admin.php/Index/index.html
INFO: [ app_init ] --START--
INFO: Run Behavior\BuildLiteBehavior [ RunTime:0.000000s ]
INFO: [ app_init ] --END-- [ RunTime:0.000000s ]
INFO: [ app_begin ] --START--
INFO: Run Behavior\ReadHtmlCacheBehavior [ RunTime:0.001000s ]
INFO: [ app_begin ] --END-- [ RunTime:0.001000s ]
SQL: SHOW COLUMNS FROM `mhy_member` [ RunTime:0.0110s ]
SQL: SELECT COUNT(*) AS tp_count FROM `mhy_member` LIMIT 1   [ RunTime:0.0000s ]
SQL: SHOW COLUMNS FROM `mhy_order` [ RunTime:0.0090s ]
SQL: SELECT COUNT(*) AS tp_count FROM `mhy_order` LIMIT 1   [ RunTime:0.0000s ]
SQL: SHOW COLUMNS FROM `mhy_goods` [ RunTime:0.0120s ]
SQL: SELECT COUNT(*) AS tp_count FROM `mhy_goods` LIMIT 1   [ RunTime:0.0000s ]
SQL: SHOW COLUMNS FROM `mhy_category` [ RunTime:0.0080s ]
SQL: SELECT COUNT(*) AS tp_count FROM `mhy_category` LIMIT 1   [ RunTime:0.0010s ]
SQL: SHOW COLUMNS FROM `mhy_order_goods` [ RunTime:0.0090s ]
SQL: SELECT COUNT(*) AS tp_count FROM `mhy_order_goods` LIMIT 1   [ RunTime:0.0010s ]
SQL: SHOW COLUMNS FROM `mhy_admin` [ RunTime:0.0090s ]
SQL: SELECT COUNT(*) AS tp_count FROM `mhy_admin` LIMIT 1   [ RunTime:0.0000s ]
INFO: [ view_parse ] --START--
INFO: [ template_filter ] --START--
INFO: Run Behavior\ContentReplaceBehavior [ RunTime:0.000000s ]
INFO: [ template_filter ] --END-- [ RunTime:0.000000s ]
INFO: Run Behavior\ParseTemplateBehavior [ RunTime:0.006000s ]
INFO: [ view_parse ] --END-- [ RunTime:0.006000s ]
INFO: [ view_filter ] --START--
INFO: Run Behavior\WriteHtmlCacheBehavior [ RunTime:0.000000s ]
INFO: Run Behavior\TokenBuildBehavior [ RunTime:0.001000s ]
INFO: [ view_filter ] --END-- [ RunTime:0.001000s ]
INFO: [ app_end ] --START--
INFO: Run Behavior\ShowPageTraceBehavior [ RunTime:0.000000s ]
INFO: [ app_end ] --END-- [ RunTime:0.000000s ]

[ 2017-07-18T09:23:39+08:00 ] ::1 /MhyShopAdmin/admin.php/Member/index.html
INFO: [ app_init ] --START--
INFO: Run Behavior\BuildLiteBehavior [ RunTime:0.000000s ]
INFO: [ app_init ] --END-- [ RunTime:0.000000s ]
INFO: [ app_begin ] --START--
INFO: Run Behavior\ReadHtmlCacheBehavior [ RunTime:0.000000s ]
INFO: [ app_begin ] --END-- [ RunTime:0.000000s ]
NOTIC: [8] Undefined index: startTime D:\phpStudy\WWW\MhyShopAdmin\shopApp\Admin\Controller\MemberController.class.php 第 11 行.
NOTIC: [8] Undefined index: endTime D:\phpStudy\WWW\MhyShopAdmin\shopApp\Admin\Controller\MemberController.class.php 第 12 行.
NOTIC: [8] Undefined index: content D:\phpStudy\WWW\MhyShopAdmin\shopApp\Admin\Controller\MemberController.class.php 第 26 行.
NOTIC: [8] Undefined index: submit D:\phpStudy\WWW\MhyShopAdmin\shopApp\Admin\Controller\MemberController.class.php 第 35 行.
NOTIC: [8] Undefined index: limit D:\phpStudy\WWW\MhyShopAdmin\shopApp\Admin\Controller\MemberController.class.php 第 39 行.
SQL: SHOW COLUMNS FROM `mhy_member` [ RunTime:0.0140s ]
SQL: SELECT COUNT(*) AS tp_count FROM `mhy_member` LIMIT 1   [ RunTime:0.0000s ]
SQL: SELECT * FROM `mhy_member` ORDER BY member_id desc LIMIT 0,20   [ RunTime:0.0010s ]
NOTIC: [8] Undefined index: allNum D:\phpStudy\WWW\MhyShopAdmin\shopApp\Admin\Controller\MemberController.class.php 第 45 行.
NOTIC: [8] Undefined index: pageNum D:\phpStudy\WWW\MhyShopAdmin\shopApp\Admin\Controller\MemberController.class.php 第 46 行.
INFO: [ view_parse ] --START--
INFO: [ template_filter ] --START--
INFO: Run Behavior\ContentReplaceBehavior [ RunTime:0.000000s ]
INFO: [ template_filter ] --END-- [ RunTime:0.000000s ]
NOTIC: [8] Undefined index: startTime D:\phpStudy\WWW\MhyShopAdmin\Runtime\Cache\Admin\6d016b3978128ecc733d3a86706fedbd.php 第 155 行.
NOTIC: [8] Undefined index: endTime D:\phpStudy\WWW\MhyShopAdmin\Runtime\Cache\Admin\6d016b3978128ecc733d3a86706fedbd.php 第 159 行.
NOTIC: [8] Undefined index: limit D:\phpStudy\WWW\MhyShopAdmin\Runtime\Cache\Admin\6d016b3978128ecc733d3a86706fedbd.php 第 164 行.
NOTIC: [8] Undefined index: limit D:\phpStudy\WWW\MhyShopAdmin\Runtime\Cache\Admin\6d016b3978128ecc733d3a86706fedbd.php 第 165 行.
NOTIC: [8] Undefined index: limit D:\phpStudy\WWW\MhyShopAdmin\Runtime\Cache\Admin\6d016b3978128ecc733d3a86706fedbd.php 第 166 行.
NOTIC: [8] Undefined index: key D:\phpStudy\WWW\MhyShopAdmin\Runtime\Cache\Admin\6d016b3978128ecc733d3a86706fedbd.php 第 173 行.
NOTIC: [8] Undefined index: key D:\phpStudy\WWW\MhyShopAdmin\Runtime\Cache\Admin\6d016b3978128ecc733d3a86706fedbd.php 第 174 行.
NOTIC: [8] Undefined index: key D:\phpStudy\WWW\MhyShopAdmin\Runtime\Cache\Admin\6d016b3978128ecc733d3a86706fedbd.php 第 175 行.
NOTIC: [8] Undefined index: content D:\phpStudy\WWW\MhyShopAdmin\Runtime\Cache\Admin\6d016b3978128ecc733d3a86706fedbd.php 第 181 行.
INFO: Run Behavior\ParseTemplateBehavior [ RunTime:0.014001s ]
INFO: [ view_parse ] --END-- [ RunTime:0.014001s ]
INFO: [ view_filter ] --START--
INFO: Run Behavior\WriteHtmlCacheBehavior [ RunTime:0.000000s ]
INFO: Run Behavior\TokenBuildBehavior [ RunTime:0.000000s ]
INFO: [ view_filter ] --END-- [ RunTime:0.000000s ]
INFO: [ app_end ] --START--
INFO: Run Behavior\ShowPageTraceBehavior [ RunTime:0.001000s ]
INFO: [ app_end ] --END-- [ RunTime:0.001000s ]

[ 2017-07-18T09:23:43+08:00 ] ::1 /MhyShopAdmin/admin.php/Index/index.html
INFO: [ app_init ] --START--
INFO: Run Behavior\BuildLiteBehavior [ RunTime:0.000000s ]
INFO: [ app_init ] --END-- [ RunTime:0.001000s ]
INFO: [ app_begin ] --START--
INFO: Run Behavior\ReadHtmlCacheBehavior [ RunTime:0.000000s ]
INFO: [ app_begin ] --END-- [ RunTime:0.000000s ]
SQL: SHOW COLUMNS FROM `mhy_member` [ RunTime:0.0080s ]
SQL: SELECT COUNT(*) AS tp_count FROM `mhy_member` LIMIT 1   [ RunTime:0.0000s ]
SQL: SHOW COLUMNS FROM `mhy_order` [ RunTime:0.0070s ]
SQL: SELECT COUNT(*) AS tp_count FROM `mhy_order` LIMIT 1   [ RunTime:0.0010s ]
SQL: SHOW COLUMNS FROM `mhy_goods` [ RunTime:0.0080s ]
SQL: SELECT COUNT(*) AS tp_count FROM `mhy_goods` LIMIT 1   [ RunTime:0.0000s ]
SQL: SHOW COLUMNS FROM `mhy_category` [ RunTime:0.0140s ]
SQL: SELECT COUNT(*) AS tp_count FROM `mhy_category` LIMIT 1   [ RunTime:0.0000s ]
SQL: SHOW COLUMNS FROM `mhy_order_goods` [ RunTime:0.0100s ]
SQL: SELECT COUNT(*) AS tp_count FROM `mhy_order_goods` LIMIT 1   [ RunTime:0.0020s ]
SQL: SHOW COLUMNS FROM `mhy_admin` [ RunTime:0.0120s ]
SQL: SELECT COUNT(*) AS tp_count FROM `mhy_admin` LIMIT 1   [ RunTime:0.0000s ]
INFO: [ view_parse ] --START--
INFO: [ template_filter ] --START--
INFO: Run Behavior\ContentReplaceBehavior [ RunTime:0.000000s ]
INFO: [ template_filter ] --END-- [ RunTime:0.000000s ]
INFO: Run Behavior\ParseTemplateBehavior [ RunTime:0.008000s ]
INFO: [ view_parse ] --END-- [ RunTime:0.008000s ]
INFO: [ view_filter ] --START--
INFO: Run Behavior\WriteHtmlCacheBehavior [ RunTime:0.001001s ]
INFO: Run Behavior\TokenBuildBehavior [ RunTime:0.000000s ]
INFO: [ view_filter ] --END-- [ RunTime:0.001001s ]
INFO: [ app_end ] --START--
INFO: Run Behavior\ShowPageTraceBehavior [ RunTime:0.000000s ]
INFO: [ app_end ] --END-- [ RunTime:0.000000s ]

[ 2017-07-18T09:23:44+08:00 ] ::1 /MhyShopAdmin/admin.php/Member/index.html
INFO: [ app_init ] --START--
INFO: Run Behavior\BuildLiteBehavior [ RunTime:0.000000s ]
INFO: [ app_init ] --END-- [ RunTime:0.002000s ]
INFO: [ app_begin ] --START--
INFO: Run Behavior\ReadHtmlCacheBehavior [ RunTime:0.000000s ]
INFO: [ app_begin ] --END-- [ RunTime:0.001000s ]
NOTIC: [8] Undefined index: startTime D:\phpStudy\WWW\MhyShopAdmin\shopApp\Admin\Controller\MemberController.class.php 第 11 行.
NOTIC: [8] Undefined index: endTime D:\phpStudy\WWW\MhyShopAdmin\shopApp\Admin\Controller\MemberController.class.php 第 12 行.
NOTIC: [8] Undefined index: content D:\phpStudy\WWW\MhyShopAdmin\shopApp\Admin\Controller\MemberController.class.php 第 26 行.
NOTIC: [8] Undefined index: submit D:\phpStudy\WWW\MhyShopAdmin\shopApp\Admin\Controller\MemberController.class.php 第 35 行.
NOTIC: [8] Undefined index: limit D:\phpStudy\WWW\MhyShopAdmin\shopApp\Admin\Controller\MemberController.class.php 第 39 行.
SQL: SHOW COLUMNS FROM `mhy_member` [ RunTime:0.0070s ]
SQL: SELECT COUNT(*) AS tp_count FROM `mhy_member` LIMIT 1   [ RunTime:0.0010s ]
SQL: SELECT * FROM `mhy_member` ORDER BY member_id desc LIMIT 0,20   [ RunTime:0.0010s ]
NOTIC: [8] Undefined index: allNum D:\phpStudy\WWW\MhyShopAdmin\shopApp\Admin\Controller\MemberController.class.php 第 45 行.
NOTIC: [8] Undefined index: pageNum D:\phpStudy\WWW\MhyShopAdmin\shopApp\Admin\Controller\MemberController.class.php 第 46 行.
INFO: [ view_parse ] --START--
INFO: [ template_filter ] --START--
INFO: Run Behavior\ContentReplaceBehavior [ RunTime:0.000000s ]
INFO: [ template_filter ] --END-- [ RunTime:0.000000s ]
NOTIC: [8] Undefined index: startTime D:\phpStudy\WWW\MhyShopAdmin\Runtime\Cache\Admin\6d016b3978128ecc733d3a86706fedbd.php 第 155 行.
NOTIC: [8] Undefined index: endTime D:\phpStudy\WWW\MhyShopAdmin\Runtime\Cache\Admin\6d016b3978128ecc733d3a86706fedbd.php 第 159 行.
NOTIC: [8] Undefined index: limit D:\phpStudy\WWW\MhyShopAdmin\Runtime\Cache\Admin\6d016b3978128ecc733d3a86706fedbd.php 第 164 行.
NOTIC: [8] Undefined index: limit D:\phpStudy\WWW\MhyShopAdmin\Runtime\Cache\Admin\6d016b3978128ecc733d3a86706fedbd.php 第 165 行.
NOTIC: [8] Undefined index: limit D:\phpStudy\WWW\MhyShopAdmin\Runtime\Cache\Admin\6d016b3978128ecc733d3a86706fedbd.php 第 166 行.
NOTIC: [8] Undefined index: key D:\phpStudy\WWW\MhyShopAdmin\Runtime\Cache\Admin\6d016b3978128ecc733d3a86706fedbd.php 第 173 行.
NOTIC: [8] Undefined index: key D:\phpStudy\WWW\MhyShopAdmin\Runtime\Cache\Admin\6d016b3978128ecc733d3a86706fedbd.php 第 174 行.
NOTIC: [8] Undefined index: key D:\phpStudy\WWW\MhyShopAdmin\Runtime\Cache\Admin\6d016b3978128ecc733d3a86706fedbd.php 第 175 行.
NOTIC: [8] Undefined index: content D:\phpStudy\WWW\MhyShopAdmin\Runtime\Cache\Admin\6d016b3978128ecc733d3a86706fedbd.php 第 181 行.
INFO: Run Behavior\ParseTemplateBehavior [ RunTime:0.011001s ]
INFO: [ view_parse ] --END-- [ RunTime:0.011001s ]
INFO: [ view_filter ] --START--
INFO: Run Behavior\WriteHtmlCacheBehavior [ RunTime:0.000000s ]
INFO: Run Behavior\TokenBuildBehavior [ RunTime:0.000000s ]
INFO: [ view_filter ] --END-- [ RunTime:0.000000s ]
INFO: [ app_end ] --START--
INFO: Run Behavior\ShowPageTraceBehavior [ RunTime:0.000000s ]
INFO: [ app_end ] --END-- [ RunTime:0.000000s ]

[ 2017-07-18T09:23:46+08:00 ] ::1 /MhyShopAdmin/admin.php/Order/index.html
INFO: [ app_init ] --START--
INFO: Run Behavior\BuildLiteBehavior [ RunTime:0.000000s ]
INFO: [ app_init ] --END-- [ RunTime:0.000000s ]
INFO: [ app_begin ] --START--
INFO: Run Behavior\ReadHtmlCacheBehavior [ RunTime:0.000000s ]
INFO: [ app_begin ] --END-- [ RunTime:0.000000s ]
NOTIC: [8] Undefined index: startTime D:\phpStudy\WWW\MhyShopAdmin\shopApp\Admin\Controller\OrderController.class.php 第 11 行.
NOTIC: [8] Undefined index: endTime D:\phpStudy\WWW\MhyShopAdmin\shopApp\Admin\Controller\OrderController.class.php 第 12 行.
NOTIC: [8] Undefined index: order_status D:\phpStudy\WWW\MhyShopAdmin\shopApp\Admin\Controller\OrderController.class.php 第 26 行.
NOTIC: [8] Undefined index: content D:\phpStudy\WWW\MhyShopAdmin\shopApp\Admin\Controller\OrderController.class.php 第 30 行.
NOTIC: [8] Undefined index: submit D:\phpStudy\WWW\MhyShopAdmin\shopApp\Admin\Controller\OrderController.class.php 第 40 行.
NOTIC: [8] Undefined index: limit D:\phpStudy\WWW\MhyShopAdmin\shopApp\Admin\Controller\OrderController.class.php 第 44 行.
SQL: SHOW COLUMNS FROM `mhy_order` [ RunTime:0.0110s ]
SQL: SELECT COUNT(*) AS tp_count FROM `mhy_order` LIMIT 1   [ RunTime:0.0000s ]
SQL: SELECT * FROM `mhy_order` ORDER BY order_id desc LIMIT 0,20   [ RunTime:0.0220s ]
INFO: [ view_parse ] --START--
INFO: [ template_filter ] --START--
INFO: Run Behavior\ContentReplaceBehavior [ RunTime:0.001000s ]
INFO: [ template_filter ] --END-- [ RunTime:0.001000s ]
NOTIC: [8] Undefined index: startTime D:\phpStudy\WWW\MhyShopAdmin\Runtime\Cache\Admin\1f56f2de80515e17f2ef8ecb757d4465.php 第 147 行.
NOTIC: [8] Undefined index: endTime D:\phpStudy\WWW\MhyShopAdmin\Runtime\Cache\Admin\1f56f2de80515e17f2ef8ecb757d4465.php 第 151 行.
NOTIC: [8] Undefined index: order_status D:\phpStudy\WWW\MhyShopAdmin\Runtime\Cache\Admin\1f56f2de80515e17f2ef8ecb757d4465.php 第 157 行.
NOTIC: [8] Undefined index: order_status D:\phpStudy\WWW\MhyShopAdmin\Runtime\Cache\Admin\1f56f2de80515e17f2ef8ecb757d4465.php 第 158 行.
NOTIC: [8] Undefined index: order_status D:\phpStudy\WWW\MhyShopAdmin\Runtime\Cache\Admin\1f56f2de80515e17f2ef8ecb757d4465.php 第 159 行.
NOTIC: [8] Undefined index: order_status D:\phpStudy\WWW\MhyShopAdmin\Runtime\Cache\Admin\1f56f2de80515e17f2ef8ecb757d4465.php 第 161 行.
NOTIC: [8] Undefined index: order_status D:\phpStudy\WWW\MhyShopAdmin\Runtime\Cache\Admin\1f56f2de80515e17f2ef8ecb757d4465.php 第 162 行.
NOTIC: [8] Undefined index: order_status D:\phpStudy\WWW\MhyShopAdmin\Runtime\Cache\Admin\1f56f2de80515e17f2ef8ecb757d4465.php 第 163 行.
NOTIC: [8] Undefined index: limit D:\phpStudy\WWW\MhyShopAdmin\Runtime\Cache\Admin\1f56f2de80515e17f2ef8ecb757d4465.php 第 172 行.
NOTIC: [8] Undefined index: limit D:\phpStudy\WWW\MhyShopAdmin\Runtime\Cache\Admin\1f56f2de80515e17f2ef8ecb757d4465.php 第 173 行.
NOTIC: [8] Undefined index: limit D:\phpStudy\WWW\MhyShopAdmin\Runtime\Cache\Admin\1f56f2de80515e17f2ef8ecb757d4465.php 第 174 行.
NOTIC: [8] Undefined index: key D:\phpStudy\WWW\MhyShopAdmin\Runtime\Cache\Admin\1f56f2de80515e17f2ef8ecb757d4465.php 第 181 行.
NOTIC: [8] Undefined index: key D:\phpStudy\WWW\MhyShopAdmin\Runtime\Cache\Admin\1f56f2de80515e17f2ef8ecb757d4465.php 第 182 行.
NOTIC: [8] Undefined index: key D:\phpStudy\WWW\MhyShopAdmin\Runtime\Cache\Admin\1f56f2de80515e17f2ef8ecb757d4465.php 第 183 行.
NOTIC: [8] Undefined index: key D:\phpStudy\WWW\MhyShopAdmin\Runtime\Cache\Admin\1f56f2de80515e17f2ef8ecb757d4465.php 第 184 行.
NOTIC: [8] Undefined index: content D:\phpStudy\WWW\MhyShopAdmin\Runtime\Cache\Admin\1f56f2de80515e17f2ef8ecb757d4465.php 第 190 行.
NOTIC: [8] Undefined index: member_id D:\phpStudy\WWW\MhyShopAdmin\Runtime\Cache\Admin\1f56f2de80515e17f2ef8ecb757d4465.php 第 232 行.
NOTIC: [8] Undefined index: member_id D:\phpStudy\WWW\MhyShopAdmin\Runtime\Cache\Admin\1f56f2de80515e17f2ef8ecb757d4465.php 第 255 行.
NOTIC: [8] Undefined index: member_id D:\phpStudy\WWW\MhyShopAdmin\Runtime\Cache\Admin\1f56f2de80515e17f2ef8ecb757d4465.php 第 255 行.
NOTIC: [8] Undefined index: member_id D:\phpStudy\WWW\MhyShopAdmin\Runtime\Cache\Admin\1f56f2de80515e17f2ef8ecb757d4465.php 第 232 行.
NOTIC: [8] Undefined index: member_id D:\phpStudy\WWW\MhyShopAdmin\Runtime\Cache\Admin\1f56f2de80515e17f2ef8ecb757d4465.php 第 255 行.
NOTIC: [8] Undefined index: member_id D:\phpStudy\WWW\MhyShopAdmin\Runtime\Cache\Admin\1f56f2de80515e17f2ef8ecb757d4465.php 第 255 行.
NOTIC: [8] Undefined index: member_id D:\phpStudy\WWW\MhyShopAdmin\Runtime\Cache\Admin\1f56f2de80515e17f2ef8ecb757d4465.php 第 232 行.
NOTIC: [8] Undefined index: member_id D:\phpStudy\WWW\MhyShopAdmin\Runtime\Cache\Admin\1f56f2de80515e17f2ef8ecb757d4465.php 第 255 行.
NOTIC: [8] Undefined index: member_id D:\phpStudy\WWW\MhyShopAdmin\Runtime\Cache\Admin\1f56f2de80515e17f2ef8ecb757d4465.php 第 255 行.
NOTIC: [8] Undefined index: member_id D:\phpStudy\WWW\MhyShopAdmin\Runtime\Cache\Admin\1f56f2de80515e17f2ef8ecb757d4465.php 第 232 行.
NOTIC: [8] Undefined index: member_id D:\phpStudy\WWW\MhyShopAdmin\Runtime\Cache\Admin\1f56f2de80515e17f2ef8ecb757d4465.php 第 255 行.
NOTIC: [8] Undefined index: member_id D:\phpStudy\WWW\MhyShopAdmin\Runtime\Cache\Admin\1f56f2de80515e17f2ef8ecb757d4465.php 第 255 行.
NOTIC: [8] Undefined index: member_id D:\phpStudy\WWW\MhyShopAdmin\Runtime\Cache\Admin\1f56f2de80515e17f2ef8ecb757d4465.php 第 232 行.
NOTIC: [8] Undefined index: member_id D:\phpStudy\WWW\MhyShopAdmin\Runtime\Cache\Admin\1f56f2de80515e17f2ef8ecb757d4465.php 第 255 行.
NOTIC: [8] Undefined index: member_id D:\phpStudy\WWW\MhyShopAdmin\Runtime\Cache\Admin\1f56f2de80515e17f2ef8ecb757d4465.php 第 255 行.
NOTIC: [8] Undefined index: member_id D:\phpStudy\WWW\MhyShopAdmin\Runtime\Cache\Admin\1f56f2de80515e17f2ef8ecb757d4465.php 第 232 行.
NOTIC: [8] Undefined index: member_id D:\phpStudy\WWW\MhyShopAdmin\Runtime\Cache\Admin\1f56f2de80515e17f2ef8ecb757d4465.php 第 255 行.
NOTIC: [8] Undefined index: member_id D:\phpStudy\WWW\MhyShopAdmin\Runtime\Cache\Admin\1f56f2de80515e17f2ef8ecb757d4465.php 第 255 行.
NOTIC: [8] Undefined index: member_id D:\phpStudy\WWW\MhyShopAdmin\Runtime\Cache\Admin\1f56f2de80515e17f2ef8ecb757d4465.php 第 232 行.
NOTIC: [8] Undefined index: member_id D:\phpStudy\WWW\MhyShopAdmin\Runtime\Cache\Admin\1f56f2de80515e17f2ef8ecb757d4465.php 第 255 行.
NOTIC: [8] Undefined index: member_id D:\phpStudy\WWW\MhyShopAdmin\Runtime\Cache\Admin\1f56f2de80515e17f2ef8ecb757d4465.php 第 255 行.
NOTIC: [8] Undefined index: member_id D:\phpStudy\WWW\MhyShopAdmin\Runtime\Cache\Admin\1f56f2de80515e17f2ef8ecb757d4465.php 第 232 行.
NOTIC: [8] Undefined index: member_id D:\phpStudy\WWW\MhyShopAdmin\Runtime\Cache\Admin\1f56f2de80515e17f2ef8ecb757d4465.php 第 255 行.
NOTIC: [8] Undefined index: member_id D:\phpStudy\WWW\MhyShopAdmin\Runtime\Cache\Admin\1f56f2de80515e17f2ef8ecb757d4465.php 第 255 行.
NOTIC: [8] Undefined index: member_id D:\phpStudy\WWW\MhyShopAdmin\Runtime\Cache\Admin\1f56f2de80515e17f2ef8ecb757d4465.php 第 232 行.
NOTIC: [8] Undefined index: member_id D:\phpStudy\WWW\MhyShopAdmin\Runtime\Cache\Admin\1f56f2de80515e17f2ef8ecb757d4465.php 第 255 行.
NOTIC: [8] Undefined index: member_id D:\phpStudy\WWW\MhyShopAdmin\Runtime\Cache\Admin\1f56f2de80515e17f2ef8ecb757d4465.php 第 255 行.
NOTIC: [8] Undefined index: member_id D:\phpStudy\WWW\MhyShopAdmin\Runtime\Cache\Admin\1f56f2de80515e17f2ef8ecb757d4465.php 第 232 行.
NOTIC: [8] Undefined index: member_id D:\phpStudy\WWW\MhyShopAdmin\Runtime\Cache\Admin\1f56f2de80515e17f2ef8ecb757d4465.php 第 255 行.
NOTIC: [8] Undefined index: member_id D:\phpStudy\WWW\MhyShopAdmin\Runtime\Cache\Admin\1f56f2de80515e17f2ef8ecb757d4465.php 第 255 行.
NOTIC: [8] Undefined index: member_id D:\phpStudy\WWW\MhyShopAdmin\Runtime\Cache\Admin\1f56f2de80515e17f2ef8ecb757d4465.php 第 232 行.
NOTIC: [8] Undefined index: member_id D:\phpStudy\WWW\MhyShopAdmin\Runtime\Cache\Admin\1f56f2de80515e17f2ef8ecb757d4465.php 第 255 行.
NOTIC: [8] Undefined index: member_id D:\phpStudy\WWW\MhyShopAdmin\Runtime\Cache\Admin\1f56f2de80515e17f2ef8ecb757d4465.php 第 255 行.
NOTIC: [8] Undefined index: member_id D:\phpStudy\WWW\MhyShopAdmin\Runtime\Cache\Admin\1f56f2de80515e17f2ef8ecb757d4465.php 第 232 行.
NOTIC: [8] Undefined index: member_id D:\phpStudy\WWW\MhyShopAdmin\Runtime\Cache\Admin\1f56f2de80515e17f2ef8ecb757d4465.php 第 255 行.
NOTIC: [8] Undefined index: member_id D:\phpStudy\WWW\MhyShopAdmin\Runtime\Cache\Admin\1f56f2de80515e17f2ef8ecb757d4465.php 第 255 行.
NOTIC: [8] Undefined index: member_id D:\phpStudy\WWW\MhyShopAdmin\Runtime\Cache\Admin\1f56f2de80515e17f2ef8ecb757d4465.php 第 232 行.
NOTIC: [8] Undefined index: member_id D:\phpStudy\WWW\MhyShopAdmin\Runtime\Cache\Admin\1f56f2de80515e17f2ef8ecb757d4465.php 第 255 行.
NOTIC: [8] Undefined index: member_id D:\phpStudy\WWW\MhyShopAdmin\Runtime\Cache\Admin\1f56f2de80515e17f2ef8ecb757d4465.php 第 255 行.
NOTIC: [8] Undefined index: member_id D:\phpStudy\WWW\MhyShopAdmin\Runtime\Cache\Admin\1f56f2de80515e17f2ef8ecb757d4465.php 第 232 行.
NOTIC: [8] Undefined index: member_id D:\phpStudy\WWW\MhyShopAdmin\Runtime\Cache\Admin\1f56f2de80515e17f2ef8ecb757d4465.php 第 255 行.
NOTIC: [8] Undefined index: member_id D:\phpStudy\WWW\MhyShopAdmin\Runtime\Cache\Admin\1f56f2de80515e17f2ef8ecb757d4465.php 第 255 行.
NOTIC: [8] Undefined index: member_id D:\phpStudy\WWW\MhyShopAdmin\Runtime\Cache\Admin\1f56f2de80515e17f2ef8ecb757d4465.php 第 232 行.
NOTIC: [8] Undefined index: member_id D:\phpStudy\WWW\MhyShopAdmin\Runtime\Cache\Admin\1f56f2de80515e17f2ef8ecb757d4465.php 第 255 行.
NOTIC: [8] Undefined index: member_id D:\phpStudy\WWW\MhyShopAdmin\Runtime\Cache\Admin\1f56f2de80515e17f2ef8ecb757d4465.php 第 255 行.
NOTIC: [8] Undefined index: member_id D:\phpStudy\WWW\MhyShopAdmin\Runtime\Cache\Admin\1f56f2de80515e17f2ef8ecb757d4465.php 第 232 行.
NOTIC: [8] Undefined index: member_id D:\phpStudy\WWW\MhyShopAdmin\Runtime\Cache\Admin\1f56f2de80515e17f2ef8ecb757d4465.php 第 255 行.
NOTIC: [8] Undefined index: member_id D:\phpStudy\WWW\MhyShopAdmin\Runtime\Cache\Admin\1f56f2de80515e17f2ef8ecb757d4465.php 第 255 行.
NOTIC: [8] Undefined index: member_id D:\phpStudy\WWW\MhyShopAdmin\Runtime\Cache\Admin\1f56f2de80515e17f2ef8ecb757d4465.php 第 232 行.
NOTIC: [8] Undefined index: member_id D:\phpStudy\WWW\MhyShopAdmin\Runtime\Cache\Admin\1f56f2de80515e17f2ef8ecb757d4465.php 第 255 行.
NOTIC: [8] Undefined index: member_id D:\phpStudy\WWW\MhyShopAdmin\Runtime\Cache\Admin\1f56f2de80515e17f2ef8ecb757d4465.php 第 255 行.
NOTIC: [8] Undefined index: member_id D:\phpStudy\WWW\MhyShopAdmin\Runtime\Cache\Admin\1f56f2de80515e17f2ef8ecb757d4465.php 第 232 行.
NOTIC: [8] Undefined index: member_id D:\phpStudy\WWW\MhyShopAdmin\Runtime\Cache\Admin\1f56f2de80515e17f2ef8ecb757d4465.php 第 255 行.
NOTIC: [8] Undefined index: member_id D:\phpStudy\WWW\MhyShopAdmin\Runtime\Cache\Admin\1f56f2de80515e17f2ef8ecb757d4465.php 第 255 行.
NOTIC: [8] Undefined index: member_id D:\phpStudy\WWW\MhyShopAdmin\Runtime\Cache\Admin\1f56f2de80515e17f2ef8ecb757d4465.php 第 232 行.
NOTIC: [8] Undefined index: member_id D:\phpStudy\WWW\MhyShopAdmin\Runtime\Cache\Admin\1f56f2de80515e17f2ef8ecb757d4465.php 第 255 行.
NOTIC: [8] Undefined index: member_id D:\phpStudy\WWW\MhyShopAdmin\Runtime\Cache\Admin\1f56f2de80515e17f2ef8ecb757d4465.php 第 255 行.
NOTIC: [8] Undefined index: member_id D:\phpStudy\WWW\MhyShopAdmin\Runtime\Cache\Admin\1f56f2de80515e17f2ef8ecb757d4465.php 第 232 行.
NOTIC: [8] Undefined index: member_id D:\phpStudy\WWW\MhyShopAdmin\Runtime\Cache\Admin\1f56f2de80515e17f2ef8ecb757d4465.php 第 255 行.
NOTIC: [8] Undefined index: member_id D:\phpStudy\WWW\MhyShopAdmin\Runtime\Cache\Admin\1f56f2de80515e17f2ef8ecb757d4465.php 第 255 行.
INFO: Run Behavior\ParseTemplateBehavior [ RunTime:0.018001s ]
INFO: [ view_parse ] --END-- [ RunTime:0.018001s ]
INFO: [ view_filter ] --START--
INFO: Run Behavior\WriteHtmlCacheBehavior [ RunTime:0.000000s ]
INFO: Run Behavior\TokenBuildBehavior [ RunTime:0.000000s ]
INFO: [ view_filter ] --END-- [ RunTime:0.000000s ]
INFO: [ app_end ] --START--
INFO: Run Behavior\ShowPageTraceBehavior [ RunTime:0.001000s ]
INFO: [ app_end ] --END-- [ RunTime:0.001000s ]

[ 2017-07-18T09:23:51+08:00 ] ::1 /MhyShopAdmin/admin.php/order/info.html?order_id=329244
INFO: [ app_init ] --START--
INFO: Run Behavior\BuildLiteBehavior [ RunTime:0.000000s ]
INFO: [ app_init ] --END-- [ RunTime:0.000000s ]
INFO: [ app_begin ] --START--
INFO: Run Behavior\ReadHtmlCacheBehavior [ RunTime:0.000000s ]
INFO: [ app_begin ] --END-- [ RunTime:0.000000s ]
SQL: SHOW COLUMNS FROM `mhy_order` [ RunTime:0.0160s ]
SQL: SELECT * FROM `mhy_order` WHERE `order_id` = 329244 LIMIT 1   [ RunTime:0.0010s ]
SQL: SHOW COLUMNS FROM `mhy_order_goods` [ RunTime:0.0150s ]
SQL: SELECT * FROM `mhy_order_goods` WHERE `ogoods_order_sn` = '14968662617667' ORDER BY ogoods_id desc  [ RunTime:0.0000s ]
INFO: [ view_parse ] --START--
INFO: [ template_filter ] --START--
INFO: Run Behavior\ContentReplaceBehavior [ RunTime:0.000000s ]
INFO: [ template_filter ] --END-- [ RunTime:0.000000s ]
INFO: Run Behavior\ParseTemplateBehavior [ RunTime:0.025001s ]
INFO: [ view_parse ] --END-- [ RunTime:0.025001s ]
INFO: [ view_filter ] --START--
INFO: Run Behavior\WriteHtmlCacheBehavior [ RunTime:0.000000s ]
INFO: Run Behavior\TokenBuildBehavior [ RunTime:0.001000s ]
INFO: [ view_filter ] --END-- [ RunTime:0.001000s ]
INFO: [ app_end ] --START--
INFO: Run Behavior\ShowPageTraceBehavior [ RunTime:0.000000s ]
INFO: [ app_end ] --END-- [ RunTime:0.000000s ]

[ 2017-07-18T09:23:56+08:00 ] ::1 /MhyShopAdmin/admin.php/order/info.html?order_id=329244
INFO: [ app_init ] --START--
INFO: Run Behavior\BuildLiteBehavior [ RunTime:0.000000s ]
INFO: [ app_init ] --END-- [ RunTime:0.000000s ]
INFO: [ app_begin ] --START--
INFO: Run Behavior\ReadHtmlCacheBehavior [ RunTime:0.001000s ]
INFO: [ app_begin ] --END-- [ RunTime:0.001000s ]
SQL: SHOW COLUMNS FROM `mhy_order` [ RunTime:0.0100s ]
SQL: SELECT * FROM `mhy_order` WHERE `order_id` = 329244 LIMIT 1   [ RunTime:0.0010s ]
SQL: SHOW COLUMNS FROM `mhy_order_goods` [ RunTime:0.0090s ]
SQL: SELECT * FROM `mhy_order_goods` WHERE `ogoods_order_sn` = '14968662617667' ORDER BY ogoods_id desc  [ RunTime:0.0010s ]
INFO: [ view_parse ] --START--
INFO: [ template_filter ] --START--
INFO: Run Behavior\ContentReplaceBehavior [ RunTime:0.001000s ]
INFO: [ template_filter ] --END-- [ RunTime:0.001000s ]
INFO: Run Behavior\ParseTemplateBehavior [ RunTime:0.007001s ]
INFO: [ view_parse ] --END-- [ RunTime:0.007001s ]
INFO: [ view_filter ] --START--
INFO: Run Behavior\WriteHtmlCacheBehavior [ RunTime:0.000000s ]
INFO: Run Behavior\TokenBuildBehavior [ RunTime:0.001000s ]
INFO: [ view_filter ] --END-- [ RunTime:0.001000s ]
INFO: [ app_end ] --START--
INFO: Run Behavior\ShowPageTraceBehavior [ RunTime:0.000000s ]
INFO: [ app_end ] --END-- [ RunTime:0.000000s ]

[ 2017-07-18T09:24:03+08:00 ] ::1 /MhyShopAdmin/admin.php/Order/index.html
INFO: [ app_init ] --START--
INFO: Run Behavior\BuildLiteBehavior [ RunTime:0.000000s ]
INFO: [ app_init ] --END-- [ RunTime:0.000000s ]
INFO: [ app_begin ] --START--
INFO: Run Behavior\ReadHtmlCacheBehavior [ RunTime:0.001000s ]
INFO: [ app_begin ] --END-- [ RunTime:0.001000s ]
NOTIC: [8] Undefined index: startTime D:\phpStudy\WWW\MhyShopAdmin\shopApp\Admin\Controller\OrderController.class.php 第 11 行.
NOTIC: [8] Undefined index: endTime D:\phpStudy\WWW\MhyShopAdmin\shopApp\Admin\Controller\OrderController.class.php 第 12 行.
NOTIC: [8] Undefined index: order_status D:\phpStudy\WWW\MhyShopAdmin\shopApp\Admin\Controller\OrderController.class.php 第 26 行.
NOTIC: [8] Undefined index: content D:\phpStudy\WWW\MhyShopAdmin\shopApp\Admin\Controller\OrderController.class.php 第 30 行.
NOTIC: [8] Undefined index: submit D:\phpStudy\WWW\MhyShopAdmin\shopApp\Admin\Controller\OrderController.class.php 第 40 行.
NOTIC: [8] Undefined index: limit D:\phpStudy\WWW\MhyShopAdmin\shopApp\Admin\Controller\OrderController.class.php 第 44 行.
SQL: SHOW COLUMNS FROM `mhy_order` [ RunTime:0.0180s ]
SQL: SELECT COUNT(*) AS tp_count FROM `mhy_order` LIMIT 1   [ RunTime:0.0010s ]
SQL: SELECT * FROM `mhy_order` ORDER BY order_id desc LIMIT 0,20   [ RunTime:0.0010s ]
INFO: [ view_parse ] --START--
INFO: [ template_filter ] --START--
INFO: Run Behavior\ContentReplaceBehavior [ RunTime:0.000000s ]
INFO: [ template_filter ] --END-- [ RunTime:0.000000s ]
NOTIC: [8] Undefined index: startTime D:\phpStudy\WWW\MhyShopAdmin\Runtime\Cache\Admin\1f56f2de80515e17f2ef8ecb757d4465.php 第 147 行.
NOTIC: [8] Undefined index: endTime D:\phpStudy\WWW\MhyShopAdmin\Runtime\Cache\Admin\1f56f2de80515e17f2ef8ecb757d4465.php 第 151 行.
NOTIC: [8] Undefined index: order_status D:\phpStudy\WWW\MhyShopAdmin\Runtime\Cache\Admin\1f56f2de80515e17f2ef8ecb757d4465.php 第 157 行.
NOTIC: [8] Undefined index: order_status D:\phpStudy\WWW\MhyShopAdmin\Runtime\Cache\Admin\1f56f2de80515e17f2ef8ecb757d4465.php 第 158 行.
NOTIC: [8] Undefined index: order_status D:\phpStudy\WWW\MhyShopAdmin\Runtime\Cache\Admin\1f56f2de80515e17f2ef8ecb757d4465.php 第 159 行.
NOTIC: [8] Undefined index: order_status D:\phpStudy\WWW\MhyShopAdmin\Runtime\Cache\Admin\1f56f2de80515e17f2ef8ecb757d4465.php 第 161 行.
NOTIC: [8] Undefined index: order_status D:\phpStudy\WWW\MhyShopAdmin\Runtime\Cache\Admin\1f56f2de80515e17f2ef8ecb757d4465.php 第 162 行.
NOTIC: [8] Undefined index: order_status D:\phpStudy\WWW\MhyShopAdmin\Runtime\Cache\Admin\1f56f2de80515e17f2ef8ecb757d4465.php 第 163 行.
NOTIC: [8] Undefined index: limit D:\phpStudy\WWW\MhyShopAdmin\Runtime\Cache\Admin\1f56f2de80515e17f2ef8ecb757d4465.php 第 172 行.
NOTIC: [8] Undefined index: limit D:\phpStudy\WWW\MhyShopAdmin\Runtime\Cache\Admin\1f56f2de80515e17f2ef8ecb757d4465.php 第 173 行.
NOTIC: [8] Undefined index: limit D:\phpStudy\WWW\MhyShopAdmin\Runtime\Cache\Admin\1f56f2de80515e17f2ef8ecb757d4465.php 第 174 行.
NOTIC: [8] Undefined index: key D:\phpStudy\WWW\MhyShopAdmin\Runtime\Cache\Admin\1f56f2de80515e17f2ef8ecb757d4465.php 第 181 行.
NOTIC: [8] Undefined index: key D:\phpStudy\WWW\MhyShopAdmin\Runtime\Cache\Admin\1f56f2de80515e17f2ef8ecb757d4465.php 第 182 行.
NOTIC: [8] Undefined index: key D:\phpStudy\WWW\MhyShopAdmin\Runtime\Cache\Admin\1f56f2de80515e17f2ef8ecb757d4465.php 第 183 行.
NOTIC: [8] Undefined index: key D:\phpStudy\WWW\MhyShopAdmin\Runtime\Cache\Admin\1f56f2de80515e17f2ef8ecb757d4465.php 第 184 行.
NOTIC: [8] Undefined index: content D:\phpStudy\WWW\MhyShopAdmin\Runtime\Cache\Admin\1f56f2de80515e17f2ef8ecb757d4465.php 第 190 行.
NOTIC: [8] Undefined index: member_id D:\phpStudy\WWW\MhyShopAdmin\Runtime\Cache\Admin\1f56f2de80515e17f2ef8ecb757d4465.php 第 232 行.
NOTIC: [8] Undefined index: member_id D:\phpStudy\WWW\MhyShopAdmin\Runtime\Cache\Admin\1f56f2de80515e17f2ef8ecb757d4465.php 第 255 行.
NOTIC: [8] Undefined index: member_id D:\phpStudy\WWW\MhyShopAdmin\Runtime\Cache\Admin\1f56f2de80515e17f2ef8ecb757d4465.php 第 255 行.
NOTIC: [8] Undefined index: member_id D:\phpStudy\WWW\MhyShopAdmin\Runtime\Cache\Admin\1f56f2de80515e17f2ef8ecb757d4465.php 第 232 行.
NOTIC: [8] Undefined index: member_id D:\phpStudy\WWW\MhyShopAdmin\Runtime\Cache\Admin\1f56f2de80515e17f2ef8ecb757d4465.php 第 255 行.
NOTIC: [8] Undefined index: member_id D:\phpStudy\WWW\MhyShopAdmin\Runtime\Cache\Admin\1f56f2de80515e17f2ef8ecb757d4465.php 第 255 行.
NOTIC: [8] Undefined index: member_id D:\phpStudy\WWW\MhyShopAdmin\Runtime\Cache\Admin\1f56f2de80515e17f2ef8ecb757d4465.php 第 232 行.
NOTIC: [8] Undefined index: member_id D:\phpStudy\WWW\MhyShopAdmin\Runtime\Cache\Admin\1f56f2de80515e17f2ef8ecb757d4465.php 第 255 行.
NOTIC: [8] Undefined index: member_id D:\phpStudy\WWW\MhyShopAdmin\Runtime\Cache\Admin\1f56f2de80515e17f2ef8ecb757d4465.php 第 255 行.
NOTIC: [8] Undefined index: member_id D:\phpStudy\WWW\MhyShopAdmin\Runtime\Cache\Admin\1f56f2de80515e17f2ef8ecb757d4465.php 第 232 行.
NOTIC: [8] Undefined index: member_id D:\phpStudy\WWW\MhyShopAdmin\Runtime\Cache\Admin\1f56f2de80515e17f2ef8ecb757d4465.php 第 255 行.
NOTIC: [8] Undefined index: member_id D:\phpStudy\WWW\MhyShopAdmin\Runtime\Cache\Admin\1f56f2de80515e17f2ef8ecb757d4465.php 第 255 行.
NOTIC: [8] Undefined index: member_id D:\phpStudy\WWW\MhyShopAdmin\Runtime\Cache\Admin\1f56f2de80515e17f2ef8ecb757d4465.php 第 232 行.
NOTIC: [8] Undefined index: member_id D:\phpStudy\WWW\MhyShopAdmin\Runtime\Cache\Admin\1f56f2de80515e17f2ef8ecb757d4465.php 第 255 行.
NOTIC: [8] Undefined index: member_id D:\phpStudy\WWW\MhyShopAdmin\Runtime\Cache\Admin\1f56f2de80515e17f2ef8ecb757d4465.php 第 255 行.
NOTIC: [8] Undefined index: member_id D:\phpStudy\WWW\MhyShopAdmin\Runtime\Cache\Admin\1f56f2de80515e17f2ef8ecb757d4465.php 第 232 行.
NOTIC: [8] Undefined index: member_id D:\phpStudy\WWW\MhyShopAdmin\Runtime\Cache\Admin\1f56f2de80515e17f2ef8ecb757d4465.php 第 255 行.
NOTIC: [8] Undefined index: member_id D:\phpStudy\WWW\MhyShopAdmin\Runtime\Cache\Admin\1f56f2de80515e17f2ef8ecb757d4465.php 第 255 行.
NOTIC: [8] Undefined index: member_id D:\phpStudy\WWW\MhyShopAdmin\Runtime\Cache\Admin\1f56f2de80515e17f2ef8ecb757d4465.php 第 232 行.
NOTIC: [8] Undefined index: member_id D:\phpStudy\WWW\MhyShopAdmin\Runtime\Cache\Admin\1f56f2de80515e17f2ef8ecb757d4465.php 第 255 行.
NOTIC: [8] Undefined index: member_id D:\phpStudy\WWW\MhyShopAdmin\Runtime\Cache\Admin\1f56f2de80515e17f2ef8ecb757d4465.php 第 255 行.
NOTIC: [8] Undefined index: member_id D:\phpStudy\WWW\MhyShopAdmin\Runtime\Cache\Admin\1f56f2de80515e17f2ef8ecb757d4465.php 第 232 行.
NOTIC: [8] Undefined index: member_id D:\phpStudy\WWW\MhyShopAdmin\Runtime\Cache\Admin\1f56f2de80515e17f2ef8ecb757d4465.php 第 255 行.
NOTIC: [8] Undefined index: member_id D:\phpStudy\WWW\MhyShopAdmin\Runtime\Cache\Admin\1f56f2de80515e17f2ef8ecb757d4465.php 第 255 行.
NOTIC: [8] Undefined index: member_id D:\phpStudy\WWW\MhyShopAdmin\Runtime\Cache\Admin\1f56f2de80515e17f2ef8ecb757d4465.php 第 232 行.
NOTIC: [8] Undefined index: member_id D:\phpStudy\WWW\MhyShopAdmin\Runtime\Cache\Admin\1f56f2de80515e17f2ef8ecb757d4465.php 第 255 行.
NOTIC: [8] Undefined index: member_id D:\phpStudy\WWW\MhyShopAdmin\Runtime\Cache\Admin\1f56f2de80515e17f2ef8ecb757d4465.php 第 255 行.
NOTIC: [8] Undefined index: member_id D:\phpStudy\WWW\MhyShopAdmin\Runtime\Cache\Admin\1f56f2de80515e17f2ef8ecb757d4465.php 第 232 行.
NOTIC: [8] Undefined index: member_id D:\phpStudy\WWW\MhyShopAdmin\Runtime\Cache\Admin\1f56f2de80515e17f2ef8ecb757d4465.php 第 255 行.
NOTIC: [8] Undefined index: member_id D:\phpStudy\WWW\MhyShopAdmin\Runtime\Cache\Admin\1f56f2de80515e17f2ef8ecb757d4465.php 第 255 行.
NOTIC: [8] Undefined index: member_id D:\phpStudy\WWW\MhyShopAdmin\Runtime\Cache\Admin\1f56f2de80515e17f2ef8ecb757d4465.php 第 232 行.
NOTIC: [8] Undefined index: member_id D:\phpStudy\WWW\MhyShopAdmin\Runtime\Cache\Admin\1f56f2de80515e17f2ef8ecb757d4465.php 第 255 行.
NOTIC: [8] Undefined index: member_id D:\phpStudy\WWW\MhyShopAdmin\Runtime\Cache\Admin\1f56f2de80515e17f2ef8ecb757d4465.php 第 255 行.
NOTIC: [8] Undefined index: member_id D:\phpStudy\WWW\MhyShopAdmin\Runtime\Cache\Admin\1f56f2de80515e17f2ef8ecb757d4465.php 第 232 行.
NOTIC: [8] Undefined index: member_id D:\phpStudy\WWW\MhyShopAdmin\Runtime\Cache\Admin\1f56f2de80515e17f2ef8ecb757d4465.php 第 255 行.
NOTIC: [8] Undefined index: member_id D:\phpStudy\WWW\MhyShopAdmin\Runtime\Cache\Admin\1f56f2de80515e17f2ef8ecb757d4465.php 第 255 行.
NOTIC: [8] Undefined index: member_id D:\phpStudy\WWW\MhyShopAdmin\Runtime\Cache\Admin\1f56f2de80515e17f2ef8ecb757d4465.php 第 232 行.
NOTIC: [8] Undefined index: member_id D:\phpStudy\WWW\MhyShopAdmin\Runtime\Cache\Admin\1f56f2de80515e17f2ef8ecb757d4465.php 第 255 行.
NOTIC: [8] Undefined index: member_id D:\phpStudy\WWW\MhyShopAdmin\Runtime\Cache\Admin\1f56f2de80515e17f2ef8ecb757d4465.php 第 255 行.
NOTIC: [8] Undefined index: member_id D:\phpStudy\WWW\MhyShopAdmin\Runtime\Cache\Admin\1f56f2de80515e17f2ef8ecb757d4465.php 第 232 行.
NOTIC: [8] Undefined index: member_id D:\phpStudy\WWW\MhyShopAdmin\Runtime\Cache\Admin\1f56f2de80515e17f2ef8ecb757d4465.php 第 255 行.
NOTIC: [8] Undefined index: member_id D:\phpStudy\WWW\MhyShopAdmin\Runtime\Cache\Admin\1f56f2de80515e17f2ef8ecb757d4465.php 第 255 行.
NOTIC: [8] Undefined index: member_id D:\phpStudy\WWW\MhyShopAdmin\Runtime\Cache\Admin\1f56f2de80515e17f2ef8ecb757d4465.php 第 232 行.
NOTIC: [8] Undefined index: member_id D:\phpStudy\WWW\MhyShopAdmin\Runtime\Cache\Admin\1f56f2de80515e17f2ef8ecb757d4465.php 第 255 行.
NOTIC: [8] Undefined index: member_id D:\phpStudy\WWW\MhyShopAdmin\Runtime\Cache\Admin\1f56f2de80515e17f2ef8ecb757d4465.php 第 255 行.
NOTIC: [8] Undefined index: member_id D:\phpStudy\WWW\MhyShopAdmin\Runtime\Cache\Admin\1f56f2de80515e17f2ef8ecb757d4465.php 第 232 行.
NOTIC: [8] Undefined index: member_id D:\phpStudy\WWW\MhyShopAdmin\Runtime\Cache\Admin\1f56f2de80515e17f2ef8ecb757d4465.php 第 255 行.
NOTIC: [8] Undefined index: member_id D:\phpStudy\WWW\MhyShopAdmin\Runtime\Cache\Admin\1f56f2de80515e17f2ef8ecb757d4465.php 第 255 行.
NOTIC: [8] Undefined index: member_id D:\phpStudy\WWW\MhyShopAdmin\Runtime\Cache\Admin\1f56f2de80515e17f2ef8ecb757d4465.php 第 232 行.
NOTIC: [8] Undefined index: member_id D:\phpStudy\WWW\MhyShopAdmin\Runtime\Cache\Admin\1f56f2de80515e17f2ef8ecb757d4465.php 第 255 行.
NOTIC: [8] Undefined index: member_id D:\phpStudy\WWW\MhyShopAdmin\Runtime\Cache\Admin\1f56f2de80515e17f2ef8ecb757d4465.php 第 255 行.
NOTIC: [8] Undefined index: member_id D:\phpStudy\WWW\MhyShopAdmin\Runtime\Cache\Admin\1f56f2de80515e17f2ef8ecb757d4465.php 第 232 行.
NOTIC: [8] Undefined index: member_id D:\phpStudy\WWW\MhyShopAdmin\Runtime\Cache\Admin\1f56f2de80515e17f2ef8ecb757d4465.php 第 255 行.
NOTIC: [8] Undefined index: member_id D:\phpStudy\WWW\MhyShopAdmin\Runtime\Cache\Admin\1f56f2de80515e17f2ef8ecb757d4465.php 第 255 行.
NOTIC: [8] Undefined index: member_id D:\phpStudy\WWW\MhyShopAdmin\Runtime\Cache\Admin\1f56f2de80515e17f2ef8ecb757d4465.php 第 232 行.
NOTIC: [8] Undefined index: member_id D:\phpStudy\WWW\MhyShopAdmin\Runtime\Cache\Admin\1f56f2de80515e17f2ef8ecb757d4465.php 第 255 行.
NOTIC: [8] Undefined index: member_id D:\phpStudy\WWW\MhyShopAdmin\Runtime\Cache\Admin\1f56f2de80515e17f2ef8ecb757d4465.php 第 255 行.
NOTIC: [8] Undefined index: member_id D:\phpStudy\WWW\MhyShopAdmin\Runtime\Cache\Admin\1f56f2de80515e17f2ef8ecb757d4465.php 第 232 行.
NOTIC: [8] Undefined index: member_id D:\phpStudy\WWW\MhyShopAdmin\Runtime\Cache\Admin\1f56f2de80515e17f2ef8ecb757d4465.php 第 255 行.
NOTIC: [8] Undefined index: member_id D:\phpStudy\WWW\MhyShopAdmin\Runtime\Cache\Admin\1f56f2de80515e17f2ef8ecb757d4465.php 第 255 行.
INFO: Run Behavior\ParseTemplateBehavior [ RunTime:0.016001s ]
INFO: [ view_parse ] --END-- [ RunTime:0.016001s ]
INFO: [ view_filter ] --START--
INFO: Run Behavior\WriteHtmlCacheBehavior [ RunTime:0.001000s ]
INFO: Run Behavior\TokenBuildBehavior [ RunTime:0.000000s ]
INFO: [ view_filter ] --END-- [ RunTime:0.001000s ]
INFO: [ app_end ] --START--
INFO: Run Behavior\ShowPageTraceBehavior [ RunTime:0.000000s ]
INFO: [ app_end ] --END-- [ RunTime:0.001000s ]

[ 2017-07-18T09:24:05+08:00 ] ::1 /MhyShopAdmin/admin.php/Category/index.html
INFO: [ app_init ] --START--
INFO: Run Behavior\BuildLiteBehavior [ RunTime:0.000000s ]
INFO: [ app_init ] --END-- [ RunTime:0.001000s ]
INFO: [ app_begin ] --START--
INFO: Run Behavior\ReadHtmlCacheBehavior [ RunTime:0.001001s ]
INFO: [ app_begin ] --END-- [ RunTime:0.001001s ]
NOTIC: [8] Undefined index: submit D:\phpStudy\WWW\MhyShopAdmin\shopApp\Admin\Controller\CategoryController.class.php 第 11 行.
SQL: SHOW COLUMNS FROM `mhy_category` [ RunTime:0.0120s ]
SQL: SELECT * FROM `mhy_category` ORDER BY category_sort desc  [ RunTime:0.0010s ]
NOTIC: [8] Undefined variable: parentid D:\phpStudy\WWW\MhyShopAdmin\ThinkPHP3.2\Library\Think\Tree.class.php 第 48 行.
NOTIC: [8] Undefined variable: parentid D:\phpStudy\WWW\MhyShopAdmin\ThinkPHP3.2\Library\Think\Tree.class.php 第 48 行.
NOTIC: [8] Undefined variable: parentid D:\phpStudy\WWW\MhyShopAdmin\ThinkPHP3.2\Library\Think\Tree.class.php 第 48 行.
NOTIC: [8] Undefined variable: parentid D:\phpStudy\WWW\MhyShopAdmin\ThinkPHP3.2\Library\Think\Tree.class.php 第 48 行.
NOTIC: [8] Undefined variable: parentid D:\phpStudy\WWW\MhyShopAdmin\ThinkPHP3.2\Library\Think\Tree.class.php 第 48 行.
NOTIC: [8] Undefined variable: parentid D:\phpStudy\WWW\MhyShopAdmin\ThinkPHP3.2\Library\Think\Tree.class.php 第 48 行.
NOTIC: [8] Undefined variable: parentid D:\phpStudy\WWW\MhyShopAdmin\ThinkPHP3.2\Library\Think\Tree.class.php 第 48 行.
NOTIC: [8] Undefined variable: parentid D:\phpStudy\WWW\MhyShopAdmin\ThinkPHP3.2\Library\Think\Tree.class.php 第 48 行.
NOTIC: [8] Undefined variable: parentid D:\phpStudy\WWW\MhyShopAdmin\ThinkPHP3.2\Library\Think\Tree.class.php 第 48 行.
NOTIC: [8] Undefined variable: parentid D:\phpStudy\WWW\MhyShopAdmin\ThinkPHP3.2\Library\Think\Tree.class.php 第 48 行.
NOTIC: [8] Undefined variable: parentid D:\phpStudy\WWW\MhyShopAdmin\ThinkPHP3.2\Library\Think\Tree.class.php 第 48 行.
NOTIC: [8] Undefined variable: parentid D:\phpStudy\WWW\MhyShopAdmin\ThinkPHP3.2\Library\Think\Tree.class.php 第 48 行.
NOTIC: [8] Undefined variable: parentid D:\phpStudy\WWW\MhyShopAdmin\ThinkPHP3.2\Library\Think\Tree.class.php 第 48 行.
NOTIC: [8] Undefined variable: parentid D:\phpStudy\WWW\MhyShopAdmin\ThinkPHP3.2\Library\Think\Tree.class.php 第 48 行.
NOTIC: [8] Undefined variable: parentid D:\phpStudy\WWW\MhyShopAdmin\ThinkPHP3.2\Library\Think\Tree.class.php 第 48 行.
NOTIC: [8] Undefined variable: parentid D:\phpStudy\WWW\MhyShopAdmin\ThinkPHP3.2\Library\Think\Tree.class.php 第 48 行.
NOTIC: [8] Undefined variable: parentid D:\phpStudy\WWW\MhyShopAdmin\ThinkPHP3.2\Library\Think\Tree.class.php 第 48 行.
NOTIC: [8] Undefined variable: parentid D:\phpStudy\WWW\MhyShopAdmin\ThinkPHP3.2\Library\Think\Tree.class.php 第 48 行.
NOTIC: [8] Undefined variable: parentid D:\phpStudy\WWW\MhyShopAdmin\ThinkPHP3.2\Library\Think\Tree.class.php 第 48 行.
NOTIC: [8] Undefined variable: parentid D:\phpStudy\WWW\MhyShopAdmin\ThinkPHP3.2\Library\Think\Tree.class.php 第 48 行.
NOTIC: [8] Undefined variable: parentid D:\phpStudy\WWW\MhyShopAdmin\ThinkPHP3.2\Library\Think\Tree.class.php 第 48 行.
NOTIC: [8] Undefined variable: parentid D:\phpStudy\WWW\MhyShopAdmin\ThinkPHP3.2\Library\Think\Tree.class.php 第 48 行.
NOTIC: [8] Undefined variable: parentid D:\phpStudy\WWW\MhyShopAdmin\ThinkPHP3.2\Library\Think\Tree.class.php 第 48 行.
NOTIC: [8] Undefined variable: parentid D:\phpStudy\WWW\MhyShopAdmin\ThinkPHP3.2\Library\Think\Tree.class.php 第 48 行.
NOTIC: [8] Undefined variable: parentid D:\phpStudy\WWW\MhyShopAdmin\ThinkPHP3.2\Library\Think\Tree.class.php 第 48 行.
NOTIC: [8] Undefined variable: parentid D:\phpStudy\WWW\MhyShopAdmin\ThinkPHP3.2\Library\Think\Tree.class.php 第 48 行.
NOTIC: [8] Undefined variable: parentid D:\phpStudy\WWW\MhyShopAdmin\ThinkPHP3.2\Library\Think\Tree.class.php 第 48 行.
NOTIC: [8] Undefined variable: parentid D:\phpStudy\WWW\MhyShopAdmin\ThinkPHP3.2\Library\Think\Tree.class.php 第 48 行.
NOTIC: [8] Undefined variable: parentid D:\phpStudy\WWW\MhyShopAdmin\ThinkPHP3.2\Library\Think\Tree.class.php 第 48 行.
NOTIC: [8] Undefined variable: parentid D:\phpStudy\WWW\MhyShopAdmin\ThinkPHP3.2\Library\Think\Tree.class.php 第 48 行.
NOTIC: [8] Undefined variable: parentid D:\phpStudy\WWW\MhyShopAdmin\ThinkPHP3.2\Library\Think\Tree.class.php 第 48 行.
NOTIC: [8] Undefined variable: parentid D:\phpStudy\WWW\MhyShopAdmin\ThinkPHP3.2\Library\Think\Tree.class.php 第 48 行.
NOTIC: [8] Undefined variable: parentid D:\phpStudy\WWW\MhyShopAdmin\ThinkPHP3.2\Library\Think\Tree.class.php 第 48 行.
NOTIC: [8] Undefined variable: parentid D:\phpStudy\WWW\MhyShopAdmin\ThinkPHP3.2\Library\Think\Tree.class.php 第 48 行.
NOTIC: [8] Undefined variable: parentid D:\phpStudy\WWW\MhyShopAdmin\ThinkPHP3.2\Library\Think\Tree.class.php 第 48 行.
NOTIC: [8] Undefined variable: parentid D:\phpStudy\WWW\MhyShopAdmin\ThinkPHP3.2\Library\Think\Tree.class.php 第 48 行.
NOTIC: [8] Undefined variable: parentid D:\phpStudy\WWW\MhyShopAdmin\ThinkPHP3.2\Library\Think\Tree.class.php 第 48 行.
NOTIC: [8] Undefined variable: parentid D:\phpStudy\WWW\MhyShopAdmin\ThinkPHP3.2\Library\Think\Tree.class.php 第 48 行.
NOTIC: [8] Undefined variable: parentid D:\phpStudy\WWW\MhyShopAdmin\ThinkPHP3.2\Library\Think\Tree.class.php 第 48 行.
NOTIC: [8] Undefined variable: parentid D:\phpStudy\WWW\MhyShopAdmin\ThinkPHP3.2\Library\Think\Tree.class.php 第 48 行.
NOTIC: [8] Undefined variable: parentid D:\phpStudy\WWW\MhyShopAdmin\ThinkPHP3.2\Library\Think\Tree.class.php 第 48 行.
NOTIC: [8] Undefined variable: parentid D:\phpStudy\WWW\MhyShopAdmin\ThinkPHP3.2\Library\Think\Tree.class.php 第 48 行.
NOTIC: [8] Undefined variable: parentid D:\phpStudy\WWW\MhyShopAdmin\ThinkPHP3.2\Library\Think\Tree.class.php 第 48 行.
NOTIC: [8] Undefined variable: parentid D:\phpStudy\WWW\MhyShopAdmin\ThinkPHP3.2\Library\Think\Tree.class.php 第 48 行.
NOTIC: [8] Undefined variable: parentid D:\phpStudy\WWW\MhyShopAdmin\ThinkPHP3.2\Library\Think\Tree.class.php 第 48 行.
NOTIC: [8] Undefined variable: parentid D:\phpStudy\WWW\MhyShopAdmin\ThinkPHP3.2\Library\Think\Tree.class.php 第 48 行.
NOTIC: [8] Undefined variable: parentid D:\phpStudy\WWW\MhyShopAdmin\ThinkPHP3.2\Library\Think\Tree.class.php 第 48 行.
INFO: [ view_parse ] --START--
INFO: [ template_filter ] --START--
INFO: Run Behavior\ContentReplaceBehavior [ RunTime:0.000000s ]
INFO: [ template_filter ] --END-- [ RunTime:0.000000s ]
INFO: Run Behavior\ParseTemplateBehavior [ RunTime:0.031002s ]
INFO: [ view_parse ] --END-- [ RunTime:0.031002s ]
INFO: [ view_filter ] --START--
INFO: Run Behavior\WriteHtmlCacheBehavior [ RunTime:0.000000s ]
INFO: Run Behavior\TokenBuildBehavior [ RunTime:0.000000s ]
INFO: [ view_filter ] --END-- [ RunTime:0.000000s ]
INFO: [ app_end ] --START--
INFO: Run Behavior\ShowPageTraceBehavior [ RunTime:0.000000s ]
INFO: [ app_end ] --END-- [ RunTime:0.000000s ]

[ 2017-07-18T09:24:13+08:00 ] ::1 /MhyShopAdmin/admin.php/Category/index.html
INFO: [ app_init ] --START--
INFO: Run Behavior\BuildLiteBehavior [ RunTime:0.000000s ]
INFO: [ app_init ] --END-- [ RunTime:0.001000s ]
INFO: [ app_begin ] --START--
INFO: Run Behavior\ReadHtmlCacheBehavior [ RunTime:0.000000s ]
INFO: [ app_begin ] --END-- [ RunTime:0.000000s ]
NOTIC: [8] Undefined index: submit D:\phpStudy\WWW\MhyShopAdmin\shopApp\Admin\Controller\CategoryController.class.php 第 11 行.
SQL: SHOW COLUMNS FROM `mhy_category` [ RunTime:0.0160s ]
SQL: SELECT * FROM `mhy_category` ORDER BY category_sort desc  [ RunTime:0.0010s ]
NOTIC: [8] Undefined variable: parentid D:\phpStudy\WWW\MhyShopAdmin\ThinkPHP3.2\Library\Think\Tree.class.php 第 48 行.
NOTIC: [8] Undefined variable: parentid D:\phpStudy\WWW\MhyShopAdmin\ThinkPHP3.2\Library\Think\Tree.class.php 第 48 行.
NOTIC: [8] Undefined variable: parentid D:\phpStudy\WWW\MhyShopAdmin\ThinkPHP3.2\Library\Think\Tree.class.php 第 48 行.
NOTIC: [8] Undefined variable: parentid D:\phpStudy\WWW\MhyShopAdmin\ThinkPHP3.2\Library\Think\Tree.class.php 第 48 行.
NOTIC: [8] Undefined variable: parentid D:\phpStudy\WWW\MhyShopAdmin\ThinkPHP3.2\Library\Think\Tree.class.php 第 48 行.
NOTIC: [8] Undefined variable: parentid D:\phpStudy\WWW\MhyShopAdmin\ThinkPHP3.2\Library\Think\Tree.class.php 第 48 行.
NOTIC: [8] Undefined variable: parentid D:\phpStudy\WWW\MhyShopAdmin\ThinkPHP3.2\Library\Think\Tree.class.php 第 48 行.
NOTIC: [8] Undefined variable: parentid D:\phpStudy\WWW\MhyShopAdmin\ThinkPHP3.2\Library\Think\Tree.class.php 第 48 行.
NOTIC: [8] Undefined variable: parentid D:\phpStudy\WWW\MhyShopAdmin\ThinkPHP3.2\Library\Think\Tree.class.php 第 48 行.
NOTIC: [8] Undefined variable: parentid D:\phpStudy\WWW\MhyShopAdmin\ThinkPHP3.2\Library\Think\Tree.class.php 第 48 行.
NOTIC: [8] Undefined variable: parentid D:\phpStudy\WWW\MhyShopAdmin\ThinkPHP3.2\Library\Think\Tree.class.php 第 48 行.
NOTIC: [8] Undefined variable: parentid D:\phpStudy\WWW\MhyShopAdmin\ThinkPHP3.2\Library\Think\Tree.class.php 第 48 行.
NOTIC: [8] Undefined variable: parentid D:\phpStudy\WWW\MhyShopAdmin\ThinkPHP3.2\Library\Think\Tree.class.php 第 48 行.
NOTIC: [8] Undefined variable: parentid D:\phpStudy\WWW\MhyShopAdmin\ThinkPHP3.2\Library\Think\Tree.class.php 第 48 行.
NOTIC: [8] Undefined variable: parentid D:\phpStudy\WWW\MhyShopAdmin\ThinkPHP3.2\Library\Think\Tree.class.php 第 48 行.
NOTIC: [8] Undefined variable: parentid D:\phpStudy\WWW\MhyShopAdmin\ThinkPHP3.2\Library\Think\Tree.class.php 第 48 行.
NOTIC: [8] Undefined variable: parentid D:\phpStudy\WWW\MhyShopAdmin\ThinkPHP3.2\Library\Think\Tree.class.php 第 48 行.
NOTIC: [8] Undefined variable: parentid D:\phpStudy\WWW\MhyShopAdmin\ThinkPHP3.2\Library\Think\Tree.class.php 第 48 行.
NOTIC: [8] Undefined variable: parentid D:\phpStudy\WWW\MhyShopAdmin\ThinkPHP3.2\Library\Think\Tree.class.php 第 48 行.
NOTIC: [8] Undefined variable: parentid D:\phpStudy\WWW\MhyShopAdmin\ThinkPHP3.2\Library\Think\Tree.class.php 第 48 行.
NOTIC: [8] Undefined variable: parentid D:\phpStudy\WWW\MhyShopAdmin\ThinkPHP3.2\Library\Think\Tree.class.php 第 48 行.
NOTIC: [8] Undefined variable: parentid D:\phpStudy\WWW\MhyShopAdmin\ThinkPHP3.2\Library\Think\Tree.class.php 第 48 行.
NOTIC: [8] Undefined variable: parentid D:\phpStudy\WWW\MhyShopAdmin\ThinkPHP3.2\Library\Think\Tree.class.php 第 48 行.
NOTIC: [8] Undefined variable: parentid D:\phpStudy\WWW\MhyShopAdmin\ThinkPHP3.2\Library\Think\Tree.class.php 第 48 行.
NOTIC: [8] Undefined variable: parentid D:\phpStudy\WWW\MhyShopAdmin\ThinkPHP3.2\Library\Think\Tree.class.php 第 48 行.
NOTIC: [8] Undefined variable: parentid D:\phpStudy\WWW\MhyShopAdmin\ThinkPHP3.2\Library\Think\Tree.class.php 第 48 行.
NOTIC: [8] Undefined variable: parentid D:\phpStudy\WWW\MhyShopAdmin\ThinkPHP3.2\Library\Think\Tree.class.php 第 48 行.
NOTIC: [8] Undefined variable: parentid D:\phpStudy\WWW\MhyShopAdmin\ThinkPHP3.2\Library\Think\Tree.class.php 第 48 行.
NOTIC: [8] Undefined variable: parentid D:\phpStudy\WWW\MhyShopAdmin\ThinkPHP3.2\Library\Think\Tree.class.php 第 48 行.
NOTIC: [8] Undefined variable: parentid D:\phpStudy\WWW\MhyShopAdmin\ThinkPHP3.2\Library\Think\Tree.class.php 第 48 行.
NOTIC: [8] Undefined variable: parentid D:\phpStudy\WWW\MhyShopAdmin\ThinkPHP3.2\Library\Think\Tree.class.php 第 48 行.
NOTIC: [8] Undefined variable: parentid D:\phpStudy\WWW\MhyShopAdmin\ThinkPHP3.2\Library\Think\Tree.class.php 第 48 行.
NOTIC: [8] Undefined variable: parentid D:\phpStudy\WWW\MhyShopAdmin\ThinkPHP3.2\Library\Think\Tree.class.php 第 48 行.
NOTIC: [8] Undefined variable: parentid D:\phpStudy\WWW\MhyShopAdmin\ThinkPHP3.2\Library\Think\Tree.class.php 第 48 行.
NOTIC: [8] Undefined variable: parentid D:\phpStudy\WWW\MhyShopAdmin\ThinkPHP3.2\Library\Think\Tree.class.php 第 48 行.
NOTIC: [8] Undefined variable: parentid D:\phpStudy\WWW\MhyShopAdmin\ThinkPHP3.2\Library\Think\Tree.class.php 第 48 行.
NOTIC: [8] Undefined variable: parentid D:\phpStudy\WWW\MhyShopAdmin\ThinkPHP3.2\Library\Think\Tree.class.php 第 48 行.
NOTIC: [8] Undefined variable: parentid D:\phpStudy\WWW\MhyShopAdmin\ThinkPHP3.2\Library\Think\Tree.class.php 第 48 行.
NOTIC: [8] Undefined variable: parentid D:\phpStudy\WWW\MhyShopAdmin\ThinkPHP3.2\Library\Think\Tree.class.php 第 48 行.
NOTIC: [8] Undefined variable: parentid D:\phpStudy\WWW\MhyShopAdmin\ThinkPHP3.2\Library\Think\Tree.class.php 第 48 行.
NOTIC: [8] Undefined variable: parentid D:\phpStudy\WWW\MhyShopAdmin\ThinkPHP3.2\Library\Think\Tree.class.php 第 48 行.
NOTIC: [8] Undefined variable: parentid D:\phpStudy\WWW\MhyShopAdmin\ThinkPHP3.2\Library\Think\Tree.class.php 第 48 行.
NOTIC: [8] Undefined variable: parentid D:\phpStudy\WWW\MhyShopAdmin\ThinkPHP3.2\Library\Think\Tree.class.php 第 48 行.
NOTIC: [8] Undefined variable: parentid D:\phpStudy\WWW\MhyShopAdmin\ThinkPHP3.2\Library\Think\Tree.class.php 第 48 行.
NOTIC: [8] Undefined variable: parentid D:\phpStudy\WWW\MhyShopAdmin\ThinkPHP3.2\Library\Think\Tree.class.php 第 48 行.
NOTIC: [8] Undefined variable: parentid D:\phpStudy\WWW\MhyShopAdmin\ThinkPHP3.2\Library\Think\Tree.class.php 第 48 行.
NOTIC: [8] Undefined variable: parentid D:\phpStudy\WWW\MhyShopAdmin\ThinkPHP3.2\Library\Think\Tree.class.php 第 48 行.
INFO: [ view_parse ] --START--
INFO: [ template_filter ] --START--
INFO: Run Behavior\ContentReplaceBehavior [ RunTime:0.000000s ]
INFO: [ template_filter ] --END-- [ RunTime:0.000000s ]
INFO: Run Behavior\ParseTemplateBehavior [ RunTime:0.009000s ]
INFO: [ view_parse ] --END-- [ RunTime:0.009000s ]
INFO: [ view_filter ] --START--
INFO: Run Behavior\WriteHtmlCacheBehavior [ RunTime:0.000000s ]
INFO: Run Behavior\TokenBuildBehavior [ RunTime:0.000000s ]
INFO: [ view_filter ] --END-- [ RunTime:0.000000s ]
INFO: [ app_end ] --START--
INFO: Run Behavior\ShowPageTraceBehavior [ RunTime:0.000000s ]
INFO: [ app_end ] --END-- [ RunTime:0.000000s ]

[ 2017-07-18T09:24:25+08:00 ] ::1 /MhyShopAdmin/admin.php/Area/index.html
INFO: [ app_init ] --START--
INFO: Run Behavior\BuildLiteBehavior [ RunTime:0.000000s ]
INFO: [ app_init ] --END-- [ RunTime:0.000000s ]
INFO: [ app_begin ] --START--
INFO: Run Behavior\ReadHtmlCacheBehavior [ RunTime:0.000000s ]
INFO: [ app_begin ] --END-- [ RunTime:0.000000s ]
NOTIC: [8] Undefined index: submit D:\phpStudy\WWW\MhyShopAdmin\shopApp\Admin\Controller\AreaController.class.php 第 11 行.
SQL: SHOW COLUMNS FROM `mhy_area` [ RunTime:0.0530s ]
SQL: SELECT * FROM `mhy_area` ORDER BY area_id desc  [ RunTime:0.0000s ]
NOTIC: [8] Undefined variable: parentid D:\phpStudy\WWW\MhyShopAdmin\ThinkPHP3.2\Library\Think\Tree.class.php 第 48 行.
NOTIC: [8] Undefined variable: parentid D:\phpStudy\WWW\MhyShopAdmin\ThinkPHP3.2\Library\Think\Tree.class.php 第 48 行.
NOTIC: [8] Undefined variable: parentid D:\phpStudy\WWW\MhyShopAdmin\ThinkPHP3.2\Library\Think\Tree.class.php 第 48 行.
NOTIC: [8] Undefined variable: parentid D:\phpStudy\WWW\MhyShopAdmin\ThinkPHP3.2\Library\Think\Tree.class.php 第 48 行.
NOTIC: [8] Undefined variable: parentid D:\phpStudy\WWW\MhyShopAdmin\ThinkPHP3.2\Library\Think\Tree.class.php 第 48 行.
NOTIC: [8] Undefined variable: parentid D:\phpStudy\WWW\MhyShopAdmin\ThinkPHP3.2\Library\Think\Tree.class.php 第 48 行.
NOTIC: [8] Undefined variable: parentid D:\phpStudy\WWW\MhyShopAdmin\ThinkPHP3.2\Library\Think\Tree.class.php 第 48 行.
NOTIC: [8] Undefined variable: parentid D:\phpStudy\WWW\MhyShopAdmin\ThinkPHP3.2\Library\Think\Tree.class.php 第 48 行.
INFO: [ view_parse ] --START--
INFO: [ template_filter ] --START--
INFO: Run Behavior\ContentReplaceBehavior [ RunTime:0.000000s ]
INFO: [ template_filter ] --END-- [ RunTime:0.000000s ]
INFO: Run Behavior\ParseTemplateBehavior [ RunTime:0.022001s ]
INFO: [ view_parse ] --END-- [ RunTime:0.022001s ]
INFO: [ view_filter ] --START--
INFO: Run Behavior\WriteHtmlCacheBehavior [ RunTime:0.000000s ]
INFO: Run Behavior\TokenBuildBehavior [ RunTime:0.000000s ]
INFO: [ view_filter ] --END-- [ RunTime:0.001000s ]
INFO: [ app_end ] --START--
INFO: Run Behavior\ShowPageTraceBehavior [ RunTime:0.001000s ]
INFO: [ app_end ] --END-- [ RunTime:0.001000s ]

[ 2017-07-18T09:24:30+08:00 ] ::1 /MhyShopAdmin/admin.php/Banner/index.html
INFO: [ app_init ] --START--
INFO: Run Behavior\BuildLiteBehavior [ RunTime:0.000000s ]
INFO: [ app_init ] --END-- [ RunTime:0.001000s ]
INFO: [ app_begin ] --START--
INFO: Run Behavior\ReadHtmlCacheBehavior [ RunTime:0.001000s ]
INFO: [ app_begin ] --END-- [ RunTime:0.001000s ]
NOTIC: [8] Undefined index: startTime D:\phpStudy\WWW\MhyShopAdmin\shopApp\Admin\Controller\BannerController.class.php 第 11 行.
NOTIC: [8] Undefined index: endTime D:\phpStudy\WWW\MhyShopAdmin\shopApp\Admin\Controller\BannerController.class.php 第 12 行.
NOTIC: [8] Undefined index: content D:\phpStudy\WWW\MhyShopAdmin\shopApp\Admin\Controller\BannerController.class.php 第 26 行.
NOTIC: [8] Undefined index: submit D:\phpStudy\WWW\MhyShopAdmin\shopApp\Admin\Controller\BannerController.class.php 第 35 行.
NOTIC: [8] Undefined index: limit D:\phpStudy\WWW\MhyShopAdmin\shopApp\Admin\Controller\BannerController.class.php 第 39 行.
SQL: SHOW COLUMNS FROM `mhy_banner` [ RunTime:0.0420s ]
SQL: SELECT COUNT(*) AS tp_count FROM `mhy_banner` LIMIT 1   [ RunTime:0.0010s ]
SQL: SELECT * FROM `mhy_banner` ORDER BY banner_id desc LIMIT 0,20   [ RunTime:0.0010s ]
SQL: SHOW COLUMNS FROM `mhy_category` [ RunTime:0.0130s ]
SQL: SELECT * FROM `mhy_category` WHERE `category_id` = 11 LIMIT 1   [ RunTime:0.0000s ]
SQL: SELECT * FROM `mhy_category` WHERE `category_id` = 10 LIMIT 1   [ RunTime:0.0010s ]
SQL: SELECT * FROM `mhy_category` WHERE `category_id` = 11 LIMIT 1   [ RunTime:0.0000s ]
INFO: [ view_parse ] --START--
INFO: [ template_filter ] --START--
INFO: Run Behavior\ContentReplaceBehavior [ RunTime:0.000000s ]
INFO: [ template_filter ] --END-- [ RunTime:0.000000s ]
NOTIC: [8] Undefined index: startTime D:\phpStudy\WWW\MhyShopAdmin\Runtime\Cache\Admin\be133e0ee490a0254a6b5dd8dcef7134.php 第 147 行.
NOTIC: [8] Undefined index: endTime D:\phpStudy\WWW\MhyShopAdmin\Runtime\Cache\Admin\be133e0ee490a0254a6b5dd8dcef7134.php 第 151 行.
NOTIC: [8] Undefined index: limit D:\phpStudy\WWW\MhyShopAdmin\Runtime\Cache\Admin\be133e0ee490a0254a6b5dd8dcef7134.php 第 156 行.
NOTIC: [8] Undefined index: limit D:\phpStudy\WWW\MhyShopAdmin\Runtime\Cache\Admin\be133e0ee490a0254a6b5dd8dcef7134.php 第 157 行.
NOTIC: [8] Undefined index: limit D:\phpStudy\WWW\MhyShopAdmin\Runtime\Cache\Admin\be133e0ee490a0254a6b5dd8dcef7134.php 第 158 行.
NOTIC: [8] Undefined index: key D:\phpStudy\WWW\MhyShopAdmin\Runtime\Cache\Admin\be133e0ee490a0254a6b5dd8dcef7134.php 第 165 行.
NOTIC: [8] Undefined index: key D:\phpStudy\WWW\MhyShopAdmin\Runtime\Cache\Admin\be133e0ee490a0254a6b5dd8dcef7134.php 第 166 行.
NOTIC: [8] Undefined index: key D:\phpStudy\WWW\MhyShopAdmin\Runtime\Cache\Admin\be133e0ee490a0254a6b5dd8dcef7134.php 第 167 行.
NOTIC: [8] Undefined index: content D:\phpStudy\WWW\MhyShopAdmin\Runtime\Cache\Admin\be133e0ee490a0254a6b5dd8dcef7134.php 第 173 行.
INFO: Run Behavior\ParseTemplateBehavior [ RunTime:0.022002s ]
INFO: [ view_parse ] --END-- [ RunTime:0.022002s ]
INFO: [ view_filter ] --START--
INFO: Run Behavior\WriteHtmlCacheBehavior [ RunTime:0.001000s ]
INFO: Run Behavior\TokenBuildBehavior [ RunTime:0.000000s ]
INFO: [ view_filter ] --END-- [ RunTime:0.001000s ]
INFO: [ app_end ] --START--
INFO: Run Behavior\ShowPageTraceBehavior [ RunTime:0.001000s ]
INFO: [ app_end ] --END-- [ RunTime:0.001000s ]

[ 2017-07-18T15:58:53+08:00 ] ::1 /MhyShopAdmin/admin.php/Category/index.html
INFO: [ app_init ] --START--
INFO: Run Behavior\BuildLiteBehavior [ RunTime:0.000000s ]
INFO: [ app_init ] --END-- [ RunTime:0.001001s ]
INFO: [ app_begin ] --START--
INFO: Run Behavior\ReadHtmlCacheBehavior [ RunTime:0.000000s ]
INFO: [ app_begin ] --END-- [ RunTime:0.000000s ]
NOTIC: [8] Undefined index: submit D:\phpStudy\WWW\MhyShopAdmin\shopApp\Admin\Controller\CategoryController.class.php 第 11 行.
SQL: SHOW COLUMNS FROM `mhy_category` [ RunTime:0.3460s ]
SQL: SELECT * FROM `mhy_category` ORDER BY category_sort desc  [ RunTime:0.1800s ]
NOTIC: [8] Undefined variable: parentid D:\phpStudy\WWW\MhyShopAdmin\ThinkPHP3.2\Library\Think\Tree.class.php 第 48 行.
NOTIC: [8] Undefined variable: parentid D:\phpStudy\WWW\MhyShopAdmin\ThinkPHP3.2\Library\Think\Tree.class.php 第 48 行.
NOTIC: [8] Undefined variable: parentid D:\phpStudy\WWW\MhyShopAdmin\ThinkPHP3.2\Library\Think\Tree.class.php 第 48 行.
NOTIC: [8] Undefined variable: parentid D:\phpStudy\WWW\MhyShopAdmin\ThinkPHP3.2\Library\Think\Tree.class.php 第 48 行.
NOTIC: [8] Undefined variable: parentid D:\phpStudy\WWW\MhyShopAdmin\ThinkPHP3.2\Library\Think\Tree.class.php 第 48 行.
NOTIC: [8] Undefined variable: parentid D:\phpStudy\WWW\MhyShopAdmin\ThinkPHP3.2\Library\Think\Tree.class.php 第 48 行.
NOTIC: [8] Undefined variable: parentid D:\phpStudy\WWW\MhyShopAdmin\ThinkPHP3.2\Library\Think\Tree.class.php 第 48 行.
NOTIC: [8] Undefined variable: parentid D:\phpStudy\WWW\MhyShopAdmin\ThinkPHP3.2\Library\Think\Tree.class.php 第 48 行.
NOTIC: [8] Undefined variable: parentid D:\phpStudy\WWW\MhyShopAdmin\ThinkPHP3.2\Library\Think\Tree.class.php 第 48 行.
NOTIC: [8] Undefined variable: parentid D:\phpStudy\WWW\MhyShopAdmin\ThinkPHP3.2\Library\Think\Tree.class.php 第 48 行.
NOTIC: [8] Undefined variable: parentid D:\phpStudy\WWW\MhyShopAdmin\ThinkPHP3.2\Library\Think\Tree.class.php 第 48 行.
NOTIC: [8] Undefined variable: parentid D:\phpStudy\WWW\MhyShopAdmin\ThinkPHP3.2\Library\Think\Tree.class.php 第 48 行.
NOTIC: [8] Undefined variable: parentid D:\phpStudy\WWW\MhyShopAdmin\ThinkPHP3.2\Library\Think\Tree.class.php 第 48 行.
NOTIC: [8] Undefined variable: parentid D:\phpStudy\WWW\MhyShopAdmin\ThinkPHP3.2\Library\Think\Tree.class.php 第 48 行.
NOTIC: [8] Undefined variable: parentid D:\phpStudy\WWW\MhyShopAdmin\ThinkPHP3.2\Library\Think\Tree.class.php 第 48 行.
NOTIC: [8] Undefined variable: parentid D:\phpStudy\WWW\MhyShopAdmin\ThinkPHP3.2\Library\Think\Tree.class.php 第 48 行.
NOTIC: [8] Undefined variable: parentid D:\phpStudy\WWW\MhyShopAdmin\ThinkPHP3.2\Library\Think\Tree.class.php 第 48 行.
NOTIC: [8] Undefined variable: parentid D:\phpStudy\WWW\MhyShopAdmin\ThinkPHP3.2\Library\Think\Tree.class.php 第 48 行.
NOTIC: [8] Undefined variable: parentid D:\phpStudy\WWW\MhyShopAdmin\ThinkPHP3.2\Library\Think\Tree.class.php 第 48 行.
NOTIC: [8] Undefined variable: parentid D:\phpStudy\WWW\MhyShopAdmin\ThinkPHP3.2\Library\Think\Tree.class.php 第 48 行.
NOTIC: [8] Undefined variable: parentid D:\phpStudy\WWW\MhyShopAdmin\ThinkPHP3.2\Library\Think\Tree.class.php 第 48 行.
NOTIC: [8] Undefined variable: parentid D:\phpStudy\WWW\MhyShopAdmin\ThinkPHP3.2\Library\Think\Tree.class.php 第 48 行.
NOTIC: [8] Undefined variable: parentid D:\phpStudy\WWW\MhyShopAdmin\ThinkPHP3.2\Library\Think\Tree.class.php 第 48 行.
NOTIC: [8] Undefined variable: parentid D:\phpStudy\WWW\MhyShopAdmin\ThinkPHP3.2\Library\Think\Tree.class.php 第 48 行.
NOTIC: [8] Undefined variable: parentid D:\phpStudy\WWW\MhyShopAdmin\ThinkPHP3.2\Library\Think\Tree.class.php 第 48 行.
NOTIC: [8] Undefined variable: parentid D:\phpStudy\WWW\MhyShopAdmin\ThinkPHP3.2\Library\Think\Tree.class.php 第 48 行.
NOTIC: [8] Undefined variable: parentid D:\phpStudy\WWW\MhyShopAdmin\ThinkPHP3.2\Library\Think\Tree.class.php 第 48 行.
NOTIC: [8] Undefined variable: parentid D:\phpStudy\WWW\MhyShopAdmin\ThinkPHP3.2\Library\Think\Tree.class.php 第 48 行.
NOTIC: [8] Undefined variable: parentid D:\phpStudy\WWW\MhyShopAdmin\ThinkPHP3.2\Library\Think\Tree.class.php 第 48 行.
NOTIC: [8] Undefined variable: parentid D:\phpStudy\WWW\MhyShopAdmin\ThinkPHP3.2\Library\Think\Tree.class.php 第 48 行.
NOTIC: [8] Undefined variable: parentid D:\phpStudy\WWW\MhyShopAdmin\ThinkPHP3.2\Library\Think\Tree.class.php 第 48 行.
NOTIC: [8] Undefined variable: parentid D:\phpStudy\WWW\MhyShopAdmin\ThinkPHP3.2\Library\Think\Tree.class.php 第 48 行.
NOTIC: [8] Undefined variable: parentid D:\phpStudy\WWW\MhyShopAdmin\ThinkPHP3.2\Library\Think\Tree.class.php 第 48 行.
NOTIC: [8] Undefined variable: parentid D:\phpStudy\WWW\MhyShopAdmin\ThinkPHP3.2\Library\Think\Tree.class.php 第 48 行.
NOTIC: [8] Undefined variable: parentid D:\phpStudy\WWW\MhyShopAdmin\ThinkPHP3.2\Library\Think\Tree.class.php 第 48 行.
NOTIC: [8] Undefined variable: parentid D:\phpStudy\WWW\MhyShopAdmin\ThinkPHP3.2\Library\Think\Tree.class.php 第 48 行.
NOTIC: [8] Undefined variable: parentid D:\phpStudy\WWW\MhyShopAdmin\ThinkPHP3.2\Library\Think\Tree.class.php 第 48 行.
NOTIC: [8] Undefined variable: parentid D:\phpStudy\WWW\MhyShopAdmin\ThinkPHP3.2\Library\Think\Tree.class.php 第 48 行.
NOTIC: [8] Undefined variable: parentid D:\phpStudy\WWW\MhyShopAdmin\ThinkPHP3.2\Library\Think\Tree.class.php 第 48 行.
NOTIC: [8] Undefined variable: parentid D:\phpStudy\WWW\MhyShopAdmin\ThinkPHP3.2\Library\Think\Tree.class.php 第 48 行.
NOTIC: [8] Undefined variable: parentid D:\phpStudy\WWW\MhyShopAdmin\ThinkPHP3.2\Library\Think\Tree.class.php 第 48 行.
NOTIC: [8] Undefined variable: parentid D:\phpStudy\WWW\MhyShopAdmin\ThinkPHP3.2\Library\Think\Tree.class.php 第 48 行.
NOTIC: [8] Undefined variable: parentid D:\phpStudy\WWW\MhyShopAdmin\ThinkPHP3.2\Library\Think\Tree.class.php 第 48 行.
NOTIC: [8] Undefined variable: parentid D:\phpStudy\WWW\MhyShopAdmin\ThinkPHP3.2\Library\Think\Tree.class.php 第 48 行.
NOTIC: [8] Undefined variable: parentid D:\phpStudy\WWW\MhyShopAdmin\ThinkPHP3.2\Library\Think\Tree.class.php 第 48 行.
NOTIC: [8] Undefined variable: parentid D:\phpStudy\WWW\MhyShopAdmin\ThinkPHP3.2\Library\Think\Tree.class.php 第 48 行.
NOTIC: [8] Undefined variable: parentid D:\phpStudy\WWW\MhyShopAdmin\ThinkPHP3.2\Library\Think\Tree.class.php 第 48 行.
INFO: [ view_parse ] --START--
INFO: [ template_filter ] --START--
INFO: Run Behavior\ContentReplaceBehavior [ RunTime:0.000000s ]
INFO: [ template_filter ] --END-- [ RunTime:0.000000s ]
INFO: Run Behavior\ParseTemplateBehavior [ RunTime:0.037002s ]
INFO: [ view_parse ] --END-- [ RunTime:0.037002s ]
INFO: [ view_filter ] --START--
INFO: Run Behavior\WriteHtmlCacheBehavior [ RunTime:0.008001s ]
INFO: Run Behavior\TokenBuildBehavior [ RunTime:0.001000s ]
INFO: [ view_filter ] --END-- [ RunTime:0.009001s ]
INFO: [ app_end ] --START--
INFO: Run Behavior\ShowPageTraceBehavior [ RunTime:0.000000s ]
INFO: [ app_end ] --END-- [ RunTime:0.000000s ]

[ 2017-07-18T15:58:54+08:00 ] ::1 /MhyShopAdmin/admin.php/Member/index.html
INFO: [ app_init ] --START--
INFO: Run Behavior\BuildLiteBehavior [ RunTime:0.000000s ]
INFO: [ app_init ] --END-- [ RunTime:0.001000s ]
INFO: [ app_begin ] --START--
INFO: Run Behavior\ReadHtmlCacheBehavior [ RunTime:0.001000s ]
INFO: [ app_begin ] --END-- [ RunTime:0.001000s ]
NOTIC: [8] Undefined index: startTime D:\phpStudy\WWW\MhyShopAdmin\shopApp\Admin\Controller\MemberController.class.php 第 11 行.
NOTIC: [8] Undefined index: endTime D:\phpStudy\WWW\MhyShopAdmin\shopApp\Admin\Controller\MemberController.class.php 第 12 行.
NOTIC: [8] Undefined index: content D:\phpStudy\WWW\MhyShopAdmin\shopApp\Admin\Controller\MemberController.class.php 第 26 行.
NOTIC: [8] Undefined index: submit D:\phpStudy\WWW\MhyShopAdmin\shopApp\Admin\Controller\MemberController.class.php 第 35 行.
NOTIC: [8] Undefined index: limit D:\phpStudy\WWW\MhyShopAdmin\shopApp\Admin\Controller\MemberController.class.php 第 39 行.
SQL: SHOW COLUMNS FROM `mhy_member` [ RunTime:0.0830s ]
SQL: SELECT COUNT(*) AS tp_count FROM `mhy_member` LIMIT 1   [ RunTime:0.0690s ]
SQL: SELECT * FROM `mhy_member` ORDER BY member_id desc LIMIT 0,20   [ RunTime:0.0520s ]
NOTIC: [8] Undefined index: allNum D:\phpStudy\WWW\MhyShopAdmin\shopApp\Admin\Controller\MemberController.class.php 第 45 行.
NOTIC: [8] Undefined index: pageNum D:\phpStudy\WWW\MhyShopAdmin\shopApp\Admin\Controller\MemberController.class.php 第 46 行.
INFO: [ view_parse ] --START--
INFO: [ template_filter ] --START--
INFO: Run Behavior\ContentReplaceBehavior [ RunTime:0.000000s ]
INFO: [ template_filter ] --END-- [ RunTime:0.000000s ]
NOTIC: [8] Undefined index: startTime D:\phpStudy\WWW\MhyShopAdmin\Runtime\Cache\Admin\6d016b3978128ecc733d3a86706fedbd.php 第 155 行.
NOTIC: [8] Undefined index: endTime D:\phpStudy\WWW\MhyShopAdmin\Runtime\Cache\Admin\6d016b3978128ecc733d3a86706fedbd.php 第 159 行.
NOTIC: [8] Undefined index: limit D:\phpStudy\WWW\MhyShopAdmin\Runtime\Cache\Admin\6d016b3978128ecc733d3a86706fedbd.php 第 164 行.
NOTIC: [8] Undefined index: limit D:\phpStudy\WWW\MhyShopAdmin\Runtime\Cache\Admin\6d016b3978128ecc733d3a86706fedbd.php 第 165 行.
NOTIC: [8] Undefined index: limit D:\phpStudy\WWW\MhyShopAdmin\Runtime\Cache\Admin\6d016b3978128ecc733d3a86706fedbd.php 第 166 行.
NOTIC: [8] Undefined index: key D:\phpStudy\WWW\MhyShopAdmin\Runtime\Cache\Admin\6d016b3978128ecc733d3a86706fedbd.php 第 173 行.
NOTIC: [8] Undefined index: key D:\phpStudy\WWW\MhyShopAdmin\Runtime\Cache\Admin\6d016b3978128ecc733d3a86706fedbd.php 第 174 行.
NOTIC: [8] Undefined index: key D:\phpStudy\WWW\MhyShopAdmin\Runtime\Cache\Admin\6d016b3978128ecc733d3a86706fedbd.php 第 175 行.
NOTIC: [8] Undefined index: content D:\phpStudy\WWW\MhyShopAdmin\Runtime\Cache\Admin\6d016b3978128ecc733d3a86706fedbd.php 第 181 行.
INFO: Run Behavior\ParseTemplateBehavior [ RunTime:0.024001s ]
INFO: [ view_parse ] --END-- [ RunTime:0.024001s ]
INFO: [ view_filter ] --START--
INFO: Run Behavior\WriteHtmlCacheBehavior [ RunTime:0.000000s ]
INFO: Run Behavior\TokenBuildBehavior [ RunTime:0.000000s ]
INFO: [ view_filter ] --END-- [ RunTime:0.000000s ]
INFO: [ app_end ] --START--
INFO: Run Behavior\ShowPageTraceBehavior [ RunTime:0.000000s ]
INFO: [ app_end ] --END-- [ RunTime:0.000000s ]

