[ 2017-08-24T09:23:19+08:00 ] ::1 /MhyShopAdmin/admin.php/Index/index.html
INFO: [ app_init ] --START--
INFO: Run Behavior\BuildLiteBehavior [ RunTime:0.000000s ]
INFO: [ app_init ] --END-- [ RunTime:0.000000s ]
INFO: [ app_begin ] --START--
INFO: Run Behavior\ReadHtmlCacheBehavior [ RunTime:0.001000s ]
INFO: [ app_begin ] --END-- [ RunTime:0.001000s ]
SQL: SHOW COLUMNS FROM `mhy_member` [ RunTime:0.0440s ]
SQL: SELECT COUNT(*) AS tp_count FROM `mhy_member` LIMIT 1   [ RunTime:0.0010s ]
SQL: SHOW COLUMNS FROM `mhy_order` [ RunTime:0.0840s ]
SQL: SELECT COUNT(*) AS tp_count FROM `mhy_order` LIMIT 1   [ RunTime:0.0020s ]
SQL: SHOW COLUMNS FROM `mhy_goods` [ RunTime:0.0430s ]
SQL: SELECT COUNT(*) AS tp_count FROM `mhy_goods` LIMIT 1   [ RunTime:0.0000s ]
SQL: SHOW COLUMNS FROM `mhy_category` [ RunTime:0.0450s ]
SQL: SELECT COUNT(*) AS tp_count FROM `mhy_category` LIMIT 1   [ RunTime:0.0000s ]
SQL: SHOW COLUMNS FROM `mhy_order_goods` [ RunTime:0.1460s ]
SQL: SELECT COUNT(*) AS tp_count FROM `mhy_order_goods` LIMIT 1   [ RunTime:0.0110s ]
SQL: SHOW COLUMNS FROM `mhy_admin` [ RunTime:0.0450s ]
SQL: SELECT COUNT(*) AS tp_count FROM `mhy_admin` LIMIT 1   [ RunTime:0.0010s ]
INFO: [ view_parse ] --START--
INFO: [ template_filter ] --START--
INFO: Run Behavior\ContentReplaceBehavior [ RunTime:0.000000s ]
INFO: [ template_filter ] --END-- [ RunTime:0.000000s ]
INFO: Run Behavior\ParseTemplateBehavior [ RunTime:0.040002s ]
INFO: [ view_parse ] --END-- [ RunTime:0.041002s ]
INFO: [ view_filter ] --START--
INFO: Run Behavior\WriteHtmlCacheBehavior [ RunTime:0.000000s ]
INFO: Run Behavior\TokenBuildBehavior [ RunTime:0.012001s ]
INFO: [ view_filter ] --END-- [ RunTime:0.012001s ]
INFO: [ app_end ] --START--
INFO: Run Behavior\ShowPageTraceBehavior [ RunTime:0.002000s ]
INFO: [ app_end ] --END-- [ RunTime:0.002000s ]

[ 2017-08-24T09:23:26+08:00 ] ::1 /MhyShopAdmin/admin.php/Area/index.html
INFO: [ app_init ] --START--
INFO: Run Behavior\BuildLiteBehavior [ RunTime:0.000000s ]
INFO: [ app_init ] --END-- [ RunTime:0.001000s ]
INFO: [ app_begin ] --START--
INFO: Run Behavior\ReadHtmlCacheBehavior [ RunTime:0.001000s ]
INFO: [ app_begin ] --END-- [ RunTime:0.001000s ]

[ 2017-08-24T09:23:26+08:00 ] ::1 /MhyShopAdmin/admin.php/MhyShopAdmin/admin.php/Public/login.html.html
INFO: [ app_init ] --START--
INFO: Run Behavior\BuildLiteBehavior [ RunTime:0.000000s ]
INFO: [ app_init ] --END-- [ RunTime:0.000000s ]
INFO: [ app_begin ] --START--
INFO: Run Behavior\ReadHtmlCacheBehavior [ RunTime:0.000000s ]
INFO: [ app_begin ] --END-- [ RunTime:0.000000s ]
ERR: 无法加载控制器:MhyShopAdmin

[ 2017-08-24T09:23:38+08:00 ] ::1 /MhyShopAdmin/admin.php/Area/index.html
INFO: [ app_init ] --START--
INFO: Run Behavior\BuildLiteBehavior [ RunTime:0.000000s ]
INFO: [ app_init ] --END-- [ RunTime:0.001000s ]
INFO: [ app_begin ] --START--
INFO: Run Behavior\ReadHtmlCacheBehavior [ RunTime:0.001000s ]
INFO: [ app_begin ] --END-- [ RunTime:0.001000s ]

[ 2017-08-24T09:23:38+08:00 ] ::1 /MhyShopAdmin/admin.php/MhyShopAdmin/admin.php/Public/login.html.html
INFO: [ app_init ] --START--
INFO: Run Behavior\BuildLiteBehavior [ RunTime:0.000000s ]
INFO: [ app_init ] --END-- [ RunTime:0.000000s ]
INFO: [ app_begin ] --START--
INFO: Run Behavior\ReadHtmlCacheBehavior [ RunTime:0.001000s ]
INFO: [ app_begin ] --END-- [ RunTime:0.001000s ]
ERR: 无法加载控制器:MhyShopAdmin

[ 2017-08-24T09:23:58+08:00 ] ::1 /MhyShopAdmin/admin.php/Public/login.html.html
INFO: [ app_init ] --START--
INFO: Run Behavior\BuildLiteBehavior [ RunTime:0.000000s ]
INFO: [ app_init ] --END-- [ RunTime:0.001000s ]
INFO: [ app_begin ] --START--
INFO: Run Behavior\ReadHtmlCacheBehavior [ RunTime:0.001000s ]
INFO: [ app_begin ] --END-- [ RunTime:0.001000s ]
ERR: 非法操作:login.html

[ 2017-08-24T09:24:03+08:00 ] ::1 /MhyShopAdmin/admin.php/Public/login.html
INFO: [ app_init ] --START--
INFO: Run Behavior\BuildLiteBehavior [ RunTime:0.000000s ]
INFO: [ app_init ] --END-- [ RunTime:0.000000s ]
INFO: [ app_begin ] --START--
INFO: Run Behavior\ReadHtmlCacheBehavior [ RunTime:0.000000s ]
INFO: [ app_begin ] --END-- [ RunTime:0.000000s ]
INFO: [ view_parse ] --START--
INFO: [ template_filter ] --START--
INFO: Run Behavior\ContentReplaceBehavior [ RunTime:0.000000s ]
INFO: [ template_filter ] --END-- [ RunTime:0.000000s ]
INFO: Run Behavior\ParseTemplateBehavior [ RunTime:0.039002s ]
INFO: [ view_parse ] --END-- [ RunTime:0.040002s ]
INFO: [ view_filter ] --START--
INFO: Run Behavior\WriteHtmlCacheBehavior [ RunTime:0.001000s ]
INFO: Run Behavior\TokenBuildBehavior [ RunTime:0.000000s ]
INFO: [ view_filter ] --END-- [ RunTime:0.001000s ]
INFO: [ app_end ] --START--
INFO: Run Behavior\ShowPageTraceBehavior [ RunTime:0.000000s ]
INFO: [ app_end ] --END-- [ RunTime:0.000000s ]

[ 2017-08-24T09:24:03+08:00 ] ::1 /MhyShopAdmin/admin.php/Public/js/base.js
INFO: [ app_init ] --START--
INFO: Run Behavior\BuildLiteBehavior [ RunTime:0.000000s ]
INFO: [ app_init ] --END-- [ RunTime:0.000000s ]
INFO: [ app_begin ] --START--
INFO: Run Behavior\ReadHtmlCacheBehavior [ RunTime:0.000000s ]
INFO: [ app_begin ] --END-- [ RunTime:0.000000s ]
ERR: 非法操作:js

[ 2017-08-24T09:24:03+08:00 ] ::1 /MhyShopAdmin/admin.php/Public/js/base.js
INFO: [ app_init ] --START--
INFO: Run Behavior\BuildLiteBehavior [ RunTime:0.000000s ]
INFO: [ app_init ] --END-- [ RunTime:0.000000s ]
INFO: [ app_begin ] --START--
INFO: Run Behavior\ReadHtmlCacheBehavior [ RunTime:0.000000s ]
INFO: [ app_begin ] --END-- [ RunTime:0.000000s ]
ERR: 非法操作:js

[ 2017-08-24T09:24:10+08:00 ] ::1 /MhyShopAdmin/admin.php/Public/login.html
INFO: [ app_init ] --START--
INFO: Run Behavior\BuildLiteBehavior [ RunTime:0.000000s ]
INFO: [ app_init ] --END-- [ RunTime:0.001000s ]
INFO: [ app_begin ] --START--
INFO: Run Behavior\ReadHtmlCacheBehavior [ RunTime:0.001000s ]
INFO: [ app_begin ] --END-- [ RunTime:0.001000s ]
SQL: SHOW COLUMNS FROM `mhy_admin` [ RunTime:0.0140s ]
SQL: SELECT * FROM `mhy_admin` WHERE `admin_name` = 'maoheyuan' LIMIT 1   [ RunTime:0.0220s ]
INFO: [ view_parse ] --START--
INFO: [ template_filter ] --START--
INFO: Run Behavior\ContentReplaceBehavior [ RunTime:0.000000s ]
INFO: [ template_filter ] --END-- [ RunTime:0.000000s ]
INFO: Run Behavior\ParseTemplateBehavior [ RunTime:0.127007s ]
INFO: [ view_parse ] --END-- [ RunTime:0.127007s ]
INFO: [ view_filter ] --START--
INFO: Run Behavior\WriteHtmlCacheBehavior [ RunTime:0.001000s ]
INFO: Run Behavior\TokenBuildBehavior [ RunTime:0.001000s ]
INFO: [ view_filter ] --END-- [ RunTime:0.002000s ]

[ 2017-08-24T09:24:13+08:00 ] ::1 /MhyShopAdmin/admin.php/Public/login.html
INFO: [ app_init ] --START--
INFO: Run Behavior\BuildLiteBehavior [ RunTime:0.000000s ]
INFO: [ app_init ] --END-- [ RunTime:0.000000s ]
INFO: [ app_begin ] --START--
INFO: Run Behavior\ReadHtmlCacheBehavior [ RunTime:0.001001s ]
INFO: [ app_begin ] --END-- [ RunTime:0.001001s ]
INFO: [ view_parse ] --START--
INFO: [ template_filter ] --START--
INFO: Run Behavior\ContentReplaceBehavior [ RunTime:0.000000s ]
INFO: [ template_filter ] --END-- [ RunTime:0.000000s ]
INFO: Run Behavior\ParseTemplateBehavior [ RunTime:0.006000s ]
INFO: [ view_parse ] --END-- [ RunTime:0.006000s ]
INFO: [ view_filter ] --START--
INFO: Run Behavior\WriteHtmlCacheBehavior [ RunTime:0.000000s ]
INFO: Run Behavior\TokenBuildBehavior [ RunTime:0.001000s ]
INFO: [ view_filter ] --END-- [ RunTime:0.001000s ]
INFO: [ app_end ] --START--
INFO: Run Behavior\ShowPageTraceBehavior [ RunTime:0.000000s ]
INFO: [ app_end ] --END-- [ RunTime:0.001000s ]

[ 2017-08-24T09:24:13+08:00 ] ::1 /MhyShopAdmin/admin.php/Public/js/base.js
INFO: [ app_init ] --START--
INFO: Run Behavior\BuildLiteBehavior [ RunTime:0.000000s ]
INFO: [ app_init ] --END-- [ RunTime:0.001000s ]
INFO: [ app_begin ] --START--
INFO: Run Behavior\ReadHtmlCacheBehavior [ RunTime:0.000000s ]
INFO: [ app_begin ] --END-- [ RunTime:0.000000s ]
ERR: 非法操作:js

[ 2017-08-24T09:24:19+08:00 ] ::1 /MhyShopAdmin/admin.php/Public/login.html
INFO: [ app_init ] --START--
INFO: Run Behavior\BuildLiteBehavior [ RunTime:0.000000s ]
INFO: [ app_init ] --END-- [ RunTime:0.001000s ]
INFO: [ app_begin ] --START--
INFO: Run Behavior\ReadHtmlCacheBehavior [ RunTime:0.001000s ]
INFO: [ app_begin ] --END-- [ RunTime:0.001000s ]
SQL: SHOW COLUMNS FROM `mhy_admin` [ RunTime:0.0120s ]
SQL: SELECT * FROM `mhy_admin` WHERE `admin_name` = 'admin' LIMIT 1   [ RunTime:0.0010s ]
INFO: [ view_parse ] --START--
INFO: [ template_filter ] --START--
INFO: Run Behavior\ContentReplaceBehavior [ RunTime:0.000000s ]
INFO: [ template_filter ] --END-- [ RunTime:0.000000s ]
INFO: Run Behavior\ParseTemplateBehavior [ RunTime:0.017001s ]
INFO: [ view_parse ] --END-- [ RunTime:0.017001s ]
INFO: [ view_filter ] --START--
INFO: Run Behavior\WriteHtmlCacheBehavior [ RunTime:0.001000s ]
INFO: Run Behavior\TokenBuildBehavior [ RunTime:0.001000s ]
INFO: [ view_filter ] --END-- [ RunTime:0.002000s ]
INFO: [ app_end ] --START--
INFO: Run Behavior\ShowPageTraceBehavior [ RunTime:0.002000s ]
INFO: [ app_end ] --END-- [ RunTime:0.003000s ]

[ 2017-08-24T09:24:21+08:00 ] ::1 /MhyShopAdmin/admin.php/Index/index.html
INFO: [ app_init ] --START--
INFO: Run Behavior\BuildLiteBehavior [ RunTime:0.000000s ]
INFO: [ app_init ] --END-- [ RunTime:0.001000s ]
INFO: [ app_begin ] --START--
INFO: Run Behavior\ReadHtmlCacheBehavior [ RunTime:0.001000s ]
INFO: [ app_begin ] --END-- [ RunTime:0.001000s ]
SQL: SHOW COLUMNS FROM `mhy_member` [ RunTime:0.0120s ]
SQL: SELECT COUNT(*) AS tp_count FROM `mhy_member` LIMIT 1   [ RunTime:0.0010s ]
SQL: SHOW COLUMNS FROM `mhy_order` [ RunTime:0.0080s ]
SQL: SELECT COUNT(*) AS tp_count FROM `mhy_order` LIMIT 1   [ RunTime:0.0010s ]
SQL: SHOW COLUMNS FROM `mhy_goods` [ RunTime:0.0080s ]
SQL: SELECT COUNT(*) AS tp_count FROM `mhy_goods` LIMIT 1   [ RunTime:0.0000s ]
SQL: SHOW COLUMNS FROM `mhy_category` [ RunTime:0.0070s ]
SQL: SELECT COUNT(*) AS tp_count FROM `mhy_category` LIMIT 1   [ RunTime:0.0010s ]
SQL: SHOW COLUMNS FROM `mhy_order_goods` [ RunTime:0.0050s ]
SQL: SELECT COUNT(*) AS tp_count FROM `mhy_order_goods` LIMIT 1   [ RunTime:0.0010s ]
SQL: SHOW COLUMNS FROM `mhy_admin` [ RunTime:0.0040s ]
SQL: SELECT COUNT(*) AS tp_count FROM `mhy_admin` LIMIT 1   [ RunTime:0.0000s ]
INFO: [ view_parse ] --START--
INFO: [ template_filter ] --START--
INFO: Run Behavior\ContentReplaceBehavior [ RunTime:0.000000s ]
INFO: [ template_filter ] --END-- [ RunTime:0.000000s ]
INFO: Run Behavior\ParseTemplateBehavior [ RunTime:0.006000s ]
INFO: [ view_parse ] --END-- [ RunTime:0.006000s ]
INFO: [ view_filter ] --START--
INFO: Run Behavior\WriteHtmlCacheBehavior [ RunTime:0.001000s ]
INFO: Run Behavior\TokenBuildBehavior [ RunTime:0.000000s ]
INFO: [ view_filter ] --END-- [ RunTime:0.001000s ]
INFO: [ app_end ] --START--
INFO: Run Behavior\ShowPageTraceBehavior [ RunTime:0.001000s ]
INFO: [ app_end ] --END-- [ RunTime:0.001000s ]

[ 2017-08-24T09:24:26+08:00 ] ::1 /MhyShopAdmin/admin.php/chart/index.html
INFO: [ app_init ] --START--
INFO: Run Behavior\BuildLiteBehavior [ RunTime:0.000000s ]
INFO: [ app_init ] --END-- [ RunTime:0.001000s ]
INFO: [ app_begin ] --START--
INFO: Run Behavior\ReadHtmlCacheBehavior [ RunTime:0.001000s ]
INFO: [ app_begin ] --END-- [ RunTime:0.001000s ]
SQL: SHOW COLUMNS FROM `mhy_order` [ RunTime:0.0060s ]
SQL: SELECT COUNT(*) AS tp_count FROM `mhy_order` WHERE ( `order_add_time` >= 1502985600 AND `order_add_time` < 1503072000  ) LIMIT 1   [ RunTime:0.0180s ]
SQL: SELECT COUNT(*) AS tp_count FROM `mhy_order` WHERE ( `order_add_time` >= 1503072000 AND `order_add_time` < 1503158400  ) LIMIT 1   [ RunTime:0.0020s ]
SQL: SELECT COUNT(*) AS tp_count FROM `mhy_order` WHERE ( `order_add_time` >= 1503158400 AND `order_add_time` < 1503244800  ) LIMIT 1   [ RunTime:0.0010s ]
SQL: SELECT COUNT(*) AS tp_count FROM `mhy_order` WHERE ( `order_add_time` >= 1503244800 AND `order_add_time` < 1503331200  ) LIMIT 1   [ RunTime:0.0010s ]
SQL: SELECT COUNT(*) AS tp_count FROM `mhy_order` WHERE ( `order_add_time` >= 1503331200 AND `order_add_time` < 1503417600  ) LIMIT 1   [ RunTime:0.0010s ]
SQL: SELECT COUNT(*) AS tp_count FROM `mhy_order` WHERE ( `order_add_time` >= 1503417600 AND `order_add_time` < 1503504000  ) LIMIT 1   [ RunTime:0.0010s ]
SQL: SELECT COUNT(*) AS tp_count FROM `mhy_order` WHERE ( `order_add_time` >= 1503504000 AND `order_add_time` < 1503590400  ) LIMIT 1   [ RunTime:0.0010s ]
SQL: SHOW COLUMNS FROM `mhy_order_goods` [ RunTime:0.0050s ]
SQL: SELECT COUNT(*) AS tp_count FROM `mhy_order_goods` WHERE ( `ogoods_add_time` >= 1502985600 AND `ogoods_add_time` < 1503072000  ) LIMIT 1   [ RunTime:0.0370s ]
SQL: SELECT COUNT(*) AS tp_count FROM `mhy_order_goods` WHERE ( `ogoods_add_time` >= 1503072000 AND `ogoods_add_time` < 1503158400  ) LIMIT 1   [ RunTime:0.0030s ]
SQL: SELECT COUNT(*) AS tp_count FROM `mhy_order_goods` WHERE ( `ogoods_add_time` >= 1503158400 AND `ogoods_add_time` < 1503244800  ) LIMIT 1   [ RunTime:0.0030s ]
SQL: SELECT COUNT(*) AS tp_count FROM `mhy_order_goods` WHERE ( `ogoods_add_time` >= 1503244800 AND `ogoods_add_time` < 1503331200  ) LIMIT 1   [ RunTime:0.0030s ]
SQL: SELECT COUNT(*) AS tp_count FROM `mhy_order_goods` WHERE ( `ogoods_add_time` >= 1503331200 AND `ogoods_add_time` < 1503417600  ) LIMIT 1   [ RunTime:0.0030s ]
SQL: SELECT COUNT(*) AS tp_count FROM `mhy_order_goods` WHERE ( `ogoods_add_time` >= 1503417600 AND `ogoods_add_time` < 1503504000  ) LIMIT 1   [ RunTime:0.0030s ]
SQL: SELECT COUNT(*) AS tp_count FROM `mhy_order_goods` WHERE ( `ogoods_add_time` >= 1503504000 AND `ogoods_add_time` < 1503590400  ) LIMIT 1   [ RunTime:0.0030s ]
SQL: SHOW COLUMNS FROM `mhy_goods` [ RunTime:0.0060s ]
SQL: SELECT COUNT(*) AS tp_count FROM `mhy_goods` WHERE ( `goods_add_time` >= 1502985600 AND `goods_add_time` < 1503072000  ) LIMIT 1   [ RunTime:0.0170s ]
SQL: SELECT COUNT(*) AS tp_count FROM `mhy_goods` WHERE ( `goods_add_time` >= 1503072000 AND `goods_add_time` < 1503158400  ) LIMIT 1   [ RunTime:0.0010s ]
SQL: SELECT COUNT(*) AS tp_count FROM `mhy_goods` WHERE ( `goods_add_time` >= 1503158400 AND `goods_add_time` < 1503244800  ) LIMIT 1   [ RunTime:0.0010s ]
SQL: SELECT COUNT(*) AS tp_count FROM `mhy_goods` WHERE ( `goods_add_time` >= 1503244800 AND `goods_add_time` < 1503331200  ) LIMIT 1   [ RunTime:0.0000s ]
SQL: SELECT COUNT(*) AS tp_count FROM `mhy_goods` WHERE ( `goods_add_time` >= 1503331200 AND `goods_add_time` < 1503417600  ) LIMIT 1   [ RunTime:0.0010s ]
SQL: SELECT COUNT(*) AS tp_count FROM `mhy_goods` WHERE ( `goods_add_time` >= 1503417600 AND `goods_add_time` < 1503504000  ) LIMIT 1   [ RunTime:0.0000s ]
SQL: SELECT COUNT(*) AS tp_count FROM `mhy_goods` WHERE ( `goods_add_time` >= 1503504000 AND `goods_add_time` < 1503590400  ) LIMIT 1   [ RunTime:0.0000s ]
SQL: SHOW COLUMNS FROM `mhy_member` [ RunTime:0.0060s ]
SQL: SELECT COUNT(*) AS tp_count FROM `mhy_member` WHERE ( `member_time` >= 1502985600 AND `member_time` < 1503072000  ) LIMIT 1   [ RunTime:0.0050s ]
SQL: SELECT COUNT(*) AS tp_count FROM `mhy_member` WHERE ( `member_time` >= 1503072000 AND `member_time` < 1503158400  ) LIMIT 1   [ RunTime:0.0010s ]
SQL: SELECT COUNT(*) AS tp_count FROM `mhy_member` WHERE ( `member_time` >= 1503158400 AND `member_time` < 1503244800  ) LIMIT 1   [ RunTime:0.0000s ]
SQL: SELECT COUNT(*) AS tp_count FROM `mhy_member` WHERE ( `member_time` >= 1503244800 AND `member_time` < 1503331200  ) LIMIT 1   [ RunTime:0.0000s ]
SQL: SELECT COUNT(*) AS tp_count FROM `mhy_member` WHERE ( `member_time` >= 1503331200 AND `member_time` < 1503417600  ) LIMIT 1   [ RunTime:0.0010s ]
SQL: SELECT COUNT(*) AS tp_count FROM `mhy_member` WHERE ( `member_time` >= 1503417600 AND `member_time` < 1503504000  ) LIMIT 1   [ RunTime:0.0000s ]
SQL: SELECT COUNT(*) AS tp_count FROM `mhy_member` WHERE ( `member_time` >= 1503504000 AND `member_time` < 1503590400  ) LIMIT 1   [ RunTime:0.0000s ]
SQL: SHOW COLUMNS FROM `mhy_category` [ RunTime:0.0060s ]
SQL: SELECT COUNT(*) AS tp_count FROM `mhy_category` WHERE ( `category_add_time` >= 1502985600 AND `category_add_time` < 1503072000  ) LIMIT 1   [ RunTime:0.0010s ]
SQL: SELECT COUNT(*) AS tp_count FROM `mhy_category` WHERE ( `category_add_time` >= 1503072000 AND `category_add_time` < 1503158400  ) LIMIT 1   [ RunTime:0.0000s ]
SQL: SELECT COUNT(*) AS tp_count FROM `mhy_category` WHERE ( `category_add_time` >= 1503158400 AND `category_add_time` < 1503244800  ) LIMIT 1   [ RunTime:0.0000s ]
SQL: SELECT COUNT(*) AS tp_count FROM `mhy_category` WHERE ( `category_add_time` >= 1503244800 AND `category_add_time` < 1503331200  ) LIMIT 1   [ RunTime:0.0000s ]
SQL: SELECT COUNT(*) AS tp_count FROM `mhy_category` WHERE ( `category_add_time` >= 1503331200 AND `category_add_time` < 1503417600  ) LIMIT 1   [ RunTime:0.0010s ]
SQL: SELECT COUNT(*) AS tp_count FROM `mhy_category` WHERE ( `category_add_time` >= 1503417600 AND `category_add_time` < 1503504000  ) LIMIT 1   [ RunTime:0.0000s ]
SQL: SELECT COUNT(*) AS tp_count FROM `mhy_category` WHERE ( `category_add_time` >= 1503504000 AND `category_add_time` < 1503590400  ) LIMIT 1   [ RunTime:0.0000s ]
INFO: [ view_parse ] --START--
INFO: [ template_filter ] --START--
INFO: Run Behavior\ContentReplaceBehavior [ RunTime:0.000000s ]
INFO: [ template_filter ] --END-- [ RunTime:0.000000s ]
INFO: Run Behavior\ParseTemplateBehavior [ RunTime:0.015001s ]
INFO: [ view_parse ] --END-- [ RunTime:0.015001s ]
INFO: [ view_filter ] --START--
INFO: Run Behavior\WriteHtmlCacheBehavior [ RunTime:0.001000s ]
INFO: Run Behavior\TokenBuildBehavior [ RunTime:0.001000s ]
INFO: [ view_filter ] --END-- [ RunTime:0.002000s ]
INFO: [ app_end ] --START--
INFO: Run Behavior\ShowPageTraceBehavior [ RunTime:0.000000s ]
INFO: [ app_end ] --END-- [ RunTime:0.000000s ]

[ 2017-08-24T09:24:27+08:00 ] ::1 /MhyShopAdmin/admin.php/Admin/self.html
INFO: [ app_init ] --START--
INFO: Run Behavior\BuildLiteBehavior [ RunTime:0.000000s ]
INFO: [ app_init ] --END-- [ RunTime:0.001000s ]
INFO: [ app_begin ] --START--
INFO: Run Behavior\ReadHtmlCacheBehavior [ RunTime:0.003000s ]
INFO: [ app_begin ] --END-- [ RunTime:0.003000s ]
INFO: [ view_parse ] --START--
INFO: [ template_filter ] --START--
INFO: Run Behavior\ContentReplaceBehavior [ RunTime:0.001000s ]
INFO: [ template_filter ] --END-- [ RunTime:0.001000s ]
NOTIC: [8] Undefined index: admin_role D:\phpStudy\WWW\MhyShopAdmin\Runtime\Cache\Admin\5dc059491efcf7f6199a244f0156f467.php 第 164 行.
NOTIC: [8] Undefined index: admin_mobile D:\phpStudy\WWW\MhyShopAdmin\Runtime\Cache\Admin\5dc059491efcf7f6199a244f0156f467.php 第 176 行.
NOTIC: [8] Undefined index: admin_qq D:\phpStudy\WWW\MhyShopAdmin\Runtime\Cache\Admin\5dc059491efcf7f6199a244f0156f467.php 第 182 行.
INFO: Run Behavior\ParseTemplateBehavior [ RunTime:0.041002s ]
INFO: [ view_parse ] --END-- [ RunTime:0.041002s ]
INFO: [ view_filter ] --START--
INFO: Run Behavior\WriteHtmlCacheBehavior [ RunTime:0.000000s ]
INFO: Run Behavior\TokenBuildBehavior [ RunTime:0.001000s ]
INFO: [ view_filter ] --END-- [ RunTime:0.001000s ]
INFO: [ app_end ] --START--
INFO: Run Behavior\ShowPageTraceBehavior [ RunTime:0.000000s ]
INFO: [ app_end ] --END-- [ RunTime:0.000000s ]

[ 2017-08-24T09:25:34+08:00 ] ::1 /MhyShopAdmin/admin.php/Config/index.html
INFO: [ app_init ] --START--
INFO: Run Behavior\BuildLiteBehavior [ RunTime:0.000000s ]
INFO: [ app_init ] --END-- [ RunTime:0.001000s ]
INFO: [ app_begin ] --START--
INFO: Run Behavior\ReadHtmlCacheBehavior [ RunTime:0.001000s ]
INFO: [ app_begin ] --END-- [ RunTime:0.001000s ]
SQL: SHOW COLUMNS FROM `mhy_config` [ RunTime:0.0550s ]
SQL: SELECT * FROM `mhy_config` ORDER BY config_sort desc  [ RunTime:0.0010s ]
INFO: [ view_parse ] --START--
INFO: [ template_filter ] --START--
INFO: Run Behavior\ContentReplaceBehavior [ RunTime:0.001000s ]
INFO: [ template_filter ] --END-- [ RunTime:0.001000s ]
INFO: Run Behavior\ParseTemplateBehavior [ RunTime:0.048002s ]
INFO: [ view_parse ] --END-- [ RunTime:0.048002s ]
INFO: [ view_filter ] --START--
INFO: Run Behavior\WriteHtmlCacheBehavior [ RunTime:0.002000s ]
INFO: Run Behavior\TokenBuildBehavior [ RunTime:0.001000s ]
INFO: [ view_filter ] --END-- [ RunTime:0.003000s ]
INFO: [ app_end ] --START--
INFO: Run Behavior\ShowPageTraceBehavior [ RunTime:0.001000s ]
INFO: [ app_end ] --END-- [ RunTime:0.001000s ]

