[ 2017-08-09T14:08:22+08:00 ] ::1 /MhyShopAdmin/admin.php/Index/index.html
INFO: [ app_init ] --START--
INFO: Run Behavior\BuildLiteBehavior [ RunTime:0.000000s ]
INFO: [ app_init ] --END-- [ RunTime:0.030001s ]
INFO: [ app_begin ] --START--
INFO: Run Behavior\ReadHtmlCacheBehavior [ RunTime:0.008000s ]
INFO: [ app_begin ] --END-- [ RunTime:0.008000s ]
SQL: SHOW COLUMNS FROM `mhy_member` [ RunTime:0.0420s ]
SQL: SELECT COUNT(*) AS tp_count FROM `mhy_member` LIMIT 1   [ RunTime:0.0000s ]
SQL: SHOW COLUMNS FROM `mhy_order` [ RunTime:0.0670s ]
SQL: SELECT COUNT(*) AS tp_count FROM `mhy_order` LIMIT 1   [ RunTime:0.0010s ]
SQL: SHOW COLUMNS FROM `mhy_goods` [ RunTime:0.0350s ]
SQL: SELECT COUNT(*) AS tp_count FROM `mhy_goods` LIMIT 1   [ RunTime:0.0000s ]
SQL: SHOW COLUMNS FROM `mhy_category` [ RunTime:0.0470s ]
SQL: SELECT COUNT(*) AS tp_count FROM `mhy_category` LIMIT 1   [ RunTime:0.0000s ]
SQL: SHOW COLUMNS FROM `mhy_order_goods` [ RunTime:0.1350s ]
SQL: SELECT COUNT(*) AS tp_count FROM `mhy_order_goods` LIMIT 1   [ RunTime:0.0050s ]
SQL: SHOW COLUMNS FROM `mhy_admin` [ RunTime:0.0420s ]
SQL: SELECT COUNT(*) AS tp_count FROM `mhy_admin` LIMIT 1   [ RunTime:0.0000s ]
INFO: [ view_parse ] --START--
INFO: [ template_filter ] --START--
INFO: Run Behavior\ContentReplaceBehavior [ RunTime:0.014001s ]
INFO: [ template_filter ] --END-- [ RunTime:0.014001s ]
INFO: Run Behavior\ParseTemplateBehavior [ RunTime:0.148009s ]
INFO: [ view_parse ] --END-- [ RunTime:0.148009s ]
INFO: [ view_filter ] --START--
INFO: Run Behavior\WriteHtmlCacheBehavior [ RunTime:0.009000s ]
INFO: Run Behavior\TokenBuildBehavior [ RunTime:0.009001s ]
INFO: [ view_filter ] --END-- [ RunTime:0.018001s ]
INFO: [ app_end ] --START--
INFO: Run Behavior\ShowPageTraceBehavior [ RunTime:0.011000s ]
INFO: [ app_end ] --END-- [ RunTime:0.012000s ]

