[ 2017-06-08T16:11:53+08:00 ] ::1 /MhyShopAdmin/admin.php/Member/index/p/1.html
INFO: [ app_init ] --START--
INFO: Run Behavior\BuildLiteBehavior [ RunTime:0.000000s ]
INFO: [ app_init ] --END-- [ RunTime:0.034002s ]
INFO: [ app_begin ] --START--
INFO: Run Behavior\ReadHtmlCacheBehavior [ RunTime:0.009000s ]
INFO: [ app_begin ] --END-- [ RunTime:0.010000s ]
NOTIC: [8] Undefined index: startTime D:\phpStudy\WWW\MhyShopAdmin\shopApp\Admin\Controller\MemberController.class.php 第 11 行.
NOTIC: [8] Undefined index: endTime D:\phpStudy\WWW\MhyShopAdmin\shopApp\Admin\Controller\MemberController.class.php 第 12 行.
NOTIC: [8] Undefined index: content D:\phpStudy\WWW\MhyShopAdmin\shopApp\Admin\Controller\MemberController.class.php 第 26 行.
NOTIC: [8] Undefined index: submit D:\phpStudy\WWW\MhyShopAdmin\shopApp\Admin\Controller\MemberController.class.php 第 35 行.
NOTIC: [8] Undefined index: limit D:\phpStudy\WWW\MhyShopAdmin\shopApp\Admin\Controller\MemberController.class.php 第 39 行.
SQL: SHOW COLUMNS FROM `mhy_member` [ RunTime:0.2210s ]
SQL: SELECT COUNT(*) AS tp_count FROM `mhy_member` LIMIT 1   [ RunTime:0.0020s ]
SQL: SELECT * FROM `mhy_member` ORDER BY member_id desc LIMIT 0,20   [ RunTime:0.0220s ]
INFO: [ view_parse ] --START--
INFO: [ template_filter ] --START--
INFO: Run Behavior\ContentReplaceBehavior [ RunTime:0.012001s ]
INFO: [ template_filter ] --END-- [ RunTime:0.012001s ]
NOTIC: [8] Undefined index: startTime D:\phpStudy\WWW\MhyShopAdmin\Runtime\Cache\Admin\6d016b3978128ecc733d3a86706fedbd.php 第 142 行.
NOTIC: [8] Undefined index: endTime D:\phpStudy\WWW\MhyShopAdmin\Runtime\Cache\Admin\6d016b3978128ecc733d3a86706fedbd.php 第 146 行.
NOTIC: [8] Undefined index: limit D:\phpStudy\WWW\MhyShopAdmin\Runtime\Cache\Admin\6d016b3978128ecc733d3a86706fedbd.php 第 151 行.
NOTIC: [8] Undefined index: limit D:\phpStudy\WWW\MhyShopAdmin\Runtime\Cache\Admin\6d016b3978128ecc733d3a86706fedbd.php 第 152 行.
NOTIC: [8] Undefined index: limit D:\phpStudy\WWW\MhyShopAdmin\Runtime\Cache\Admin\6d016b3978128ecc733d3a86706fedbd.php 第 153 行.
NOTIC: [8] Undefined index: key D:\phpStudy\WWW\MhyShopAdmin\Runtime\Cache\Admin\6d016b3978128ecc733d3a86706fedbd.php 第 160 行.
NOTIC: [8] Undefined index: key D:\phpStudy\WWW\MhyShopAdmin\Runtime\Cache\Admin\6d016b3978128ecc733d3a86706fedbd.php 第 161 行.
NOTIC: [8] Undefined index: key D:\phpStudy\WWW\MhyShopAdmin\Runtime\Cache\Admin\6d016b3978128ecc733d3a86706fedbd.php 第 162 行.
NOTIC: [8] Undefined index: content D:\phpStudy\WWW\MhyShopAdmin\Runtime\Cache\Admin\6d016b3978128ecc733d3a86706fedbd.php 第 168 行.
INFO: Run Behavior\ParseTemplateBehavior [ RunTime:0.171010s ]
INFO: [ view_parse ] --END-- [ RunTime:0.171010s ]
INFO: [ view_filter ] --START--
INFO: Run Behavior\WriteHtmlCacheBehavior [ RunTime:0.015000s ]
INFO: Run Behavior\TokenBuildBehavior [ RunTime:0.008001s ]
INFO: [ view_filter ] --END-- [ RunTime:0.023001s ]
INFO: [ app_end ] --START--
INFO: Run Behavior\ShowPageTraceBehavior [ RunTime:0.044002s ]
INFO: [ app_end ] --END-- [ RunTime:0.044002s ]

[ 2017-06-08T16:11:57+08:00 ] ::1 /MhyShopAdmin/admin.php/Member/add.html
INFO: [ app_init ] --START--
INFO: Run Behavior\BuildLiteBehavior [ RunTime:0.000000s ]
INFO: [ app_init ] --END-- [ RunTime:0.000000s ]
INFO: [ app_begin ] --START--
INFO: Run Behavior\ReadHtmlCacheBehavior [ RunTime:0.001000s ]
INFO: [ app_begin ] --END-- [ RunTime:0.001000s ]
INFO: [ view_parse ] --START--
INFO: [ template_filter ] --START--
INFO: Run Behavior\ContentReplaceBehavior [ RunTime:0.000000s ]
INFO: [ template_filter ] --END-- [ RunTime:0.000000s ]
INFO: Run Behavior\ParseTemplateBehavior [ RunTime:0.045003s ]
INFO: [ view_parse ] --END-- [ RunTime:0.045003s ]
INFO: [ view_filter ] --START--
INFO: Run Behavior\WriteHtmlCacheBehavior [ RunTime:0.000000s ]
INFO: Run Behavior\TokenBuildBehavior [ RunTime:0.001000s ]
INFO: [ view_filter ] --END-- [ RunTime:0.001000s ]
INFO: [ app_end ] --START--
INFO: Run Behavior\ShowPageTraceBehavior [ RunTime:0.000000s ]
INFO: [ app_end ] --END-- [ RunTime:0.000000s ]

[ 2017-06-08T16:12:01+08:00 ] ::1 /MhyShopAdmin/admin.php/Member/add.html
INFO: [ app_init ] --START--
INFO: Run Behavior\BuildLiteBehavior [ RunTime:0.000000s ]
INFO: [ app_init ] --END-- [ RunTime:0.000000s ]
INFO: [ app_begin ] --START--
INFO: Run Behavior\ReadHtmlCacheBehavior [ RunTime:0.000000s ]
INFO: [ app_begin ] --END-- [ RunTime:0.000000s ]
SQL: SHOW COLUMNS FROM `mhy_member` [ RunTime:0.0100s ]
INFO: [ view_parse ] --START--
INFO: [ template_filter ] --START--
INFO: Run Behavior\ContentReplaceBehavior [ RunTime:0.000000s ]
INFO: [ template_filter ] --END-- [ RunTime:0.000000s ]
INFO: Run Behavior\ParseTemplateBehavior [ RunTime:0.019001s ]
INFO: [ view_parse ] --END-- [ RunTime:0.020001s ]
INFO: [ view_filter ] --START--
INFO: Run Behavior\WriteHtmlCacheBehavior [ RunTime:0.000000s ]
INFO: Run Behavior\TokenBuildBehavior [ RunTime:0.001000s ]
INFO: [ view_filter ] --END-- [ RunTime:0.001000s ]

[ 2017-06-08T16:12:04+08:00 ] ::1 /MhyShopAdmin/admin.php/Member/add.html
INFO: [ app_init ] --START--
INFO: Run Behavior\BuildLiteBehavior [ RunTime:0.000000s ]
INFO: [ app_init ] --END-- [ RunTime:0.000000s ]
INFO: [ app_begin ] --START--
INFO: Run Behavior\ReadHtmlCacheBehavior [ RunTime:0.000000s ]
INFO: [ app_begin ] --END-- [ RunTime:0.000000s ]
INFO: [ view_parse ] --START--
INFO: [ template_filter ] --START--
INFO: Run Behavior\ContentReplaceBehavior [ RunTime:0.000000s ]
INFO: [ template_filter ] --END-- [ RunTime:0.000000s ]
INFO: Run Behavior\ParseTemplateBehavior [ RunTime:0.006000s ]
INFO: [ view_parse ] --END-- [ RunTime:0.006000s ]
INFO: [ view_filter ] --START--
INFO: Run Behavior\WriteHtmlCacheBehavior [ RunTime:0.000000s ]
INFO: Run Behavior\TokenBuildBehavior [ RunTime:0.001000s ]
INFO: [ view_filter ] --END-- [ RunTime:0.001000s ]
INFO: [ app_end ] --START--
INFO: Run Behavior\ShowPageTraceBehavior [ RunTime:0.000000s ]
INFO: [ app_end ] --END-- [ RunTime:0.000000s ]

[ 2017-06-08T16:13:26+08:00 ] ::1 /MhyShopAdmin/admin.php/Member/add.html
INFO: [ app_init ] --START--
INFO: Run Behavior\BuildLiteBehavior [ RunTime:0.000000s ]
INFO: [ app_init ] --END-- [ RunTime:0.000000s ]
INFO: [ app_begin ] --START--
INFO: Run Behavior\ReadHtmlCacheBehavior [ RunTime:0.000000s ]
INFO: [ app_begin ] --END-- [ RunTime:0.000000s ]
SQL: SHOW COLUMNS FROM `mhy_member` [ RunTime:0.0080s ]
INFO: [ view_parse ] --START--
INFO: [ template_filter ] --START--
INFO: Run Behavior\ContentReplaceBehavior [ RunTime:0.000000s ]
INFO: [ template_filter ] --END-- [ RunTime:0.000000s ]
INFO: Run Behavior\ParseTemplateBehavior [ RunTime:0.009000s ]
INFO: [ view_parse ] --END-- [ RunTime:0.009000s ]
INFO: [ view_filter ] --START--
INFO: Run Behavior\WriteHtmlCacheBehavior [ RunTime:0.000000s ]
INFO: Run Behavior\TokenBuildBehavior [ RunTime:0.001000s ]
INFO: [ view_filter ] --END-- [ RunTime:0.001000s ]

[ 2017-06-08T16:13:29+08:00 ] ::1 /MhyShopAdmin/admin.php/Member/add.html
INFO: [ app_init ] --START--
INFO: Run Behavior\BuildLiteBehavior [ RunTime:0.000000s ]
INFO: [ app_init ] --END-- [ RunTime:0.000000s ]
INFO: [ app_begin ] --START--
INFO: Run Behavior\ReadHtmlCacheBehavior [ RunTime:0.000000s ]
INFO: [ app_begin ] --END-- [ RunTime:0.000000s ]
INFO: [ view_parse ] --START--
INFO: [ template_filter ] --START--
INFO: Run Behavior\ContentReplaceBehavior [ RunTime:0.000000s ]
INFO: [ template_filter ] --END-- [ RunTime:0.000000s ]
INFO: Run Behavior\ParseTemplateBehavior [ RunTime:0.006000s ]
INFO: [ view_parse ] --END-- [ RunTime:0.006000s ]
INFO: [ view_filter ] --START--
INFO: Run Behavior\WriteHtmlCacheBehavior [ RunTime:0.000000s ]
INFO: Run Behavior\TokenBuildBehavior [ RunTime:0.000000s ]
INFO: [ view_filter ] --END-- [ RunTime:0.000000s ]
INFO: [ app_end ] --START--
INFO: Run Behavior\ShowPageTraceBehavior [ RunTime:0.001000s ]
INFO: [ app_end ] --END-- [ RunTime:0.001000s ]

[ 2017-06-08T16:13:32+08:00 ] ::1 /MhyShopAdmin/admin.php/Member/add.html
INFO: [ app_init ] --START--
INFO: Run Behavior\BuildLiteBehavior [ RunTime:0.000000s ]
INFO: [ app_init ] --END-- [ RunTime:0.001000s ]
INFO: [ app_begin ] --START--
INFO: Run Behavior\ReadHtmlCacheBehavior [ RunTime:0.001000s ]
INFO: [ app_begin ] --END-- [ RunTime:0.001000s ]
SQL: SHOW COLUMNS FROM `mhy_member` [ RunTime:0.0090s ]
SQL: SELECT * FROM `mhy_member` WHERE `member_name` = 'aa' LIMIT 1   [ RunTime:0.0710s ]
INFO: [ view_parse ] --START--
INFO: [ template_filter ] --START--
INFO: Run Behavior\ContentReplaceBehavior [ RunTime:0.000000s ]
INFO: [ template_filter ] --END-- [ RunTime:0.000000s ]
INFO: Run Behavior\ParseTemplateBehavior [ RunTime:0.012000s ]
INFO: [ view_parse ] --END-- [ RunTime:0.012000s ]
INFO: [ view_filter ] --START--
INFO: Run Behavior\WriteHtmlCacheBehavior [ RunTime:0.001000s ]
INFO: Run Behavior\TokenBuildBehavior [ RunTime:0.001000s ]
INFO: [ view_filter ] --END-- [ RunTime:0.002000s ]

[ 2017-06-08T16:13:35+08:00 ] ::1 /MhyShopAdmin/admin.php/Member/add.html
INFO: [ app_init ] --START--
INFO: Run Behavior\BuildLiteBehavior [ RunTime:0.000000s ]
INFO: [ app_init ] --END-- [ RunTime:0.000000s ]
INFO: [ app_begin ] --START--
INFO: Run Behavior\ReadHtmlCacheBehavior [ RunTime:0.001000s ]
INFO: [ app_begin ] --END-- [ RunTime:0.001000s ]
INFO: [ view_parse ] --START--
INFO: [ template_filter ] --START--
INFO: Run Behavior\ContentReplaceBehavior [ RunTime:0.000000s ]
INFO: [ template_filter ] --END-- [ RunTime:0.000000s ]
INFO: Run Behavior\ParseTemplateBehavior [ RunTime:0.005000s ]
INFO: [ view_parse ] --END-- [ RunTime:0.006000s ]
INFO: [ view_filter ] --START--
INFO: Run Behavior\WriteHtmlCacheBehavior [ RunTime:0.000000s ]
INFO: Run Behavior\TokenBuildBehavior [ RunTime:0.000000s ]
INFO: [ view_filter ] --END-- [ RunTime:0.000000s ]
INFO: [ app_end ] --START--
INFO: Run Behavior\ShowPageTraceBehavior [ RunTime:0.001000s ]
INFO: [ app_end ] --END-- [ RunTime:0.001000s ]

[ 2017-06-08T16:13:42+08:00 ] ::1 /MhyShopAdmin/admin.php/Member/add.html
INFO: [ app_init ] --START--
INFO: Run Behavior\BuildLiteBehavior [ RunTime:0.000000s ]
INFO: [ app_init ] --END-- [ RunTime:0.000000s ]
INFO: [ app_begin ] --START--
INFO: Run Behavior\ReadHtmlCacheBehavior [ RunTime:0.000000s ]
INFO: [ app_begin ] --END-- [ RunTime:0.000000s ]
SQL: SHOW COLUMNS FROM `mhy_member` [ RunTime:0.0080s ]
SQL: SELECT * FROM `mhy_member` WHERE `member_name` = 'aa' LIMIT 1   [ RunTime:0.0010s ]
INFO: [ view_parse ] --START--
INFO: [ template_filter ] --START--
INFO: Run Behavior\ContentReplaceBehavior [ RunTime:0.000000s ]
INFO: [ template_filter ] --END-- [ RunTime:0.000000s ]
INFO: Run Behavior\ParseTemplateBehavior [ RunTime:0.007000s ]
INFO: [ view_parse ] --END-- [ RunTime:0.007000s ]
INFO: [ view_filter ] --START--
INFO: Run Behavior\WriteHtmlCacheBehavior [ RunTime:0.001000s ]
INFO: Run Behavior\TokenBuildBehavior [ RunTime:0.000000s ]
INFO: [ view_filter ] --END-- [ RunTime:0.002000s ]

[ 2017-06-08T16:13:45+08:00 ] ::1 /MhyShopAdmin/admin.php/Member/add.html
INFO: [ app_init ] --START--
INFO: Run Behavior\BuildLiteBehavior [ RunTime:0.000000s ]
INFO: [ app_init ] --END-- [ RunTime:0.001000s ]
INFO: [ app_begin ] --START--
INFO: Run Behavior\ReadHtmlCacheBehavior [ RunTime:0.000000s ]
INFO: [ app_begin ] --END-- [ RunTime:0.000000s ]
INFO: [ view_parse ] --START--
INFO: [ template_filter ] --START--
INFO: Run Behavior\ContentReplaceBehavior [ RunTime:0.000000s ]
INFO: [ template_filter ] --END-- [ RunTime:0.000000s ]
INFO: Run Behavior\ParseTemplateBehavior [ RunTime:0.007001s ]
INFO: [ view_parse ] --END-- [ RunTime:0.008001s ]
INFO: [ view_filter ] --START--
INFO: Run Behavior\WriteHtmlCacheBehavior [ RunTime:0.000000s ]
INFO: Run Behavior\TokenBuildBehavior [ RunTime:0.001000s ]
INFO: [ view_filter ] --END-- [ RunTime:0.001000s ]
INFO: [ app_end ] --START--
INFO: Run Behavior\ShowPageTraceBehavior [ RunTime:0.000000s ]
INFO: [ app_end ] --END-- [ RunTime:0.000000s ]

[ 2017-06-08T16:13:52+08:00 ] ::1 /MhyShopAdmin/admin.php/Member/JqueryAjaxUpload.html
INFO: [ app_init ] --START--
INFO: Run Behavior\BuildLiteBehavior [ RunTime:0.000000s ]
INFO: [ app_init ] --END-- [ RunTime:0.000000s ]
INFO: [ app_begin ] --START--
INFO: Run Behavior\ReadHtmlCacheBehavior [ RunTime:0.000000s ]
INFO: [ app_begin ] --END-- [ RunTime:0.001000s ]
NOTIC: [2] call_user_func() expects parameter 1 to be a valid callback, no array or string given D:\phpStudy\WWW\MhyShopAdmin\ThinkPHP3.2\Library\Think\Upload.class.php 第 170 行.

[ 2017-06-08T16:14:12+08:00 ] ::1 /MhyShopAdmin/admin.php/Member/add.html
INFO: [ app_init ] --START--
INFO: Run Behavior\BuildLiteBehavior [ RunTime:0.000000s ]
INFO: [ app_init ] --END-- [ RunTime:0.000000s ]
INFO: [ app_begin ] --START--
INFO: Run Behavior\ReadHtmlCacheBehavior [ RunTime:0.000000s ]
INFO: [ app_begin ] --END-- [ RunTime:0.001000s ]
SQL: SHOW COLUMNS FROM `mhy_member` [ RunTime:0.0060s ]
SQL: SELECT * FROM `mhy_member` WHERE `member_name` = 'aa' LIMIT 1   [ RunTime:0.0010s ]
INFO: [ view_parse ] --START--
INFO: [ template_filter ] --START--
INFO: Run Behavior\ContentReplaceBehavior [ RunTime:0.000000s ]
INFO: [ template_filter ] --END-- [ RunTime:0.000000s ]
INFO: Run Behavior\ParseTemplateBehavior [ RunTime:0.008001s ]
INFO: [ view_parse ] --END-- [ RunTime:0.008001s ]
INFO: [ view_filter ] --START--
INFO: Run Behavior\WriteHtmlCacheBehavior [ RunTime:0.001000s ]
INFO: Run Behavior\TokenBuildBehavior [ RunTime:0.000000s ]
INFO: [ view_filter ] --END-- [ RunTime:0.001000s ]

[ 2017-06-08T16:14:15+08:00 ] ::1 /MhyShopAdmin/admin.php/Member/add.html
INFO: [ app_init ] --START--
INFO: Run Behavior\BuildLiteBehavior [ RunTime:0.000000s ]
INFO: [ app_init ] --END-- [ RunTime:0.001000s ]
INFO: [ app_begin ] --START--
INFO: Run Behavior\ReadHtmlCacheBehavior [ RunTime:0.001000s ]
INFO: [ app_begin ] --END-- [ RunTime:0.001000s ]
INFO: [ view_parse ] --START--
INFO: [ template_filter ] --START--
INFO: Run Behavior\ContentReplaceBehavior [ RunTime:0.000000s ]
INFO: [ template_filter ] --END-- [ RunTime:0.001000s ]
INFO: Run Behavior\ParseTemplateBehavior [ RunTime:0.010000s ]
INFO: [ view_parse ] --END-- [ RunTime:0.010000s ]
INFO: [ view_filter ] --START--
INFO: Run Behavior\WriteHtmlCacheBehavior [ RunTime:0.001001s ]
INFO: Run Behavior\TokenBuildBehavior [ RunTime:0.000000s ]
INFO: [ view_filter ] --END-- [ RunTime:0.001001s ]
INFO: [ app_end ] --START--
INFO: Run Behavior\ShowPageTraceBehavior [ RunTime:0.001000s ]
INFO: [ app_end ] --END-- [ RunTime:0.001000s ]

[ 2017-06-08T16:15:49+08:00 ] ::1 /MhyShopAdmin/admin.php/Member/add.html
INFO: [ app_init ] --START--
INFO: Run Behavior\BuildLiteBehavior [ RunTime:0.000000s ]
INFO: [ app_init ] --END-- [ RunTime:0.000000s ]
INFO: [ app_begin ] --START--
INFO: Run Behavior\ReadHtmlCacheBehavior [ RunTime:0.001000s ]
INFO: [ app_begin ] --END-- [ RunTime:0.001000s ]
SQL: SHOW COLUMNS FROM `mhy_member` [ RunTime:0.0090s ]
SQL: SELECT * FROM `mhy_member` WHERE `member_name` = 'aa' LIMIT 1   [ RunTime:0.0010s ]
INFO: [ view_parse ] --START--
INFO: [ template_filter ] --START--
INFO: Run Behavior\ContentReplaceBehavior [ RunTime:0.000000s ]
INFO: [ template_filter ] --END-- [ RunTime:0.000000s ]
INFO: Run Behavior\ParseTemplateBehavior [ RunTime:0.010001s ]
INFO: [ view_parse ] --END-- [ RunTime:0.010001s ]
INFO: [ view_filter ] --START--
INFO: Run Behavior\WriteHtmlCacheBehavior [ RunTime:0.001000s ]
INFO: Run Behavior\TokenBuildBehavior [ RunTime:0.001000s ]
INFO: [ view_filter ] --END-- [ RunTime:0.002000s ]

[ 2017-06-08T16:15:52+08:00 ] ::1 /MhyShopAdmin/admin.php/Member/add.html
INFO: [ app_init ] --START--
INFO: Run Behavior\BuildLiteBehavior [ RunTime:0.000000s ]
INFO: [ app_init ] --END-- [ RunTime:0.001000s ]
INFO: [ app_begin ] --START--
INFO: Run Behavior\ReadHtmlCacheBehavior [ RunTime:0.001000s ]
INFO: [ app_begin ] --END-- [ RunTime:0.001000s ]
INFO: [ view_parse ] --START--
INFO: [ template_filter ] --START--
INFO: Run Behavior\ContentReplaceBehavior [ RunTime:0.000000s ]
INFO: [ template_filter ] --END-- [ RunTime:0.000000s ]
INFO: Run Behavior\ParseTemplateBehavior [ RunTime:0.009001s ]
INFO: [ view_parse ] --END-- [ RunTime:0.009001s ]
INFO: [ view_filter ] --START--
INFO: Run Behavior\WriteHtmlCacheBehavior [ RunTime:0.001000s ]
INFO: Run Behavior\TokenBuildBehavior [ RunTime:0.000000s ]
INFO: [ view_filter ] --END-- [ RunTime:0.001000s ]
INFO: [ app_end ] --START--
INFO: Run Behavior\ShowPageTraceBehavior [ RunTime:0.001000s ]
INFO: [ app_end ] --END-- [ RunTime:0.001000s ]

[ 2017-06-08T16:16:10+08:00 ] ::1 /MhyShopAdmin/admin.php/Member/add.html
INFO: [ app_init ] --START--
INFO: Run Behavior\BuildLiteBehavior [ RunTime:0.000000s ]
INFO: [ app_init ] --END-- [ RunTime:0.000000s ]
INFO: [ app_begin ] --START--
INFO: Run Behavior\ReadHtmlCacheBehavior [ RunTime:0.001000s ]
INFO: [ app_begin ] --END-- [ RunTime:0.001000s ]
SQL: SHOW COLUMNS FROM `mhy_member` [ RunTime:0.0110s ]
SQL: SELECT * FROM `mhy_member` WHERE `member_name` = 'aa' LIMIT 1   [ RunTime:0.0010s ]
NOTIC: [8] Undefined index: auto D:\phpStudy\WWW\MhyShopAdmin\ThinkPHP3.2\Library\Think\Model.class.php 第 1130 行.
SQL: INSERT INTO `mhy_member` (`member_name`,`member_truename`,`member_sex`,`member_birthday`,`member_passwd`,`member_mobile`,`member_qq`,`member_time`,`member_points`,`member_state`,`member_areaid`,`member_cityid`,`member_provinceid`,`member_areainfo`,`member_money`) VALUES ('aa','bb','1','','123456','13978021298@qq.com','13978021298','1496909770','0','0','0','0','0','0','0') [ RunTime:0.0280s ]
INFO: [ view_parse ] --START--
INFO: [ template_filter ] --START--
INFO: Run Behavior\ContentReplaceBehavior [ RunTime:0.000000s ]
INFO: [ template_filter ] --END-- [ RunTime:0.001000s ]
INFO: Run Behavior\ParseTemplateBehavior [ RunTime:0.007000s ]
INFO: [ view_parse ] --END-- [ RunTime:0.007000s ]
INFO: [ view_filter ] --START--
INFO: Run Behavior\WriteHtmlCacheBehavior [ RunTime:0.001001s ]
INFO: Run Behavior\TokenBuildBehavior [ RunTime:0.000000s ]
INFO: [ view_filter ] --END-- [ RunTime:0.002001s ]
INFO: [ app_end ] --START--
INFO: Run Behavior\ShowPageTraceBehavior [ RunTime:0.000000s ]
INFO: [ app_end ] --END-- [ RunTime:0.000000s ]

[ 2017-06-08T16:16:11+08:00 ] ::1 /MhyShopAdmin/admin.php/Member/add.html
INFO: [ app_init ] --START--
INFO: Run Behavior\BuildLiteBehavior [ RunTime:0.000000s ]
INFO: [ app_init ] --END-- [ RunTime:0.000000s ]
INFO: [ app_begin ] --START--
INFO: Run Behavior\ReadHtmlCacheBehavior [ RunTime:0.001000s ]
INFO: [ app_begin ] --END-- [ RunTime:0.001000s ]
INFO: [ view_parse ] --START--
INFO: [ template_filter ] --START--
INFO: Run Behavior\ContentReplaceBehavior [ RunTime:0.000000s ]
INFO: [ template_filter ] --END-- [ RunTime:0.000000s ]
INFO: Run Behavior\ParseTemplateBehavior [ RunTime:0.006000s ]
INFO: [ view_parse ] --END-- [ RunTime:0.007000s ]
INFO: [ view_filter ] --START--
INFO: Run Behavior\WriteHtmlCacheBehavior [ RunTime:0.001000s ]
INFO: Run Behavior\TokenBuildBehavior [ RunTime:0.000000s ]
INFO: [ view_filter ] --END-- [ RunTime:0.001000s ]
INFO: [ app_end ] --START--
INFO: Run Behavior\ShowPageTraceBehavior [ RunTime:0.001000s ]
INFO: [ app_end ] --END-- [ RunTime:0.001000s ]

[ 2017-06-08T16:16:17+08:00 ] ::1 /MhyShopAdmin/admin.php/Member/index/p/1.html
INFO: [ app_init ] --START--
INFO: Run Behavior\BuildLiteBehavior [ RunTime:0.000000s ]
INFO: [ app_init ] --END-- [ RunTime:0.001000s ]
INFO: [ app_begin ] --START--
INFO: Run Behavior\ReadHtmlCacheBehavior [ RunTime:0.000000s ]
INFO: [ app_begin ] --END-- [ RunTime:0.000000s ]
NOTIC: [8] Undefined index: startTime D:\phpStudy\WWW\MhyShopAdmin\shopApp\Admin\Controller\MemberController.class.php 第 11 行.
NOTIC: [8] Undefined index: endTime D:\phpStudy\WWW\MhyShopAdmin\shopApp\Admin\Controller\MemberController.class.php 第 12 行.
NOTIC: [8] Undefined index: content D:\phpStudy\WWW\MhyShopAdmin\shopApp\Admin\Controller\MemberController.class.php 第 26 行.
NOTIC: [8] Undefined index: submit D:\phpStudy\WWW\MhyShopAdmin\shopApp\Admin\Controller\MemberController.class.php 第 35 行.
NOTIC: [8] Undefined index: limit D:\phpStudy\WWW\MhyShopAdmin\shopApp\Admin\Controller\MemberController.class.php 第 39 行.
SQL: SHOW COLUMNS FROM `mhy_member` [ RunTime:0.0060s ]
SQL: SELECT COUNT(*) AS tp_count FROM `mhy_member` LIMIT 1   [ RunTime:0.0000s ]
SQL: SELECT * FROM `mhy_member` ORDER BY member_id desc LIMIT 0,20   [ RunTime:0.0010s ]
INFO: [ view_parse ] --START--
INFO: [ template_filter ] --START--
INFO: Run Behavior\ContentReplaceBehavior [ RunTime:0.000000s ]
INFO: [ template_filter ] --END-- [ RunTime:0.000000s ]
NOTIC: [8] Undefined index: startTime D:\phpStudy\WWW\MhyShopAdmin\Runtime\Cache\Admin\6d016b3978128ecc733d3a86706fedbd.php 第 142 行.
NOTIC: [8] Undefined index: endTime D:\phpStudy\WWW\MhyShopAdmin\Runtime\Cache\Admin\6d016b3978128ecc733d3a86706fedbd.php 第 146 行.
NOTIC: [8] Undefined index: limit D:\phpStudy\WWW\MhyShopAdmin\Runtime\Cache\Admin\6d016b3978128ecc733d3a86706fedbd.php 第 151 行.
NOTIC: [8] Undefined index: limit D:\phpStudy\WWW\MhyShopAdmin\Runtime\Cache\Admin\6d016b3978128ecc733d3a86706fedbd.php 第 152 行.
NOTIC: [8] Undefined index: limit D:\phpStudy\WWW\MhyShopAdmin\Runtime\Cache\Admin\6d016b3978128ecc733d3a86706fedbd.php 第 153 行.
NOTIC: [8] Undefined index: key D:\phpStudy\WWW\MhyShopAdmin\Runtime\Cache\Admin\6d016b3978128ecc733d3a86706fedbd.php 第 160 行.
NOTIC: [8] Undefined index: key D:\phpStudy\WWW\MhyShopAdmin\Runtime\Cache\Admin\6d016b3978128ecc733d3a86706fedbd.php 第 161 行.
NOTIC: [8] Undefined index: key D:\phpStudy\WWW\MhyShopAdmin\Runtime\Cache\Admin\6d016b3978128ecc733d3a86706fedbd.php 第 162 行.
NOTIC: [8] Undefined index: content D:\phpStudy\WWW\MhyShopAdmin\Runtime\Cache\Admin\6d016b3978128ecc733d3a86706fedbd.php 第 168 行.
INFO: Run Behavior\ParseTemplateBehavior [ RunTime:0.015001s ]
INFO: [ view_parse ] --END-- [ RunTime:0.015001s ]
INFO: [ view_filter ] --START--
INFO: Run Behavior\WriteHtmlCacheBehavior [ RunTime:0.000000s ]
INFO: Run Behavior\TokenBuildBehavior [ RunTime:0.000000s ]
INFO: [ view_filter ] --END-- [ RunTime:0.001000s ]
INFO: [ app_end ] --START--
INFO: Run Behavior\ShowPageTraceBehavior [ RunTime:0.001000s ]
INFO: [ app_end ] --END-- [ RunTime:0.001000s ]

[ 2017-06-08T16:19:17+08:00 ] ::1 /MhyShopAdmin/admin.php/Member/add.html
INFO: [ app_init ] --START--
INFO: Run Behavior\BuildLiteBehavior [ RunTime:0.000000s ]
INFO: [ app_init ] --END-- [ RunTime:0.000000s ]
INFO: [ app_begin ] --START--
INFO: Run Behavior\ReadHtmlCacheBehavior [ RunTime:0.001000s ]
INFO: [ app_begin ] --END-- [ RunTime:0.001000s ]
INFO: [ view_parse ] --START--
INFO: [ template_filter ] --START--
INFO: Run Behavior\ContentReplaceBehavior [ RunTime:0.000000s ]
INFO: [ template_filter ] --END-- [ RunTime:0.000000s ]
INFO: Run Behavior\ParseTemplateBehavior [ RunTime:0.005001s ]
INFO: [ view_parse ] --END-- [ RunTime:0.005001s ]
INFO: [ view_filter ] --START--
INFO: Run Behavior\WriteHtmlCacheBehavior [ RunTime:0.001000s ]
INFO: Run Behavior\TokenBuildBehavior [ RunTime:0.000000s ]
INFO: [ view_filter ] --END-- [ RunTime:0.001000s ]
INFO: [ app_end ] --START--
INFO: Run Behavior\ShowPageTraceBehavior [ RunTime:0.000000s ]
INFO: [ app_end ] --END-- [ RunTime:0.000000s ]

[ 2017-06-08T16:20:58+08:00 ] ::1 /MhyShopAdmin/admin.php/Member/index/p/update.html?id=undefined
INFO: [ app_init ] --START--
INFO: Run Behavior\BuildLiteBehavior [ RunTime:0.000000s ]
INFO: [ app_init ] --END-- [ RunTime:0.000000s ]
INFO: [ app_begin ] --START--
INFO: Run Behavior\ReadHtmlCacheBehavior [ RunTime:0.001000s ]
INFO: [ app_begin ] --END-- [ RunTime:0.001000s ]
NOTIC: [8] Undefined index: startTime D:\phpStudy\WWW\MhyShopAdmin\shopApp\Admin\Controller\MemberController.class.php 第 11 行.
NOTIC: [8] Undefined index: endTime D:\phpStudy\WWW\MhyShopAdmin\shopApp\Admin\Controller\MemberController.class.php 第 12 行.
NOTIC: [8] Undefined index: content D:\phpStudy\WWW\MhyShopAdmin\shopApp\Admin\Controller\MemberController.class.php 第 26 行.
NOTIC: [8] Undefined index: submit D:\phpStudy\WWW\MhyShopAdmin\shopApp\Admin\Controller\MemberController.class.php 第 35 行.
NOTIC: [8] Undefined index: limit D:\phpStudy\WWW\MhyShopAdmin\shopApp\Admin\Controller\MemberController.class.php 第 39 行.
SQL: SHOW COLUMNS FROM `mhy_member` [ RunTime:0.0030s ]
SQL: SELECT COUNT(*) AS tp_count FROM `mhy_member` LIMIT 1   [ RunTime:0.0000s ]
SQL: SELECT * FROM `mhy_member` ORDER BY member_id desc LIMIT 0,20   [ RunTime:0.0000s ]
INFO: [ view_parse ] --START--
INFO: [ template_filter ] --START--
INFO: Run Behavior\ContentReplaceBehavior [ RunTime:0.001000s ]
INFO: [ template_filter ] --END-- [ RunTime:0.001000s ]
NOTIC: [8] Undefined index: startTime D:\phpStudy\WWW\MhyShopAdmin\Runtime\Cache\Admin\6d016b3978128ecc733d3a86706fedbd.php 第 142 行.
NOTIC: [8] Undefined index: endTime D:\phpStudy\WWW\MhyShopAdmin\Runtime\Cache\Admin\6d016b3978128ecc733d3a86706fedbd.php 第 146 行.
NOTIC: [8] Undefined index: limit D:\phpStudy\WWW\MhyShopAdmin\Runtime\Cache\Admin\6d016b3978128ecc733d3a86706fedbd.php 第 151 行.
NOTIC: [8] Undefined index: limit D:\phpStudy\WWW\MhyShopAdmin\Runtime\Cache\Admin\6d016b3978128ecc733d3a86706fedbd.php 第 152 行.
NOTIC: [8] Undefined index: limit D:\phpStudy\WWW\MhyShopAdmin\Runtime\Cache\Admin\6d016b3978128ecc733d3a86706fedbd.php 第 153 行.
NOTIC: [8] Undefined index: key D:\phpStudy\WWW\MhyShopAdmin\Runtime\Cache\Admin\6d016b3978128ecc733d3a86706fedbd.php 第 160 行.
NOTIC: [8] Undefined index: key D:\phpStudy\WWW\MhyShopAdmin\Runtime\Cache\Admin\6d016b3978128ecc733d3a86706fedbd.php 第 161 行.
NOTIC: [8] Undefined index: key D:\phpStudy\WWW\MhyShopAdmin\Runtime\Cache\Admin\6d016b3978128ecc733d3a86706fedbd.php 第 162 行.
NOTIC: [8] Undefined index: content D:\phpStudy\WWW\MhyShopAdmin\Runtime\Cache\Admin\6d016b3978128ecc733d3a86706fedbd.php 第 168 行.
INFO: Run Behavior\ParseTemplateBehavior [ RunTime:0.013001s ]
INFO: [ view_parse ] --END-- [ RunTime:0.013001s ]
INFO: [ view_filter ] --START--
INFO: Run Behavior\WriteHtmlCacheBehavior [ RunTime:0.000000s ]
INFO: Run Behavior\TokenBuildBehavior [ RunTime:0.001000s ]
INFO: [ view_filter ] --END-- [ RunTime:0.001000s ]
INFO: [ app_end ] --START--
INFO: Run Behavior\ShowPageTraceBehavior [ RunTime:0.000000s ]
INFO: [ app_end ] --END-- [ RunTime:0.000000s ]

[ 2017-06-08T16:21:17+08:00 ] ::1 /MhyShopAdmin/admin.php/Member/index/p/update.html?id=undefined
INFO: [ app_init ] --START--
INFO: Run Behavior\BuildLiteBehavior [ RunTime:0.000000s ]
INFO: [ app_init ] --END-- [ RunTime:0.000000s ]
INFO: [ app_begin ] --START--
INFO: Run Behavior\ReadHtmlCacheBehavior [ RunTime:0.000000s ]
INFO: [ app_begin ] --END-- [ RunTime:0.000000s ]
NOTIC: [8] Undefined index: startTime D:\phpStudy\WWW\MhyShopAdmin\shopApp\Admin\Controller\MemberController.class.php 第 11 行.
NOTIC: [8] Undefined index: endTime D:\phpStudy\WWW\MhyShopAdmin\shopApp\Admin\Controller\MemberController.class.php 第 12 行.
NOTIC: [8] Undefined index: content D:\phpStudy\WWW\MhyShopAdmin\shopApp\Admin\Controller\MemberController.class.php 第 26 行.
NOTIC: [8] Undefined index: submit D:\phpStudy\WWW\MhyShopAdmin\shopApp\Admin\Controller\MemberController.class.php 第 35 行.
NOTIC: [8] Undefined index: limit D:\phpStudy\WWW\MhyShopAdmin\shopApp\Admin\Controller\MemberController.class.php 第 39 行.
SQL: SHOW COLUMNS FROM `mhy_member` [ RunTime:0.0030s ]
SQL: SELECT COUNT(*) AS tp_count FROM `mhy_member` LIMIT 1   [ RunTime:0.0010s ]
SQL: SELECT * FROM `mhy_member` ORDER BY member_id desc LIMIT 0,20   [ RunTime:0.0010s ]
INFO: [ view_parse ] --START--
INFO: [ template_filter ] --START--
INFO: Run Behavior\ContentReplaceBehavior [ RunTime:0.000000s ]
INFO: [ template_filter ] --END-- [ RunTime:0.000000s ]
NOTIC: [8] Undefined index: startTime D:\phpStudy\WWW\MhyShopAdmin\Runtime\Cache\Admin\6d016b3978128ecc733d3a86706fedbd.php 第 142 行.
NOTIC: [8] Undefined index: endTime D:\phpStudy\WWW\MhyShopAdmin\Runtime\Cache\Admin\6d016b3978128ecc733d3a86706fedbd.php 第 146 行.
NOTIC: [8] Undefined index: limit D:\phpStudy\WWW\MhyShopAdmin\Runtime\Cache\Admin\6d016b3978128ecc733d3a86706fedbd.php 第 151 行.
NOTIC: [8] Undefined index: limit D:\phpStudy\WWW\MhyShopAdmin\Runtime\Cache\Admin\6d016b3978128ecc733d3a86706fedbd.php 第 152 行.
NOTIC: [8] Undefined index: limit D:\phpStudy\WWW\MhyShopAdmin\Runtime\Cache\Admin\6d016b3978128ecc733d3a86706fedbd.php 第 153 行.
NOTIC: [8] Undefined index: key D:\phpStudy\WWW\MhyShopAdmin\Runtime\Cache\Admin\6d016b3978128ecc733d3a86706fedbd.php 第 160 行.
NOTIC: [8] Undefined index: key D:\phpStudy\WWW\MhyShopAdmin\Runtime\Cache\Admin\6d016b3978128ecc733d3a86706fedbd.php 第 161 行.
NOTIC: [8] Undefined index: key D:\phpStudy\WWW\MhyShopAdmin\Runtime\Cache\Admin\6d016b3978128ecc733d3a86706fedbd.php 第 162 行.
NOTIC: [8] Undefined index: content D:\phpStudy\WWW\MhyShopAdmin\Runtime\Cache\Admin\6d016b3978128ecc733d3a86706fedbd.php 第 168 行.
INFO: Run Behavior\ParseTemplateBehavior [ RunTime:0.008001s ]
INFO: [ view_parse ] --END-- [ RunTime:0.008001s ]
INFO: [ view_filter ] --START--
INFO: Run Behavior\WriteHtmlCacheBehavior [ RunTime:0.001000s ]
INFO: Run Behavior\TokenBuildBehavior [ RunTime:0.000000s ]
INFO: [ view_filter ] --END-- [ RunTime:0.001000s ]
INFO: [ app_end ] --START--
INFO: Run Behavior\ShowPageTraceBehavior [ RunTime:0.001000s ]
INFO: [ app_end ] --END-- [ RunTime:0.001000s ]

[ 2017-06-08T16:22:25+08:00 ] ::1 /MhyShopAdmin/admin.php/Member/index/p/update.html?id=undefined
INFO: [ app_init ] --START--
INFO: Run Behavior\BuildLiteBehavior [ RunTime:0.000000s ]
INFO: [ app_init ] --END-- [ RunTime:0.000000s ]
INFO: [ app_begin ] --START--
INFO: Run Behavior\ReadHtmlCacheBehavior [ RunTime:0.001000s ]
INFO: [ app_begin ] --END-- [ RunTime:0.001000s ]
NOTIC: [8] Undefined index: startTime D:\phpStudy\WWW\MhyShopAdmin\shopApp\Admin\Controller\MemberController.class.php 第 11 行.
NOTIC: [8] Undefined index: endTime D:\phpStudy\WWW\MhyShopAdmin\shopApp\Admin\Controller\MemberController.class.php 第 12 行.
NOTIC: [8] Undefined index: content D:\phpStudy\WWW\MhyShopAdmin\shopApp\Admin\Controller\MemberController.class.php 第 26 行.
NOTIC: [8] Undefined index: submit D:\phpStudy\WWW\MhyShopAdmin\shopApp\Admin\Controller\MemberController.class.php 第 35 行.
NOTIC: [8] Undefined index: limit D:\phpStudy\WWW\MhyShopAdmin\shopApp\Admin\Controller\MemberController.class.php 第 39 行.
SQL: SHOW COLUMNS FROM `mhy_member` [ RunTime:0.0040s ]
SQL: SELECT COUNT(*) AS tp_count FROM `mhy_member` LIMIT 1   [ RunTime:0.0010s ]
SQL: SELECT * FROM `mhy_member` ORDER BY member_id desc LIMIT 0,20   [ RunTime:0.0000s ]
INFO: [ view_parse ] --START--
INFO: [ template_filter ] --START--
INFO: Run Behavior\ContentReplaceBehavior [ RunTime:0.000000s ]
INFO: [ template_filter ] --END-- [ RunTime:0.000000s ]
NOTIC: [8] Undefined index: startTime D:\phpStudy\WWW\MhyShopAdmin\Runtime\Cache\Admin\6d016b3978128ecc733d3a86706fedbd.php 第 142 行.
NOTIC: [8] Undefined index: endTime D:\phpStudy\WWW\MhyShopAdmin\Runtime\Cache\Admin\6d016b3978128ecc733d3a86706fedbd.php 第 146 行.
NOTIC: [8] Undefined index: limit D:\phpStudy\WWW\MhyShopAdmin\Runtime\Cache\Admin\6d016b3978128ecc733d3a86706fedbd.php 第 151 行.
NOTIC: [8] Undefined index: limit D:\phpStudy\WWW\MhyShopAdmin\Runtime\Cache\Admin\6d016b3978128ecc733d3a86706fedbd.php 第 152 行.
NOTIC: [8] Undefined index: limit D:\phpStudy\WWW\MhyShopAdmin\Runtime\Cache\Admin\6d016b3978128ecc733d3a86706fedbd.php 第 153 行.
NOTIC: [8] Undefined index: key D:\phpStudy\WWW\MhyShopAdmin\Runtime\Cache\Admin\6d016b3978128ecc733d3a86706fedbd.php 第 160 行.
NOTIC: [8] Undefined index: key D:\phpStudy\WWW\MhyShopAdmin\Runtime\Cache\Admin\6d016b3978128ecc733d3a86706fedbd.php 第 161 行.
NOTIC: [8] Undefined index: key D:\phpStudy\WWW\MhyShopAdmin\Runtime\Cache\Admin\6d016b3978128ecc733d3a86706fedbd.php 第 162 行.
NOTIC: [8] Undefined index: content D:\phpStudy\WWW\MhyShopAdmin\Runtime\Cache\Admin\6d016b3978128ecc733d3a86706fedbd.php 第 168 行.
INFO: Run Behavior\ParseTemplateBehavior [ RunTime:0.009000s ]
INFO: [ view_parse ] --END-- [ RunTime:0.009000s ]
INFO: [ view_filter ] --START--
INFO: Run Behavior\WriteHtmlCacheBehavior [ RunTime:0.000000s ]
INFO: Run Behavior\TokenBuildBehavior [ RunTime:0.001000s ]
INFO: [ view_filter ] --END-- [ RunTime:0.001000s ]
INFO: [ app_end ] --START--
INFO: Run Behavior\ShowPageTraceBehavior [ RunTime:0.000000s ]
INFO: [ app_end ] --END-- [ RunTime:0.000000s ]

[ 2017-06-08T16:22:39+08:00 ] ::1 /MhyShopAdmin/admin.php/Member/index/p/1.html
INFO: [ app_init ] --START--
INFO: Run Behavior\BuildLiteBehavior [ RunTime:0.000000s ]
INFO: [ app_init ] --END-- [ RunTime:0.000000s ]
INFO: [ app_begin ] --START--
INFO: Run Behavior\ReadHtmlCacheBehavior [ RunTime:0.000000s ]
INFO: [ app_begin ] --END-- [ RunTime:0.000000s ]
NOTIC: [8] Undefined index: startTime D:\phpStudy\WWW\MhyShopAdmin\shopApp\Admin\Controller\MemberController.class.php 第 11 行.
NOTIC: [8] Undefined index: endTime D:\phpStudy\WWW\MhyShopAdmin\shopApp\Admin\Controller\MemberController.class.php 第 12 行.
NOTIC: [8] Undefined index: content D:\phpStudy\WWW\MhyShopAdmin\shopApp\Admin\Controller\MemberController.class.php 第 26 行.
NOTIC: [8] Undefined index: submit D:\phpStudy\WWW\MhyShopAdmin\shopApp\Admin\Controller\MemberController.class.php 第 35 行.
NOTIC: [8] Undefined index: limit D:\phpStudy\WWW\MhyShopAdmin\shopApp\Admin\Controller\MemberController.class.php 第 39 行.
SQL: SHOW COLUMNS FROM `mhy_member` [ RunTime:0.0100s ]
SQL: SELECT COUNT(*) AS tp_count FROM `mhy_member` LIMIT 1   [ RunTime:0.0010s ]
SQL: SELECT * FROM `mhy_member` ORDER BY member_id desc LIMIT 0,20   [ RunTime:0.0010s ]
INFO: [ view_parse ] --START--
INFO: [ template_filter ] --START--
INFO: Run Behavior\ContentReplaceBehavior [ RunTime:0.000000s ]
INFO: [ template_filter ] --END-- [ RunTime:0.000000s ]
NOTIC: [8] Undefined index: startTime D:\phpStudy\WWW\MhyShopAdmin\Runtime\Cache\Admin\6d016b3978128ecc733d3a86706fedbd.php 第 142 行.
NOTIC: [8] Undefined index: endTime D:\phpStudy\WWW\MhyShopAdmin\Runtime\Cache\Admin\6d016b3978128ecc733d3a86706fedbd.php 第 146 行.
NOTIC: [8] Undefined index: limit D:\phpStudy\WWW\MhyShopAdmin\Runtime\Cache\Admin\6d016b3978128ecc733d3a86706fedbd.php 第 151 行.
NOTIC: [8] Undefined index: limit D:\phpStudy\WWW\MhyShopAdmin\Runtime\Cache\Admin\6d016b3978128ecc733d3a86706fedbd.php 第 152 行.
NOTIC: [8] Undefined index: limit D:\phpStudy\WWW\MhyShopAdmin\Runtime\Cache\Admin\6d016b3978128ecc733d3a86706fedbd.php 第 153 行.
NOTIC: [8] Undefined index: key D:\phpStudy\WWW\MhyShopAdmin\Runtime\Cache\Admin\6d016b3978128ecc733d3a86706fedbd.php 第 160 行.
NOTIC: [8] Undefined index: key D:\phpStudy\WWW\MhyShopAdmin\Runtime\Cache\Admin\6d016b3978128ecc733d3a86706fedbd.php 第 161 行.
NOTIC: [8] Undefined index: key D:\phpStudy\WWW\MhyShopAdmin\Runtime\Cache\Admin\6d016b3978128ecc733d3a86706fedbd.php 第 162 行.
NOTIC: [8] Undefined index: content D:\phpStudy\WWW\MhyShopAdmin\Runtime\Cache\Admin\6d016b3978128ecc733d3a86706fedbd.php 第 168 行.
INFO: Run Behavior\ParseTemplateBehavior [ RunTime:0.009001s ]
INFO: [ view_parse ] --END-- [ RunTime:0.009001s ]
INFO: [ view_filter ] --START--
INFO: Run Behavior\WriteHtmlCacheBehavior [ RunTime:0.000000s ]
INFO: Run Behavior\TokenBuildBehavior [ RunTime:0.000000s ]
INFO: [ view_filter ] --END-- [ RunTime:0.000000s ]
INFO: [ app_end ] --START--
INFO: Run Behavior\ShowPageTraceBehavior [ RunTime:0.001000s ]
INFO: [ app_end ] --END-- [ RunTime:0.001000s ]

[ 2017-06-08T16:22:42+08:00 ] ::1 /MhyShopAdmin/admin.php/Member/index/p/update.html?id=undefined
INFO: [ app_init ] --START--
INFO: Run Behavior\BuildLiteBehavior [ RunTime:0.000000s ]
INFO: [ app_init ] --END-- [ RunTime:0.001000s ]
INFO: [ app_begin ] --START--
INFO: Run Behavior\ReadHtmlCacheBehavior [ RunTime:0.000000s ]
INFO: [ app_begin ] --END-- [ RunTime:0.001000s ]
NOTIC: [8] Undefined index: startTime D:\phpStudy\WWW\MhyShopAdmin\shopApp\Admin\Controller\MemberController.class.php 第 11 行.
NOTIC: [8] Undefined index: endTime D:\phpStudy\WWW\MhyShopAdmin\shopApp\Admin\Controller\MemberController.class.php 第 12 行.
NOTIC: [8] Undefined index: content D:\phpStudy\WWW\MhyShopAdmin\shopApp\Admin\Controller\MemberController.class.php 第 26 行.
NOTIC: [8] Undefined index: submit D:\phpStudy\WWW\MhyShopAdmin\shopApp\Admin\Controller\MemberController.class.php 第 35 行.
NOTIC: [8] Undefined index: limit D:\phpStudy\WWW\MhyShopAdmin\shopApp\Admin\Controller\MemberController.class.php 第 39 行.
SQL: SHOW COLUMNS FROM `mhy_member` [ RunTime:0.0040s ]
SQL: SELECT COUNT(*) AS tp_count FROM `mhy_member` LIMIT 1   [ RunTime:0.0000s ]
SQL: SELECT * FROM `mhy_member` ORDER BY member_id desc LIMIT 0,20   [ RunTime:0.0000s ]
INFO: [ view_parse ] --START--
INFO: [ template_filter ] --START--
INFO: Run Behavior\ContentReplaceBehavior [ RunTime:0.001000s ]
INFO: [ template_filter ] --END-- [ RunTime:0.001000s ]
NOTIC: [8] Undefined index: startTime D:\phpStudy\WWW\MhyShopAdmin\Runtime\Cache\Admin\6d016b3978128ecc733d3a86706fedbd.php 第 142 行.
NOTIC: [8] Undefined index: endTime D:\phpStudy\WWW\MhyShopAdmin\Runtime\Cache\Admin\6d016b3978128ecc733d3a86706fedbd.php 第 146 行.
NOTIC: [8] Undefined index: limit D:\phpStudy\WWW\MhyShopAdmin\Runtime\Cache\Admin\6d016b3978128ecc733d3a86706fedbd.php 第 151 行.
NOTIC: [8] Undefined index: limit D:\phpStudy\WWW\MhyShopAdmin\Runtime\Cache\Admin\6d016b3978128ecc733d3a86706fedbd.php 第 152 行.
NOTIC: [8] Undefined index: limit D:\phpStudy\WWW\MhyShopAdmin\Runtime\Cache\Admin\6d016b3978128ecc733d3a86706fedbd.php 第 153 行.
NOTIC: [8] Undefined index: key D:\phpStudy\WWW\MhyShopAdmin\Runtime\Cache\Admin\6d016b3978128ecc733d3a86706fedbd.php 第 160 行.
NOTIC: [8] Undefined index: key D:\phpStudy\WWW\MhyShopAdmin\Runtime\Cache\Admin\6d016b3978128ecc733d3a86706fedbd.php 第 161 行.
NOTIC: [8] Undefined index: key D:\phpStudy\WWW\MhyShopAdmin\Runtime\Cache\Admin\6d016b3978128ecc733d3a86706fedbd.php 第 162 行.
NOTIC: [8] Undefined index: content D:\phpStudy\WWW\MhyShopAdmin\Runtime\Cache\Admin\6d016b3978128ecc733d3a86706fedbd.php 第 168 行.
INFO: Run Behavior\ParseTemplateBehavior [ RunTime:0.009000s ]
INFO: [ view_parse ] --END-- [ RunTime:0.009000s ]
INFO: [ view_filter ] --START--
INFO: Run Behavior\WriteHtmlCacheBehavior [ RunTime:0.000000s ]
INFO: Run Behavior\TokenBuildBehavior [ RunTime:0.000000s ]
INFO: [ view_filter ] --END-- [ RunTime:0.000000s ]
INFO: [ app_end ] --START--
INFO: Run Behavior\ShowPageTraceBehavior [ RunTime:0.000000s ]
INFO: [ app_end ] --END-- [ RunTime:0.001000s ]

[ 2017-06-08T16:26:30+08:00 ] ::1 /MhyShopAdmin/admin.php/Member/index/p/1.html
INFO: [ app_init ] --START--
INFO: Run Behavior\BuildLiteBehavior [ RunTime:0.000000s ]
INFO: [ app_init ] --END-- [ RunTime:0.000000s ]
INFO: [ app_begin ] --START--
INFO: Run Behavior\ReadHtmlCacheBehavior [ RunTime:0.000000s ]
INFO: [ app_begin ] --END-- [ RunTime:0.000000s ]
NOTIC: [8] Undefined index: startTime D:\phpStudy\WWW\MhyShopAdmin\shopApp\Admin\Controller\MemberController.class.php 第 11 行.
NOTIC: [8] Undefined index: endTime D:\phpStudy\WWW\MhyShopAdmin\shopApp\Admin\Controller\MemberController.class.php 第 12 行.
NOTIC: [8] Undefined index: content D:\phpStudy\WWW\MhyShopAdmin\shopApp\Admin\Controller\MemberController.class.php 第 26 行.
NOTIC: [8] Undefined index: submit D:\phpStudy\WWW\MhyShopAdmin\shopApp\Admin\Controller\MemberController.class.php 第 35 行.
NOTIC: [8] Undefined index: limit D:\phpStudy\WWW\MhyShopAdmin\shopApp\Admin\Controller\MemberController.class.php 第 39 行.
SQL: SHOW COLUMNS FROM `mhy_member` [ RunTime:0.0060s ]
SQL: SELECT COUNT(*) AS tp_count FROM `mhy_member` LIMIT 1   [ RunTime:0.0000s ]
SQL: SELECT * FROM `mhy_member` ORDER BY member_id desc LIMIT 0,20   [ RunTime:0.0010s ]
INFO: [ view_parse ] --START--
INFO: [ template_filter ] --START--
INFO: Run Behavior\ContentReplaceBehavior [ RunTime:0.000000s ]
INFO: [ template_filter ] --END-- [ RunTime:0.001000s ]
NOTIC: [8] Undefined index: startTime D:\phpStudy\WWW\MhyShopAdmin\Runtime\Cache\Admin\6d016b3978128ecc733d3a86706fedbd.php 第 142 行.
NOTIC: [8] Undefined index: endTime D:\phpStudy\WWW\MhyShopAdmin\Runtime\Cache\Admin\6d016b3978128ecc733d3a86706fedbd.php 第 146 行.
NOTIC: [8] Undefined index: limit D:\phpStudy\WWW\MhyShopAdmin\Runtime\Cache\Admin\6d016b3978128ecc733d3a86706fedbd.php 第 151 行.
NOTIC: [8] Undefined index: limit D:\phpStudy\WWW\MhyShopAdmin\Runtime\Cache\Admin\6d016b3978128ecc733d3a86706fedbd.php 第 152 行.
NOTIC: [8] Undefined index: limit D:\phpStudy\WWW\MhyShopAdmin\Runtime\Cache\Admin\6d016b3978128ecc733d3a86706fedbd.php 第 153 行.
NOTIC: [8] Undefined index: key D:\phpStudy\WWW\MhyShopAdmin\Runtime\Cache\Admin\6d016b3978128ecc733d3a86706fedbd.php 第 160 行.
NOTIC: [8] Undefined index: key D:\phpStudy\WWW\MhyShopAdmin\Runtime\Cache\Admin\6d016b3978128ecc733d3a86706fedbd.php 第 161 行.
NOTIC: [8] Undefined index: key D:\phpStudy\WWW\MhyShopAdmin\Runtime\Cache\Admin\6d016b3978128ecc733d3a86706fedbd.php 第 162 行.
NOTIC: [8] Undefined index: content D:\phpStudy\WWW\MhyShopAdmin\Runtime\Cache\Admin\6d016b3978128ecc733d3a86706fedbd.php 第 168 行.
INFO: Run Behavior\ParseTemplateBehavior [ RunTime:0.014001s ]
INFO: [ view_parse ] --END-- [ RunTime:0.014001s ]
INFO: [ view_filter ] --START--
INFO: Run Behavior\WriteHtmlCacheBehavior [ RunTime:0.001000s ]
INFO: Run Behavior\TokenBuildBehavior [ RunTime:0.000000s ]
INFO: [ view_filter ] --END-- [ RunTime:0.001000s ]
INFO: [ app_end ] --START--
INFO: Run Behavior\ShowPageTraceBehavior [ RunTime:0.000000s ]
INFO: [ app_end ] --END-- [ RunTime:0.000000s ]

[ 2017-06-08T16:26:31+08:00 ] ::1 /MhyShopAdmin/admin.php/member/update.html?id=undefined
INFO: [ app_init ] --START--
INFO: Run Behavior\BuildLiteBehavior [ RunTime:0.000000s ]
INFO: [ app_init ] --END-- [ RunTime:0.000000s ]
INFO: [ app_begin ] --START--
INFO: Run Behavior\ReadHtmlCacheBehavior [ RunTime:0.000000s ]
INFO: [ app_begin ] --END-- [ RunTime:0.000000s ]
INFO: [ view_parse ] --START--
INFO: [ template_filter ] --START--
INFO: Run Behavior\ContentReplaceBehavior [ RunTime:0.000000s ]
INFO: [ template_filter ] --END-- [ RunTime:0.001000s ]
INFO: Run Behavior\ParseTemplateBehavior [ RunTime:0.003000s ]
INFO: [ view_parse ] --END-- [ RunTime:0.003000s ]
INFO: [ view_filter ] --START--
INFO: Run Behavior\WriteHtmlCacheBehavior [ RunTime:0.000000s ]
INFO: Run Behavior\TokenBuildBehavior [ RunTime:0.001000s ]
INFO: [ view_filter ] --END-- [ RunTime:0.001000s ]

[ 2017-06-08T16:26:53+08:00 ] ::1 /MhyShopAdmin/admin.php/member/update.html?id=undefined
INFO: [ app_init ] --START--
INFO: Run Behavior\BuildLiteBehavior [ RunTime:0.000000s ]
INFO: [ app_init ] --END-- [ RunTime:0.001000s ]
INFO: [ app_begin ] --START--
INFO: Run Behavior\ReadHtmlCacheBehavior [ RunTime:0.001000s ]
INFO: [ app_begin ] --END-- [ RunTime:0.001000s ]
INFO: [ view_parse ] --START--
INFO: [ template_filter ] --START--
INFO: Run Behavior\ContentReplaceBehavior [ RunTime:0.000000s ]
INFO: [ template_filter ] --END-- [ RunTime:0.000000s ]
INFO: Run Behavior\ParseTemplateBehavior [ RunTime:0.011000s ]
INFO: [ view_parse ] --END-- [ RunTime:0.011000s ]
INFO: [ view_filter ] --START--
INFO: Run Behavior\WriteHtmlCacheBehavior [ RunTime:0.000000s ]
INFO: Run Behavior\TokenBuildBehavior [ RunTime:0.000000s ]
INFO: [ view_filter ] --END-- [ RunTime:0.000000s ]

[ 2017-06-08T16:26:57+08:00 ] ::1 /MhyShopAdmin/admin.php/Member/index/p/1.html
INFO: [ app_init ] --START--
INFO: Run Behavior\BuildLiteBehavior [ RunTime:0.000000s ]
INFO: [ app_init ] --END-- [ RunTime:0.001000s ]
INFO: [ app_begin ] --START--
INFO: Run Behavior\ReadHtmlCacheBehavior [ RunTime:0.000000s ]
INFO: [ app_begin ] --END-- [ RunTime:0.000000s ]
NOTIC: [8] Undefined index: startTime D:\phpStudy\WWW\MhyShopAdmin\shopApp\Admin\Controller\MemberController.class.php 第 11 行.
NOTIC: [8] Undefined index: endTime D:\phpStudy\WWW\MhyShopAdmin\shopApp\Admin\Controller\MemberController.class.php 第 12 行.
NOTIC: [8] Undefined index: content D:\phpStudy\WWW\MhyShopAdmin\shopApp\Admin\Controller\MemberController.class.php 第 26 行.
NOTIC: [8] Undefined index: submit D:\phpStudy\WWW\MhyShopAdmin\shopApp\Admin\Controller\MemberController.class.php 第 35 行.
NOTIC: [8] Undefined index: limit D:\phpStudy\WWW\MhyShopAdmin\shopApp\Admin\Controller\MemberController.class.php 第 39 行.
SQL: SHOW COLUMNS FROM `mhy_member` [ RunTime:0.0030s ]
SQL: SELECT COUNT(*) AS tp_count FROM `mhy_member` LIMIT 1   [ RunTime:0.0000s ]
SQL: SELECT * FROM `mhy_member` ORDER BY member_id desc LIMIT 0,20   [ RunTime:0.0010s ]
INFO: [ view_parse ] --START--
INFO: [ template_filter ] --START--
INFO: Run Behavior\ContentReplaceBehavior [ RunTime:0.000000s ]
INFO: [ template_filter ] --END-- [ RunTime:0.000000s ]
NOTIC: [8] Undefined index: startTime D:\phpStudy\WWW\MhyShopAdmin\Runtime\Cache\Admin\6d016b3978128ecc733d3a86706fedbd.php 第 142 行.
NOTIC: [8] Undefined index: endTime D:\phpStudy\WWW\MhyShopAdmin\Runtime\Cache\Admin\6d016b3978128ecc733d3a86706fedbd.php 第 146 行.
NOTIC: [8] Undefined index: limit D:\phpStudy\WWW\MhyShopAdmin\Runtime\Cache\Admin\6d016b3978128ecc733d3a86706fedbd.php 第 151 行.
NOTIC: [8] Undefined index: limit D:\phpStudy\WWW\MhyShopAdmin\Runtime\Cache\Admin\6d016b3978128ecc733d3a86706fedbd.php 第 152 行.
NOTIC: [8] Undefined index: limit D:\phpStudy\WWW\MhyShopAdmin\Runtime\Cache\Admin\6d016b3978128ecc733d3a86706fedbd.php 第 153 行.
NOTIC: [8] Undefined index: key D:\phpStudy\WWW\MhyShopAdmin\Runtime\Cache\Admin\6d016b3978128ecc733d3a86706fedbd.php 第 160 行.
NOTIC: [8] Undefined index: key D:\phpStudy\WWW\MhyShopAdmin\Runtime\Cache\Admin\6d016b3978128ecc733d3a86706fedbd.php 第 161 行.
NOTIC: [8] Undefined index: key D:\phpStudy\WWW\MhyShopAdmin\Runtime\Cache\Admin\6d016b3978128ecc733d3a86706fedbd.php 第 162 行.
NOTIC: [8] Undefined index: content D:\phpStudy\WWW\MhyShopAdmin\Runtime\Cache\Admin\6d016b3978128ecc733d3a86706fedbd.php 第 168 行.
INFO: Run Behavior\ParseTemplateBehavior [ RunTime:0.007001s ]
INFO: [ view_parse ] --END-- [ RunTime:0.007001s ]
INFO: [ view_filter ] --START--
INFO: Run Behavior\WriteHtmlCacheBehavior [ RunTime:0.000000s ]
INFO: Run Behavior\TokenBuildBehavior [ RunTime:0.001000s ]
INFO: [ view_filter ] --END-- [ RunTime:0.001000s ]
INFO: [ app_end ] --START--
INFO: Run Behavior\ShowPageTraceBehavior [ RunTime:0.000000s ]
INFO: [ app_end ] --END-- [ RunTime:0.000000s ]

[ 2017-06-08T16:27:06+08:00 ] ::1 /MhyShopAdmin/admin.php/Member/index/p/1.html
INFO: [ app_init ] --START--
INFO: Run Behavior\BuildLiteBehavior [ RunTime:0.000000s ]
INFO: [ app_init ] --END-- [ RunTime:0.001000s ]
INFO: [ app_begin ] --START--
INFO: Run Behavior\ReadHtmlCacheBehavior [ RunTime:0.000000s ]
INFO: [ app_begin ] --END-- [ RunTime:0.000000s ]
NOTIC: [8] Undefined index: startTime D:\phpStudy\WWW\MhyShopAdmin\shopApp\Admin\Controller\MemberController.class.php 第 11 行.
NOTIC: [8] Undefined index: endTime D:\phpStudy\WWW\MhyShopAdmin\shopApp\Admin\Controller\MemberController.class.php 第 12 行.
NOTIC: [8] Undefined index: content D:\phpStudy\WWW\MhyShopAdmin\shopApp\Admin\Controller\MemberController.class.php 第 26 行.
NOTIC: [8] Undefined index: submit D:\phpStudy\WWW\MhyShopAdmin\shopApp\Admin\Controller\MemberController.class.php 第 35 行.
NOTIC: [8] Undefined index: limit D:\phpStudy\WWW\MhyShopAdmin\shopApp\Admin\Controller\MemberController.class.php 第 39 行.
SQL: SHOW COLUMNS FROM `mhy_member` [ RunTime:0.0070s ]
SQL: SELECT COUNT(*) AS tp_count FROM `mhy_member` LIMIT 1   [ RunTime:0.0000s ]
SQL: SELECT * FROM `mhy_member` ORDER BY member_id desc LIMIT 0,20   [ RunTime:0.0020s ]
INFO: [ view_parse ] --START--
INFO: [ template_filter ] --START--
INFO: Run Behavior\ContentReplaceBehavior [ RunTime:0.000000s ]
INFO: [ template_filter ] --END-- [ RunTime:0.000000s ]
NOTIC: [8] Undefined index: startTime D:\phpStudy\WWW\MhyShopAdmin\Runtime\Cache\Admin\6d016b3978128ecc733d3a86706fedbd.php 第 142 行.
NOTIC: [8] Undefined index: endTime D:\phpStudy\WWW\MhyShopAdmin\Runtime\Cache\Admin\6d016b3978128ecc733d3a86706fedbd.php 第 146 行.
NOTIC: [8] Undefined index: limit D:\phpStudy\WWW\MhyShopAdmin\Runtime\Cache\Admin\6d016b3978128ecc733d3a86706fedbd.php 第 151 行.
NOTIC: [8] Undefined index: limit D:\phpStudy\WWW\MhyShopAdmin\Runtime\Cache\Admin\6d016b3978128ecc733d3a86706fedbd.php 第 152 行.
NOTIC: [8] Undefined index: limit D:\phpStudy\WWW\MhyShopAdmin\Runtime\Cache\Admin\6d016b3978128ecc733d3a86706fedbd.php 第 153 行.
NOTIC: [8] Undefined index: key D:\phpStudy\WWW\MhyShopAdmin\Runtime\Cache\Admin\6d016b3978128ecc733d3a86706fedbd.php 第 160 行.
NOTIC: [8] Undefined index: key D:\phpStudy\WWW\MhyShopAdmin\Runtime\Cache\Admin\6d016b3978128ecc733d3a86706fedbd.php 第 161 行.
NOTIC: [8] Undefined index: key D:\phpStudy\WWW\MhyShopAdmin\Runtime\Cache\Admin\6d016b3978128ecc733d3a86706fedbd.php 第 162 行.
NOTIC: [8] Undefined index: content D:\phpStudy\WWW\MhyShopAdmin\Runtime\Cache\Admin\6d016b3978128ecc733d3a86706fedbd.php 第 168 行.
INFO: Run Behavior\ParseTemplateBehavior [ RunTime:0.016001s ]
INFO: [ view_parse ] --END-- [ RunTime:0.016001s ]
INFO: [ view_filter ] --START--
INFO: Run Behavior\WriteHtmlCacheBehavior [ RunTime:0.001000s ]
INFO: Run Behavior\TokenBuildBehavior [ RunTime:0.000000s ]
INFO: [ view_filter ] --END-- [ RunTime:0.001000s ]
INFO: [ app_end ] --START--
INFO: Run Behavior\ShowPageTraceBehavior [ RunTime:0.000000s ]
INFO: [ app_end ] --END-- [ RunTime:0.000000s ]

[ 2017-06-08T16:27:08+08:00 ] ::1 /MhyShopAdmin/admin.php/member/update.html?member_id=352undefined
INFO: [ app_init ] --START--
INFO: Run Behavior\BuildLiteBehavior [ RunTime:0.001000s ]
INFO: [ app_init ] --END-- [ RunTime:0.001000s ]
INFO: [ app_begin ] --START--
INFO: Run Behavior\ReadHtmlCacheBehavior [ RunTime:0.000000s ]
INFO: [ app_begin ] --END-- [ RunTime:0.000000s ]
SQL: SHOW COLUMNS FROM `mhy_member` [ RunTime:0.0040s ]
SQL: SELECT * FROM `mhy_member` WHERE `member_id` = 352 LIMIT 1   [ RunTime:0.0000s ]
INFO: [ view_parse ] --START--
INFO: [ template_filter ] --START--
INFO: Run Behavior\ContentReplaceBehavior [ RunTime:0.000000s ]
INFO: [ template_filter ] --END-- [ RunTime:0.000000s ]
INFO: Run Behavior\ParseTemplateBehavior [ RunTime:0.018001s ]
INFO: [ view_parse ] --END-- [ RunTime:0.018001s ]
INFO: [ view_filter ] --START--
INFO: Run Behavior\WriteHtmlCacheBehavior [ RunTime:0.000000s ]
INFO: Run Behavior\TokenBuildBehavior [ RunTime:0.001000s ]
INFO: [ view_filter ] --END-- [ RunTime:0.001000s ]
INFO: [ app_end ] --START--
INFO: Run Behavior\ShowPageTraceBehavior [ RunTime:0.001000s ]
INFO: [ app_end ] --END-- [ RunTime:0.001000s ]

[ 2017-06-08T16:29:00+08:00 ] ::1 /MhyShopAdmin/admin.php/Member/index/p/1.html
INFO: [ app_init ] --START--
INFO: Run Behavior\BuildLiteBehavior [ RunTime:0.000000s ]
INFO: [ app_init ] --END-- [ RunTime:0.001001s ]
INFO: [ app_begin ] --START--
INFO: Run Behavior\ReadHtmlCacheBehavior [ RunTime:0.000000s ]
INFO: [ app_begin ] --END-- [ RunTime:0.000000s ]
NOTIC: [8] Undefined index: startTime D:\phpStudy\WWW\MhyShopAdmin\shopApp\Admin\Controller\MemberController.class.php 第 11 行.
NOTIC: [8] Undefined index: endTime D:\phpStudy\WWW\MhyShopAdmin\shopApp\Admin\Controller\MemberController.class.php 第 12 行.
NOTIC: [8] Undefined index: content D:\phpStudy\WWW\MhyShopAdmin\shopApp\Admin\Controller\MemberController.class.php 第 26 行.
NOTIC: [8] Undefined index: submit D:\phpStudy\WWW\MhyShopAdmin\shopApp\Admin\Controller\MemberController.class.php 第 35 行.
NOTIC: [8] Undefined index: limit D:\phpStudy\WWW\MhyShopAdmin\shopApp\Admin\Controller\MemberController.class.php 第 39 行.
SQL: SHOW COLUMNS FROM `mhy_member` [ RunTime:0.0070s ]
SQL: SELECT COUNT(*) AS tp_count FROM `mhy_member` LIMIT 1   [ RunTime:0.0000s ]
SQL: SELECT * FROM `mhy_member` ORDER BY member_id desc LIMIT 0,20   [ RunTime:0.0010s ]
INFO: [ view_parse ] --START--
INFO: [ template_filter ] --START--
INFO: Run Behavior\ContentReplaceBehavior [ RunTime:0.000000s ]
INFO: [ template_filter ] --END-- [ RunTime:0.000000s ]
NOTIC: [8] Undefined index: startTime D:\phpStudy\WWW\MhyShopAdmin\Runtime\Cache\Admin\6d016b3978128ecc733d3a86706fedbd.php 第 142 行.
NOTIC: [8] Undefined index: endTime D:\phpStudy\WWW\MhyShopAdmin\Runtime\Cache\Admin\6d016b3978128ecc733d3a86706fedbd.php 第 146 行.
NOTIC: [8] Undefined index: limit D:\phpStudy\WWW\MhyShopAdmin\Runtime\Cache\Admin\6d016b3978128ecc733d3a86706fedbd.php 第 151 行.
NOTIC: [8] Undefined index: limit D:\phpStudy\WWW\MhyShopAdmin\Runtime\Cache\Admin\6d016b3978128ecc733d3a86706fedbd.php 第 152 行.
NOTIC: [8] Undefined index: limit D:\phpStudy\WWW\MhyShopAdmin\Runtime\Cache\Admin\6d016b3978128ecc733d3a86706fedbd.php 第 153 行.
NOTIC: [8] Undefined index: key D:\phpStudy\WWW\MhyShopAdmin\Runtime\Cache\Admin\6d016b3978128ecc733d3a86706fedbd.php 第 160 行.
NOTIC: [8] Undefined index: key D:\phpStudy\WWW\MhyShopAdmin\Runtime\Cache\Admin\6d016b3978128ecc733d3a86706fedbd.php 第 161 行.
NOTIC: [8] Undefined index: key D:\phpStudy\WWW\MhyShopAdmin\Runtime\Cache\Admin\6d016b3978128ecc733d3a86706fedbd.php 第 162 行.
NOTIC: [8] Undefined index: content D:\phpStudy\WWW\MhyShopAdmin\Runtime\Cache\Admin\6d016b3978128ecc733d3a86706fedbd.php 第 168 行.
INFO: Run Behavior\ParseTemplateBehavior [ RunTime:0.021001s ]
INFO: [ view_parse ] --END-- [ RunTime:0.022001s ]
INFO: [ view_filter ] --START--
INFO: Run Behavior\WriteHtmlCacheBehavior [ RunTime:0.000000s ]
INFO: Run Behavior\TokenBuildBehavior [ RunTime:0.000000s ]
INFO: [ view_filter ] --END-- [ RunTime:0.000000s ]
INFO: [ app_end ] --START--
INFO: Run Behavior\ShowPageTraceBehavior [ RunTime:0.000000s ]
INFO: [ app_end ] --END-- [ RunTime:0.000000s ]

[ 2017-06-08T16:34:13+08:00 ] ::1 /MhyShopAdmin/admin.php/member/update.html?member_id=352undefined
INFO: [ app_init ] --START--
INFO: Run Behavior\BuildLiteBehavior [ RunTime:0.000000s ]
INFO: [ app_init ] --END-- [ RunTime:0.001000s ]
INFO: [ app_begin ] --START--
INFO: Run Behavior\ReadHtmlCacheBehavior [ RunTime:0.001000s ]
INFO: [ app_begin ] --END-- [ RunTime:0.001000s ]
SQL: SHOW COLUMNS FROM `mhy_member` [ RunTime:0.0050s ]
SQL: SELECT * FROM `mhy_member` WHERE `member_id` = 352 LIMIT 1   [ RunTime:0.0000s ]
INFO: [ view_parse ] --START--
INFO: [ template_filter ] --START--
INFO: Run Behavior\ContentReplaceBehavior [ RunTime:0.001000s ]
INFO: [ template_filter ] --END-- [ RunTime:0.001000s ]
INFO: Run Behavior\ParseTemplateBehavior [ RunTime:0.006001s ]
INFO: [ view_parse ] --END-- [ RunTime:0.006001s ]
INFO: [ view_filter ] --START--
INFO: Run Behavior\WriteHtmlCacheBehavior [ RunTime:0.000000s ]
INFO: Run Behavior\TokenBuildBehavior [ RunTime:0.000000s ]
INFO: [ view_filter ] --END-- [ RunTime:0.000000s ]
INFO: [ app_end ] --START--
INFO: Run Behavior\ShowPageTraceBehavior [ RunTime:0.001000s ]
INFO: [ app_end ] --END-- [ RunTime:0.001000s ]

[ 2017-06-08T16:35:22+08:00 ] ::1 /MhyShopAdmin/admin.php/member/update.html?member_id=338undefined
INFO: [ app_init ] --START--
INFO: Run Behavior\BuildLiteBehavior [ RunTime:0.000000s ]
INFO: [ app_init ] --END-- [ RunTime:0.000000s ]
INFO: [ app_begin ] --START--
INFO: Run Behavior\ReadHtmlCacheBehavior [ RunTime:0.001000s ]
INFO: [ app_begin ] --END-- [ RunTime:0.001000s ]
SQL: SHOW COLUMNS FROM `mhy_member` [ RunTime:0.0080s ]
SQL: SELECT * FROM `mhy_member` WHERE `member_id` = 338 LIMIT 1   [ RunTime:0.0010s ]
INFO: [ view_parse ] --START--
INFO: [ template_filter ] --START--
INFO: Run Behavior\ContentReplaceBehavior [ RunTime:0.000000s ]
INFO: [ template_filter ] --END-- [ RunTime:0.001000s ]
INFO: Run Behavior\ParseTemplateBehavior [ RunTime:0.007000s ]
INFO: [ view_parse ] --END-- [ RunTime:0.007000s ]
INFO: [ view_filter ] --START--
INFO: Run Behavior\WriteHtmlCacheBehavior [ RunTime:0.000000s ]
INFO: Run Behavior\TokenBuildBehavior [ RunTime:0.001000s ]
INFO: [ view_filter ] --END-- [ RunTime:0.001000s ]
INFO: [ app_end ] --START--
INFO: Run Behavior\ShowPageTraceBehavior [ RunTime:0.000000s ]
INFO: [ app_end ] --END-- [ RunTime:0.000000s ]

[ 2017-06-08T16:35:46+08:00 ] ::1 /MhyShopAdmin/admin.php/member/update.html?member_id=348undefined
INFO: [ app_init ] --START--
INFO: Run Behavior\BuildLiteBehavior [ RunTime:0.000000s ]
INFO: [ app_init ] --END-- [ RunTime:0.001000s ]
INFO: [ app_begin ] --START--
INFO: Run Behavior\ReadHtmlCacheBehavior [ RunTime:0.000000s ]
INFO: [ app_begin ] --END-- [ RunTime:0.000000s ]
SQL: SHOW COLUMNS FROM `mhy_member` [ RunTime:0.0030s ]
SQL: SELECT * FROM `mhy_member` WHERE `member_id` = 348 LIMIT 1   [ RunTime:0.0000s ]
INFO: [ view_parse ] --START--
INFO: [ template_filter ] --START--
INFO: Run Behavior\ContentReplaceBehavior [ RunTime:0.000000s ]
INFO: [ template_filter ] --END-- [ RunTime:0.000000s ]
INFO: Run Behavior\ParseTemplateBehavior [ RunTime:0.005000s ]
INFO: [ view_parse ] --END-- [ RunTime:0.005000s ]
INFO: [ view_filter ] --START--
INFO: Run Behavior\WriteHtmlCacheBehavior [ RunTime:0.000000s ]
INFO: Run Behavior\TokenBuildBehavior [ RunTime:0.000000s ]
INFO: [ view_filter ] --END-- [ RunTime:0.000000s ]
INFO: [ app_end ] --START--
INFO: Run Behavior\ShowPageTraceBehavior [ RunTime:0.000000s ]
INFO: [ app_end ] --END-- [ RunTime:0.001001s ]

[ 2017-06-08T16:36:08+08:00 ] ::1 /MhyShopAdmin/admin.php/member/update.html?member_id=342undefined
INFO: [ app_init ] --START--
INFO: Run Behavior\BuildLiteBehavior [ RunTime:0.000000s ]
INFO: [ app_init ] --END-- [ RunTime:0.001000s ]
INFO: [ app_begin ] --START--
INFO: Run Behavior\ReadHtmlCacheBehavior [ RunTime:0.000000s ]
INFO: [ app_begin ] --END-- [ RunTime:0.000000s ]
SQL: SHOW COLUMNS FROM `mhy_member` [ RunTime:0.0030s ]
SQL: SELECT * FROM `mhy_member` WHERE `member_id` = 342 LIMIT 1   [ RunTime:0.0010s ]
INFO: [ view_parse ] --START--
INFO: [ template_filter ] --START--
INFO: Run Behavior\ContentReplaceBehavior [ RunTime:0.000000s ]
INFO: [ template_filter ] --END-- [ RunTime:0.000000s ]
INFO: Run Behavior\ParseTemplateBehavior [ RunTime:0.011001s ]
INFO: [ view_parse ] --END-- [ RunTime:0.011001s ]
INFO: [ view_filter ] --START--
INFO: Run Behavior\WriteHtmlCacheBehavior [ RunTime:0.000000s ]
INFO: Run Behavior\TokenBuildBehavior [ RunTime:0.001000s ]
INFO: [ view_filter ] --END-- [ RunTime:0.001000s ]
INFO: [ app_end ] --START--
INFO: Run Behavior\ShowPageTraceBehavior [ RunTime:0.000000s ]
INFO: [ app_end ] --END-- [ RunTime:0.000000s ]

[ 2017-06-08T16:36:16+08:00 ] ::1 /MhyShopAdmin/admin.php/Member/add.html
INFO: [ app_init ] --START--
INFO: Run Behavior\BuildLiteBehavior [ RunTime:0.000000s ]
INFO: [ app_init ] --END-- [ RunTime:0.000000s ]
INFO: [ app_begin ] --START--
INFO: Run Behavior\ReadHtmlCacheBehavior [ RunTime:0.001000s ]
INFO: [ app_begin ] --END-- [ RunTime:0.001000s ]
SQL: SHOW COLUMNS FROM `mhy_member` [ RunTime:0.0030s ]
SQL: SELECT * FROM `mhy_member` WHERE `member_name` = 'QlwM' LIMIT 1   [ RunTime:0.0000s ]
INFO: [ view_parse ] --START--
INFO: [ template_filter ] --START--
INFO: Run Behavior\ContentReplaceBehavior [ RunTime:0.000000s ]
INFO: [ template_filter ] --END-- [ RunTime:0.000000s ]
INFO: Run Behavior\ParseTemplateBehavior [ RunTime:0.003000s ]
INFO: [ view_parse ] --END-- [ RunTime:0.003000s ]
INFO: [ view_filter ] --START--
INFO: Run Behavior\WriteHtmlCacheBehavior [ RunTime:0.000000s ]
INFO: Run Behavior\TokenBuildBehavior [ RunTime:0.000000s ]
INFO: [ view_filter ] --END-- [ RunTime:0.000000s ]

[ 2017-06-08T16:36:20+08:00 ] ::1 /MhyShopAdmin/admin.php/member/update.html?member_id=342undefined
INFO: [ app_init ] --START--
INFO: Run Behavior\BuildLiteBehavior [ RunTime:0.000000s ]
INFO: [ app_init ] --END-- [ RunTime:0.000000s ]
INFO: [ app_begin ] --START--
INFO: Run Behavior\ReadHtmlCacheBehavior [ RunTime:0.000000s ]
INFO: [ app_begin ] --END-- [ RunTime:0.000000s ]
SQL: SHOW COLUMNS FROM `mhy_member` [ RunTime:0.0090s ]
SQL: SELECT * FROM `mhy_member` WHERE `member_id` = 342 LIMIT 1   [ RunTime:0.0020s ]
INFO: [ view_parse ] --START--
INFO: [ template_filter ] --START--
INFO: Run Behavior\ContentReplaceBehavior [ RunTime:0.000000s ]
INFO: [ template_filter ] --END-- [ RunTime:0.000000s ]
INFO: Run Behavior\ParseTemplateBehavior [ RunTime:0.014001s ]
INFO: [ view_parse ] --END-- [ RunTime:0.014001s ]
INFO: [ view_filter ] --START--
INFO: Run Behavior\WriteHtmlCacheBehavior [ RunTime:0.001000s ]
INFO: Run Behavior\TokenBuildBehavior [ RunTime:0.000000s ]
INFO: [ view_filter ] --END-- [ RunTime:0.001000s ]
INFO: [ app_end ] --START--
INFO: Run Behavior\ShowPageTraceBehavior [ RunTime:0.001000s ]
INFO: [ app_end ] --END-- [ RunTime:0.001000s ]

[ 2017-06-08T16:37:36+08:00 ] ::1 /MhyShopAdmin/admin.php/member/update.html?member_id=348undefined
INFO: [ app_init ] --START--
INFO: Run Behavior\BuildLiteBehavior [ RunTime:0.000000s ]
INFO: [ app_init ] --END-- [ RunTime:0.000000s ]
INFO: [ app_begin ] --START--
INFO: Run Behavior\ReadHtmlCacheBehavior [ RunTime:0.000000s ]
INFO: [ app_begin ] --END-- [ RunTime:0.000000s ]
SQL: SHOW COLUMNS FROM `mhy_member` [ RunTime:0.0110s ]
SQL: SELECT * FROM `mhy_member` WHERE `member_id` = 348 LIMIT 1   [ RunTime:0.0010s ]
INFO: [ view_parse ] --START--
INFO: [ template_filter ] --START--
INFO: Run Behavior\ContentReplaceBehavior [ RunTime:0.000000s ]
INFO: [ template_filter ] --END-- [ RunTime:0.000000s ]
INFO: Run Behavior\ParseTemplateBehavior [ RunTime:0.013001s ]
INFO: [ view_parse ] --END-- [ RunTime:0.013001s ]
INFO: [ view_filter ] --START--
INFO: Run Behavior\WriteHtmlCacheBehavior [ RunTime:0.000000s ]
INFO: Run Behavior\TokenBuildBehavior [ RunTime:0.000000s ]
INFO: [ view_filter ] --END-- [ RunTime:0.000000s ]
INFO: [ app_end ] --START--
INFO: Run Behavior\ShowPageTraceBehavior [ RunTime:0.001000s ]
INFO: [ app_end ] --END-- [ RunTime:0.001000s ]

[ 2017-06-08T16:38:14+08:00 ] ::1 /MhyShopAdmin/admin.php/member/update.html?member_id=352undefined
INFO: [ app_init ] --START--
INFO: Run Behavior\BuildLiteBehavior [ RunTime:0.000000s ]
INFO: [ app_init ] --END-- [ RunTime:0.000000s ]
INFO: [ app_begin ] --START--
INFO: Run Behavior\ReadHtmlCacheBehavior [ RunTime:0.000000s ]
INFO: [ app_begin ] --END-- [ RunTime:0.000000s ]
SQL: SHOW COLUMNS FROM `mhy_member` [ RunTime:0.0030s ]
SQL: SELECT * FROM `mhy_member` WHERE `member_id` = 352 LIMIT 1   [ RunTime:0.0010s ]
INFO: [ view_parse ] --START--
INFO: [ template_filter ] --START--
INFO: Run Behavior\ContentReplaceBehavior [ RunTime:0.000000s ]
INFO: [ template_filter ] --END-- [ RunTime:0.000000s ]
INFO: Run Behavior\ParseTemplateBehavior [ RunTime:0.007001s ]
INFO: [ view_parse ] --END-- [ RunTime:0.007001s ]
INFO: [ view_filter ] --START--
INFO: Run Behavior\WriteHtmlCacheBehavior [ RunTime:0.000000s ]
INFO: Run Behavior\TokenBuildBehavior [ RunTime:0.000000s ]
INFO: [ view_filter ] --END-- [ RunTime:0.000000s ]
INFO: [ app_end ] --START--
INFO: Run Behavior\ShowPageTraceBehavior [ RunTime:0.001000s ]
INFO: [ app_end ] --END-- [ RunTime:0.001000s ]

[ 2017-06-08T16:38:16+08:00 ] ::1 /MhyShopAdmin/admin.php/Member/add.html
INFO: [ app_init ] --START--
INFO: Run Behavior\BuildLiteBehavior [ RunTime:0.000000s ]
INFO: [ app_init ] --END-- [ RunTime:0.001000s ]
INFO: [ app_begin ] --START--
INFO: Run Behavior\ReadHtmlCacheBehavior [ RunTime:0.000000s ]
INFO: [ app_begin ] --END-- [ RunTime:0.000000s ]
SQL: SHOW COLUMNS FROM `mhy_member` [ RunTime:0.0080s ]
SQL: SELECT * FROM `mhy_member` WHERE `member_name` = 'aa' LIMIT 1   [ RunTime:0.0010s ]
INFO: [ view_parse ] --START--
INFO: [ template_filter ] --START--
INFO: Run Behavior\ContentReplaceBehavior [ RunTime:0.000000s ]
INFO: [ template_filter ] --END-- [ RunTime:0.001000s ]
INFO: Run Behavior\ParseTemplateBehavior [ RunTime:0.006000s ]
INFO: [ view_parse ] --END-- [ RunTime:0.006000s ]
INFO: [ view_filter ] --START--
INFO: Run Behavior\WriteHtmlCacheBehavior [ RunTime:0.000000s ]
INFO: Run Behavior\TokenBuildBehavior [ RunTime:0.001000s ]
INFO: [ view_filter ] --END-- [ RunTime:0.001000s ]

[ 2017-06-08T16:38:20+08:00 ] ::1 /MhyShopAdmin/admin.php/member/update.html?member_id=352undefined
INFO: [ app_init ] --START--
INFO: Run Behavior\BuildLiteBehavior [ RunTime:0.000000s ]
INFO: [ app_init ] --END-- [ RunTime:0.000000s ]
INFO: [ app_begin ] --START--
INFO: Run Behavior\ReadHtmlCacheBehavior [ RunTime:0.000000s ]
INFO: [ app_begin ] --END-- [ RunTime:0.000000s ]
SQL: SHOW COLUMNS FROM `mhy_member` [ RunTime:0.0060s ]
SQL: SELECT * FROM `mhy_member` WHERE `member_id` = 352 LIMIT 1   [ RunTime:0.0000s ]
INFO: [ view_parse ] --START--
INFO: [ template_filter ] --START--
INFO: Run Behavior\ContentReplaceBehavior [ RunTime:0.000000s ]
INFO: [ template_filter ] --END-- [ RunTime:0.000000s ]
INFO: Run Behavior\ParseTemplateBehavior [ RunTime:0.010000s ]
INFO: [ view_parse ] --END-- [ RunTime:0.010000s ]
INFO: [ view_filter ] --START--
INFO: Run Behavior\WriteHtmlCacheBehavior [ RunTime:0.000000s ]
INFO: Run Behavior\TokenBuildBehavior [ RunTime:0.001000s ]
INFO: [ view_filter ] --END-- [ RunTime:0.001000s ]
INFO: [ app_end ] --START--
INFO: Run Behavior\ShowPageTraceBehavior [ RunTime:0.001000s ]
INFO: [ app_end ] --END-- [ RunTime:0.001000s ]

[ 2017-06-08T16:38:55+08:00 ] ::1 /MhyShopAdmin/admin.php/member/update.html?member_id=352undefined
INFO: [ app_init ] --START--
INFO: Run Behavior\BuildLiteBehavior [ RunTime:0.000000s ]
INFO: [ app_init ] --END-- [ RunTime:0.000000s ]
INFO: [ app_begin ] --START--
INFO: Run Behavior\ReadHtmlCacheBehavior [ RunTime:0.001000s ]
INFO: [ app_begin ] --END-- [ RunTime:0.001000s ]
SQL: SHOW COLUMNS FROM `mhy_member` [ RunTime:0.0070s ]
SQL: SELECT * FROM `mhy_member` WHERE `member_id` = 352 LIMIT 1   [ RunTime:0.0010s ]
INFO: [ view_parse ] --START--
INFO: [ template_filter ] --START--
INFO: Run Behavior\ContentReplaceBehavior [ RunTime:0.000000s ]
INFO: [ template_filter ] --END-- [ RunTime:0.000000s ]
INFO: Run Behavior\ParseTemplateBehavior [ RunTime:0.005000s ]
INFO: [ view_parse ] --END-- [ RunTime:0.005000s ]
INFO: [ view_filter ] --START--
INFO: Run Behavior\WriteHtmlCacheBehavior [ RunTime:0.000000s ]
INFO: Run Behavior\TokenBuildBehavior [ RunTime:0.000000s ]
INFO: [ view_filter ] --END-- [ RunTime:0.000000s ]
INFO: [ app_end ] --START--
INFO: Run Behavior\ShowPageTraceBehavior [ RunTime:0.001001s ]
INFO: [ app_end ] --END-- [ RunTime:0.001001s ]

[ 2017-06-08T16:38:57+08:00 ] ::1 /MhyShopAdmin/admin.php/Member/add.html
INFO: [ app_init ] --START--
INFO: Run Behavior\BuildLiteBehavior [ RunTime:0.000000s ]
INFO: [ app_init ] --END-- [ RunTime:0.000000s ]
INFO: [ app_begin ] --START--
INFO: Run Behavior\ReadHtmlCacheBehavior [ RunTime:0.000000s ]
INFO: [ app_begin ] --END-- [ RunTime:0.001000s ]
SQL: SHOW COLUMNS FROM `mhy_member` [ RunTime:0.0110s ]
SQL: SELECT * FROM `mhy_member` WHERE `member_name` = 'aa' LIMIT 1   [ RunTime:0.0010s ]
INFO: [ view_parse ] --START--
INFO: [ template_filter ] --START--
INFO: Run Behavior\ContentReplaceBehavior [ RunTime:0.001000s ]
INFO: [ template_filter ] --END-- [ RunTime:0.001000s ]
INFO: Run Behavior\ParseTemplateBehavior [ RunTime:0.011001s ]
INFO: [ view_parse ] --END-- [ RunTime:0.011001s ]
INFO: [ view_filter ] --START--
INFO: Run Behavior\WriteHtmlCacheBehavior [ RunTime:0.000000s ]
INFO: Run Behavior\TokenBuildBehavior [ RunTime:0.000000s ]
INFO: [ view_filter ] --END-- [ RunTime:0.001000s ]

[ 2017-06-08T16:39:01+08:00 ] ::1 /MhyShopAdmin/admin.php/member/update.html?member_id=352undefined
INFO: [ app_init ] --START--
INFO: Run Behavior\BuildLiteBehavior [ RunTime:0.000000s ]
INFO: [ app_init ] --END-- [ RunTime:0.001000s ]
INFO: [ app_begin ] --START--
INFO: Run Behavior\ReadHtmlCacheBehavior [ RunTime:0.000000s ]
INFO: [ app_begin ] --END-- [ RunTime:0.000000s ]
SQL: SHOW COLUMNS FROM `mhy_member` [ RunTime:0.0080s ]
SQL: SELECT * FROM `mhy_member` WHERE `member_id` = 352 LIMIT 1   [ RunTime:0.0010s ]
INFO: [ view_parse ] --START--
INFO: [ template_filter ] --START--
INFO: Run Behavior\ContentReplaceBehavior [ RunTime:0.000000s ]
INFO: [ template_filter ] --END-- [ RunTime:0.000000s ]
INFO: Run Behavior\ParseTemplateBehavior [ RunTime:0.015001s ]
INFO: [ view_parse ] --END-- [ RunTime:0.015001s ]
INFO: [ view_filter ] --START--
INFO: Run Behavior\WriteHtmlCacheBehavior [ RunTime:0.001000s ]
INFO: Run Behavior\TokenBuildBehavior [ RunTime:0.000000s ]
INFO: [ view_filter ] --END-- [ RunTime:0.001000s ]
INFO: [ app_end ] --START--
INFO: Run Behavior\ShowPageTraceBehavior [ RunTime:0.001000s ]
INFO: [ app_end ] --END-- [ RunTime:0.001000s ]

[ 2017-06-08T16:39:17+08:00 ] ::1 /MhyShopAdmin/admin.php/member/update.html?member_id=352undefined
INFO: [ app_init ] --START--
INFO: Run Behavior\BuildLiteBehavior [ RunTime:0.000000s ]
INFO: [ app_init ] --END-- [ RunTime:0.000000s ]
INFO: [ app_begin ] --START--
INFO: Run Behavior\ReadHtmlCacheBehavior [ RunTime:0.000000s ]
INFO: [ app_begin ] --END-- [ RunTime:0.000000s ]
SQL: SHOW COLUMNS FROM `mhy_member` [ RunTime:0.0040s ]
SQL: SELECT * FROM `mhy_member` WHERE `member_id` = 352 LIMIT 1   [ RunTime:0.0000s ]
INFO: [ view_parse ] --START--
INFO: [ template_filter ] --START--
INFO: Run Behavior\ContentReplaceBehavior [ RunTime:0.000000s ]
INFO: [ template_filter ] --END-- [ RunTime:0.000000s ]
INFO: Run Behavior\ParseTemplateBehavior [ RunTime:0.009001s ]
INFO: [ view_parse ] --END-- [ RunTime:0.009001s ]
INFO: [ view_filter ] --START--
INFO: Run Behavior\WriteHtmlCacheBehavior [ RunTime:0.000000s ]
INFO: Run Behavior\TokenBuildBehavior [ RunTime:0.000000s ]
INFO: [ view_filter ] --END-- [ RunTime:0.000000s ]
INFO: [ app_end ] --START--
INFO: Run Behavior\ShowPageTraceBehavior [ RunTime:0.001000s ]
INFO: [ app_end ] --END-- [ RunTime:0.001000s ]

[ 2017-06-08T16:39:19+08:00 ] ::1 /MhyShopAdmin/admin.php/Member/add.html
INFO: [ app_init ] --START--
INFO: Run Behavior\BuildLiteBehavior [ RunTime:0.000000s ]
INFO: [ app_init ] --END-- [ RunTime:0.001000s ]
INFO: [ app_begin ] --START--
INFO: Run Behavior\ReadHtmlCacheBehavior [ RunTime:0.001000s ]
INFO: [ app_begin ] --END-- [ RunTime:0.001000s ]
SQL: SHOW COLUMNS FROM `mhy_member` [ RunTime:0.0060s ]
SQL: SELECT * FROM `mhy_member` WHERE `member_name` = 'aa' LIMIT 1   [ RunTime:0.0010s ]
INFO: [ view_parse ] --START--
INFO: [ template_filter ] --START--
INFO: Run Behavior\ContentReplaceBehavior [ RunTime:0.000000s ]
INFO: [ template_filter ] --END-- [ RunTime:0.000000s ]
INFO: Run Behavior\ParseTemplateBehavior [ RunTime:0.005000s ]
INFO: [ view_parse ] --END-- [ RunTime:0.005000s ]
INFO: [ view_filter ] --START--
INFO: Run Behavior\WriteHtmlCacheBehavior [ RunTime:0.001000s ]
INFO: Run Behavior\TokenBuildBehavior [ RunTime:0.000000s ]
INFO: [ view_filter ] --END-- [ RunTime:0.001000s ]

[ 2017-06-08T16:39:23+08:00 ] ::1 /MhyShopAdmin/admin.php/member/update.html?member_id=352undefined
INFO: [ app_init ] --START--
INFO: Run Behavior\BuildLiteBehavior [ RunTime:0.000000s ]
INFO: [ app_init ] --END-- [ RunTime:0.000000s ]
INFO: [ app_begin ] --START--
INFO: Run Behavior\ReadHtmlCacheBehavior [ RunTime:0.001000s ]
INFO: [ app_begin ] --END-- [ RunTime:0.001000s ]
SQL: SHOW COLUMNS FROM `mhy_member` [ RunTime:0.0050s ]
SQL: SELECT * FROM `mhy_member` WHERE `member_id` = 352 LIMIT 1   [ RunTime:0.0000s ]
INFO: [ view_parse ] --START--
INFO: [ template_filter ] --START--
INFO: Run Behavior\ContentReplaceBehavior [ RunTime:0.000000s ]
INFO: [ template_filter ] --END-- [ RunTime:0.000000s ]
INFO: Run Behavior\ParseTemplateBehavior [ RunTime:0.010000s ]
INFO: [ view_parse ] --END-- [ RunTime:0.010000s ]
INFO: [ view_filter ] --START--
INFO: Run Behavior\WriteHtmlCacheBehavior [ RunTime:0.000000s ]
INFO: Run Behavior\TokenBuildBehavior [ RunTime:0.001000s ]
INFO: [ view_filter ] --END-- [ RunTime:0.001000s ]
INFO: [ app_end ] --START--
INFO: Run Behavior\ShowPageTraceBehavior [ RunTime:0.000000s ]
INFO: [ app_end ] --END-- [ RunTime:0.001000s ]

[ 2017-06-08T16:40:10+08:00 ] ::1 /MhyShopAdmin/admin.php/member/update.html?member_id=352undefined
INFO: [ app_init ] --START--
INFO: Run Behavior\BuildLiteBehavior [ RunTime:0.000000s ]
INFO: [ app_init ] --END-- [ RunTime:0.000000s ]
INFO: [ app_begin ] --START--
INFO: Run Behavior\ReadHtmlCacheBehavior [ RunTime:0.001000s ]
INFO: [ app_begin ] --END-- [ RunTime:0.001000s ]
SQL: SHOW COLUMNS FROM `mhy_member` [ RunTime:0.0030s ]
SQL: SELECT * FROM `mhy_member` WHERE `member_id` = 352 LIMIT 1   [ RunTime:0.0000s ]
INFO: [ view_parse ] --START--
INFO: [ template_filter ] --START--
INFO: Run Behavior\ContentReplaceBehavior [ RunTime:0.001000s ]
INFO: [ template_filter ] --END-- [ RunTime:0.001000s ]
INFO: Run Behavior\ParseTemplateBehavior [ RunTime:0.005000s ]
INFO: [ view_parse ] --END-- [ RunTime:0.005000s ]
INFO: [ view_filter ] --START--
INFO: Run Behavior\WriteHtmlCacheBehavior [ RunTime:0.000000s ]
INFO: Run Behavior\TokenBuildBehavior [ RunTime:0.000000s ]
INFO: [ view_filter ] --END-- [ RunTime:0.000000s ]
INFO: [ app_end ] --START--
INFO: Run Behavior\ShowPageTraceBehavior [ RunTime:0.001000s ]
INFO: [ app_end ] --END-- [ RunTime:0.001000s ]

[ 2017-06-08T16:40:13+08:00 ] ::1 /MhyShopAdmin/admin.php/Member/update.html
INFO: [ app_init ] --START--
INFO: Run Behavior\BuildLiteBehavior [ RunTime:0.000000s ]
INFO: [ app_init ] --END-- [ RunTime:0.001000s ]
INFO: [ app_begin ] --START--
INFO: Run Behavior\ReadHtmlCacheBehavior [ RunTime:0.000000s ]
INFO: [ app_begin ] --END-- [ RunTime:0.000000s ]
SQL: SHOW COLUMNS FROM `mhy_member` [ RunTime:0.0030s ]
INFO: [ view_parse ] --START--
INFO: [ template_filter ] --START--
INFO: Run Behavior\ContentReplaceBehavior [ RunTime:0.000000s ]
INFO: [ template_filter ] --END-- [ RunTime:0.000000s ]
INFO: Run Behavior\ParseTemplateBehavior [ RunTime:0.004000s ]
INFO: [ view_parse ] --END-- [ RunTime:0.004000s ]
INFO: [ view_filter ] --START--
INFO: Run Behavior\WriteHtmlCacheBehavior [ RunTime:0.001000s ]
INFO: Run Behavior\TokenBuildBehavior [ RunTime:0.000000s ]
INFO: [ view_filter ] --END-- [ RunTime:0.001000s ]

[ 2017-06-08T16:40:17+08:00 ] ::1 /MhyShopAdmin/admin.php/member/update.html?member_id=352undefined
INFO: [ app_init ] --START--
INFO: Run Behavior\BuildLiteBehavior [ RunTime:0.000000s ]
INFO: [ app_init ] --END-- [ RunTime:0.000000s ]
INFO: [ app_begin ] --START--
INFO: Run Behavior\ReadHtmlCacheBehavior [ RunTime:0.001000s ]
INFO: [ app_begin ] --END-- [ RunTime:0.001000s ]
SQL: SHOW COLUMNS FROM `mhy_member` [ RunTime:0.0040s ]
SQL: SELECT * FROM `mhy_member` WHERE `member_id` = 352 LIMIT 1   [ RunTime:0.0010s ]
INFO: [ view_parse ] --START--
INFO: [ template_filter ] --START--
INFO: Run Behavior\ContentReplaceBehavior [ RunTime:0.000000s ]
INFO: [ template_filter ] --END-- [ RunTime:0.000000s ]
INFO: Run Behavior\ParseTemplateBehavior [ RunTime:0.008000s ]
INFO: [ view_parse ] --END-- [ RunTime:0.008000s ]
INFO: [ view_filter ] --START--
INFO: Run Behavior\WriteHtmlCacheBehavior [ RunTime:0.000000s ]
INFO: Run Behavior\TokenBuildBehavior [ RunTime:0.001000s ]
INFO: [ view_filter ] --END-- [ RunTime:0.001000s ]
INFO: [ app_end ] --START--
INFO: Run Behavior\ShowPageTraceBehavior [ RunTime:0.001000s ]
INFO: [ app_end ] --END-- [ RunTime:0.001000s ]

[ 2017-06-08T16:41:10+08:00 ] ::1 /MhyShopAdmin/admin.php/member/update.html?member_id=352undefined
INFO: [ app_init ] --START--
INFO: Run Behavior\BuildLiteBehavior [ RunTime:0.000000s ]
INFO: [ app_init ] --END-- [ RunTime:0.001000s ]
INFO: [ app_begin ] --START--
INFO: Run Behavior\ReadHtmlCacheBehavior [ RunTime:0.001000s ]
INFO: [ app_begin ] --END-- [ RunTime:0.001000s ]
SQL: SHOW COLUMNS FROM `mhy_member` [ RunTime:0.0030s ]
SQL: SELECT * FROM `mhy_member` WHERE `member_id` = 352 LIMIT 1   [ RunTime:0.0010s ]
INFO: [ view_parse ] --START--
INFO: [ template_filter ] --START--
INFO: Run Behavior\ContentReplaceBehavior [ RunTime:0.000000s ]
INFO: [ template_filter ] --END-- [ RunTime:0.000000s ]
INFO: Run Behavior\ParseTemplateBehavior [ RunTime:0.006000s ]
INFO: [ view_parse ] --END-- [ RunTime:0.006000s ]
INFO: [ view_filter ] --START--
INFO: Run Behavior\WriteHtmlCacheBehavior [ RunTime:0.000000s ]
INFO: Run Behavior\TokenBuildBehavior [ RunTime:0.001000s ]
INFO: [ view_filter ] --END-- [ RunTime:0.001000s ]
INFO: [ app_end ] --START--
INFO: Run Behavior\ShowPageTraceBehavior [ RunTime:0.000000s ]
INFO: [ app_end ] --END-- [ RunTime:0.000000s ]

[ 2017-06-08T16:41:13+08:00 ] ::1 /MhyShopAdmin/admin.php/Member/update.html
INFO: [ app_init ] --START--
INFO: Run Behavior\BuildLiteBehavior [ RunTime:0.000000s ]
INFO: [ app_init ] --END-- [ RunTime:0.001000s ]
INFO: [ app_begin ] --START--
INFO: Run Behavior\ReadHtmlCacheBehavior [ RunTime:0.000000s ]
INFO: [ app_begin ] --END-- [ RunTime:0.000000s ]
SQL: SHOW COLUMNS FROM `mhy_member` [ RunTime:0.0110s ]
INFO: [ view_parse ] --START--
INFO: [ template_filter ] --START--
INFO: Run Behavior\ContentReplaceBehavior [ RunTime:0.000000s ]
INFO: [ template_filter ] --END-- [ RunTime:0.000000s ]
INFO: Run Behavior\ParseTemplateBehavior [ RunTime:0.014001s ]
INFO: [ view_parse ] --END-- [ RunTime:0.014001s ]
INFO: [ view_filter ] --START--
INFO: Run Behavior\WriteHtmlCacheBehavior [ RunTime:0.001000s ]
INFO: Run Behavior\TokenBuildBehavior [ RunTime:0.001000s ]
INFO: [ view_filter ] --END-- [ RunTime:0.002000s ]

[ 2017-06-08T16:41:17+08:00 ] ::1 /MhyShopAdmin/admin.php/member/update.html?member_id=352undefined
INFO: [ app_init ] --START--
INFO: Run Behavior\BuildLiteBehavior [ RunTime:0.000000s ]
INFO: [ app_init ] --END-- [ RunTime:0.000000s ]
INFO: [ app_begin ] --START--
INFO: Run Behavior\ReadHtmlCacheBehavior [ RunTime:0.001001s ]
INFO: [ app_begin ] --END-- [ RunTime:0.001001s ]
SQL: SHOW COLUMNS FROM `mhy_member` [ RunTime:0.0030s ]
SQL: SELECT * FROM `mhy_member` WHERE `member_id` = 352 LIMIT 1   [ RunTime:0.0000s ]
INFO: [ view_parse ] --START--
INFO: [ template_filter ] --START--
INFO: Run Behavior\ContentReplaceBehavior [ RunTime:0.000000s ]
INFO: [ template_filter ] --END-- [ RunTime:0.000000s ]
INFO: Run Behavior\ParseTemplateBehavior [ RunTime:0.005000s ]
INFO: [ view_parse ] --END-- [ RunTime:0.005000s ]
INFO: [ view_filter ] --START--
INFO: Run Behavior\WriteHtmlCacheBehavior [ RunTime:0.000000s ]
INFO: Run Behavior\TokenBuildBehavior [ RunTime:0.000000s ]
INFO: [ view_filter ] --END-- [ RunTime:0.000000s ]
INFO: [ app_end ] --START--
INFO: Run Behavior\ShowPageTraceBehavior [ RunTime:0.001000s ]
INFO: [ app_end ] --END-- [ RunTime:0.001000s ]

[ 2017-06-08T16:42:05+08:00 ] ::1 /MhyShopAdmin/admin.php/member/update.html?member_id=352undefined
INFO: [ app_init ] --START--
INFO: Run Behavior\BuildLiteBehavior [ RunTime:0.000000s ]
INFO: [ app_init ] --END-- [ RunTime:0.001000s ]
INFO: [ app_begin ] --START--
INFO: Run Behavior\ReadHtmlCacheBehavior [ RunTime:0.001000s ]
INFO: [ app_begin ] --END-- [ RunTime:0.001000s ]
SQL: SHOW COLUMNS FROM `mhy_member` [ RunTime:0.0060s ]
SQL: SELECT * FROM `mhy_member` WHERE `member_id` = 352 LIMIT 1   [ RunTime:0.0000s ]
INFO: [ view_parse ] --START--
INFO: [ template_filter ] --START--
INFO: Run Behavior\ContentReplaceBehavior [ RunTime:0.000000s ]
INFO: [ template_filter ] --END-- [ RunTime:0.000000s ]
INFO: Run Behavior\ParseTemplateBehavior [ RunTime:0.007000s ]
INFO: [ view_parse ] --END-- [ RunTime:0.007000s ]
INFO: [ view_filter ] --START--
INFO: Run Behavior\WriteHtmlCacheBehavior [ RunTime:0.000000s ]
INFO: Run Behavior\TokenBuildBehavior [ RunTime:0.001000s ]
INFO: [ view_filter ] --END-- [ RunTime:0.001000s ]
INFO: [ app_end ] --START--
INFO: Run Behavior\ShowPageTraceBehavior [ RunTime:0.000000s ]
INFO: [ app_end ] --END-- [ RunTime:0.000000s ]

[ 2017-06-08T16:42:07+08:00 ] ::1 /MhyShopAdmin/admin.php/Member/update.html
INFO: [ app_init ] --START--
INFO: Run Behavior\BuildLiteBehavior [ RunTime:0.000000s ]
INFO: [ app_init ] --END-- [ RunTime:0.002000s ]
INFO: [ app_begin ] --START--
INFO: Run Behavior\ReadHtmlCacheBehavior [ RunTime:0.001000s ]
INFO: [ app_begin ] --END-- [ RunTime:0.001000s ]
SQL: SHOW COLUMNS FROM `mhy_member` [ RunTime:0.0100s ]
SQL: SELECT * FROM `mhy_member` WHERE `member_name` = 'aa' AND `member_id` <> '352' LIMIT 1   [ RunTime:0.0260s ]
INFO: [ view_parse ] --START--
INFO: [ template_filter ] --START--
INFO: Run Behavior\ContentReplaceBehavior [ RunTime:0.000000s ]
INFO: [ template_filter ] --END-- [ RunTime:0.000000s ]
INFO: Run Behavior\ParseTemplateBehavior [ RunTime:0.006000s ]
INFO: [ view_parse ] --END-- [ RunTime:0.006000s ]
INFO: [ view_filter ] --START--
INFO: Run Behavior\WriteHtmlCacheBehavior [ RunTime:0.002000s ]
INFO: Run Behavior\TokenBuildBehavior [ RunTime:0.001000s ]
INFO: [ view_filter ] --END-- [ RunTime:0.003000s ]

[ 2017-06-08T16:42:11+08:00 ] ::1 /MhyShopAdmin/admin.php/member/update.html?member_id=352undefined
INFO: [ app_init ] --START--
INFO: Run Behavior\BuildLiteBehavior [ RunTime:0.001000s ]
INFO: [ app_init ] --END-- [ RunTime:0.001000s ]
INFO: [ app_begin ] --START--
INFO: Run Behavior\ReadHtmlCacheBehavior [ RunTime:0.001000s ]
INFO: [ app_begin ] --END-- [ RunTime:0.001000s ]
SQL: SHOW COLUMNS FROM `mhy_member` [ RunTime:0.0040s ]
SQL: SELECT * FROM `mhy_member` WHERE `member_id` = 352 LIMIT 1   [ RunTime:0.0010s ]
INFO: [ view_parse ] --START--
INFO: [ template_filter ] --START--
INFO: Run Behavior\ContentReplaceBehavior [ RunTime:0.001000s ]
INFO: [ template_filter ] --END-- [ RunTime:0.001000s ]
INFO: Run Behavior\ParseTemplateBehavior [ RunTime:0.006001s ]
INFO: [ view_parse ] --END-- [ RunTime:0.006001s ]
INFO: [ view_filter ] --START--
INFO: Run Behavior\WriteHtmlCacheBehavior [ RunTime:0.000000s ]
INFO: Run Behavior\TokenBuildBehavior [ RunTime:0.001000s ]
INFO: [ view_filter ] --END-- [ RunTime:0.001000s ]
INFO: [ app_end ] --START--
INFO: Run Behavior\ShowPageTraceBehavior [ RunTime:0.000000s ]
INFO: [ app_end ] --END-- [ RunTime:0.000000s ]

[ 2017-06-08T16:42:24+08:00 ] ::1 /MhyShopAdmin/admin.php/Member/update.html
INFO: [ app_init ] --START--
INFO: Run Behavior\BuildLiteBehavior [ RunTime:0.000000s ]
INFO: [ app_init ] --END-- [ RunTime:0.000000s ]
INFO: [ app_begin ] --START--
INFO: Run Behavior\ReadHtmlCacheBehavior [ RunTime:0.000000s ]
INFO: [ app_begin ] --END-- [ RunTime:0.000000s ]
SQL: SHOW COLUMNS FROM `mhy_member` [ RunTime:0.0050s ]
SQL: SELECT * FROM `mhy_member` WHERE `member_name` = 'aa' AND `member_id` <> '352' LIMIT 1   [ RunTime:0.0010s ]
INFO: [ view_parse ] --START--
INFO: [ template_filter ] --START--
INFO: Run Behavior\ContentReplaceBehavior [ RunTime:0.000000s ]
INFO: [ template_filter ] --END-- [ RunTime:0.000000s ]
INFO: Run Behavior\ParseTemplateBehavior [ RunTime:0.008000s ]
INFO: [ view_parse ] --END-- [ RunTime:0.008000s ]
INFO: [ view_filter ] --START--
INFO: Run Behavior\WriteHtmlCacheBehavior [ RunTime:0.000000s ]
INFO: Run Behavior\TokenBuildBehavior [ RunTime:0.001000s ]
INFO: [ view_filter ] --END-- [ RunTime:0.001000s ]

[ 2017-06-08T16:42:28+08:00 ] ::1 /MhyShopAdmin/admin.php/member/update.html?member_id=352undefined
INFO: [ app_init ] --START--
INFO: Run Behavior\BuildLiteBehavior [ RunTime:0.000000s ]
INFO: [ app_init ] --END-- [ RunTime:0.001000s ]
INFO: [ app_begin ] --START--
INFO: Run Behavior\ReadHtmlCacheBehavior [ RunTime:0.000000s ]
INFO: [ app_begin ] --END-- [ RunTime:0.000000s ]
SQL: SHOW COLUMNS FROM `mhy_member` [ RunTime:0.0050s ]
SQL: SELECT * FROM `mhy_member` WHERE `member_id` = 352 LIMIT 1   [ RunTime:0.0010s ]
INFO: [ view_parse ] --START--
INFO: [ template_filter ] --START--
INFO: Run Behavior\ContentReplaceBehavior [ RunTime:0.000000s ]
INFO: [ template_filter ] --END-- [ RunTime:0.000000s ]
INFO: Run Behavior\ParseTemplateBehavior [ RunTime:0.010001s ]
INFO: [ view_parse ] --END-- [ RunTime:0.010001s ]
INFO: [ view_filter ] --START--
INFO: Run Behavior\WriteHtmlCacheBehavior [ RunTime:0.001000s ]
INFO: Run Behavior\TokenBuildBehavior [ RunTime:0.000000s ]
INFO: [ view_filter ] --END-- [ RunTime:0.001000s ]
INFO: [ app_end ] --START--
INFO: Run Behavior\ShowPageTraceBehavior [ RunTime:0.001000s ]
INFO: [ app_end ] --END-- [ RunTime:0.001000s ]

[ 2017-06-08T16:42:46+08:00 ] ::1 /MhyShopAdmin/admin.php/Member/update.html
INFO: [ app_init ] --START--
INFO: Run Behavior\BuildLiteBehavior [ RunTime:0.000000s ]
INFO: [ app_init ] --END-- [ RunTime:0.000000s ]
INFO: [ app_begin ] --START--
INFO: Run Behavior\ReadHtmlCacheBehavior [ RunTime:0.001000s ]
INFO: [ app_begin ] --END-- [ RunTime:0.001000s ]
SQL: SHOW COLUMNS FROM `mhy_member` [ RunTime:0.0080s ]
SQL: SELECT * FROM `mhy_member` WHERE `member_name` = 'aa' AND `member_id` <> '352' LIMIT 1   [ RunTime:0.0010s ]
NOTIC: [8] Undefined index: auto D:\phpStudy\WWW\MhyShopAdmin\ThinkPHP3.2\Library\Think\Model.class.php 第 1130 行.
ERR: 1062:Duplicate entry '352' for key 'PRIMARY'
 [ SQL语句 ] : UPDATE `mhy_member` SET `member_id`='352',`member_name`='aa',`member_truename`='bb',`member_avatar`='',`member_sex`='1',`member_birthday`='',`member_passwd`='123456',`member_mobile`='13978021298',`member_email`='maoheyuan@qq.com',`member_qq`='13978021298',`member_time`='1496911366',`member_points`='0',`member_state`='0',`member_areaid`='0',`member_cityid`='0',`member_provinceid`='0',`member_areainfo`='0',`member_money`='0.00'
INFO: [ view_parse ] --START--
INFO: [ template_filter ] --START--
INFO: Run Behavior\ContentReplaceBehavior [ RunTime:0.000000s ]
INFO: [ template_filter ] --END-- [ RunTime:0.000000s ]
INFO: Run Behavior\ParseTemplateBehavior [ RunTime:0.010001s ]
INFO: [ view_parse ] --END-- [ RunTime:0.010001s ]
INFO: [ view_filter ] --START--
INFO: Run Behavior\WriteHtmlCacheBehavior [ RunTime:0.000000s ]
INFO: Run Behavior\TokenBuildBehavior [ RunTime:0.001000s ]
INFO: [ view_filter ] --END-- [ RunTime:0.001000s ]

[ 2017-06-08T16:42:50+08:00 ] ::1 /MhyShopAdmin/admin.php/member/update.html?member_id=352undefined
INFO: [ app_init ] --START--
INFO: Run Behavior\BuildLiteBehavior [ RunTime:0.000000s ]
INFO: [ app_init ] --END-- [ RunTime:0.001000s ]
INFO: [ app_begin ] --START--
INFO: Run Behavior\ReadHtmlCacheBehavior [ RunTime:0.001000s ]
INFO: [ app_begin ] --END-- [ RunTime:0.001000s ]
SQL: SHOW COLUMNS FROM `mhy_member` [ RunTime:0.0110s ]
SQL: SELECT * FROM `mhy_member` WHERE `member_id` = 352 LIMIT 1   [ RunTime:0.0010s ]
INFO: [ view_parse ] --START--
INFO: [ template_filter ] --START--
INFO: Run Behavior\ContentReplaceBehavior [ RunTime:0.000000s ]
INFO: [ template_filter ] --END-- [ RunTime:0.000000s ]
INFO: Run Behavior\ParseTemplateBehavior [ RunTime:0.017001s ]
INFO: [ view_parse ] --END-- [ RunTime:0.017001s ]
INFO: [ view_filter ] --START--
INFO: Run Behavior\WriteHtmlCacheBehavior [ RunTime:0.000000s ]
INFO: Run Behavior\TokenBuildBehavior [ RunTime:0.001000s ]
INFO: [ view_filter ] --END-- [ RunTime:0.001000s ]
INFO: [ app_end ] --START--
INFO: Run Behavior\ShowPageTraceBehavior [ RunTime:0.001000s ]
INFO: [ app_end ] --END-- [ RunTime:0.001000s ]

[ 2017-06-08T16:42:53+08:00 ] ::1 /MhyShopAdmin/admin.php/Member/update.html
INFO: [ app_init ] --START--
INFO: Run Behavior\BuildLiteBehavior [ RunTime:0.000000s ]
INFO: [ app_init ] --END-- [ RunTime:0.001000s ]
INFO: [ app_begin ] --START--
INFO: Run Behavior\ReadHtmlCacheBehavior [ RunTime:0.001000s ]
INFO: [ app_begin ] --END-- [ RunTime:0.001000s ]
SQL: SHOW COLUMNS FROM `mhy_member` [ RunTime:0.0080s ]
SQL: SELECT * FROM `mhy_member` WHERE `member_name` = 'aa' AND `member_id` <> '352' LIMIT 1   [ RunTime:0.0000s ]
NOTIC: [8] Undefined index: auto D:\phpStudy\WWW\MhyShopAdmin\ThinkPHP3.2\Library\Think\Model.class.php 第 1130 行.
ERR: 1062:Duplicate entry '352' for key 'PRIMARY'
 [ SQL语句 ] : UPDATE `mhy_member` SET `member_id`='352',`member_name`='aa',`member_truename`='bb',`member_avatar`='',`member_sex`='1',`member_birthday`='',`member_passwd`='123456',`member_mobile`='13978021298',`member_email`='maoheyuan@qq.com',`member_qq`='13978021298',`member_time`='1496911373',`member_points`='0',`member_state`='0',`member_areaid`='0',`member_cityid`='0',`member_provinceid`='0',`member_areainfo`='0',`member_money`='0.00'
INFO: [ view_parse ] --START--
INFO: [ template_filter ] --START--
INFO: Run Behavior\ContentReplaceBehavior [ RunTime:0.000000s ]
INFO: [ template_filter ] --END-- [ RunTime:0.001000s ]
INFO: Run Behavior\ParseTemplateBehavior [ RunTime:0.011001s ]
INFO: [ view_parse ] --END-- [ RunTime:0.011001s ]
INFO: [ view_filter ] --START--
INFO: Run Behavior\WriteHtmlCacheBehavior [ RunTime:0.001000s ]
INFO: Run Behavior\TokenBuildBehavior [ RunTime:0.001000s ]
INFO: [ view_filter ] --END-- [ RunTime:0.002000s ]

[ 2017-06-08T16:42:57+08:00 ] ::1 /MhyShopAdmin/admin.php/member/update.html?member_id=352undefined
INFO: [ app_init ] --START--
INFO: Run Behavior\BuildLiteBehavior [ RunTime:0.000000s ]
INFO: [ app_init ] --END-- [ RunTime:0.001000s ]
INFO: [ app_begin ] --START--
INFO: Run Behavior\ReadHtmlCacheBehavior [ RunTime:0.000000s ]
INFO: [ app_begin ] --END-- [ RunTime:0.000000s ]
SQL: SHOW COLUMNS FROM `mhy_member` [ RunTime:0.0110s ]
SQL: SELECT * FROM `mhy_member` WHERE `member_id` = 352 LIMIT 1   [ RunTime:0.0010s ]
INFO: [ view_parse ] --START--
INFO: [ template_filter ] --START--
INFO: Run Behavior\ContentReplaceBehavior [ RunTime:0.000000s ]
INFO: [ template_filter ] --END-- [ RunTime:0.000000s ]
INFO: Run Behavior\ParseTemplateBehavior [ RunTime:0.015000s ]
INFO: [ view_parse ] --END-- [ RunTime:0.016000s ]
INFO: [ view_filter ] --START--
INFO: Run Behavior\WriteHtmlCacheBehavior [ RunTime:0.000000s ]
INFO: Run Behavior\TokenBuildBehavior [ RunTime:0.001000s ]
INFO: [ view_filter ] --END-- [ RunTime:0.001000s ]
INFO: [ app_end ] --START--
INFO: Run Behavior\ShowPageTraceBehavior [ RunTime:0.001001s ]
INFO: [ app_end ] --END-- [ RunTime:0.001001s ]

[ 2017-06-08T16:43:33+08:00 ] ::1 /MhyShopAdmin/admin.php/Member/update.html
INFO: [ app_init ] --START--
INFO: Run Behavior\BuildLiteBehavior [ RunTime:0.000000s ]
INFO: [ app_init ] --END-- [ RunTime:0.001000s ]
INFO: [ app_begin ] --START--
INFO: Run Behavior\ReadHtmlCacheBehavior [ RunTime:0.000000s ]
INFO: [ app_begin ] --END-- [ RunTime:0.000000s ]
SQL: SHOW COLUMNS FROM `mhy_member` [ RunTime:0.0120s ]
SQL: SELECT * FROM `mhy_member` WHERE `member_name` = 'aa' AND `member_id` <> '352' LIMIT 1   [ RunTime:0.0000s ]
NOTIC: [8] Undefined index: auto D:\phpStudy\WWW\MhyShopAdmin\ThinkPHP3.2\Library\Think\Model.class.php 第 1130 行.
SQL: UPDATE `mhy_member` SET `member_id`='352',`member_name`='aa',`member_truename`='bb',`member_avatar`='',`member_sex`='1',`member_birthday`='',`member_passwd`='123456',`member_mobile`='13978021298',`member_email`='maoheyuan@qq.com',`member_qq`='13978021298',`member_time`='1496911413',`member_points`='0',`member_state`='0',`member_areaid`='0',`member_cityid`='0',`member_provinceid`='0',`member_areainfo`='0',`member_money`='0.00' WHERE `member_id` = 0 [ RunTime:0.0010s ]
INFO: [ view_parse ] --START--
INFO: [ template_filter ] --START--
INFO: Run Behavior\ContentReplaceBehavior [ RunTime:0.000000s ]
INFO: [ template_filter ] --END-- [ RunTime:0.000000s ]
INFO: Run Behavior\ParseTemplateBehavior [ RunTime:0.011000s ]
INFO: [ view_parse ] --END-- [ RunTime:0.011000s ]
INFO: [ view_filter ] --START--
INFO: Run Behavior\WriteHtmlCacheBehavior [ RunTime:0.000000s ]
INFO: Run Behavior\TokenBuildBehavior [ RunTime:0.001000s ]
INFO: [ view_filter ] --END-- [ RunTime:0.001000s ]
INFO: [ app_end ] --START--
INFO: Run Behavior\ShowPageTraceBehavior [ RunTime:0.001000s ]
INFO: [ app_end ] --END-- [ RunTime:0.001000s ]

[ 2017-06-08T16:43:35+08:00 ] ::1 /MhyShopAdmin/admin.php/member/update.html?member_id=352undefined
INFO: [ app_init ] --START--
INFO: Run Behavior\BuildLiteBehavior [ RunTime:0.000000s ]
INFO: [ app_init ] --END-- [ RunTime:0.000000s ]
INFO: [ app_begin ] --START--
INFO: Run Behavior\ReadHtmlCacheBehavior [ RunTime:0.001000s ]
INFO: [ app_begin ] --END-- [ RunTime:0.001000s ]
SQL: SHOW COLUMNS FROM `mhy_member` [ RunTime:0.0060s ]
SQL: SELECT * FROM `mhy_member` WHERE `member_id` = 352 LIMIT 1   [ RunTime:0.0010s ]
INFO: [ view_parse ] --START--
INFO: [ template_filter ] --START--
INFO: Run Behavior\ContentReplaceBehavior [ RunTime:0.000000s ]
INFO: [ template_filter ] --END-- [ RunTime:0.000000s ]
INFO: Run Behavior\ParseTemplateBehavior [ RunTime:0.012001s ]
INFO: [ view_parse ] --END-- [ RunTime:0.012001s ]
INFO: [ view_filter ] --START--
INFO: Run Behavior\WriteHtmlCacheBehavior [ RunTime:0.000000s ]
INFO: Run Behavior\TokenBuildBehavior [ RunTime:0.001000s ]
INFO: [ view_filter ] --END-- [ RunTime:0.001000s ]
INFO: [ app_end ] --START--
INFO: Run Behavior\ShowPageTraceBehavior [ RunTime:0.001000s ]
INFO: [ app_end ] --END-- [ RunTime:0.001000s ]

