[ 2017-06-15T11:29:30+08:00 ] ::1 /MhyShopAdmin/admin.php/Member/index/p/1.html
INFO: [ app_init ] --START--
INFO: Run Behavior\BuildLiteBehavior [ RunTime:0.000000s ]
INFO: [ app_init ] --END-- [ RunTime:0.001000s ]
INFO: [ app_begin ] --START--
INFO: Run Behavior\ReadHtmlCacheBehavior [ RunTime:0.002000s ]
INFO: [ app_begin ] --END-- [ RunTime:0.002000s ]
NOTIC: [8] Undefined index: startTime D:\phpStudy\WWW\MhyShopAdmin\shopApp\Admin\Controller\MemberController.class.php 第 11 行.
NOTIC: [8] Undefined index: endTime D:\phpStudy\WWW\MhyShopAdmin\shopApp\Admin\Controller\MemberController.class.php 第 12 行.
NOTIC: [8] Undefined index: content D:\phpStudy\WWW\MhyShopAdmin\shopApp\Admin\Controller\MemberController.class.php 第 26 行.
NOTIC: [8] Undefined index: submit D:\phpStudy\WWW\MhyShopAdmin\shopApp\Admin\Controller\MemberController.class.php 第 35 行.
NOTIC: [8] Undefined index: limit D:\phpStudy\WWW\MhyShopAdmin\shopApp\Admin\Controller\MemberController.class.php 第 39 行.
SQL: SHOW COLUMNS FROM `mhy_member` [ RunTime:0.0090s ]
SQL: SELECT COUNT(*) AS tp_count FROM `mhy_member` LIMIT 1   [ RunTime:0.0000s ]
SQL: SELECT * FROM `mhy_member` ORDER BY member_id desc LIMIT 0,20   [ RunTime:0.0160s ]
NOTIC: [8] Undefined index: allNum D:\phpStudy\WWW\MhyShopAdmin\shopApp\Admin\Controller\MemberController.class.php 第 45 行.
NOTIC: [8] Undefined index: pageNum D:\phpStudy\WWW\MhyShopAdmin\shopApp\Admin\Controller\MemberController.class.php 第 46 行.
INFO: [ view_parse ] --START--
INFO: [ template_filter ] --START--
INFO: Run Behavior\ContentReplaceBehavior [ RunTime:0.000000s ]
INFO: [ template_filter ] --END-- [ RunTime:0.000000s ]
NOTIC: [8] Undefined index: startTime D:\phpStudy\WWW\MhyShopAdmin\Runtime\Cache\Admin\6d016b3978128ecc733d3a86706fedbd.php 第 156 行.
NOTIC: [8] Undefined index: endTime D:\phpStudy\WWW\MhyShopAdmin\Runtime\Cache\Admin\6d016b3978128ecc733d3a86706fedbd.php 第 160 行.
NOTIC: [8] Undefined index: limit D:\phpStudy\WWW\MhyShopAdmin\Runtime\Cache\Admin\6d016b3978128ecc733d3a86706fedbd.php 第 165 行.
NOTIC: [8] Undefined index: limit D:\phpStudy\WWW\MhyShopAdmin\Runtime\Cache\Admin\6d016b3978128ecc733d3a86706fedbd.php 第 166 行.
NOTIC: [8] Undefined index: limit D:\phpStudy\WWW\MhyShopAdmin\Runtime\Cache\Admin\6d016b3978128ecc733d3a86706fedbd.php 第 167 行.
NOTIC: [8] Undefined index: key D:\phpStudy\WWW\MhyShopAdmin\Runtime\Cache\Admin\6d016b3978128ecc733d3a86706fedbd.php 第 174 行.
NOTIC: [8] Undefined index: key D:\phpStudy\WWW\MhyShopAdmin\Runtime\Cache\Admin\6d016b3978128ecc733d3a86706fedbd.php 第 175 行.
NOTIC: [8] Undefined index: key D:\phpStudy\WWW\MhyShopAdmin\Runtime\Cache\Admin\6d016b3978128ecc733d3a86706fedbd.php 第 176 行.
NOTIC: [8] Undefined index: content D:\phpStudy\WWW\MhyShopAdmin\Runtime\Cache\Admin\6d016b3978128ecc733d3a86706fedbd.php 第 182 行.
INFO: Run Behavior\ParseTemplateBehavior [ RunTime:0.022001s ]
INFO: [ view_parse ] --END-- [ RunTime:0.022001s ]
INFO: [ view_filter ] --START--
INFO: Run Behavior\WriteHtmlCacheBehavior [ RunTime:0.000000s ]
INFO: Run Behavior\TokenBuildBehavior [ RunTime:0.001000s ]
INFO: [ view_filter ] --END-- [ RunTime:0.001000s ]
INFO: [ app_end ] --START--
INFO: Run Behavior\ShowPageTraceBehavior [ RunTime:0.001000s ]
INFO: [ app_end ] --END-- [ RunTime:0.001000s ]

[ 2017-06-15T11:29:34+08:00 ] ::1 /MhyShopAdmin/admin.php/Banner/index.html
INFO: [ app_init ] --START--
INFO: Run Behavior\BuildLiteBehavior [ RunTime:0.000000s ]
INFO: [ app_init ] --END-- [ RunTime:0.000000s ]
INFO: [ app_begin ] --START--
INFO: Run Behavior\ReadHtmlCacheBehavior [ RunTime:0.000000s ]
INFO: [ app_begin ] --END-- [ RunTime:0.000000s ]
NOTIC: [8] Undefined index: startTime D:\phpStudy\WWW\MhyShopAdmin\shopApp\Admin\Controller\BannerController.class.php 第 11 行.
NOTIC: [8] Undefined index: endTime D:\phpStudy\WWW\MhyShopAdmin\shopApp\Admin\Controller\BannerController.class.php 第 12 行.
NOTIC: [8] Undefined index: content D:\phpStudy\WWW\MhyShopAdmin\shopApp\Admin\Controller\BannerController.class.php 第 26 行.
NOTIC: [8] Undefined index: submit D:\phpStudy\WWW\MhyShopAdmin\shopApp\Admin\Controller\BannerController.class.php 第 35 行.
NOTIC: [8] Undefined index: limit D:\phpStudy\WWW\MhyShopAdmin\shopApp\Admin\Controller\BannerController.class.php 第 39 行.
SQL: SHOW COLUMNS FROM `mhy_banner` [ RunTime:0.0040s ]
SQL: SELECT COUNT(*) AS tp_count FROM `mhy_banner` LIMIT 1   [ RunTime:0.0000s ]
SQL: SELECT * FROM `mhy_banner` ORDER BY banner_id desc LIMIT 0,20   [ RunTime:0.0000s ]
INFO: [ view_parse ] --START--
INFO: [ template_filter ] --START--
INFO: Run Behavior\ContentReplaceBehavior [ RunTime:0.000000s ]
INFO: [ template_filter ] --END-- [ RunTime:0.000000s ]
NOTIC: [8] Undefined index: banner_sort D:\phpStudy\WWW\MhyShopAdmin\Runtime\Cache\Admin\be133e0ee490a0254a6b5dd8dcef7134.php 第 181 行.
INFO: Run Behavior\ParseTemplateBehavior [ RunTime:0.023001s ]
INFO: [ view_parse ] --END-- [ RunTime:0.023001s ]
INFO: [ view_filter ] --START--
INFO: Run Behavior\WriteHtmlCacheBehavior [ RunTime:0.000000s ]
INFO: Run Behavior\TokenBuildBehavior [ RunTime:0.001000s ]
INFO: [ view_filter ] --END-- [ RunTime:0.001000s ]
INFO: [ app_end ] --START--
INFO: Run Behavior\ShowPageTraceBehavior [ RunTime:0.000000s ]
INFO: [ app_end ] --END-- [ RunTime:0.000000s ]

[ 2017-06-15T11:29:34+08:00 ] ::1 /MhyShopAdmin/admin.php/Banner/add.html
INFO: [ app_init ] --START--
INFO: Run Behavior\BuildLiteBehavior [ RunTime:0.000000s ]
INFO: [ app_init ] --END-- [ RunTime:0.001000s ]
INFO: [ app_begin ] --START--
INFO: Run Behavior\ReadHtmlCacheBehavior [ RunTime:0.001000s ]
INFO: [ app_begin ] --END-- [ RunTime:0.001000s ]
INFO: [ view_parse ] --START--
INFO: [ template_filter ] --START--
INFO: Run Behavior\ContentReplaceBehavior [ RunTime:0.000000s ]
INFO: [ template_filter ] --END-- [ RunTime:0.000000s ]
NOTIC: [8] Undefined variable: areaTree D:\phpStudy\WWW\MhyShopAdmin\Runtime\Cache\Admin\f55dc638ffd1cd73bdaf94e3a01d57c7.php 第 83 行.
INFO: Run Behavior\ParseTemplateBehavior [ RunTime:0.012000s ]
INFO: [ view_parse ] --END-- [ RunTime:0.012000s ]
INFO: [ view_filter ] --START--
INFO: Run Behavior\WriteHtmlCacheBehavior [ RunTime:0.001000s ]
INFO: Run Behavior\TokenBuildBehavior [ RunTime:0.000000s ]
INFO: [ view_filter ] --END-- [ RunTime:0.001000s ]
INFO: [ app_end ] --START--
INFO: Run Behavior\ShowPageTraceBehavior [ RunTime:0.002001s ]
INFO: [ app_end ] --END-- [ RunTime:0.003001s ]

[ 2017-06-15T11:30:49+08:00 ] ::1 /MhyShopAdmin/admin.php/Banner/add.html
INFO: [ app_init ] --START--
INFO: Run Behavior\BuildLiteBehavior [ RunTime:0.000000s ]
INFO: [ app_init ] --END-- [ RunTime:0.000000s ]
INFO: [ app_begin ] --START--
INFO: Run Behavior\ReadHtmlCacheBehavior [ RunTime:0.001000s ]
INFO: [ app_begin ] --END-- [ RunTime:0.001000s ]
INFO: [ view_parse ] --START--
INFO: [ template_filter ] --START--
INFO: Run Behavior\ContentReplaceBehavior [ RunTime:0.000000s ]
INFO: [ template_filter ] --END-- [ RunTime:0.000000s ]
NOTIC: [8] Undefined variable: areaTree D:\phpStudy\WWW\MhyShopAdmin\Runtime\Cache\Admin\f55dc638ffd1cd73bdaf94e3a01d57c7.php 第 83 行.
INFO: Run Behavior\ParseTemplateBehavior [ RunTime:0.006001s ]
INFO: [ view_parse ] --END-- [ RunTime:0.006001s ]
INFO: [ view_filter ] --START--
INFO: Run Behavior\WriteHtmlCacheBehavior [ RunTime:0.000000s ]
INFO: Run Behavior\TokenBuildBehavior [ RunTime:0.001000s ]
INFO: [ view_filter ] --END-- [ RunTime:0.001000s ]
INFO: [ app_end ] --START--
INFO: Run Behavior\ShowPageTraceBehavior [ RunTime:0.000000s ]
INFO: [ app_end ] --END-- [ RunTime:0.000000s ]

[ 2017-06-15T11:32:56+08:00 ] ::1 /MhyShopAdmin/admin.php/Banner/add.html
INFO: [ app_init ] --START--
INFO: Run Behavior\BuildLiteBehavior [ RunTime:0.000000s ]
INFO: [ app_init ] --END-- [ RunTime:0.000000s ]
INFO: [ app_begin ] --START--
INFO: Run Behavior\ReadHtmlCacheBehavior [ RunTime:0.001000s ]
INFO: [ app_begin ] --END-- [ RunTime:0.001000s ]
INFO: [ view_parse ] --START--
INFO: [ template_filter ] --START--
INFO: Run Behavior\ContentReplaceBehavior [ RunTime:0.000000s ]
INFO: [ template_filter ] --END-- [ RunTime:0.000000s ]
NOTIC: [8] Undefined variable: areaTree D:\phpStudy\WWW\MhyShopAdmin\Runtime\Cache\Admin\f55dc638ffd1cd73bdaf94e3a01d57c7.php 第 83 行.
INFO: Run Behavior\ParseTemplateBehavior [ RunTime:0.008000s ]
INFO: [ view_parse ] --END-- [ RunTime:0.008000s ]
INFO: [ view_filter ] --START--
INFO: Run Behavior\WriteHtmlCacheBehavior [ RunTime:0.000000s ]
INFO: Run Behavior\TokenBuildBehavior [ RunTime:0.001001s ]
INFO: [ view_filter ] --END-- [ RunTime:0.001001s ]
INFO: [ app_end ] --START--
INFO: Run Behavior\ShowPageTraceBehavior [ RunTime:0.001000s ]
INFO: [ app_end ] --END-- [ RunTime:0.001000s ]

[ 2017-06-15T11:33:28+08:00 ] ::1 /MhyShopAdmin/admin.php/Banner/add.html
INFO: [ app_init ] --START--
INFO: Run Behavior\BuildLiteBehavior [ RunTime:0.000000s ]
INFO: [ app_init ] --END-- [ RunTime:0.001000s ]
INFO: [ app_begin ] --START--
INFO: Run Behavior\ReadHtmlCacheBehavior [ RunTime:0.001000s ]
INFO: [ app_begin ] --END-- [ RunTime:0.001000s ]
INFO: [ view_parse ] --START--
INFO: [ template_filter ] --START--
INFO: Run Behavior\ContentReplaceBehavior [ RunTime:0.000000s ]
INFO: [ template_filter ] --END-- [ RunTime:0.000000s ]
NOTIC: [8] Undefined variable: areaTree D:\phpStudy\WWW\MhyShopAdmin\Runtime\Cache\Admin\f55dc638ffd1cd73bdaf94e3a01d57c7.php 第 83 行.
INFO: Run Behavior\ParseTemplateBehavior [ RunTime:0.006000s ]
INFO: [ view_parse ] --END-- [ RunTime:0.007000s ]
INFO: [ view_filter ] --START--
INFO: Run Behavior\WriteHtmlCacheBehavior [ RunTime:0.000000s ]
INFO: Run Behavior\TokenBuildBehavior [ RunTime:0.001000s ]
INFO: [ view_filter ] --END-- [ RunTime:0.001000s ]
INFO: [ app_end ] --START--
INFO: Run Behavior\ShowPageTraceBehavior [ RunTime:0.000000s ]
INFO: [ app_end ] --END-- [ RunTime:0.000000s ]

[ 2017-06-15T11:34:25+08:00 ] ::1 /MhyShopAdmin/admin.php/Banner/index.html
INFO: [ app_init ] --START--
INFO: Run Behavior\BuildLiteBehavior [ RunTime:0.000000s ]
INFO: [ app_init ] --END-- [ RunTime:0.000000s ]
INFO: [ app_begin ] --START--
INFO: Run Behavior\ReadHtmlCacheBehavior [ RunTime:0.001001s ]
INFO: [ app_begin ] --END-- [ RunTime:0.001001s ]
NOTIC: [8] Undefined index: startTime D:\phpStudy\WWW\MhyShopAdmin\shopApp\Admin\Controller\BannerController.class.php 第 11 行.
NOTIC: [8] Undefined index: endTime D:\phpStudy\WWW\MhyShopAdmin\shopApp\Admin\Controller\BannerController.class.php 第 12 行.
NOTIC: [8] Undefined index: content D:\phpStudy\WWW\MhyShopAdmin\shopApp\Admin\Controller\BannerController.class.php 第 26 行.
NOTIC: [8] Undefined index: submit D:\phpStudy\WWW\MhyShopAdmin\shopApp\Admin\Controller\BannerController.class.php 第 35 行.
NOTIC: [8] Undefined index: limit D:\phpStudy\WWW\MhyShopAdmin\shopApp\Admin\Controller\BannerController.class.php 第 39 行.
SQL: SHOW COLUMNS FROM `mhy_banner` [ RunTime:0.0030s ]
SQL: SELECT COUNT(*) AS tp_count FROM `mhy_banner` LIMIT 1   [ RunTime:0.0010s ]
SQL: SELECT * FROM `mhy_banner` ORDER BY banner_id desc LIMIT 0,20   [ RunTime:0.0000s ]
INFO: [ view_parse ] --START--
INFO: [ template_filter ] --START--
INFO: Run Behavior\ContentReplaceBehavior [ RunTime:0.000000s ]
INFO: [ template_filter ] --END-- [ RunTime:0.000000s ]
NOTIC: [8] Undefined index: banner_sort D:\phpStudy\WWW\MhyShopAdmin\Runtime\Cache\Admin\be133e0ee490a0254a6b5dd8dcef7134.php 第 181 行.
INFO: Run Behavior\ParseTemplateBehavior [ RunTime:0.007001s ]
INFO: [ view_parse ] --END-- [ RunTime:0.007001s ]
INFO: [ view_filter ] --START--
INFO: Run Behavior\WriteHtmlCacheBehavior [ RunTime:0.000000s ]
INFO: Run Behavior\TokenBuildBehavior [ RunTime:0.000000s ]
INFO: [ view_filter ] --END-- [ RunTime:0.000000s ]
INFO: [ app_end ] --START--
INFO: Run Behavior\ShowPageTraceBehavior [ RunTime:0.001000s ]
INFO: [ app_end ] --END-- [ RunTime:0.001000s ]

[ 2017-06-15T11:34:27+08:00 ] ::1 /MhyShopAdmin/admin.php/Banner/add.html
INFO: [ app_init ] --START--
INFO: Run Behavior\BuildLiteBehavior [ RunTime:0.000000s ]
INFO: [ app_init ] --END-- [ RunTime:0.000000s ]
INFO: [ app_begin ] --START--
INFO: Run Behavior\ReadHtmlCacheBehavior [ RunTime:0.000000s ]
INFO: [ app_begin ] --END-- [ RunTime:0.000000s ]
INFO: [ view_parse ] --START--
INFO: [ template_filter ] --START--
INFO: Run Behavior\ContentReplaceBehavior [ RunTime:0.000000s ]
INFO: [ template_filter ] --END-- [ RunTime:0.001000s ]
NOTIC: [8] Undefined variable: areaTree D:\phpStudy\WWW\MhyShopAdmin\Runtime\Cache\Admin\f55dc638ffd1cd73bdaf94e3a01d57c7.php 第 83 行.
INFO: Run Behavior\ParseTemplateBehavior [ RunTime:0.007000s ]
INFO: [ view_parse ] --END-- [ RunTime:0.007000s ]
INFO: [ view_filter ] --START--
INFO: Run Behavior\WriteHtmlCacheBehavior [ RunTime:0.000000s ]
INFO: Run Behavior\TokenBuildBehavior [ RunTime:0.001000s ]
INFO: [ view_filter ] --END-- [ RunTime:0.001000s ]
INFO: [ app_end ] --START--
INFO: Run Behavior\ShowPageTraceBehavior [ RunTime:0.000000s ]
INFO: [ app_end ] --END-- [ RunTime:0.000000s ]

[ 2017-06-15T11:34:46+08:00 ] ::1 /MhyShopAdmin/admin.php/Banner/add.html
INFO: [ app_init ] --START--
INFO: Run Behavior\BuildLiteBehavior [ RunTime:0.000000s ]
INFO: [ app_init ] --END-- [ RunTime:0.000000s ]
INFO: [ app_begin ] --START--
INFO: Run Behavior\ReadHtmlCacheBehavior [ RunTime:0.001000s ]
INFO: [ app_begin ] --END-- [ RunTime:0.001000s ]
INFO: [ view_parse ] --START--
INFO: [ template_filter ] --START--
INFO: Run Behavior\ContentReplaceBehavior [ RunTime:0.000000s ]
INFO: [ template_filter ] --END-- [ RunTime:0.000000s ]
NOTIC: [8] Undefined variable: areaTree D:\phpStudy\WWW\MhyShopAdmin\Runtime\Cache\Admin\f55dc638ffd1cd73bdaf94e3a01d57c7.php 第 83 行.
INFO: Run Behavior\ParseTemplateBehavior [ RunTime:0.007001s ]
INFO: [ view_parse ] --END-- [ RunTime:0.008001s ]
INFO: [ view_filter ] --START--
INFO: Run Behavior\WriteHtmlCacheBehavior [ RunTime:0.001000s ]
INFO: Run Behavior\TokenBuildBehavior [ RunTime:0.000000s ]
INFO: [ view_filter ] --END-- [ RunTime:0.001000s ]
INFO: [ app_end ] --START--
INFO: Run Behavior\ShowPageTraceBehavior [ RunTime:0.001000s ]
INFO: [ app_end ] --END-- [ RunTime:0.001000s ]

[ 2017-06-15T11:36:09+08:00 ] ::1 /MhyShopAdmin/admin.php/Banner/add.html
INFO: [ app_init ] --START--
INFO: Run Behavior\BuildLiteBehavior [ RunTime:0.000000s ]
INFO: [ app_init ] --END-- [ RunTime:0.000000s ]
INFO: [ app_begin ] --START--
INFO: Run Behavior\ReadHtmlCacheBehavior [ RunTime:0.001000s ]
INFO: [ app_begin ] --END-- [ RunTime:0.001000s ]
INFO: [ view_parse ] --START--
INFO: [ template_filter ] --START--
INFO: Run Behavior\ContentReplaceBehavior [ RunTime:0.000000s ]
INFO: [ template_filter ] --END-- [ RunTime:0.000000s ]
NOTIC: [8] Undefined variable: areaTree D:\phpStudy\WWW\MhyShopAdmin\Runtime\Cache\Admin\f55dc638ffd1cd73bdaf94e3a01d57c7.php 第 80 行.
INFO: Run Behavior\ParseTemplateBehavior [ RunTime:0.009000s ]
INFO: [ view_parse ] --END-- [ RunTime:0.010000s ]
INFO: [ view_filter ] --START--
INFO: Run Behavior\WriteHtmlCacheBehavior [ RunTime:0.000000s ]
INFO: Run Behavior\TokenBuildBehavior [ RunTime:0.001000s ]
INFO: [ view_filter ] --END-- [ RunTime:0.001000s ]
INFO: [ app_end ] --START--
INFO: Run Behavior\ShowPageTraceBehavior [ RunTime:0.000000s ]
INFO: [ app_end ] --END-- [ RunTime:0.000000s ]

